2024-03-11 11:10:08.864 [info] Log level: Info
2024-03-11 11:10:08.864 [info] Validating found git in: "git"
2024-03-11 11:10:08.864 [info] Using git "2.37.3" from "git"
2024-03-11 11:10:08.864 [info] > git rev-parse --show-toplevel [15ms]
2024-03-11 11:10:08.864 [info] > git rev-parse --git-dir --git-common-dir [1ms]
2024-03-11 11:10:08.864 [info] Open repository: /home/coder/storewise-webapps
2024-03-11 11:10:08.864 [info] > git rev-parse --show-toplevel [3ms]
2024-03-11 11:10:08.864 [info] > git config --get commit.template [23ms]
2024-03-11 11:10:08.864 [info] > git rev-parse --show-toplevel [31ms]
2024-03-11 11:10:08.864 [info] > git for-each-ref --format=%(refname)%00%(upstream:short)%00%(objectname)%00%(upstream:track)%00%(upstream:remotename)%00%(upstream:remoteref) refs/heads/feat/internal-portal refs/remotes/feat/internal-portal [59ms]
2024-03-11 11:10:08.864 [info] > git rev-parse --show-toplevel [10ms]
2024-03-11 11:10:08.864 [info] > git rev-parse --show-toplevel [8ms]
2024-03-11 11:10:08.864 [info] > git rev-parse --show-toplevel [21ms]
2024-03-11 11:10:08.864 [info] > git status -z -uall [58ms]
2024-03-11 11:10:08.918 [info] > git config --get commit.template [11ms]
2024-03-11 11:10:08.918 [info] > git rev-parse --show-toplevel [56ms]
2024-03-11 11:10:08.959 [info] > git for-each-ref --format=%(refname)%00%(upstream:short)%00%(objectname)%00%(upstream:track)%00%(upstream:remotename)%00%(upstream:remoteref) refs/heads/feat/internal-portal refs/remotes/feat/internal-portal [4ms]
2024-03-11 11:10:08.960 [info] > git rev-parse --show-toplevel [22ms]
2024-03-11 11:10:09.016 [info] > git rev-parse --show-toplevel [29ms]
2024-03-11 11:10:09.036 [info] > git status -z -uall [21ms]
2024-03-11 11:10:09.037 [info] > git rev-parse --show-toplevel [2ms]
2024-03-11 11:10:09.058 [info] > git rev-parse --show-toplevel [1ms]
2024-03-11 11:10:09.077 [info] > git rev-parse --show-toplevel [4ms]
2024-03-11 11:10:09.962 [info] > git check-ignore -v -z --stdin [7ms]
2024-03-11 11:10:10.066 [info] > git fetch [1571ms]
2024-03-11 11:10:10.066 [info] /bin/sh: warning: setlocale: LC_ALL: cannot change locale (en_US.UTF-8)
2024-03-11 11:10:10.090 [info] > git config --get commit.template [3ms]
2024-03-11 11:10:10.115 [info] > git for-each-ref --format=%(refname)%00%(upstream:short)%00%(objectname)%00%(upstream:track)%00%(upstream:remotename)%00%(upstream:remoteref) refs/heads/feat/internal-portal refs/remotes/feat/internal-portal [4ms]
2024-03-11 11:10:10.136 [info] > git status -z -uall [5ms]
2024-03-11 11:10:11.486 [info] > git config --get commit.template [2ms]
2024-03-11 11:10:11.528 [info] > git for-each-ref --format=%(refname)%00%(upstream:short)%00%(objectname)%00%(upstream:track)%00%(upstream:remotename)%00%(upstream:remoteref) refs/heads/feat/internal-portal refs/remotes/feat/internal-portal [2ms]
2024-03-11 11:10:11.562 [info] > git status -z -uall [7ms]
2024-03-11 11:10:14.092 [info] > git check-ignore -v -z --stdin [1ms]
2024-03-11 11:10:16.051 [info] > git check-ignore -v -z --stdin [16ms]
2024-03-11 11:10:22.353 [info] > git config --get commit.template [1ms]
2024-03-11 11:10:22.377 [info] > git for-each-ref --format=%(refname)%00%(upstream:short)%00%(objectname)%00%(upstream:track)%00%(upstream:remotename)%00%(upstream:remoteref) refs/heads/feat/internal-portal refs/remotes/feat/internal-portal [1ms]
2024-03-11 11:10:22.440 [info] > git status -z -uall [5ms]
2024-03-11 11:13:10.823 [info] > git fetch [660ms]
2024-03-11 11:13:10.823 [info] /bin/sh: warning: setlocale: LC_ALL: cannot change locale (en_US.UTF-8)
2024-03-11 11:13:10.848 [info] > git config --get commit.template [1ms]
2024-03-11 11:13:10.868 [info] > git for-each-ref --format=%(refname)%00%(upstream:short)%00%(objectname)%00%(upstream:track)%00%(upstream:remotename)%00%(upstream:remoteref) refs/heads/feat/internal-portal refs/remotes/feat/internal-portal [4ms]
2024-03-11 11:13:10.911 [info] > git status -z -uall [19ms]
2024-03-11 11:13:12.177 [info] > git for-each-ref --format=%(refname)%00%(upstream:short)%00%(objectname)%00%(upstream:track)%00%(upstream:remotename)%00%(upstream:remoteref) refs/heads/feat/internal-portal refs/remotes/feat/internal-portal [2ms]
2024-03-11 11:13:12.178 [info] > git config --get commit.template [22ms]
2024-03-11 11:13:12.202 [info] > git status -z -uall [2ms]
2024-03-11 11:16:11.612 [info] > git fetch [674ms]
2024-03-11 11:16:11.612 [info] /bin/sh: warning: setlocale: LC_ALL: cannot change locale (en_US.UTF-8)
2024-03-11 11:16:11.661 [info] > git for-each-ref --format=%(refname)%00%(upstream:short)%00%(objectname)%00%(upstream:track)%00%(upstream:remotename)%00%(upstream:remoteref) refs/heads/feat/internal-portal refs/remotes/feat/internal-portal [2ms]
2024-03-11 11:16:11.662 [info] > git config --get commit.template [25ms]
2024-03-11 11:16:11.685 [info] > git status -z -uall [1ms]
2024-03-11 11:16:12.943 [info] > git config --get commit.template [8ms]
2024-03-11 11:16:13.004 [info] > git for-each-ref --format=%(refname)%00%(upstream:short)%00%(objectname)%00%(upstream:track)%00%(upstream:remotename)%00%(upstream:remoteref) refs/heads/feat/internal-portal refs/remotes/feat/internal-portal [1ms]
2024-03-11 11:16:13.046 [info] > git status -z -uall [3ms]
2024-03-11 11:19:12.372 [info] > git fetch [652ms]
2024-03-11 11:19:12.372 [info] /bin/sh: warning: setlocale: LC_ALL: cannot change locale (en_US.UTF-8)
2024-03-11 11:19:12.389 [info] > git config --get commit.template [0ms]
2024-03-11 11:19:12.424 [info] > git for-each-ref --format=%(refname)%00%(upstream:short)%00%(objectname)%00%(upstream:track)%00%(upstream:remotename)%00%(upstream:remoteref) refs/heads/feat/internal-portal refs/remotes/feat/internal-portal [5ms]
2024-03-11 11:19:12.447 [info] > git status -z -uall [4ms]
2024-03-11 11:19:13.715 [info] > git config --get commit.template [26ms]
2024-03-11 11:19:13.715 [info] > git for-each-ref --format=%(refname)%00%(upstream:short)%00%(objectname)%00%(upstream:track)%00%(upstream:remotename)%00%(upstream:remoteref) refs/heads/feat/internal-portal refs/remotes/feat/internal-portal [4ms]
2024-03-11 11:19:13.757 [info] > git status -z -uall [5ms]
2024-03-11 11:22:13.035 [info] > git fetch [562ms]
2024-03-11 11:22:13.035 [info] /bin/sh: warning: setlocale: LC_ALL: cannot change locale (en_US.UTF-8)
2024-03-11 11:22:13.054 [info] > git config --get commit.template [0ms]
2024-03-11 11:22:13.084 [info] > git for-each-ref --format=%(refname)%00%(upstream:short)%00%(objectname)%00%(upstream:track)%00%(upstream:remotename)%00%(upstream:remoteref) refs/heads/feat/internal-portal refs/remotes/feat/internal-portal [1ms]
2024-03-11 11:22:13.107 [info] > git status -z -uall [4ms]
2024-03-11 11:22:14.371 [info] > git config --get commit.template [4ms]
2024-03-11 11:22:14.399 [info] > git for-each-ref --format=%(refname)%00%(upstream:short)%00%(objectname)%00%(upstream:track)%00%(upstream:remotename)%00%(upstream:remoteref) refs/heads/feat/internal-portal refs/remotes/feat/internal-portal [1ms]
2024-03-11 11:22:14.432 [info] > git status -z -uall [5ms]
2024-03-11 11:44:50.592 [info] > git fetch [663ms]
2024-03-11 11:44:50.592 [info] /bin/sh: warning: setlocale: LC_ALL: cannot change locale (en_US.UTF-8)
2024-03-11 11:44:50.639 [info] > git config --get commit.template [28ms]
2024-03-11 11:44:50.641 [info] > git for-each-ref --format=%(refname)%00%(upstream:short)%00%(objectname)%00%(upstream:track)%00%(upstream:remotename)%00%(upstream:remoteref) refs/heads/feat/internal-portal refs/remotes/feat/internal-portal [1ms]
2024-03-11 11:44:50.671 [info] > git status -z -uall [9ms]
2024-03-11 11:44:53.423 [info] > git config --get commit.template [1ms]
2024-03-11 11:44:53.447 [info] > git for-each-ref --format=%(refname)%00%(upstream:short)%00%(objectname)%00%(upstream:track)%00%(upstream:remotename)%00%(upstream:remoteref) refs/heads/feat/internal-portal refs/remotes/feat/internal-portal [2ms]
2024-03-11 11:44:53.472 [info] > git status -z -uall [4ms]
