[Info  - 9:04:40 AM] ESLint server is starting.
[Info  - 9:04:42 AM] ESLint server running in node v18.15.0
[Info  - 9:04:42 AM] ESLint server is running.
[Info  - 9:04:47 AM] ESLint library loaded from: /home/coder/storewise-webapps/.yarn/sdks/eslint/lib/api.js
[Error - 9:14:15 AM] Calculating config file for file:///home/coder/storewise-webapps/storewise-internal/lib/utils.ts) failed.
Error: Failed to load config "next/core-web-vitals" to extend from.
Referenced from: /home/coder/storewise-webapps/storewise-internal/.eslintrc.json
    at configInvalidError (/home/coder/storewise-webapps/.yarn/cache/@eslint-eslintrc-npm-2.1.3-088d1bae55-5c6c387819.zip/node_modules/@eslint/eslintrc/dist/eslintrc.cjs:2639:9)
    at ConfigArrayFactory._loadExtendedShareableConfig (/home/coder/storewise-webapps/.yarn/cache/@eslint-eslintrc-npm-2.1.3-088d1bae55-5c6c387819.zip/node_modules/@eslint/eslintrc/dist/eslintrc.cjs:3270:23)
    at ConfigArrayFactory._loadExtends (/home/coder/storewise-webapps/.yarn/cache/@eslint-eslintrc-npm-2.1.3-088d1bae55-5c6c387819.zip/node_modules/@eslint/eslintrc/dist/eslintrc.cjs:3147:25)
    at ConfigArrayFactory._normalizeObjectConfigDataBody (/home/coder/storewise-webapps/.yarn/cache/@eslint-eslintrc-npm-2.1.3-088d1bae55-5c6c387819.zip/node_modules/@eslint/eslintrc/dist/eslintrc.cjs:3086:25)
    at _normalizeObjectConfigDataBody.next (<anonymous>)
    at ConfigArrayFactory._normalizeObjectConfigData (/home/coder/storewise-webapps/.yarn/cache/@eslint-eslintrc-npm-2.1.3-088d1bae55-5c6c387819.zip/node_modules/@eslint/eslintrc/dist/eslintrc.cjs:3031:20)
    at _normalizeObjectConfigData.next (<anonymous>)
    at ConfigArrayFactory.loadInDirectory (/home/coder/storewise-webapps/.yarn/cache/@eslint-eslintrc-npm-2.1.3-088d1bae55-5c6c387819.zip/node_modules/@eslint/eslintrc/dist/eslintrc.cjs:2877:28)
    at CascadingConfigArrayFactory._loadConfigInAncestors (/home/coder/storewise-webapps/.yarn/cache/@eslint-eslintrc-npm-2.1.3-088d1bae55-5c6c387819.zip/node_modules/@eslint/eslintrc/dist/eslintrc.cjs:3860:46)
    at CascadingConfigArrayFactory._loadConfigInAncestors (/home/coder/storewise-webapps/.yarn/cache/@eslint-eslintrc-npm-2.1.3-088d1bae55-5c6c387819.zip/node_modules/@eslint/eslintrc/dist/eslintrc.cjs:3879:20)
[Error - 9:14:16 AM] Calculating config file for file:///home/coder/storewise-webapps/storewise-internal/app/page.tsx) failed.
Error: Failed to load config "next/core-web-vitals" to extend from.
Referenced from: /home/coder/storewise-webapps/storewise-internal/.eslintrc.json
    at configInvalidError (/home/coder/storewise-webapps/.yarn/cache/@eslint-eslintrc-npm-2.1.3-088d1bae55-5c6c387819.zip/node_modules/@eslint/eslintrc/dist/eslintrc.cjs:2639:9)
    at ConfigArrayFactory._loadExtendedShareableConfig (/home/coder/storewise-webapps/.yarn/cache/@eslint-eslintrc-npm-2.1.3-088d1bae55-5c6c387819.zip/node_modules/@eslint/eslintrc/dist/eslintrc.cjs:3270:23)
    at ConfigArrayFactory._loadExtends (/home/coder/storewise-webapps/.yarn/cache/@eslint-eslintrc-npm-2.1.3-088d1bae55-5c6c387819.zip/node_modules/@eslint/eslintrc/dist/eslintrc.cjs:3147:25)
    at ConfigArrayFactory._normalizeObjectConfigDataBody (/home/coder/storewise-webapps/.yarn/cache/@eslint-eslintrc-npm-2.1.3-088d1bae55-5c6c387819.zip/node_modules/@eslint/eslintrc/dist/eslintrc.cjs:3086:25)
    at _normalizeObjectConfigDataBody.next (<anonymous>)
    at ConfigArrayFactory._normalizeObjectConfigData (/home/coder/storewise-webapps/.yarn/cache/@eslint-eslintrc-npm-2.1.3-088d1bae55-5c6c387819.zip/node_modules/@eslint/eslintrc/dist/eslintrc.cjs:3031:20)
    at _normalizeObjectConfigData.next (<anonymous>)
    at ConfigArrayFactory.loadInDirectory (/home/coder/storewise-webapps/.yarn/cache/@eslint-eslintrc-npm-2.1.3-088d1bae55-5c6c387819.zip/node_modules/@eslint/eslintrc/dist/eslintrc.cjs:2877:28)
    at CascadingConfigArrayFactory._loadConfigInAncestors (/home/coder/storewise-webapps/.yarn/cache/@eslint-eslintrc-npm-2.1.3-088d1bae55-5c6c387819.zip/node_modules/@eslint/eslintrc/dist/eslintrc.cjs:3860:46)
    at CascadingConfigArrayFactory._loadConfigInAncestors (/home/coder/storewise-webapps/.yarn/cache/@eslint-eslintrc-npm-2.1.3-088d1bae55-5c6c387819.zip/node_modules/@eslint/eslintrc/dist/eslintrc.cjs:3879:20)
[Error - 9:14:17 AM] Calculating config file for file:///home/coder/storewise-webapps/storewise-internal/app/layout.tsx) failed.
Error: Failed to load config "next/core-web-vitals" to extend from.
Referenced from: /home/coder/storewise-webapps/storewise-internal/.eslintrc.json
    at configInvalidError (/home/coder/storewise-webapps/.yarn/cache/@eslint-eslintrc-npm-2.1.3-088d1bae55-5c6c387819.zip/node_modules/@eslint/eslintrc/dist/eslintrc.cjs:2639:9)
    at ConfigArrayFactory._loadExtendedShareableConfig (/home/coder/storewise-webapps/.yarn/cache/@eslint-eslintrc-npm-2.1.3-088d1bae55-5c6c387819.zip/node_modules/@eslint/eslintrc/dist/eslintrc.cjs:3270:23)
    at ConfigArrayFactory._loadExtends (/home/coder/storewise-webapps/.yarn/cache/@eslint-eslintrc-npm-2.1.3-088d1bae55-5c6c387819.zip/node_modules/@eslint/eslintrc/dist/eslintrc.cjs:3147:25)
    at ConfigArrayFactory._normalizeObjectConfigDataBody (/home/coder/storewise-webapps/.yarn/cache/@eslint-eslintrc-npm-2.1.3-088d1bae55-5c6c387819.zip/node_modules/@eslint/eslintrc/dist/eslintrc.cjs:3086:25)
    at _normalizeObjectConfigDataBody.next (<anonymous>)
    at ConfigArrayFactory._normalizeObjectConfigData (/home/coder/storewise-webapps/.yarn/cache/@eslint-eslintrc-npm-2.1.3-088d1bae55-5c6c387819.zip/node_modules/@eslint/eslintrc/dist/eslintrc.cjs:3031:20)
    at _normalizeObjectConfigData.next (<anonymous>)
    at ConfigArrayFactory.loadInDirectory (/home/coder/storewise-webapps/.yarn/cache/@eslint-eslintrc-npm-2.1.3-088d1bae55-5c6c387819.zip/node_modules/@eslint/eslintrc/dist/eslintrc.cjs:2877:28)
    at CascadingConfigArrayFactory._loadConfigInAncestors (/home/coder/storewise-webapps/.yarn/cache/@eslint-eslintrc-npm-2.1.3-088d1bae55-5c6c387819.zip/node_modules/@eslint/eslintrc/dist/eslintrc.cjs:3860:46)
    at CascadingConfigArrayFactory._loadConfigInAncestors (/home/coder/storewise-webapps/.yarn/cache/@eslint-eslintrc-npm-2.1.3-088d1bae55-5c6c387819.zip/node_modules/@eslint/eslintrc/dist/eslintrc.cjs:3879:20)
[Info  - 11:14:48 AM] ESLint server stopped.
