2024-03-06 14:06:16.186 [info] Log level: Info
2024-03-06 14:06:16.186 [info] Validating found git in: "git"
2024-03-06 14:06:16.186 [info] Using git "2.37.3" from "git"
2024-03-06 14:06:16.186 [info] > git rev-parse --show-toplevel [23ms]
2024-03-06 14:06:16.186 [info] > git rev-parse --git-dir --git-common-dir [8ms]
2024-03-06 14:06:16.186 [info] Open repository: /home/coder/storewise-webapps
2024-03-06 14:06:16.186 [info] > git rev-parse --show-toplevel [4ms]
2024-03-06 14:06:16.186 [info] > git config --get commit.template [43ms]
2024-03-06 14:06:16.186 [info] > git rev-parse --show-toplevel [38ms]
2024-03-06 14:06:16.186 [info] > git for-each-ref --format=%(refname)%00%(upstream:short)%00%(objectname)%00%(upstream:track)%00%(upstream:remotename)%00%(upstream:remoteref) refs/heads/feat/form-2 refs/remotes/feat/form-2 [31ms]
2024-03-06 14:06:16.186 [info] > git rev-parse --show-toplevel [41ms]
2024-03-06 14:06:16.186 [info] > git status -z -uall [48ms]
2024-03-06 14:06:16.186 [info] > git rev-parse --show-toplevel [60ms]
2024-03-06 14:06:16.188 [info] > git rev-parse --show-toplevel [5ms]
2024-03-06 14:06:16.189 [info] > git config --get commit.template [33ms]
2024-03-06 14:06:16.334 [info] > git rev-parse --show-toplevel [99ms]
2024-03-06 14:06:16.334 [info] > git for-each-ref --format=%(refname)%00%(upstream:short)%00%(objectname)%00%(upstream:track)%00%(upstream:remotename)%00%(upstream:remoteref) refs/heads/feat/form-2 refs/remotes/feat/form-2 [120ms]
2024-03-06 14:06:16.377 [info] > git status -z -uall [22ms]
2024-03-06 14:06:16.393 [info] > git rev-parse --show-toplevel [17ms]
2024-03-06 14:06:16.515 [info] > git rev-parse --show-toplevel [67ms]
2024-03-06 14:06:16.579 [info] > git fetch [735ms]
2024-03-06 14:06:16.579 [info] /bin/sh: warning: setlocale: LC_ALL: cannot change locale (en_US.UTF-8)
2024-03-06 14:06:16.596 [info] > git rev-parse --show-toplevel [25ms]
2024-03-06 14:06:16.597 [info] > git config --get commit.template [2ms]
2024-03-06 14:06:16.636 [info] > git rev-parse --show-toplevel [21ms]
2024-03-06 14:06:16.637 [info] > git for-each-ref --format=%(refname)%00%(upstream:short)%00%(objectname)%00%(upstream:track)%00%(upstream:remotename)%00%(upstream:remoteref) refs/heads/feat/form-2 refs/remotes/feat/form-2 [3ms]
2024-03-06 14:06:16.677 [info] > git status -z -uall [22ms]
2024-03-06 14:06:16.677 [info] > git rev-parse --show-toplevel [4ms]
2024-03-06 14:06:17.189 [info] > git check-ignore -v -z --stdin [12ms]
2024-03-06 14:06:17.288 [info] > git show --textconv :storewise-info/src/components/NewForm.tsx [19ms]
2024-03-06 14:06:17.290 [info] > git ls-files --stage -- /home/coder/storewise-webapps/storewise-info/src/components/NewForm.tsx [4ms]
2024-03-06 14:06:18.224 [info] > git config --get commit.template [1ms]
2024-03-06 14:06:18.254 [info] > git for-each-ref --format=%(refname)%00%(upstream:short)%00%(objectname)%00%(upstream:track)%00%(upstream:remotename)%00%(upstream:remoteref) refs/heads/feat/form-2 refs/remotes/feat/form-2 [2ms]
2024-03-06 14:06:18.285 [info] > git status -z -uall [6ms]
2024-03-06 14:06:18.470 [info] > git ls-files --stage -- /home/coder/storewise-webapps/storewise-info/src/components/NewForm.tsx [1ms]
2024-03-06 14:06:18.670 [info] > git show --textconv :storewise-info/src/components/NewForm.tsx [11ms]
2024-03-06 14:09:17.190 [info] > git fetch [467ms]
2024-03-06 14:09:17.190 [info] /bin/sh: warning: setlocale: LC_ALL: cannot change locale (en_US.UTF-8)
2024-03-06 14:09:17.210 [info] > git config --get commit.template [2ms]
2024-03-06 14:09:17.229 [info] > git for-each-ref --format=%(refname)%00%(upstream:short)%00%(objectname)%00%(upstream:track)%00%(upstream:remotename)%00%(upstream:remoteref) refs/heads/feat/form-2 refs/remotes/feat/form-2 [1ms]
2024-03-06 14:09:17.251 [info] > git status -z -uall [4ms]
2024-03-06 14:09:18.444 [info] > git config --get commit.template [1ms]
2024-03-06 14:09:18.465 [info] > git for-each-ref --format=%(refname)%00%(upstream:short)%00%(objectname)%00%(upstream:track)%00%(upstream:remotename)%00%(upstream:remoteref) refs/heads/feat/form-2 refs/remotes/feat/form-2 [1ms]
2024-03-06 14:09:18.492 [info] > git status -z -uall [2ms]
2024-03-06 14:09:18.672 [info] > git ls-files --stage -- /home/coder/storewise-webapps/storewise-info/src/components/NewForm.tsx [1ms]
2024-03-06 14:09:18.819 [info] > git show --textconv :storewise-info/src/components/NewForm.tsx [2ms]
2024-03-06 14:13:53.985 [info] > git fetch [517ms]
2024-03-06 14:13:53.985 [info] /bin/sh: warning: setlocale: LC_ALL: cannot change locale (en_US.UTF-8)
2024-03-06 14:13:54.011 [info] > git config --get commit.template [3ms]
2024-03-06 14:13:54.032 [info] > git for-each-ref --format=%(refname)%00%(upstream:short)%00%(objectname)%00%(upstream:track)%00%(upstream:remotename)%00%(upstream:remoteref) refs/heads/feat/form-2 refs/remotes/feat/form-2 [2ms]
2024-03-06 14:13:54.057 [info] > git status -z -uall [4ms]
2024-03-06 14:13:55.186 [info] > git config --get commit.template [2ms]
2024-03-06 14:13:55.211 [info] > git for-each-ref --format=%(refname)%00%(upstream:short)%00%(objectname)%00%(upstream:track)%00%(upstream:remotename)%00%(upstream:remoteref) refs/heads/feat/form-2 refs/remotes/feat/form-2 [3ms]
2024-03-06 14:13:55.243 [info] > git status -z -uall [2ms]
2024-03-06 14:13:55.414 [info] > git ls-files --stage -- /home/coder/storewise-webapps/storewise-info/src/components/NewForm.tsx [1ms]
2024-03-06 14:13:55.573 [info] > git show --textconv :storewise-info/src/components/NewForm.tsx [2ms]
