2024-03-06 16:08:08.389 [info] Log level: Info
2024-03-06 16:08:08.389 [info] Validating found git in: "git"
2024-03-06 16:08:08.389 [info] Using git "2.37.3" from "git"
2024-03-06 16:08:08.390 [info] > git rev-parse --show-toplevel [13ms]
2024-03-06 16:08:08.390 [info] > git rev-parse --git-dir --git-common-dir [1ms]
2024-03-06 16:08:08.390 [info] Open repository: /home/coder/storewise-webapps
2024-03-06 16:08:08.390 [info] > git rev-parse --show-toplevel [12ms]
2024-03-06 16:08:08.390 [info] > git config --get commit.template [46ms]
2024-03-06 16:08:08.390 [info] > git rev-parse --show-toplevel [36ms]
2024-03-06 16:08:08.390 [info] > git for-each-ref --format=%(refname)%00%(upstream:short)%00%(objectname)%00%(upstream:track)%00%(upstream:remotename)%00%(upstream:remoteref) refs/heads/feat/form-2 refs/remotes/feat/form-2 [33ms]
2024-03-06 16:08:08.390 [info] > git rev-parse --show-toplevel [43ms]
2024-03-06 16:08:08.390 [info] > git status -z -uall [51ms]
2024-03-06 16:08:08.390 [info] > git rev-parse --show-toplevel [17ms]
2024-03-06 16:08:08.390 [info] > git config --get commit.template [159ms]
2024-03-06 16:08:08.390 [info] > git rev-parse --show-toplevel [199ms]
2024-03-06 16:08:08.502 [info] > git for-each-ref --format=%(refname)%00%(upstream:short)%00%(objectname)%00%(upstream:track)%00%(upstream:remotename)%00%(upstream:remoteref) refs/heads/feat/form-2 refs/remotes/feat/form-2 [51ms]
2024-03-06 16:08:08.533 [info] > git rev-parse --show-toplevel [106ms]
2024-03-06 16:08:08.560 [info] > git status -z -uall [28ms]
2024-03-06 16:08:08.568 [info] > git rev-parse --show-toplevel [16ms]
2024-03-06 16:08:08.595 [info] > git rev-parse --show-toplevel [9ms]
2024-03-06 16:08:08.615 [info] > git rev-parse --show-toplevel [2ms]
2024-03-06 16:08:08.639 [info] > git rev-parse --show-toplevel [3ms]
2024-03-06 16:08:08.734 [info] > git rev-parse --show-toplevel [73ms]
2024-03-06 16:08:09.323 [info] > git check-ignore -v -z --stdin [8ms]
2024-03-06 16:08:09.324 [info] > git fetch [1480ms]
2024-03-06 16:08:09.325 [info] /bin/sh: warning: setlocale: LC_ALL: cannot change locale (en_US.UTF-8)
2024-03-06 16:08:09.367 [info] > git config --get commit.template [1ms]
2024-03-06 16:08:09.397 [info] > git for-each-ref --format=%(refname)%00%(upstream:short)%00%(objectname)%00%(upstream:track)%00%(upstream:remotename)%00%(upstream:remoteref) refs/heads/feat/form-2 refs/remotes/feat/form-2 [1ms]
2024-03-06 16:08:09.433 [info] > git status -z -uall [6ms]
2024-03-06 16:08:09.498 [info] > git show --textconv :storewise-info/src/components/NewForm.tsx [28ms]
2024-03-06 16:08:09.499 [info] > git ls-files --stage -- /home/coder/storewise-webapps/storewise-info/src/components/NewForm.tsx [4ms]
2024-03-06 16:08:10.549 [info] > git config --get commit.template [2ms]
2024-03-06 16:08:10.584 [info] > git for-each-ref --format=%(refname)%00%(upstream:short)%00%(objectname)%00%(upstream:track)%00%(upstream:remotename)%00%(upstream:remoteref) refs/heads/feat/form-2 refs/remotes/feat/form-2 [2ms]
2024-03-06 16:08:10.617 [info] > git status -z -uall [10ms]
2024-03-06 16:08:10.795 [info] > git ls-files --stage -- /home/coder/storewise-webapps/storewise-info/src/components/NewForm.tsx [4ms]
2024-03-06 16:08:10.938 [info] > git show --textconv :storewise-info/src/components/NewForm.tsx [1ms]
2024-03-06 16:09:51.473 [info] > git config --get commit.template [1ms]
2024-03-06 16:09:51.508 [info] > git for-each-ref --format=%(refname)%00%(upstream:short)%00%(objectname)%00%(upstream:track)%00%(upstream:remotename)%00%(upstream:remoteref) refs/heads/feat/form-2 refs/remotes/feat/form-2 [3ms]
2024-03-06 16:09:51.543 [info] > git status -z -uall [5ms]
2024-03-06 16:10:19.391 [info] > git config --get commit.template [1ms]
2024-03-06 16:10:19.425 [info] > git for-each-ref --format=%(refname)%00%(upstream:short)%00%(objectname)%00%(upstream:track)%00%(upstream:remotename)%00%(upstream:remoteref) refs/heads/feat/form-2 refs/remotes/feat/form-2 [3ms]
2024-03-06 16:10:19.460 [info] > git status -z -uall [6ms]
2024-03-06 16:10:24.495 [info] > git config --get commit.template [1ms]
2024-03-06 16:10:24.524 [info] > git for-each-ref --format=%(refname)%00%(upstream:short)%00%(objectname)%00%(upstream:track)%00%(upstream:remotename)%00%(upstream:remoteref) refs/heads/feat/form-2 refs/remotes/feat/form-2 [2ms]
2024-03-06 16:10:24.558 [info] > git status -z -uall [7ms]
2024-03-06 16:10:43.469 [info] > git for-each-ref --format=%(refname)%00%(upstream:short)%00%(objectname)%00%(upstream:track)%00%(upstream:remotename)%00%(upstream:remoteref) refs/heads/feat/form-2 refs/remotes/feat/form-2 [2ms]
2024-03-06 16:10:43.470 [info] > git config --get commit.template [48ms]
2024-03-06 16:10:43.507 [info] > git status -z -uall [8ms]
2024-03-06 16:11:01.072 [info] > git config --get commit.template [1ms]
2024-03-06 16:11:01.096 [info] > git for-each-ref --format=%(refname)%00%(upstream:short)%00%(objectname)%00%(upstream:track)%00%(upstream:remotename)%00%(upstream:remoteref) refs/heads/feat/form-2 refs/remotes/feat/form-2 [2ms]
2024-03-06 16:11:01.125 [info] > git status -z -uall [4ms]
2024-03-06 16:11:06.256 [info] > git config --get commit.template [1ms]
2024-03-06 16:11:06.289 [info] > git for-each-ref --format=%(refname)%00%(upstream:short)%00%(objectname)%00%(upstream:track)%00%(upstream:remotename)%00%(upstream:remoteref) refs/heads/feat/form-2 refs/remotes/feat/form-2 [4ms]
2024-03-06 16:11:06.315 [info] > git status -z -uall [1ms]
2024-03-06 16:11:10.102 [info] > git fetch [634ms]
2024-03-06 16:11:10.102 [info] /bin/sh: warning: setlocale: LC_ALL: cannot change locale (en_US.UTF-8)
2024-03-06 16:11:10.132 [info] > git config --get commit.template [1ms]
2024-03-06 16:11:10.154 [info] > git for-each-ref --format=%(refname)%00%(upstream:short)%00%(objectname)%00%(upstream:track)%00%(upstream:remotename)%00%(upstream:remoteref) refs/heads/feat/form-2 refs/remotes/feat/form-2 [3ms]
2024-03-06 16:11:10.177 [info] > git status -z -uall [3ms]
2024-03-06 16:11:11.355 [info] > git config --get commit.template [1ms]
2024-03-06 16:11:11.381 [info] > git for-each-ref --format=%(refname)%00%(upstream:short)%00%(objectname)%00%(upstream:track)%00%(upstream:remotename)%00%(upstream:remoteref) refs/heads/feat/form-2 refs/remotes/feat/form-2 [3ms]
2024-03-06 16:11:11.411 [info] > git status -z -uall [6ms]
2024-03-06 16:11:11.590 [info] > git ls-files --stage -- /home/coder/storewise-webapps/storewise-info/src/components/NewForm.tsx [1ms]
2024-03-06 16:11:11.738 [info] > git show --textconv :storewise-info/src/components/NewForm.tsx [3ms]
2024-03-06 16:11:16.445 [info] > git config --get commit.template [1ms]
2024-03-06 16:11:16.471 [info] > git for-each-ref --format=%(refname)%00%(upstream:short)%00%(objectname)%00%(upstream:track)%00%(upstream:remotename)%00%(upstream:remoteref) refs/heads/feat/form-2 refs/remotes/feat/form-2 [2ms]
2024-03-06 16:11:16.505 [info] > git status -z -uall [8ms]
2024-03-06 16:11:27.032 [info] > git config --get commit.template [1ms]
2024-03-06 16:11:27.055 [info] > git for-each-ref --format=%(refname)%00%(upstream:short)%00%(objectname)%00%(upstream:track)%00%(upstream:remotename)%00%(upstream:remoteref) refs/heads/feat/form-2 refs/remotes/feat/form-2 [1ms]
2024-03-06 16:11:27.078 [info] > git status -z -uall [1ms]
2024-03-06 16:11:38.368 [info] > git config --get commit.template [2ms]
2024-03-06 16:11:38.390 [info] > git for-each-ref --format=%(refname)%00%(upstream:short)%00%(objectname)%00%(upstream:track)%00%(upstream:remotename)%00%(upstream:remoteref) refs/heads/feat/form-2 refs/remotes/feat/form-2 [2ms]
2024-03-06 16:11:38.416 [info] > git status -z -uall [5ms]
2024-03-06 16:54:40.027 [info] > git fetch [998ms]
2024-03-06 16:54:40.055 [info] /bin/sh: warning: setlocale: LC_ALL: cannot change locale (en_US.UTF-8)
2024-03-06 16:54:40.147 [info] > git config --get commit.template [48ms]
2024-03-06 16:54:40.148 [info] > git for-each-ref --format=%(refname)%00%(upstream:short)%00%(objectname)%00%(upstream:track)%00%(upstream:remotename)%00%(upstream:remoteref) refs/heads/feat/form-2 refs/remotes/feat/form-2 [3ms]
2024-03-06 16:54:40.260 [info] > git status -z -uall [90ms]
2024-03-06 16:54:41.605 [info] > git ls-files --stage -- /home/coder/storewise-webapps/storewise-info/src/components/NewForm.tsx [3ms]
2024-03-06 16:54:41.738 [info] > git show --textconv :storewise-info/src/components/NewForm.tsx [1ms]
2024-03-06 16:54:52.236 [info] > git show --textconv :storewise-info/src/components/FormContainer.tsx [35ms]
2024-03-06 16:54:52.236 [info] > git ls-files --stage -- /home/coder/storewise-webapps/storewise-info/src/components/FormContainer.tsx [2ms]
2024-03-06 16:54:52.262 [info] > git cat-file -s 6de5436264bcae357dbc5d02ae8b9e1d477c9ace [4ms]
2024-03-06 16:54:53.176 [info] > git show --textconv :storewise-info/src/components/NewForm.tsx [17ms]
2024-03-06 16:54:53.177 [info] > git ls-files --stage -- /home/coder/storewise-webapps/storewise-info/src/components/NewForm.tsx [1ms]
2024-03-06 16:58:21.333 [info] > git fetch [521ms]
2024-03-06 16:58:21.333 [info] /bin/sh: warning: setlocale: LC_ALL: cannot change locale (en_US.UTF-8)
2024-03-06 16:58:21.366 [info] > git config --get commit.template [3ms]
2024-03-06 16:58:21.393 [info] > git for-each-ref --format=%(refname)%00%(upstream:short)%00%(objectname)%00%(upstream:track)%00%(upstream:remotename)%00%(upstream:remoteref) refs/heads/feat/form-2 refs/remotes/feat/form-2 [4ms]
2024-03-06 16:58:21.417 [info] > git status -z -uall [3ms]
2024-03-06 16:58:22.535 [info] > git config --get commit.template [1ms]
2024-03-06 16:58:22.560 [info] > git for-each-ref --format=%(refname)%00%(upstream:short)%00%(objectname)%00%(upstream:track)%00%(upstream:remotename)%00%(upstream:remoteref) refs/heads/feat/form-2 refs/remotes/feat/form-2 [1ms]
2024-03-06 16:58:22.588 [info] > git status -z -uall [4ms]
2024-03-06 16:58:22.783 [info] > git ls-files --stage -- /home/coder/storewise-webapps/storewise-info/src/components/NewForm.tsx [1ms]
2024-03-06 16:58:22.927 [info] > git show --textconv :storewise-info/src/components/NewForm.tsx [1ms]
2024-03-06 16:58:42.495 [info] > git config --get commit.template [2ms]
2024-03-06 16:58:42.516 [info] > git for-each-ref --format=%(refname)%00%(upstream:short)%00%(objectname)%00%(upstream:track)%00%(upstream:remotename)%00%(upstream:remoteref) refs/heads/feat/form-2 refs/remotes/feat/form-2 [2ms]
2024-03-06 16:58:42.538 [info] > git status -z -uall [5ms]
2024-03-06 16:58:51.979 [info] > git config --get commit.template [1ms]
2024-03-06 16:58:52.010 [info] > git for-each-ref --format=%(refname)%00%(upstream:short)%00%(objectname)%00%(upstream:track)%00%(upstream:remotename)%00%(upstream:remoteref) refs/heads/feat/form-2 refs/remotes/feat/form-2 [4ms]
2024-03-06 16:58:52.036 [info] > git status -z -uall [4ms]
2024-03-06 17:16:25.839 [info] > git fetch [668ms]
2024-03-06 17:16:25.839 [info] /bin/sh: warning: setlocale: LC_ALL: cannot change locale (en_US.UTF-8)
2024-03-06 17:16:25.895 [info] > git for-each-ref --format=%(refname)%00%(upstream:short)%00%(objectname)%00%(upstream:track)%00%(upstream:remotename)%00%(upstream:remoteref) refs/heads/feat/form-2 refs/remotes/feat/form-2 [4ms]
2024-03-06 17:16:25.895 [info] > git config --get commit.template [30ms]
2024-03-06 17:16:25.927 [info] > git status -z -uall [7ms]
2024-03-06 17:16:26.990 [info] > git config --get commit.template [1ms]
2024-03-06 17:16:27.040 [info] > git for-each-ref --format=%(refname)%00%(upstream:short)%00%(objectname)%00%(upstream:track)%00%(upstream:remotename)%00%(upstream:remoteref) refs/heads/feat/form-2 refs/remotes/feat/form-2 [2ms]
2024-03-06 17:16:27.067 [info] > git status -z -uall [2ms]
2024-03-06 17:16:27.244 [info] > git ls-files --stage -- /home/coder/storewise-webapps/storewise-info/src/components/NewForm.tsx [6ms]
2024-03-06 17:16:27.414 [info] > git show --textconv :storewise-info/src/components/NewForm.tsx [1ms]
2024-03-06 17:19:26.498 [info] > git fetch [536ms]
2024-03-06 17:19:26.498 [info] /bin/sh: warning: setlocale: LC_ALL: cannot change locale (en_US.UTF-8)
2024-03-06 17:19:26.526 [info] > git config --get commit.template [1ms]
2024-03-06 17:19:26.557 [info] > git for-each-ref --format=%(refname)%00%(upstream:short)%00%(objectname)%00%(upstream:track)%00%(upstream:remotename)%00%(upstream:remoteref) refs/heads/feat/form-2 refs/remotes/feat/form-2 [2ms]
2024-03-06 17:19:26.583 [info] > git status -z -uall [4ms]
2024-03-06 17:19:27.743 [info] > git config --get commit.template [2ms]
2024-03-06 17:19:27.768 [info] > git for-each-ref --format=%(refname)%00%(upstream:short)%00%(objectname)%00%(upstream:track)%00%(upstream:remotename)%00%(upstream:remoteref) refs/heads/feat/form-2 refs/remotes/feat/form-2 [2ms]
2024-03-06 17:19:27.802 [info] > git status -z -uall [4ms]
2024-03-06 17:19:28.008 [info] > git ls-files --stage -- /home/coder/storewise-webapps/storewise-info/src/components/NewForm.tsx [2ms]
2024-03-06 17:19:28.162 [info] > git show --textconv :storewise-info/src/components/NewForm.tsx [1ms]
2024-03-06 17:20:35.473 [info] > git config --get commit.template [2ms]
2024-03-06 17:20:35.518 [info] > git for-each-ref --format=%(refname)%00%(upstream:short)%00%(objectname)%00%(upstream:track)%00%(upstream:remotename)%00%(upstream:remoteref) refs/heads/feat/form-2 refs/remotes/feat/form-2 [7ms]
2024-03-06 17:20:35.603 [info] > git status -z -uall [55ms]
2024-03-06 17:20:40.641 [info] > git config --get commit.template [2ms]
2024-03-06 17:20:40.665 [info] > git for-each-ref --format=%(refname)%00%(upstream:short)%00%(objectname)%00%(upstream:track)%00%(upstream:remotename)%00%(upstream:remoteref) refs/heads/feat/form-2 refs/remotes/feat/form-2 [2ms]
2024-03-06 17:20:40.690 [info] > git status -z -uall [4ms]
2024-03-06 17:20:45.734 [info] > git config --get commit.template [1ms]
2024-03-06 17:20:45.759 [info] > git for-each-ref --format=%(refname)%00%(upstream:short)%00%(objectname)%00%(upstream:track)%00%(upstream:remotename)%00%(upstream:remoteref) refs/heads/feat/form-2 refs/remotes/feat/form-2 [3ms]
2024-03-06 17:20:45.787 [info] > git status -z -uall [4ms]
2024-03-06 17:22:27.121 [info] > git fetch [502ms]
2024-03-06 17:22:27.121 [info] /bin/sh: warning: setlocale: LC_ALL: cannot change locale (en_US.UTF-8)
2024-03-06 17:22:27.141 [info] > git config --get commit.template [2ms]
2024-03-06 17:22:27.166 [info] > git for-each-ref --format=%(refname)%00%(upstream:short)%00%(objectname)%00%(upstream:track)%00%(upstream:remotename)%00%(upstream:remoteref) refs/heads/feat/form-2 refs/remotes/feat/form-2 [1ms]
2024-03-06 17:22:27.192 [info] > git status -z -uall [5ms]
2024-03-06 17:22:28.393 [info] > git config --get commit.template [1ms]
2024-03-06 17:22:28.415 [info] > git for-each-ref --format=%(refname)%00%(upstream:short)%00%(objectname)%00%(upstream:track)%00%(upstream:remotename)%00%(upstream:remoteref) refs/heads/feat/form-2 refs/remotes/feat/form-2 [2ms]
2024-03-06 17:22:28.439 [info] > git status -z -uall [5ms]
2024-03-06 17:22:28.615 [info] > git ls-files --stage -- /home/coder/storewise-webapps/storewise-info/src/components/NewForm.tsx [1ms]
2024-03-06 17:22:28.775 [info] > git show --textconv :storewise-info/src/components/NewForm.tsx [2ms]
2024-03-06 17:22:51.005 [info] > git config --get commit.template [1ms]
2024-03-06 17:22:51.031 [info] > git for-each-ref --format=%(refname)%00%(upstream:short)%00%(objectname)%00%(upstream:track)%00%(upstream:remotename)%00%(upstream:remoteref) refs/heads/feat/form-2 refs/remotes/feat/form-2 [1ms]
2024-03-06 17:22:51.059 [info] > git status -z -uall [4ms]
2024-03-06 17:22:56.097 [info] > git config --get commit.template [1ms]
2024-03-06 17:22:56.141 [info] > git for-each-ref --format=%(refname)%00%(upstream:short)%00%(objectname)%00%(upstream:track)%00%(upstream:remotename)%00%(upstream:remoteref) refs/heads/feat/form-2 refs/remotes/feat/form-2 [2ms]
2024-03-06 17:22:56.174 [info] > git status -z -uall [3ms]
2024-03-06 17:23:15.318 [info] > git config --get commit.template [2ms]
2024-03-06 17:23:15.350 [info] > git for-each-ref --format=%(refname)%00%(upstream:short)%00%(objectname)%00%(upstream:track)%00%(upstream:remotename)%00%(upstream:remoteref) refs/heads/feat/form-2 refs/remotes/feat/form-2 [3ms]
2024-03-06 17:23:15.377 [info] > git status -z -uall [3ms]
2024-03-06 17:23:22.796 [info] > git config --get commit.template [1ms]
2024-03-06 17:23:22.830 [info] > git for-each-ref --format=%(refname)%00%(upstream:short)%00%(objectname)%00%(upstream:track)%00%(upstream:remotename)%00%(upstream:remoteref) refs/heads/feat/form-2 refs/remotes/feat/form-2 [2ms]
2024-03-06 17:23:22.861 [info] > git status -z -uall [5ms]
2024-03-06 17:24:11.599 [info] > git config --get commit.template [3ms]
2024-03-06 17:24:11.630 [info] > git for-each-ref --format=%(refname)%00%(upstream:short)%00%(objectname)%00%(upstream:track)%00%(upstream:remotename)%00%(upstream:remoteref) refs/heads/feat/form-2 refs/remotes/feat/form-2 [2ms]
2024-03-06 17:24:11.672 [info] > git status -z -uall [7ms]
2024-03-06 17:24:31.675 [info] > git config --get commit.template [5ms]
2024-03-06 17:24:31.709 [info] > git for-each-ref --format=%(refname)%00%(upstream:short)%00%(objectname)%00%(upstream:track)%00%(upstream:remotename)%00%(upstream:remoteref) refs/heads/feat/form-2 refs/remotes/feat/form-2 [4ms]
2024-03-06 17:24:31.733 [info] > git status -z -uall [2ms]
2024-03-06 17:25:31.203 [info] > git fetch [511ms]
2024-03-06 17:25:31.203 [info] /bin/sh: warning: setlocale: LC_ALL: cannot change locale (en_US.UTF-8)
2024-03-06 17:25:31.228 [info] > git config --get commit.template [1ms]
2024-03-06 17:25:31.249 [info] > git for-each-ref --format=%(refname)%00%(upstream:short)%00%(objectname)%00%(upstream:track)%00%(upstream:remotename)%00%(upstream:remoteref) refs/heads/feat/form-2 refs/remotes/feat/form-2 [2ms]
2024-03-06 17:25:31.280 [info] > git status -z -uall [5ms]
2024-03-06 17:25:32.459 [info] > git config --get commit.template [1ms]
2024-03-06 17:25:32.486 [info] > git for-each-ref --format=%(refname)%00%(upstream:short)%00%(objectname)%00%(upstream:track)%00%(upstream:remotename)%00%(upstream:remoteref) refs/heads/feat/form-2 refs/remotes/feat/form-2 [2ms]
2024-03-06 17:25:32.512 [info] > git status -z -uall [6ms]
2024-03-06 17:25:32.715 [info] > git ls-files --stage -- /home/coder/storewise-webapps/storewise-info/src/components/NewForm.tsx [1ms]
2024-03-06 17:25:32.853 [info] > git show --textconv :storewise-info/src/components/NewForm.tsx [2ms]
2024-03-06 17:25:37.542 [info] > git config --get commit.template [1ms]
2024-03-06 17:25:37.566 [info] > git for-each-ref --format=%(refname)%00%(upstream:short)%00%(objectname)%00%(upstream:track)%00%(upstream:remotename)%00%(upstream:remoteref) refs/heads/feat/form-2 refs/remotes/feat/form-2 [0ms]
2024-03-06 17:25:37.594 [info] > git status -z -uall [5ms]
2024-03-06 17:25:59.571 [info] > git config --get commit.template [1ms]
2024-03-06 17:25:59.598 [info] > git for-each-ref --format=%(refname)%00%(upstream:short)%00%(objectname)%00%(upstream:track)%00%(upstream:remotename)%00%(upstream:remoteref) refs/heads/feat/form-2 refs/remotes/feat/form-2 [2ms]
2024-03-06 17:25:59.635 [info] > git status -z -uall [5ms]
2024-03-06 17:26:06.619 [info] > git config --get commit.template [1ms]
2024-03-06 17:26:06.637 [info] > git for-each-ref --format=%(refname)%00%(upstream:short)%00%(objectname)%00%(upstream:track)%00%(upstream:remotename)%00%(upstream:remoteref) refs/heads/feat/form-2 refs/remotes/feat/form-2 [1ms]
2024-03-06 17:26:06.658 [info] > git status -z -uall [3ms]
2024-03-06 17:26:11.689 [info] > git config --get commit.template [1ms]
2024-03-06 17:26:11.721 [info] > git for-each-ref --format=%(refname)%00%(upstream:short)%00%(objectname)%00%(upstream:track)%00%(upstream:remotename)%00%(upstream:remoteref) refs/heads/feat/form-2 refs/remotes/feat/form-2 [3ms]
2024-03-06 17:26:11.746 [info] > git status -z -uall [5ms]
2024-03-06 17:26:40.157 [info] > git show --textconv :storewise-info/src/components/FormContainer.tsx [28ms]
2024-03-06 17:26:40.159 [info] > git ls-files --stage -- /home/coder/storewise-webapps/storewise-info/src/components/FormContainer.tsx [5ms]
2024-03-06 17:26:40.190 [info] > git cat-file -s 6de5436264bcae357dbc5d02ae8b9e1d477c9ace [3ms]
2024-03-06 17:27:44.269 [info] > git show --textconv :storewise-info/src/components/NewForm.tsx [29ms]
2024-03-06 17:27:44.269 [info] > git ls-files --stage -- /home/coder/storewise-webapps/storewise-info/src/components/NewForm.tsx [3ms]
2024-03-06 17:27:46.313 [info] > git show --textconv :storewise-info/src/components/FormContainer.tsx [55ms]
2024-03-06 17:27:46.313 [info] > git ls-files --stage -- /home/coder/storewise-webapps/storewise-info/src/components/FormContainer.tsx [26ms]
2024-03-06 17:27:46.342 [info] > git cat-file -s 6de5436264bcae357dbc5d02ae8b9e1d477c9ace [5ms]
2024-03-06 17:27:48.256 [info] > git show --textconv :storewise-info/src/components/NewForm.tsx [19ms]
2024-03-06 17:27:48.256 [info] > git ls-files --stage -- /home/coder/storewise-webapps/storewise-info/src/components/NewForm.tsx [1ms]
2024-03-06 17:28:01.972 [info] > git config --get commit.template [2ms]
2024-03-06 17:28:02.020 [info] > git for-each-ref --format=%(refname)%00%(upstream:short)%00%(objectname)%00%(upstream:track)%00%(upstream:remotename)%00%(upstream:remoteref) refs/heads/feat/form-2 refs/remotes/feat/form-2 [2ms]
2024-03-06 17:28:02.067 [info] > git status -z -uall [13ms]
2024-03-06 17:28:07.148 [info] > git for-each-ref --format=%(refname)%00%(upstream:short)%00%(objectname)%00%(upstream:track)%00%(upstream:remotename)%00%(upstream:remoteref) refs/heads/feat/form-2 refs/remotes/feat/form-2 [4ms]
2024-03-06 17:28:07.150 [info] > git config --get commit.template [33ms]
2024-03-06 17:28:07.187 [info] > git status -z -uall [1ms]
2024-03-06 17:28:12.216 [info] > git config --get commit.template [1ms]
2024-03-06 17:28:12.245 [info] > git for-each-ref --format=%(refname)%00%(upstream:short)%00%(objectname)%00%(upstream:track)%00%(upstream:remotename)%00%(upstream:remoteref) refs/heads/feat/form-2 refs/remotes/feat/form-2 [1ms]
2024-03-06 17:28:12.273 [info] > git status -z -uall [4ms]
2024-03-06 17:28:17.308 [info] > git config --get commit.template [3ms]
2024-03-06 17:28:17.336 [info] > git for-each-ref --format=%(refname)%00%(upstream:short)%00%(objectname)%00%(upstream:track)%00%(upstream:remotename)%00%(upstream:remoteref) refs/heads/feat/form-2 refs/remotes/feat/form-2 [5ms]
2024-03-06 17:28:17.378 [info] > git status -z -uall [7ms]
2024-03-06 17:28:22.444 [info] > git for-each-ref --format=%(refname)%00%(upstream:short)%00%(objectname)%00%(upstream:track)%00%(upstream:remotename)%00%(upstream:remoteref) refs/heads/feat/form-2 refs/remotes/feat/form-2 [2ms]
2024-03-06 17:28:22.445 [info] > git config --get commit.template [30ms]
2024-03-06 17:28:22.477 [info] > git status -z -uall [7ms]
2024-03-06 17:28:27.511 [info] > git config --get commit.template [2ms]
2024-03-06 17:28:27.537 [info] > git for-each-ref --format=%(refname)%00%(upstream:short)%00%(objectname)%00%(upstream:track)%00%(upstream:remotename)%00%(upstream:remoteref) refs/heads/feat/form-2 refs/remotes/feat/form-2 [1ms]
2024-03-06 17:28:27.562 [info] > git status -z -uall [4ms]
2024-03-06 17:28:31.803 [info] > git fetch [494ms]
2024-03-06 17:28:31.803 [info] /bin/sh: warning: setlocale: LC_ALL: cannot change locale (en_US.UTF-8)
2024-03-06 17:28:31.854 [info] > git config --get commit.template [25ms]
2024-03-06 17:28:31.857 [info] > git for-each-ref --format=%(refname)%00%(upstream:short)%00%(objectname)%00%(upstream:track)%00%(upstream:remotename)%00%(upstream:remoteref) refs/heads/feat/form-2 refs/remotes/feat/form-2 [4ms]
2024-03-06 17:28:31.886 [info] > git status -z -uall [3ms]
2024-03-06 17:28:32.588 [info] > git config --get commit.template [1ms]
2024-03-06 17:28:32.613 [info] > git for-each-ref --format=%(refname)%00%(upstream:short)%00%(objectname)%00%(upstream:track)%00%(upstream:remotename)%00%(upstream:remoteref) refs/heads/feat/form-2 refs/remotes/feat/form-2 [2ms]
2024-03-06 17:28:32.642 [info] > git status -z -uall [3ms]
2024-03-06 17:28:33.275 [info] > git ls-files --stage -- /home/coder/storewise-webapps/storewise-info/src/components/NewForm.tsx [2ms]
2024-03-06 17:28:33.421 [info] > git show --textconv :storewise-info/src/components/NewForm.tsx [3ms]
2024-03-06 17:29:47.201 [info] > git config --get commit.template [2ms]
2024-03-06 17:29:47.225 [info] > git for-each-ref --format=%(refname)%00%(upstream:short)%00%(objectname)%00%(upstream:track)%00%(upstream:remotename)%00%(upstream:remoteref) refs/heads/feat/form-2 refs/remotes/feat/form-2 [2ms]
2024-03-06 17:29:47.250 [info] > git status -z -uall [5ms]
2024-03-06 17:33:08.452 [info] > git fetch [497ms]
2024-03-06 17:33:08.453 [info] /bin/sh: warning: setlocale: LC_ALL: cannot change locale (en_US.UTF-8)
2024-03-06 17:33:08.473 [info] > git config --get commit.template [1ms]
2024-03-06 17:33:08.495 [info] > git for-each-ref --format=%(refname)%00%(upstream:short)%00%(objectname)%00%(upstream:track)%00%(upstream:remotename)%00%(upstream:remoteref) refs/heads/feat/form-2 refs/remotes/feat/form-2 [1ms]
2024-03-06 17:33:08.519 [info] > git status -z -uall [7ms]
2024-03-06 17:33:09.698 [info] > git config --get commit.template [2ms]
2024-03-06 17:33:09.721 [info] > git for-each-ref --format=%(refname)%00%(upstream:short)%00%(objectname)%00%(upstream:track)%00%(upstream:remotename)%00%(upstream:remoteref) refs/heads/feat/form-2 refs/remotes/feat/form-2 [2ms]
2024-03-06 17:33:09.757 [info] > git status -z -uall [3ms]
2024-03-06 17:33:09.916 [info] > git ls-files --stage -- /home/coder/storewise-webapps/storewise-info/src/components/NewForm.tsx [2ms]
2024-03-06 17:33:10.059 [info] > git show --textconv :storewise-info/src/components/NewForm.tsx [1ms]
