2024-03-02 11:01:58.695 [info] Extension host with pid 132 started
2024-03-02 11:01:58.708 [info] Lock '/home/coder/.local/share/code-server/User/workspaceStorage/-44ca1d8e/vscode.lock': Lock acquired.
2024-03-02 11:01:59.091 [info] ExtensionService#_doActivateExtension vscode.typescript-language-features, startup: false, activationEvent: 'onLanguage:typescriptreact'
2024-03-02 11:01:59.092 [info] ExtensionService#_doActivateExtension vscode.emmet, startup: false, activationEvent: 'onLanguage'
2024-03-02 11:01:59.887 [info] ExtensionService#_doActivateExtension vscode.git-base, startup: true, activationEvent: '*', root cause: vscode.git
2024-03-02 11:01:59.888 [info] ExtensionService#_doActivateExtension EdgardMessias.clipboard-manager, startup: true, activationEvent: '*'
2024-03-02 11:01:59.888 [info] ExtensionService#_doActivateExtension vsls-contrib.codetour, startup: true, activationEvent: '*'
2024-03-02 11:01:59.973 [info] ExtensionService#_doActivateExtension vscode.npm, startup: true, activationEvent: 'workspaceContains:package.json'
2024-03-02 11:02:00.309 [info] ExtensionService#_doActivateExtension vscode.git, startup: true, activationEvent: '*'
2024-03-02 11:02:00.310 [info] ExtensionService#_doActivateExtension vscode.github, startup: true, activationEvent: '*'
2024-03-02 11:02:02.170 [info] Eager extensions activated
2024-03-02 11:02:02.171 [info] ExtensionService#_doActivateExtension vscode.debug-auto-launch, startup: false, activationEvent: 'onStartupFinished'
2024-03-02 11:02:02.185 [info] ExtensionService#_doActivateExtension vscode.merge-conflict, startup: false, activationEvent: 'onStartupFinished'
2024-03-02 11:02:02.185 [info] ExtensionService#_doActivateExtension arcanis.vscode-zipfs, startup: false, activationEvent: 'onStartupFinished'
2024-03-02 11:02:02.186 [info] ExtensionService#_doActivateExtension dbaeumer.vscode-eslint, startup: false, activationEvent: 'onStartupFinished'
2024-03-02 11:02:02.186 [info] ExtensionService#_doActivateExtension esbenp.prettier-vscode, startup: false, activationEvent: 'onStartupFinished'
2024-03-02 11:02:02.186 [info] ExtensionService#_doActivateExtension yandeu.five-server, startup: false, activationEvent: 'onStartupFinished'
2024-03-02 11:02:22.500 [info] ExtensionService#_doActivateExtension vscode.tunnel-forwarding, startup: false, activationEvent: 'onTunnel'
2024-03-02 11:29:47.797 [error] [vscode.typescript-language-features] provider FAILED
2024-03-02 11:29:47.797 [error] Error: <semantic> TypeScript Server Error (4.9.4-sdk)
apiEntry.instance.findPackageLocator is not a function
TypeError: apiEntry.instance.findPackageLocator is not a function
    at Object.findApiPathFor (/home/coder/storewise-webapps/.pnp.cjs:34411:41)
    at moduleExports.findPnpApi (/home/coder/storewise-webapps/.pnp.cjs:32548:34)
    at getPnpApi (/home/coder/storewise-webapps/.yarn/cache/typescript-patch-0887b19144-2160f7ad97.zip/node_modules/typescript/lib/tsserver.js:45636:16)
    at tryResolve (/home/coder/storewise-webapps/.yarn/cache/typescript-patch-0887b19144-2160f7ad97.zip/node_modules/typescript/lib/tsserver.js:44421:34)
    at /home/coder/storewise-webapps/.yarn/cache/typescript-patch-0887b19144-2160f7ad97.zip/node_modules/typescript/lib/tsserver.js:44401:69
    at Object.forEach (/home/coder/storewise-webapps/.yarn/cache/typescript-patch-0887b19144-2160f7ad97.zip/node_modules/typescript/lib/tsserver.js:191:30)
    at nodeModuleNameResolverWorker (/home/coder/storewise-webapps/.yarn/cache/typescript-patch-0887b19144-2160f7ad97.zip/node_modules/typescript/lib/tsserver.js:44401:25)
    at nodeModuleNameResolver (/home/coder/storewise-webapps/.yarn/cache/typescript-patch-0887b19144-2160f7ad97.zip/node_modules/typescript/lib/tsserver.js:44371:16)
    at Object.resolveModuleName (/home/coder/storewise-webapps/.yarn/cache/typescript-patch-0887b19144-2160f7ad97.zip/node_modules/typescript/lib/tsserver.js:44098:30)
    at resolveModuleName (/home/coder/storewise-webapps/.yarn/cache/typescript-patch-0887b19144-2160f7ad97.zip/node_modules/typescript/lib/tsserver.js:124343:36)
    at resolveNamesWithLocalCache (/home/coder/storewise-webapps/.yarn/cache/typescript-patch-0887b19144-2160f7ad97.zip/node_modules/typescript/lib/tsserver.js:124429:38)
    at Object.resolveModuleNames (/home/coder/storewise-webapps/.yarn/cache/typescript-patch-0887b19144-2160f7ad97.zip/node_modules/typescript/lib/tsserver.js:124507:20)
    at Project.resolveModuleNames (/home/coder/storewise-webapps/.yarn/cache/typescript-patch-0887b19144-2160f7ad97.zip/node_modules/typescript/lib/tsserver.js:173882:45)
    at actualResolveModuleNamesWorker (/home/coder/storewise-webapps/.yarn/cache/typescript-patch-0887b19144-2160f7ad97.zip/node_modules/typescript/lib/tsserver.js:119492:153)
    at resolveModuleNamesWorker (/home/coder/storewise-webapps/.yarn/cache/typescript-patch-0887b19144-2160f7ad97.zip/node_modules/typescript/lib/tsserver.js:119795:26)
    at resolveModuleNamesReusingOldState (/home/coder/storewise-webapps/.yarn/cache/typescript-patch-0887b19144-2160f7ad97.zip/node_modules/typescript/lib/tsserver.js:119973:19)
    at processImportedModules (/home/coder/storewise-webapps/.yarn/cache/typescript-patch-0887b19144-2160f7ad97.zip/node_modules/typescript/lib/tsserver.js:121424:35)
    at findSourceFileWorker (/home/coder/storewise-webapps/.yarn/cache/typescript-patch-0887b19144-2160f7ad97.zip/node_modules/typescript/lib/tsserver.js:121204:17)
    at findSourceFile (/home/coder/storewise-webapps/.yarn/cache/typescript-patch-0887b19144-2160f7ad97.zip/node_modules/typescript/lib/tsserver.js:121050:26)
    at /home/coder/storewise-webapps/.yarn/cache/typescript-patch-0887b19144-2160f7ad97.zip/node_modules/typescript/lib/tsserver.js:120999:85
    at getSourceFileFromReferenceWorker (/home/coder/storewise-webapps/.yarn/cache/typescript-patch-0887b19144-2160f7ad97.zip/node_modules/typescript/lib/tsserver.js:120965:34)
    at processSourceFile (/home/coder/storewise-webapps/.yarn/cache/typescript-patch-0887b19144-2160f7ad97.zip/node_modules/typescript/lib/tsserver.js:120999:13)
    at processRootFile (/home/coder/storewise-webapps/.yarn/cache/typescript-patch-0887b19144-2160f7ad97.zip/node_modules/typescript/lib/tsserver.js:120800:13)
    at /home/coder/storewise-webapps/.yarn/cache/typescript-patch-0887b19144-2160f7ad97.zip/node_modules/typescript/lib/tsserver.js:119601:67
    at Object.forEach (/home/coder/storewise-webapps/.yarn/cache/typescript-patch-0887b19144-2160f7ad97.zip/node_modules/typescript/lib/tsserver.js:191:30)
    at Object.createProgram (/home/coder/storewise-webapps/.yarn/cache/typescript-patch-0887b19144-2160f7ad97.zip/node_modules/typescript/lib/tsserver.js:119601:16)
    at synchronizeHostData (/home/coder/storewise-webapps/.yarn/cache/typescript-patch-0887b19144-2160f7ad97.zip/node_modules/typescript/lib/tsserver.js:169166:26)
    at Object.getProgram (/home/coder/storewise-webapps/.yarn/cache/typescript-patch-0887b19144-2160f7ad97.zip/node_modules/typescript/lib/tsserver.js:169280:13)
    at Project.updateGraphWorker (/home/coder/storewise-webapps/.yarn/cache/typescript-patch-0887b19144-2160f7ad97.zip/node_modules/typescript/lib/tsserver.js:174457:53)
    at Project.updateGraph (/home/coder/storewise-webapps/.yarn/cache/typescript-patch-0887b19144-2160f7ad97.zip/node_modules/typescript/lib/tsserver.js:174385:42)
    at Object.updateProjectIfDirty (/home/coder/storewise-webapps/.yarn/cache/typescript-patch-0887b19144-2160f7ad97.zip/node_modules/typescript/lib/tsserver.js:176076:45)
    at Project.getLanguageService (/home/coder/storewise-webapps/.yarn/cache/typescript-patch-0887b19144-2160f7ad97.zip/node_modules/typescript/lib/tsserver.js:173993:28)
    at Session.getEncodedSemanticClassifications (/home/coder/storewise-webapps/.yarn/cache/typescript-patch-0887b19144-2160f7ad97.zip/node_modules/typescript/lib/tsserver.js:180846:32)
    at Session.handlers.ts.Map.ts.getEntries._a.<computed> (/home/coder/storewise-webapps/.yarn/cache/typescript-patch-0887b19144-2160f7ad97.zip/node_modules/typescript/lib/tsserver.js:180306:61)
    at /home/coder/storewise-webapps/.yarn/cache/typescript-patch-0887b19144-2160f7ad97.zip/node_modules/typescript/lib/tsserver.js:182334:96
    at Session.executeWithRequestId (/home/coder/storewise-webapps/.yarn/cache/typescript-patch-0887b19144-2160f7ad97.zip/node_modules/typescript/lib/tsserver.js:182325:28)
    at Session.executeCommand (/home/coder/storewise-webapps/.yarn/cache/typescript-patch-0887b19144-2160f7ad97.zip/node_modules/typescript/lib/tsserver.js:182334:41)
    at Session.onMessage (/home/coder/storewise-webapps/.yarn/cache/typescript-patch-0887b19144-2160f7ad97.zip/node_modules/typescript/lib/tsserver.js:182362:35)
    at IpcIOSession.onMessage (/home/coder/storewise-webapps/.yarn/sdks/typescript/lib/tsserver.js:201:32)
    at process.<anonymous> (/home/coder/storewise-webapps/.yarn/cache/typescript-patch-0887b19144-2160f7ad97.zip/node_modules/typescript/lib/tsserver.js:186530:31)
    at process.emit (node:events:513:28)
    at process.emit (/home/coder/storewise-webapps/.pnp.cjs:32739:25)
    at emit (node:internal/child_process:937:14)
    at process.processTicksAndRejections (node:internal/process/task_queues:83:21)
	at n.create (/usr/lib/code-server/lib/vscode/extensions/typescript-language-features/dist/extension.js:2:474656)
	at v.w (/usr/lib/code-server/lib/vscode/extensions/typescript-language-features/dist/extension.js:2:469981)
	at v.u (/usr/lib/code-server/lib/vscode/extensions/typescript-language-features/dist/extension.js:2:469064)
	at ChildProcess.<anonymous> (/usr/lib/code-server/lib/vscode/extensions/typescript-language-features/dist/extension.js:2:468696)
	at ChildProcess.emit (node:events:513:28)
	at emit (node:internal/child_process:937:14)
	at process.processTicksAndRejections (node:internal/process/task_queues:83:21)
2024-03-02 11:29:48.803 [error] Error: <semantic> TypeScript Server Error (4.9.4-sdk)
apiEntry.instance.findPackageLocator is not a function
TypeError: apiEntry.instance.findPackageLocator is not a function
    at Object.findApiPathFor (/home/coder/storewise-webapps/.pnp.cjs:34411:41)
    at moduleExports.findPnpApi (/home/coder/storewise-webapps/.pnp.cjs:32548:34)
    at getPnpApi (/home/coder/storewise-webapps/.yarn/cache/typescript-patch-0887b19144-2160f7ad97.zip/node_modules/typescript/lib/tsserver.js:45636:16)
    at tryResolve (/home/coder/storewise-webapps/.yarn/cache/typescript-patch-0887b19144-2160f7ad97.zip/node_modules/typescript/lib/tsserver.js:44421:34)
    at /home/coder/storewise-webapps/.yarn/cache/typescript-patch-0887b19144-2160f7ad97.zip/node_modules/typescript/lib/tsserver.js:44401:69
    at Object.forEach (/home/coder/storewise-webapps/.yarn/cache/typescript-patch-0887b19144-2160f7ad97.zip/node_modules/typescript/lib/tsserver.js:191:30)
    at nodeModuleNameResolverWorker (/home/coder/storewise-webapps/.yarn/cache/typescript-patch-0887b19144-2160f7ad97.zip/node_modules/typescript/lib/tsserver.js:44401:25)
    at nodeModuleNameResolver (/home/coder/storewise-webapps/.yarn/cache/typescript-patch-0887b19144-2160f7ad97.zip/node_modules/typescript/lib/tsserver.js:44371:16)
    at Object.resolveModuleName (/home/coder/storewise-webapps/.yarn/cache/typescript-patch-0887b19144-2160f7ad97.zip/node_modules/typescript/lib/tsserver.js:44098:30)
    at resolveModuleName (/home/coder/storewise-webapps/.yarn/cache/typescript-patch-0887b19144-2160f7ad97.zip/node_modules/typescript/lib/tsserver.js:124343:36)
    at resolveNamesWithLocalCache (/home/coder/storewise-webapps/.yarn/cache/typescript-patch-0887b19144-2160f7ad97.zip/node_modules/typescript/lib/tsserver.js:124429:38)
    at Object.resolveModuleNames (/home/coder/storewise-webapps/.yarn/cache/typescript-patch-0887b19144-2160f7ad97.zip/node_modules/typescript/lib/tsserver.js:124507:20)
    at Project.resolveModuleNames (/home/coder/storewise-webapps/.yarn/cache/typescript-patch-0887b19144-2160f7ad97.zip/node_modules/typescript/lib/tsserver.js:173882:45)
    at actualResolveModuleNamesWorker (/home/coder/storewise-webapps/.yarn/cache/typescript-patch-0887b19144-2160f7ad97.zip/node_modules/typescript/lib/tsserver.js:119492:153)
    at resolveModuleNamesWorker (/home/coder/storewise-webapps/.yarn/cache/typescript-patch-0887b19144-2160f7ad97.zip/node_modules/typescript/lib/tsserver.js:119795:26)
    at resolveModuleNamesReusingOldState (/home/coder/storewise-webapps/.yarn/cache/typescript-patch-0887b19144-2160f7ad97.zip/node_modules/typescript/lib/tsserver.js:119973:19)
    at processImportedModules (/home/coder/storewise-webapps/.yarn/cache/typescript-patch-0887b19144-2160f7ad97.zip/node_modules/typescript/lib/tsserver.js:121424:35)
    at findSourceFileWorker (/home/coder/storewise-webapps/.yarn/cache/typescript-patch-0887b19144-2160f7ad97.zip/node_modules/typescript/lib/tsserver.js:121204:17)
    at findSourceFile (/home/coder/storewise-webapps/.yarn/cache/typescript-patch-0887b19144-2160f7ad97.zip/node_modules/typescript/lib/tsserver.js:121050:26)
    at /home/coder/storewise-webapps/.yarn/cache/typescript-patch-0887b19144-2160f7ad97.zip/node_modules/typescript/lib/tsserver.js:120999:85
    at getSourceFileFromReferenceWorker (/home/coder/storewise-webapps/.yarn/cache/typescript-patch-0887b19144-2160f7ad97.zip/node_modules/typescript/lib/tsserver.js:120965:34)
    at processSourceFile (/home/coder/storewise-webapps/.yarn/cache/typescript-patch-0887b19144-2160f7ad97.zip/node_modules/typescript/lib/tsserver.js:120999:13)
    at processRootFile (/home/coder/storewise-webapps/.yarn/cache/typescript-patch-0887b19144-2160f7ad97.zip/node_modules/typescript/lib/tsserver.js:120800:13)
    at /home/coder/storewise-webapps/.yarn/cache/typescript-patch-0887b19144-2160f7ad97.zip/node_modules/typescript/lib/tsserver.js:119601:67
    at Object.forEach (/home/coder/storewise-webapps/.yarn/cache/typescript-patch-0887b19144-2160f7ad97.zip/node_modules/typescript/lib/tsserver.js:191:30)
    at Object.createProgram (/home/coder/storewise-webapps/.yarn/cache/typescript-patch-0887b19144-2160f7ad97.zip/node_modules/typescript/lib/tsserver.js:119601:16)
    at synchronizeHostData (/home/coder/storewise-webapps/.yarn/cache/typescript-patch-0887b19144-2160f7ad97.zip/node_modules/typescript/lib/tsserver.js:169166:26)
    at Object.getProgram (/home/coder/storewise-webapps/.yarn/cache/typescript-patch-0887b19144-2160f7ad97.zip/node_modules/typescript/lib/tsserver.js:169280:13)
    at Project.updateGraphWorker (/home/coder/storewise-webapps/.yarn/cache/typescript-patch-0887b19144-2160f7ad97.zip/node_modules/typescript/lib/tsserver.js:174457:53)
    at Project.updateGraph (/home/coder/storewise-webapps/.yarn/cache/typescript-patch-0887b19144-2160f7ad97.zip/node_modules/typescript/lib/tsserver.js:174385:42)
    at Object.updateProjectIfDirty (/home/coder/storewise-webapps/.yarn/cache/typescript-patch-0887b19144-2160f7ad97.zip/node_modules/typescript/lib/tsserver.js:176076:45)
    at Project.getLanguageService (/home/coder/storewise-webapps/.yarn/cache/typescript-patch-0887b19144-2160f7ad97.zip/node_modules/typescript/lib/tsserver.js:173993:28)
    at Session.getEncodedSemanticClassifications (/home/coder/storewise-webapps/.yarn/cache/typescript-patch-0887b19144-2160f7ad97.zip/node_modules/typescript/lib/tsserver.js:180846:32)
    at Session.handlers.ts.Map.ts.getEntries._a.<computed> (/home/coder/storewise-webapps/.yarn/cache/typescript-patch-0887b19144-2160f7ad97.zip/node_modules/typescript/lib/tsserver.js:180306:61)
    at /home/coder/storewise-webapps/.yarn/cache/typescript-patch-0887b19144-2160f7ad97.zip/node_modules/typescript/lib/tsserver.js:182334:96
    at Session.executeWithRequestId (/home/coder/storewise-webapps/.yarn/cache/typescript-patch-0887b19144-2160f7ad97.zip/node_modules/typescript/lib/tsserver.js:182325:28)
    at Session.executeCommand (/home/coder/storewise-webapps/.yarn/cache/typescript-patch-0887b19144-2160f7ad97.zip/node_modules/typescript/lib/tsserver.js:182334:41)
    at Session.onMessage (/home/coder/storewise-webapps/.yarn/cache/typescript-patch-0887b19144-2160f7ad97.zip/node_modules/typescript/lib/tsserver.js:182362:35)
    at IpcIOSession.onMessage (/home/coder/storewise-webapps/.yarn/sdks/typescript/lib/tsserver.js:201:32)
    at process.<anonymous> (/home/coder/storewise-webapps/.yarn/cache/typescript-patch-0887b19144-2160f7ad97.zip/node_modules/typescript/lib/tsserver.js:186530:31)
    at process.emit (node:events:513:28)
    at process.emit (/home/coder/storewise-webapps/.pnp.cjs:32739:25)
    at emit (node:internal/child_process:937:14)
    at process.processTicksAndRejections (node:internal/process/task_queues:83:21)
	at n.create (/usr/lib/code-server/lib/vscode/extensions/typescript-language-features/dist/extension.js:2:474656)
	at v.w (/usr/lib/code-server/lib/vscode/extensions/typescript-language-features/dist/extension.js:2:469981)
	at v.u (/usr/lib/code-server/lib/vscode/extensions/typescript-language-features/dist/extension.js:2:469064)
	at ChildProcess.<anonymous> (/usr/lib/code-server/lib/vscode/extensions/typescript-language-features/dist/extension.js:2:468696)
	at ChildProcess.emit (node:events:513:28)
	at emit (node:internal/child_process:937:14)
	at process.processTicksAndRejections (node:internal/process/task_queues:83:21)
2024-03-02 11:31:37.239 [error] [vscode.typescript-language-features] provider FAILED
2024-03-02 11:31:37.239 [error] Error: <semantic> TypeScript Server Error (4.9.4-sdk)
apiEntry.instance.findPackageLocator is not a function
TypeError: apiEntry.instance.findPackageLocator is not a function
    at Object.findApiPathFor (/home/coder/storewise-webapps/.pnp.cjs:34411:41)
    at moduleExports.findPnpApi (/home/coder/storewise-webapps/.pnp.cjs:32548:34)
    at getPnpApi (/home/coder/storewise-webapps/.yarn/cache/typescript-patch-0887b19144-2160f7ad97.zip/node_modules/typescript/lib/tsserver.js:45636:16)
    at tryResolve (/home/coder/storewise-webapps/.yarn/cache/typescript-patch-0887b19144-2160f7ad97.zip/node_modules/typescript/lib/tsserver.js:44421:34)
    at /home/coder/storewise-webapps/.yarn/cache/typescript-patch-0887b19144-2160f7ad97.zip/node_modules/typescript/lib/tsserver.js:44401:69
    at Object.forEach (/home/coder/storewise-webapps/.yarn/cache/typescript-patch-0887b19144-2160f7ad97.zip/node_modules/typescript/lib/tsserver.js:191:30)
    at nodeModuleNameResolverWorker (/home/coder/storewise-webapps/.yarn/cache/typescript-patch-0887b19144-2160f7ad97.zip/node_modules/typescript/lib/tsserver.js:44401:25)
    at nodeModuleNameResolver (/home/coder/storewise-webapps/.yarn/cache/typescript-patch-0887b19144-2160f7ad97.zip/node_modules/typescript/lib/tsserver.js:44371:16)
    at Object.resolveModuleName (/home/coder/storewise-webapps/.yarn/cache/typescript-patch-0887b19144-2160f7ad97.zip/node_modules/typescript/lib/tsserver.js:44098:30)
    at resolveModuleName (/home/coder/storewise-webapps/.yarn/cache/typescript-patch-0887b19144-2160f7ad97.zip/node_modules/typescript/lib/tsserver.js:124343:36)
    at resolveNamesWithLocalCache (/home/coder/storewise-webapps/.yarn/cache/typescript-patch-0887b19144-2160f7ad97.zip/node_modules/typescript/lib/tsserver.js:124429:38)
    at Object.resolveModuleNames (/home/coder/storewise-webapps/.yarn/cache/typescript-patch-0887b19144-2160f7ad97.zip/node_modules/typescript/lib/tsserver.js:124507:20)
    at Project.resolveModuleNames (/home/coder/storewise-webapps/.yarn/cache/typescript-patch-0887b19144-2160f7ad97.zip/node_modules/typescript/lib/tsserver.js:173882:45)
    at actualResolveModuleNamesWorker (/home/coder/storewise-webapps/.yarn/cache/typescript-patch-0887b19144-2160f7ad97.zip/node_modules/typescript/lib/tsserver.js:119492:153)
    at resolveModuleNamesWorker (/home/coder/storewise-webapps/.yarn/cache/typescript-patch-0887b19144-2160f7ad97.zip/node_modules/typescript/lib/tsserver.js:119795:26)
    at resolveModuleNamesReusingOldState (/home/coder/storewise-webapps/.yarn/cache/typescript-patch-0887b19144-2160f7ad97.zip/node_modules/typescript/lib/tsserver.js:119973:19)
    at processImportedModules (/home/coder/storewise-webapps/.yarn/cache/typescript-patch-0887b19144-2160f7ad97.zip/node_modules/typescript/lib/tsserver.js:121424:35)
    at findSourceFileWorker (/home/coder/storewise-webapps/.yarn/cache/typescript-patch-0887b19144-2160f7ad97.zip/node_modules/typescript/lib/tsserver.js:121204:17)
    at findSourceFile (/home/coder/storewise-webapps/.yarn/cache/typescript-patch-0887b19144-2160f7ad97.zip/node_modules/typescript/lib/tsserver.js:121050:26)
    at /home/coder/storewise-webapps/.yarn/cache/typescript-patch-0887b19144-2160f7ad97.zip/node_modules/typescript/lib/tsserver.js:120999:85
    at getSourceFileFromReferenceWorker (/home/coder/storewise-webapps/.yarn/cache/typescript-patch-0887b19144-2160f7ad97.zip/node_modules/typescript/lib/tsserver.js:120965:34)
    at processSourceFile (/home/coder/storewise-webapps/.yarn/cache/typescript-patch-0887b19144-2160f7ad97.zip/node_modules/typescript/lib/tsserver.js:120999:13)
    at processRootFile (/home/coder/storewise-webapps/.yarn/cache/typescript-patch-0887b19144-2160f7ad97.zip/node_modules/typescript/lib/tsserver.js:120800:13)
    at /home/coder/storewise-webapps/.yarn/cache/typescript-patch-0887b19144-2160f7ad97.zip/node_modules/typescript/lib/tsserver.js:119601:67
    at Object.forEach (/home/coder/storewise-webapps/.yarn/cache/typescript-patch-0887b19144-2160f7ad97.zip/node_modules/typescript/lib/tsserver.js:191:30)
    at Object.createProgram (/home/coder/storewise-webapps/.yarn/cache/typescript-patch-0887b19144-2160f7ad97.zip/node_modules/typescript/lib/tsserver.js:119601:16)
    at synchronizeHostData (/home/coder/storewise-webapps/.yarn/cache/typescript-patch-0887b19144-2160f7ad97.zip/node_modules/typescript/lib/tsserver.js:169166:26)
    at Object.getProgram (/home/coder/storewise-webapps/.yarn/cache/typescript-patch-0887b19144-2160f7ad97.zip/node_modules/typescript/lib/tsserver.js:169280:13)
    at Project.updateGraphWorker (/home/coder/storewise-webapps/.yarn/cache/typescript-patch-0887b19144-2160f7ad97.zip/node_modules/typescript/lib/tsserver.js:174457:53)
    at Project.updateGraph (/home/coder/storewise-webapps/.yarn/cache/typescript-patch-0887b19144-2160f7ad97.zip/node_modules/typescript/lib/tsserver.js:174385:42)
    at Object.updateProjectIfDirty (/home/coder/storewise-webapps/.yarn/cache/typescript-patch-0887b19144-2160f7ad97.zip/node_modules/typescript/lib/tsserver.js:176076:45)
    at Project.getLanguageService (/home/coder/storewise-webapps/.yarn/cache/typescript-patch-0887b19144-2160f7ad97.zip/node_modules/typescript/lib/tsserver.js:173993:28)
    at Session.getQuickInfoWorker (/home/coder/storewise-webapps/.yarn/cache/typescript-patch-0887b19144-2160f7ad97.zip/node_modules/typescript/lib/tsserver.js:181497:41)
    at Session.handlers.ts.Map.ts.getEntries._a.<computed> (/home/coder/storewise-webapps/.yarn/cache/typescript-patch-0887b19144-2160f7ad97.zip/node_modules/typescript/lib/tsserver.js:180219:61)
    at /home/coder/storewise-webapps/.yarn/cache/typescript-patch-0887b19144-2160f7ad97.zip/node_modules/typescript/lib/tsserver.js:182334:96
    at Session.executeWithRequestId (/home/coder/storewise-webapps/.yarn/cache/typescript-patch-0887b19144-2160f7ad97.zip/node_modules/typescript/lib/tsserver.js:182325:28)
    at Session.executeCommand (/home/coder/storewise-webapps/.yarn/cache/typescript-patch-0887b19144-2160f7ad97.zip/node_modules/typescript/lib/tsserver.js:182334:41)
    at Session.onMessage (/home/coder/storewise-webapps/.yarn/cache/typescript-patch-0887b19144-2160f7ad97.zip/node_modules/typescript/lib/tsserver.js:182362:35)
    at IpcIOSession.onMessage (/home/coder/storewise-webapps/.yarn/sdks/typescript/lib/tsserver.js:201:32)
    at process.<anonymous> (/home/coder/storewise-webapps/.yarn/cache/typescript-patch-0887b19144-2160f7ad97.zip/node_modules/typescript/lib/tsserver.js:186530:31)
    at process.emit (node:events:513:28)
    at process.emit (/home/coder/storewise-webapps/.pnp.cjs:32739:25)
    at emit (node:internal/child_process:937:14)
    at process.processTicksAndRejections (node:internal/process/task_queues:83:21)
	at n.create (/usr/lib/code-server/lib/vscode/extensions/typescript-language-features/dist/extension.js:2:474656)
	at v.w (/usr/lib/code-server/lib/vscode/extensions/typescript-language-features/dist/extension.js:2:469981)
	at v.u (/usr/lib/code-server/lib/vscode/extensions/typescript-language-features/dist/extension.js:2:469064)
	at ChildProcess.<anonymous> (/usr/lib/code-server/lib/vscode/extensions/typescript-language-features/dist/extension.js:2:468696)
	at ChildProcess.emit (node:events:513:28)
	at emit (node:internal/child_process:937:14)
	at process.processTicksAndRejections (node:internal/process/task_queues:83:21)
2024-03-02 11:31:43.216 [info] Extension host terminating: received terminate message from renderer
2024-03-02 11:31:43.217 [info] Lock '/home/coder/.local/share/code-server/User/workspaceStorage/-44ca1d8e/vscode.lock': Marking the lockfile as scheduled to be released in 6000 ms.
2024-03-02 11:31:43.317 [error] Canceled: Canceled
	at new f (/usr/lib/code-server/lib/vscode/out/vs/workbench/api/node/extensionHostProcess.js:141:110225)
	at l.U (/usr/lib/code-server/lib/vscode/out/vs/workbench/api/node/extensionHostProcess.js:150:10834)
	at O.<computed>.U.charCodeAt.O.<computed> (/usr/lib/code-server/lib/vscode/out/vs/workbench/api/node/extensionHostProcess.js:150:8285)
	at c.g (/usr/lib/code-server/lib/vscode/out/vs/workbench/api/node/extensionHostProcess.js:141:140291)
	at c.executeCommand (/usr/lib/code-server/lib/vscode/out/vs/workbench/api/node/extensionHostProcess.js:141:139715)
	at j.registerCommand.description (/usr/lib/code-server/lib/vscode/out/vs/workbench/api/node/extensionHostProcess.js:141:139025)
	at c.h (/usr/lib/code-server/lib/vscode/out/vs/workbench/api/node/extensionHostProcess.js:141:140830)
	at c.g (/usr/lib/code-server/lib/vscode/out/vs/workbench/api/node/extensionHostProcess.js:141:139815)
	at c.executeCommand (/usr/lib/code-server/lib/vscode/out/vs/workbench/api/node/extensionHostProcess.js:141:139715)
	at Object.executeCommand (/usr/lib/code-server/lib/vscode/out/vs/workbench/api/node/extensionHostProcess.js:158:21301)
	at g.I [as value] (/usr/lib/code-server/lib/vscode/extensions/git/dist/main.js:2:924696)
	at i.y (/usr/lib/code-server/lib/vscode/out/vs/workbench/api/node/extensionHostProcess.js:80:1918)
	at i.z (/usr/lib/code-server/lib/vscode/out/vs/workbench/api/node/extensionHostProcess.js:80:1988)
	at i.fire (/usr/lib/code-server/lib/vscode/out/vs/workbench/api/node/extensionHostProcess.js:80:2204)
	at Object.m [as dispose] (/usr/lib/code-server/lib/vscode/extensions/git/dist/main.js:2:940613)
	at /usr/lib/code-server/lib/vscode/extensions/git/dist/main.js:2:945566
	at Array.forEach (<anonymous>)
	at p.dispose (/usr/lib/code-server/lib/vscode/extensions/git/dist/main.js:2:945552)
	at r.<anonymous> (/usr/lib/code-server/lib/vscode/out/vs/workbench/api/node/extensionHostProcess.js:137:4386)
	at r.dispose (/usr/lib/code-server/lib/vscode/out/vs/workbench/api/node/extensionHostProcess.js:137:4521)
	at r.<anonymous> (/usr/lib/code-server/lib/vscode/extensions/git/dist/main.js:2:926708)
	at r.dispose (/usr/lib/code-server/lib/vscode/out/vs/workbench/api/node/extensionHostProcess.js:137:4521)
	at o (/usr/lib/code-server/lib/vscode/out/vs/workbench/api/node/extensionHostProcess.js:30:760)
	at n.cb (/usr/lib/code-server/lib/vscode/out/vs/workbench/api/node/extensionHostProcess.js:154:10665)
	at /usr/lib/code-server/lib/vscode/out/vs/workbench/api/node/extensionHostProcess.js:154:8554
	at Array.map (<anonymous>)
	at n.Y (/usr/lib/code-server/lib/vscode/out/vs/workbench/api/node/extensionHostProcess.js:154:8542)
	at n.terminate (/usr/lib/code-server/lib/vscode/out/vs/workbench/api/node/extensionHostProcess.js:154:8815)
	at o.terminate (/usr/lib/code-server/lib/vscode/out/vs/workbench/api/node/extensionHostProcess.js:158:1513)
	at t (/usr/lib/code-server/lib/vscode/out/vs/workbench/api/node/extensionHostProcess.js:171:9809)
	at g.value (/usr/lib/code-server/lib/vscode/out/vs/workbench/api/node/extensionHostProcess.js:171:7855)
	at i.y (/usr/lib/code-server/lib/vscode/out/vs/workbench/api/node/extensionHostProcess.js:80:1918)
	at i.fire (/usr/lib/code-server/lib/vscode/out/vs/workbench/api/node/extensionHostProcess.js:80:2135)
	at s.fire (/usr/lib/code-server/lib/vscode/out/vs/workbench/api/node/extensionHostProcess.js:92:14057)
	at d.z (/usr/lib/code-server/lib/vscode/out/vs/workbench/api/node/extensionHostProcess.js:92:17102)
	at g.value (/usr/lib/code-server/lib/vscode/out/vs/workbench/api/node/extensionHostProcess.js:92:16507)
	at i.y (/usr/lib/code-server/lib/vscode/out/vs/workbench/api/node/extensionHostProcess.js:80:1918)
	at i.fire (/usr/lib/code-server/lib/vscode/out/vs/workbench/api/node/extensionHostProcess.js:80:2135)
	at g.acceptChunk (/usr/lib/code-server/lib/vscode/out/vs/workbench/api/node/extensionHostProcess.js:92:11831)
	at g.value (/usr/lib/code-server/lib/vscode/out/vs/workbench/api/node/extensionHostProcess.js:92:11118)
	at i.y (/usr/lib/code-server/lib/vscode/out/vs/workbench/api/node/extensionHostProcess.js:80:1918)
	at i.fire (/usr/lib/code-server/lib/vscode/out/vs/workbench/api/node/extensionHostProcess.js:80:2135)
	at i.z (/usr/lib/code-server/lib/vscode/out/vs/workbench/api/node/extensionHostProcess.js:168:19496) setContext undefined
2024-03-02 11:31:43.317 [error] Canceled: Canceled
	at new f (/usr/lib/code-server/lib/vscode/out/vs/workbench/api/node/extensionHostProcess.js:141:110225)
	at l.U (/usr/lib/code-server/lib/vscode/out/vs/workbench/api/node/extensionHostProcess.js:150:10834)
	at O.<computed>.U.charCodeAt.O.<computed> (/usr/lib/code-server/lib/vscode/out/vs/workbench/api/node/extensionHostProcess.js:150:8285)
	at c.g (/usr/lib/code-server/lib/vscode/out/vs/workbench/api/node/extensionHostProcess.js:141:140291)
	at c.executeCommand (/usr/lib/code-server/lib/vscode/out/vs/workbench/api/node/extensionHostProcess.js:141:139715)
	at j.registerCommand.description (/usr/lib/code-server/lib/vscode/out/vs/workbench/api/node/extensionHostProcess.js:141:139025)
	at c.h (/usr/lib/code-server/lib/vscode/out/vs/workbench/api/node/extensionHostProcess.js:141:140830)
	at c.g (/usr/lib/code-server/lib/vscode/out/vs/workbench/api/node/extensionHostProcess.js:141:139815)
	at c.executeCommand (/usr/lib/code-server/lib/vscode/out/vs/workbench/api/node/extensionHostProcess.js:141:139715)
	at Object.executeCommand (/usr/lib/code-server/lib/vscode/out/vs/workbench/api/node/extensionHostProcess.js:158:21301)
	at set b [as b] (/usr/lib/code-server/lib/vscode/extensions/github/dist/extension.js:2:322364)
	at /usr/lib/code-server/lib/vscode/extensions/github/dist/extension.js:2:323005
	at g.value (/usr/lib/code-server/lib/vscode/extensions/git/dist/main.js:2:1016450)
	at i.y (/usr/lib/code-server/lib/vscode/out/vs/workbench/api/node/extensionHostProcess.js:80:1918)
	at i.z (/usr/lib/code-server/lib/vscode/out/vs/workbench/api/node/extensionHostProcess.js:80:1988)
	at i.fire (/usr/lib/code-server/lib/vscode/out/vs/workbench/api/node/extensionHostProcess.js:80:2204)
	at Object.m [as dispose] (/usr/lib/code-server/lib/vscode/extensions/git/dist/main.js:2:940613)
	at /usr/lib/code-server/lib/vscode/extensions/git/dist/main.js:2:945566
	at Array.forEach (<anonymous>)
	at p.dispose (/usr/lib/code-server/lib/vscode/extensions/git/dist/main.js:2:945552)
	at r.<anonymous> (/usr/lib/code-server/lib/vscode/out/vs/workbench/api/node/extensionHostProcess.js:137:4386)
	at r.dispose (/usr/lib/code-server/lib/vscode/out/vs/workbench/api/node/extensionHostProcess.js:137:4521)
	at r.<anonymous> (/usr/lib/code-server/lib/vscode/extensions/git/dist/main.js:2:926708)
	at r.dispose (/usr/lib/code-server/lib/vscode/out/vs/workbench/api/node/extensionHostProcess.js:137:4521)
	at o (/usr/lib/code-server/lib/vscode/out/vs/workbench/api/node/extensionHostProcess.js:30:760)
	at n.cb (/usr/lib/code-server/lib/vscode/out/vs/workbench/api/node/extensionHostProcess.js:154:10665)
	at /usr/lib/code-server/lib/vscode/out/vs/workbench/api/node/extensionHostProcess.js:154:8554
	at Array.map (<anonymous>)
	at n.Y (/usr/lib/code-server/lib/vscode/out/vs/workbench/api/node/extensionHostProcess.js:154:8542)
	at n.terminate (/usr/lib/code-server/lib/vscode/out/vs/workbench/api/node/extensionHostProcess.js:154:8815)
	at o.terminate (/usr/lib/code-server/lib/vscode/out/vs/workbench/api/node/extensionHostProcess.js:158:1513)
	at t (/usr/lib/code-server/lib/vscode/out/vs/workbench/api/node/extensionHostProcess.js:171:9809)
	at g.value (/usr/lib/code-server/lib/vscode/out/vs/workbench/api/node/extensionHostProcess.js:171:7855)
	at i.y (/usr/lib/code-server/lib/vscode/out/vs/workbench/api/node/extensionHostProcess.js:80:1918)
	at i.fire (/usr/lib/code-server/lib/vscode/out/vs/workbench/api/node/extensionHostProcess.js:80:2135)
	at s.fire (/usr/lib/code-server/lib/vscode/out/vs/workbench/api/node/extensionHostProcess.js:92:14057)
	at d.z (/usr/lib/code-server/lib/vscode/out/vs/workbench/api/node/extensionHostProcess.js:92:17102)
	at g.value (/usr/lib/code-server/lib/vscode/out/vs/workbench/api/node/extensionHostProcess.js:92:16507)
	at i.y (/usr/lib/code-server/lib/vscode/out/vs/workbench/api/node/extensionHostProcess.js:80:1918)
	at i.fire (/usr/lib/code-server/lib/vscode/out/vs/workbench/api/node/extensionHostProcess.js:80:2135)
	at g.acceptChunk (/usr/lib/code-server/lib/vscode/out/vs/workbench/api/node/extensionHostProcess.js:92:11831)
	at g.value (/usr/lib/code-server/lib/vscode/out/vs/workbench/api/node/extensionHostProcess.js:92:11118)
	at i.y (/usr/lib/code-server/lib/vscode/out/vs/workbench/api/node/extensionHostProcess.js:80:1918)
	at i.fire (/usr/lib/code-server/lib/vscode/out/vs/workbench/api/node/extensionHostProcess.js:80:2135)
	at i.z (/usr/lib/code-server/lib/vscode/out/vs/workbench/api/node/extensionHostProcess.js:168:19496) setContext undefined
2024-03-02 11:31:43.332 [info] Extension host with pid 132 exiting with code 0
