2024-03-02 11:42:39.347 [info] Log level: Info
2024-03-02 11:42:39.347 [info] Validating found git in: "git"
2024-03-02 11:42:39.347 [info] Using git "2.37.3" from "git"
2024-03-02 11:42:39.347 [info] > git rev-parse --show-toplevel [3ms]
2024-03-02 11:42:39.347 [info] > git rev-parse --git-dir --git-common-dir [2ms]
2024-03-02 11:42:39.347 [info] Open repository: /home/coder/storewise-webapps
2024-03-02 11:42:39.347 [info] > git rev-parse --show-toplevel [7ms]
2024-03-02 11:42:39.347 [info] > git config --get commit.template [18ms]
2024-03-02 11:42:39.347 [info] > git rev-parse --show-toplevel [19ms]
2024-03-02 11:42:39.347 [info] > git for-each-ref --format=%(refname)%00%(upstream:short)%00%(objectname)%00%(upstream:track)%00%(upstream:remotename)%00%(upstream:remoteref) refs/heads/feat/form-2 refs/remotes/feat/form-2 [35ms]
2024-03-02 11:42:39.347 [info] > git status -z -uall [4ms]
2024-03-02 11:42:39.347 [info] > git rev-parse --show-toplevel [24ms]
2024-03-02 11:42:39.347 [info] > git rev-parse --show-toplevel [46ms]
2024-03-02 11:42:39.347 [info] > git config --get commit.template [17ms]
2024-03-02 11:42:39.347 [info] > git rev-parse --show-toplevel [3ms]
2024-03-02 11:42:39.347 [info] > git rev-parse --show-toplevel [9ms]
2024-03-02 11:42:39.347 [info] > git for-each-ref --format=%(refname)%00%(upstream:short)%00%(objectname)%00%(upstream:track)%00%(upstream:remotename)%00%(upstream:remoteref) refs/heads/feat/form-2 refs/remotes/feat/form-2 [25ms]
2024-03-02 11:42:39.347 [info] > git status -z -uall [110ms]
2024-03-02 11:42:39.360 [info] > git rev-parse --show-toplevel [33ms]
2024-03-02 11:42:39.377 [info] > git rev-parse --show-toplevel [2ms]
2024-03-02 11:42:39.388 [info] > git rev-parse --show-toplevel [2ms]
2024-03-02 11:42:39.402 [info] > git rev-parse --show-toplevel [4ms]
2024-03-02 11:42:39.906 [info] > git check-ignore -v -z --stdin [9ms]
2024-03-02 11:43:53.022 [info] > git fetch [533ms]
2024-03-02 11:43:53.022 [info] /bin/sh: warning: setlocale: LC_ALL: cannot change locale (en_US.UTF-8)
2024-03-02 11:43:53.043 [info] > git config --get commit.template [1ms]
2024-03-02 11:43:53.063 [info] > git for-each-ref --format=%(refname)%00%(upstream:short)%00%(objectname)%00%(upstream:track)%00%(upstream:remotename)%00%(upstream:remoteref) refs/heads/feat/form-2 refs/remotes/feat/form-2 [2ms]
2024-03-02 11:43:53.082 [info] > git status -z -uall [4ms]
2024-03-02 11:43:54.256 [info] > git config --get commit.template [1ms]
2024-03-02 11:43:54.277 [info] > git for-each-ref --format=%(refname)%00%(upstream:short)%00%(objectname)%00%(upstream:track)%00%(upstream:remotename)%00%(upstream:remoteref) refs/heads/feat/form-2 refs/remotes/feat/form-2 [2ms]
2024-03-02 11:43:54.298 [info] > git status -z -uall [3ms]
2024-03-02 11:43:57.477 [info] > git check-ignore -v -z --stdin [2ms]
2024-03-02 11:44:07.584 [info] > git config --get commit.template [8ms]
2024-03-02 11:44:07.639 [info] > git for-each-ref --format=%(refname)%00%(upstream:short)%00%(objectname)%00%(upstream:track)%00%(upstream:remotename)%00%(upstream:remoteref) refs/heads/feat/form-2 refs/remotes/feat/form-2 [23ms]
2024-03-02 11:44:07.719 [info] > git status -z -uall [46ms]
2024-03-02 11:44:07.946 [info] > git show --textconv :storewise-skemengine/app/(partner-interest)/map/page.tsx [42ms]
2024-03-02 11:44:07.946 [info] > git ls-files --stage -- /home/coder/storewise-webapps/storewise-skemengine/app/(partner-interest)/map/page.tsx [3ms]
2024-03-02 11:44:13.064 [info] > git check-ignore -v -z --stdin [1ms]
2024-03-02 11:44:17.136 [info] > git check-ignore -v -z --stdin [1ms]
2024-03-02 11:44:26.611 [info] > git check-ignore -v -z --stdin [2ms]
2024-03-02 11:44:30.784 [info] > git check-ignore -v -z --stdin [1ms]
2024-03-02 11:44:44.658 [info] > git check-ignore -v -z --stdin [3ms]
2024-03-02 11:44:53.991 [info] > git check-ignore -v -z --stdin [1ms]
2024-03-02 11:45:02.214 [info] > git check-ignore -v -z --stdin [2ms]
2024-03-02 11:45:04.621 [info] > git check-ignore -v -z --stdin [6ms]
2024-03-02 11:45:06.780 [info] > git check-ignore -v -z --stdin [2ms]
2024-03-02 11:45:09.555 [info] > git check-ignore -v -z --stdin [2ms]
2024-03-02 11:45:12.368 [info] > git check-ignore -v -z --stdin [2ms]
2024-03-02 11:45:14.816 [info] > git check-ignore -v -z --stdin [2ms]
2024-03-02 11:45:34.385 [info] > git show --textconv :storewise-info/src/components/FormContainer.tsx [24ms]
2024-03-02 11:45:34.386 [info] > git ls-files --stage -- /home/coder/storewise-webapps/storewise-info/src/components/FormContainer.tsx [3ms]
2024-03-02 11:45:34.412 [info] > git cat-file -s 6de5436264bcae357dbc5d02ae8b9e1d477c9ace [2ms]
2024-03-02 11:46:42.089 [info] > git show --textconv :storewise-skemengine/app/(partner-interest)/map/page.tsx [36ms]
2024-03-02 11:46:42.092 [info] > git ls-files --stage -- /home/coder/storewise-webapps/storewise-skemengine/app/(partner-interest)/map/page.tsx [16ms]
2024-03-02 11:46:46.979 [info] > git show --textconv :storewise-info/src/components/FormContainer.tsx [32ms]
2024-03-02 11:46:46.980 [info] > git ls-files --stage -- /home/coder/storewise-webapps/storewise-info/src/components/FormContainer.tsx [3ms]
2024-03-02 11:46:47.012 [info] > git cat-file -s 6de5436264bcae357dbc5d02ae8b9e1d477c9ace [4ms]
2024-03-02 11:46:53.801 [info] > git fetch [686ms]
2024-03-02 11:46:53.801 [info] /bin/sh: warning: setlocale: LC_ALL: cannot change locale (en_US.UTF-8)
2024-03-02 11:46:53.832 [info] > git config --get commit.template [3ms]
2024-03-02 11:46:53.863 [info] > git for-each-ref --format=%(refname)%00%(upstream:short)%00%(objectname)%00%(upstream:track)%00%(upstream:remotename)%00%(upstream:remoteref) refs/heads/feat/form-2 refs/remotes/feat/form-2 [2ms]
2024-03-02 11:46:53.916 [info] > git status -z -uall [22ms]
2024-03-02 11:46:55.085 [info] > git config --get commit.template [1ms]
2024-03-02 11:46:55.111 [info] > git for-each-ref --format=%(refname)%00%(upstream:short)%00%(objectname)%00%(upstream:track)%00%(upstream:remotename)%00%(upstream:remoteref) refs/heads/feat/form-2 refs/remotes/feat/form-2 [3ms]
2024-03-02 11:46:55.143 [info] > git status -z -uall [6ms]
2024-03-02 11:46:55.310 [info] > git ls-files --stage -- /home/coder/storewise-webapps/storewise-info/src/components/FormContainer.tsx [1ms]
2024-03-02 11:46:55.333 [info] > git cat-file -s 6de5436264bcae357dbc5d02ae8b9e1d477c9ace [1ms]
2024-03-02 11:46:55.487 [info] > git show --textconv :storewise-info/src/components/FormContainer.tsx [1ms]
2024-03-02 11:49:15.811 [info] > git show --textconv :storewise-info/src/components/FormContainer.tsx [19ms]
2024-03-02 11:49:15.811 [info] > git ls-files --stage -- /home/coder/storewise-webapps/storewise-info/src/components/FormContainer.tsx [2ms]
2024-03-02 11:49:15.835 [info] > git cat-file -s 6de5436264bcae357dbc5d02ae8b9e1d477c9ace [4ms]
2024-03-02 11:49:54.450 [info] > git fetch [498ms]
2024-03-02 11:49:54.450 [info] /bin/sh: warning: setlocale: LC_ALL: cannot change locale (en_US.UTF-8)
2024-03-02 11:49:54.473 [info] > git config --get commit.template [1ms]
2024-03-02 11:49:54.493 [info] > git for-each-ref --format=%(refname)%00%(upstream:short)%00%(objectname)%00%(upstream:track)%00%(upstream:remotename)%00%(upstream:remoteref) refs/heads/feat/form-2 refs/remotes/feat/form-2 [3ms]
2024-03-02 11:49:54.529 [info] > git status -z -uall [7ms]
2024-03-02 11:49:55.708 [info] > git config --get commit.template [1ms]
2024-03-02 11:49:55.732 [info] > git for-each-ref --format=%(refname)%00%(upstream:short)%00%(objectname)%00%(upstream:track)%00%(upstream:remotename)%00%(upstream:remoteref) refs/heads/feat/form-2 refs/remotes/feat/form-2 [2ms]
2024-03-02 11:49:55.759 [info] > git status -z -uall [3ms]
2024-03-02 11:49:55.941 [info] > git ls-files --stage -- /home/coder/storewise-webapps/storewise-info/src/components/FormContainer.tsx [2ms]
2024-03-02 11:49:55.967 [info] > git cat-file -s 6de5436264bcae357dbc5d02ae8b9e1d477c9ace [1ms]
2024-03-02 11:49:56.123 [info] > git show --textconv :storewise-info/src/components/FormContainer.tsx [1ms]
2024-03-02 11:51:35.070 [info] > git check-ignore -v -z --stdin [1ms]
2024-03-02 11:51:35.114 [info] > git show --textconv :storewise-info/src/components/Newform [23ms]
2024-03-02 11:51:35.117 [info] > git ls-files --stage -- /home/coder/storewise-webapps/storewise-info/src/components/Newform [4ms]
2024-03-02 11:51:35.536 [info] > git config --get commit.template [2ms]
2024-03-02 11:51:35.555 [info] > git for-each-ref --format=%(refname)%00%(upstream:short)%00%(objectname)%00%(upstream:track)%00%(upstream:remotename)%00%(upstream:remoteref) refs/heads/feat/form-2 refs/remotes/feat/form-2 [2ms]
2024-03-02 11:51:35.576 [info] > git status -z -uall [2ms]
2024-03-02 11:51:39.713 [info] > git show --textconv :storewise-info/src/components/FormContainer.tsx [42ms]
2024-03-02 11:51:39.718 [info] > git ls-files --stage -- /home/coder/storewise-webapps/storewise-info/src/components/FormContainer.tsx [6ms]
2024-03-02 11:51:39.750 [info] > git cat-file -s 6de5436264bcae357dbc5d02ae8b9e1d477c9ace [2ms]
2024-03-02 11:55:58.060 [info] > git fetch [477ms]
2024-03-02 11:55:58.060 [info] /bin/sh: warning: setlocale: LC_ALL: cannot change locale (en_US.UTF-8)
2024-03-02 11:55:58.086 [info] > git config --get commit.template [1ms]
2024-03-02 11:55:58.108 [info] > git for-each-ref --format=%(refname)%00%(upstream:short)%00%(objectname)%00%(upstream:track)%00%(upstream:remotename)%00%(upstream:remoteref) refs/heads/feat/form-2 refs/remotes/feat/form-2 [2ms]
2024-03-02 11:55:58.134 [info] > git status -z -uall [5ms]
2024-03-02 11:55:59.326 [info] > git config --get commit.template [2ms]
2024-03-02 11:55:59.349 [info] > git for-each-ref --format=%(refname)%00%(upstream:short)%00%(objectname)%00%(upstream:track)%00%(upstream:remotename)%00%(upstream:remoteref) refs/heads/feat/form-2 refs/remotes/feat/form-2 [2ms]
2024-03-02 11:55:59.371 [info] > git status -z -uall [4ms]
2024-03-02 11:55:59.663 [info] > git show --textconv :storewise-info/src/components/Newform [21ms]
2024-03-02 11:55:59.664 [info] > git ls-files --stage -- /home/coder/storewise-webapps/storewise-info/src/components/Newform [2ms]
2024-03-02 11:55:59.842 [info] > git ls-files --stage -- /home/coder/storewise-webapps/storewise-info/src/components/Newform [1ms]
2024-03-02 11:56:04.824 [info] > git show --textconv :storewise-info/src/components/FormContainer.tsx [20ms]
2024-03-02 11:56:04.825 [info] > git ls-files --stage -- /home/coder/storewise-webapps/storewise-info/src/components/FormContainer.tsx [3ms]
2024-03-02 11:56:04.847 [info] > git cat-file -s 6de5436264bcae357dbc5d02ae8b9e1d477c9ace [2ms]
2024-03-02 11:56:05.536 [info] > git config --get commit.template [1ms]
2024-03-02 11:56:05.556 [info] > git for-each-ref --format=%(refname)%00%(upstream:short)%00%(objectname)%00%(upstream:track)%00%(upstream:remotename)%00%(upstream:remoteref) refs/heads/feat/form-2 refs/remotes/feat/form-2 [2ms]
2024-03-02 11:56:05.577 [info] > git status -z -uall [3ms]
2024-03-02 11:56:22.139 [info] > git show --textconv :storewise-info/src/components/Newform.tsx [40ms]
2024-03-02 11:56:22.139 [info] > git check-ignore -v -z --stdin [1ms]
2024-03-02 11:56:22.140 [info] > git ls-files --stage -- /home/coder/storewise-webapps/storewise-info/src/components/Newform.tsx [22ms]
2024-03-02 11:56:22.549 [info] > git config --get commit.template [21ms]
2024-03-02 11:56:22.551 [info] > git for-each-ref --format=%(refname)%00%(upstream:short)%00%(objectname)%00%(upstream:track)%00%(upstream:remotename)%00%(upstream:remoteref) refs/heads/feat/form-2 refs/remotes/feat/form-2 [4ms]
2024-03-02 11:56:22.572 [info] > git status -z -uall [4ms]
2024-03-02 11:58:58.717 [info] > git fetch [545ms]
2024-03-02 11:58:58.717 [info] /bin/sh: warning: setlocale: LC_ALL: cannot change locale (en_US.UTF-8)
2024-03-02 11:58:58.742 [info] > git config --get commit.template [1ms]
2024-03-02 11:58:58.768 [info] > git for-each-ref --format=%(refname)%00%(upstream:short)%00%(objectname)%00%(upstream:track)%00%(upstream:remotename)%00%(upstream:remoteref) refs/heads/feat/form-2 refs/remotes/feat/form-2 [4ms]
2024-03-02 11:58:58.802 [info] > git status -z -uall [1ms]
2024-03-02 11:58:59.971 [info] > git config --get commit.template [1ms]
2024-03-02 11:59:00.000 [info] > git for-each-ref --format=%(refname)%00%(upstream:short)%00%(objectname)%00%(upstream:track)%00%(upstream:remotename)%00%(upstream:remoteref) refs/heads/feat/form-2 refs/remotes/feat/form-2 [2ms]
2024-03-02 11:59:00.025 [info] > git status -z -uall [2ms]
2024-03-02 11:59:00.207 [info] > git ls-files --stage -- /home/coder/storewise-webapps/storewise-info/src/components/Newform.tsx [2ms]
2024-03-02 11:59:00.355 [info] > git show --textconv :storewise-info/src/components/Newform.tsx [1ms]
2024-03-02 12:00:04.858 [info] > git show --textconv :storewise-info/src/components/FormContainer.tsx [28ms]
2024-03-02 12:00:04.859 [info] > git ls-files --stage -- /home/coder/storewise-webapps/storewise-info/src/components/FormContainer.tsx [3ms]
2024-03-02 12:00:04.890 [info] > git cat-file -s 6de5436264bcae357dbc5d02ae8b9e1d477c9ace [4ms]
2024-03-02 12:01:57.904 [info] > git show --textconv :storewise-info/src/components/Newform.tsx [41ms]
2024-03-02 12:01:57.905 [info] > git ls-files --stage -- /home/coder/storewise-webapps/storewise-info/src/components/Newform.tsx [5ms]
2024-03-02 12:01:59.395 [info] > git fetch [547ms]
2024-03-02 12:01:59.395 [info] /bin/sh: warning: setlocale: LC_ALL: cannot change locale (en_US.UTF-8)
2024-03-02 12:01:59.429 [info] > git config --get commit.template [1ms]
2024-03-02 12:01:59.471 [info] > git for-each-ref --format=%(refname)%00%(upstream:short)%00%(objectname)%00%(upstream:track)%00%(upstream:remotename)%00%(upstream:remoteref) refs/heads/feat/form-2 refs/remotes/feat/form-2 [4ms]
2024-03-02 12:01:59.510 [info] > git status -z -uall [7ms]
2024-03-02 12:02:00.623 [info] > git config --get commit.template [2ms]
2024-03-02 12:02:00.657 [info] > git for-each-ref --format=%(refname)%00%(upstream:short)%00%(objectname)%00%(upstream:track)%00%(upstream:remotename)%00%(upstream:remoteref) refs/heads/feat/form-2 refs/remotes/feat/form-2 [2ms]
2024-03-02 12:02:00.693 [info] > git status -z -uall [6ms]
2024-03-02 12:02:00.879 [info] > git ls-files --stage -- /home/coder/storewise-webapps/storewise-info/src/components/Newform.tsx [1ms]
2024-03-02 12:02:01.049 [info] > git show --textconv :storewise-info/src/components/Newform.tsx [2ms]
2024-03-02 12:02:04.481 [info] > git show --textconv :storewise-info/src/components/FormContainer.tsx [29ms]
2024-03-02 12:02:04.481 [info] > git ls-files --stage -- /home/coder/storewise-webapps/storewise-info/src/components/FormContainer.tsx [2ms]
2024-03-02 12:02:04.504 [info] > git cat-file -s 6de5436264bcae357dbc5d02ae8b9e1d477c9ace [3ms]
2024-03-02 12:03:39.471 [info] > git show --textconv :storewise-info/src/App.tsx [22ms]
2024-03-02 12:03:39.471 [info] > git ls-files --stage -- /home/coder/storewise-webapps/storewise-info/src/App.tsx [2ms]
2024-03-02 12:03:39.496 [info] > git cat-file -s eb2b81c25a2dd0f7cec3fddbcc2787349420a1bc [2ms]
2024-03-02 12:04:04.006 [info] > git config --get commit.template [4ms]
2024-03-02 12:04:04.028 [info] > git for-each-ref --format=%(refname)%00%(upstream:short)%00%(objectname)%00%(upstream:track)%00%(upstream:remotename)%00%(upstream:remoteref) refs/heads/feat/form-2 refs/remotes/feat/form-2 [2ms]
2024-03-02 12:04:04.056 [info] > git status -z -uall [2ms]
2024-03-02 12:04:09.100 [info] > git config --get commit.template [2ms]
2024-03-02 12:04:09.145 [info] > git for-each-ref --format=%(refname)%00%(upstream:short)%00%(objectname)%00%(upstream:track)%00%(upstream:remotename)%00%(upstream:remoteref) refs/heads/feat/form-2 refs/remotes/feat/form-2 [6ms]
2024-03-02 12:04:09.196 [info] > git status -z -uall [8ms]
2024-03-02 12:04:14.233 [info] > git config --get commit.template [2ms]
2024-03-02 12:04:14.266 [info] > git for-each-ref --format=%(refname)%00%(upstream:short)%00%(objectname)%00%(upstream:track)%00%(upstream:remotename)%00%(upstream:remoteref) refs/heads/feat/form-2 refs/remotes/feat/form-2 [2ms]
2024-03-02 12:04:14.294 [info] > git status -z -uall [4ms]
2024-03-02 12:04:19.333 [info] > git config --get commit.template [1ms]
2024-03-02 12:04:19.365 [info] > git for-each-ref --format=%(refname)%00%(upstream:short)%00%(objectname)%00%(upstream:track)%00%(upstream:remotename)%00%(upstream:remoteref) refs/heads/feat/form-2 refs/remotes/feat/form-2 [1ms]
2024-03-02 12:04:19.392 [info] > git status -z -uall [2ms]
2024-03-02 12:04:31.877 [info] > git check-ignore -v -z --stdin [70ms]
2024-03-02 12:04:31.878 [info] > git show --textconv :storewise-info/src/components/NewForm.tsx [39ms]
2024-03-02 12:04:31.878 [info] > git ls-files --stage -- /home/coder/storewise-webapps/storewise-info/src/components/NewForm.tsx [4ms]
2024-03-02 12:04:32.219 [info] > git config --get commit.template [1ms]
2024-03-02 12:04:32.249 [info] > git for-each-ref --format=%(refname)%00%(upstream:short)%00%(objectname)%00%(upstream:track)%00%(upstream:remotename)%00%(upstream:remoteref) refs/heads/feat/form-2 refs/remotes/feat/form-2 [3ms]
2024-03-02 12:04:32.275 [info] > git status -z -uall [5ms]
2024-03-02 12:04:37.675 [info] > git show --textconv :storewise-info/src/App.tsx [29ms]
2024-03-02 12:04:37.675 [info] > git ls-files --stage -- /home/coder/storewise-webapps/storewise-info/src/App.tsx [3ms]
2024-03-02 12:04:37.702 [info] > git cat-file -s eb2b81c25a2dd0f7cec3fddbcc2787349420a1bc [2ms]
2024-03-02 12:04:45.501 [info] > git config --get commit.template [1ms]
2024-03-02 12:04:45.533 [info] > git for-each-ref --format=%(refname)%00%(upstream:short)%00%(objectname)%00%(upstream:track)%00%(upstream:remotename)%00%(upstream:remoteref) refs/heads/feat/form-2 refs/remotes/feat/form-2 [2ms]
2024-03-02 12:04:45.563 [info] > git status -z -uall [3ms]
2024-03-02 12:04:50.608 [info] > git config --get commit.template [4ms]
2024-03-02 12:04:50.638 [info] > git for-each-ref --format=%(refname)%00%(upstream:short)%00%(objectname)%00%(upstream:track)%00%(upstream:remotename)%00%(upstream:remoteref) refs/heads/feat/form-2 refs/remotes/feat/form-2 [3ms]
2024-03-02 12:04:50.671 [info] > git status -z -uall [3ms]
2024-03-02 12:04:55.710 [info] > git config --get commit.template [1ms]
2024-03-02 12:04:55.742 [info] > git for-each-ref --format=%(refname)%00%(upstream:short)%00%(objectname)%00%(upstream:track)%00%(upstream:remotename)%00%(upstream:remoteref) refs/heads/feat/form-2 refs/remotes/feat/form-2 [2ms]
2024-03-02 12:04:55.767 [info] > git status -z -uall [4ms]
2024-03-02 12:05:00.059 [info] > git fetch [515ms]
2024-03-02 12:05:00.059 [info] /bin/sh: warning: setlocale: LC_ALL: cannot change locale (en_US.UTF-8)
2024-03-02 12:05:00.091 [info] > git config --get commit.template [3ms]
2024-03-02 12:05:00.129 [info] > git for-each-ref --format=%(refname)%00%(upstream:short)%00%(objectname)%00%(upstream:track)%00%(upstream:remotename)%00%(upstream:remoteref) refs/heads/feat/form-2 refs/remotes/feat/form-2 [3ms]
2024-03-02 12:05:00.158 [info] > git status -z -uall [4ms]
2024-03-02 12:05:00.801 [info] > git config --get commit.template [3ms]
2024-03-02 12:05:00.837 [info] > git for-each-ref --format=%(refname)%00%(upstream:short)%00%(objectname)%00%(upstream:track)%00%(upstream:remotename)%00%(upstream:remoteref) refs/heads/feat/form-2 refs/remotes/feat/form-2 [1ms]
2024-03-02 12:05:00.869 [info] > git status -z -uall [5ms]
2024-03-02 12:05:01.594 [info] > git ls-files --stage -- /home/coder/storewise-webapps/storewise-info/src/App.tsx [12ms]
2024-03-02 12:05:01.657 [info] > git cat-file -s eb2b81c25a2dd0f7cec3fddbcc2787349420a1bc [35ms]
2024-03-02 12:05:01.855 [info] > git show --textconv :storewise-info/src/App.tsx [4ms]
2024-03-02 12:05:05.904 [info] > git config --get commit.template [2ms]
2024-03-02 12:05:05.936 [info] > git for-each-ref --format=%(refname)%00%(upstream:short)%00%(objectname)%00%(upstream:track)%00%(upstream:remotename)%00%(upstream:remoteref) refs/heads/feat/form-2 refs/remotes/feat/form-2 [2ms]
2024-03-02 12:05:05.969 [info] > git status -z -uall [2ms]
2024-03-02 12:05:44.205 [info] > git config --get commit.template [1ms]
2024-03-02 12:05:44.240 [info] > git for-each-ref --format=%(refname)%00%(upstream:short)%00%(objectname)%00%(upstream:track)%00%(upstream:remotename)%00%(upstream:remoteref) refs/heads/feat/form-2 refs/remotes/feat/form-2 [4ms]
2024-03-02 12:05:44.272 [info] > git status -z -uall [3ms]
2024-03-02 12:05:50.443 [info] > git config --get commit.template [1ms]
2024-03-02 12:05:50.471 [info] > git for-each-ref --format=%(refname)%00%(upstream:short)%00%(objectname)%00%(upstream:track)%00%(upstream:remotename)%00%(upstream:remoteref) refs/heads/feat/form-2 refs/remotes/feat/form-2 [1ms]
2024-03-02 12:05:50.504 [info] > git status -z -uall [10ms]
2024-03-02 12:05:55.538 [info] > git config --get commit.template [1ms]
2024-03-02 12:05:55.562 [info] > git for-each-ref --format=%(refname)%00%(upstream:short)%00%(objectname)%00%(upstream:track)%00%(upstream:remotename)%00%(upstream:remoteref) refs/heads/feat/form-2 refs/remotes/feat/form-2 [2ms]
2024-03-02 12:05:55.586 [info] > git status -z -uall [4ms]
2024-03-02 12:06:00.637 [info] > git config --get commit.template [13ms]
2024-03-02 12:06:00.673 [info] > git for-each-ref --format=%(refname)%00%(upstream:short)%00%(objectname)%00%(upstream:track)%00%(upstream:remotename)%00%(upstream:remoteref) refs/heads/feat/form-2 refs/remotes/feat/form-2 [2ms]
2024-03-02 12:06:00.710 [info] > git status -z -uall [11ms]
2024-03-02 12:06:05.742 [info] > git config --get commit.template [1ms]
2024-03-02 12:06:05.770 [info] > git for-each-ref --format=%(refname)%00%(upstream:short)%00%(objectname)%00%(upstream:track)%00%(upstream:remotename)%00%(upstream:remoteref) refs/heads/feat/form-2 refs/remotes/feat/form-2 [1ms]
2024-03-02 12:06:05.800 [info] > git status -z -uall [3ms]
2024-03-02 12:06:10.863 [info] > git config --get commit.template [27ms]
2024-03-02 12:06:10.863 [info] > git for-each-ref --format=%(refname)%00%(upstream:short)%00%(objectname)%00%(upstream:track)%00%(upstream:remotename)%00%(upstream:remoteref) refs/heads/feat/form-2 refs/remotes/feat/form-2 [4ms]
2024-03-02 12:06:10.901 [info] > git status -z -uall [6ms]
2024-03-02 12:06:15.967 [info] > git config --get commit.template [2ms]
2024-03-02 12:06:16.004 [info] > git for-each-ref --format=%(refname)%00%(upstream:short)%00%(objectname)%00%(upstream:track)%00%(upstream:remotename)%00%(upstream:remoteref) refs/heads/feat/form-2 refs/remotes/feat/form-2 [2ms]
2024-03-02 12:06:16.043 [info] > git status -z -uall [2ms]
2024-03-02 12:06:21.088 [info] > git config --get commit.template [1ms]
2024-03-02 12:06:21.108 [info] > git for-each-ref --format=%(refname)%00%(upstream:short)%00%(objectname)%00%(upstream:track)%00%(upstream:remotename)%00%(upstream:remoteref) refs/heads/feat/form-2 refs/remotes/feat/form-2 [1ms]
2024-03-02 12:06:21.133 [info] > git status -z -uall [5ms]
2024-03-02 12:06:33.826 [info] > git config --get commit.template [1ms]
2024-03-02 12:06:33.846 [info] > git for-each-ref --format=%(refname)%00%(upstream:short)%00%(objectname)%00%(upstream:track)%00%(upstream:remotename)%00%(upstream:remoteref) refs/heads/feat/form-2 refs/remotes/feat/form-2 [3ms]
2024-03-02 12:06:33.880 [info] > git status -z -uall [2ms]
2024-03-02 12:06:38.914 [info] > git config --get commit.template [1ms]
2024-03-02 12:06:38.941 [info] > git for-each-ref --format=%(refname)%00%(upstream:short)%00%(objectname)%00%(upstream:track)%00%(upstream:remotename)%00%(upstream:remoteref) refs/heads/feat/form-2 refs/remotes/feat/form-2 [2ms]
2024-03-02 12:06:38.976 [info] > git status -z -uall [4ms]
2024-03-02 12:06:43.991 [info] > git show --textconv :storewise-info/src/components/NewForm.tsx [25ms]
2024-03-02 12:06:43.991 [info] > git ls-files --stage -- /home/coder/storewise-webapps/storewise-info/src/components/NewForm.tsx [2ms]
2024-03-02 12:07:57.672 [info] > git show --textconv :storewise-info/src/components/FormContainer.tsx [33ms]
2024-03-02 12:07:57.672 [info] > git ls-files --stage -- /home/coder/storewise-webapps/storewise-info/src/components/FormContainer.tsx [3ms]
2024-03-02 12:07:57.699 [info] > git cat-file -s 6de5436264bcae357dbc5d02ae8b9e1d477c9ace [4ms]
2024-03-02 12:08:00.711 [info] > git fetch [522ms]
2024-03-02 12:08:00.711 [info] /bin/sh: warning: setlocale: LC_ALL: cannot change locale (en_US.UTF-8)
2024-03-02 12:08:00.758 [info] > git config --get commit.template [28ms]
2024-03-02 12:08:00.759 [info] > git for-each-ref --format=%(refname)%00%(upstream:short)%00%(objectname)%00%(upstream:track)%00%(upstream:remotename)%00%(upstream:remoteref) refs/heads/feat/form-2 refs/remotes/feat/form-2 [2ms]
2024-03-02 12:08:00.783 [info] > git status -z -uall [5ms]
2024-03-02 12:08:01.951 [info] > git config --get commit.template [8ms]
2024-03-02 12:08:01.988 [info] > git for-each-ref --format=%(refname)%00%(upstream:short)%00%(objectname)%00%(upstream:track)%00%(upstream:remotename)%00%(upstream:remoteref) refs/heads/feat/form-2 refs/remotes/feat/form-2 [2ms]
2024-03-02 12:08:02.030 [info] > git status -z -uall [4ms]
2024-03-02 12:08:02.203 [info] > git ls-files --stage -- /home/coder/storewise-webapps/storewise-info/src/components/FormContainer.tsx [5ms]
2024-03-02 12:08:02.227 [info] > git cat-file -s 6de5436264bcae357dbc5d02ae8b9e1d477c9ace [4ms]
2024-03-02 12:08:02.394 [info] > git show --textconv :storewise-info/src/components/FormContainer.tsx [1ms]
2024-03-02 12:08:03.596 [info] > git show --textconv :storewise-info/src/components/NewForm.tsx [29ms]
2024-03-02 12:08:03.596 [info] > git ls-files --stage -- /home/coder/storewise-webapps/storewise-info/src/components/NewForm.tsx [2ms]
2024-03-02 12:08:07.322 [info] > git config --get commit.template [3ms]
2024-03-02 12:08:07.362 [info] > git for-each-ref --format=%(refname)%00%(upstream:short)%00%(objectname)%00%(upstream:track)%00%(upstream:remotename)%00%(upstream:remoteref) refs/heads/feat/form-2 refs/remotes/feat/form-2 [3ms]
2024-03-02 12:08:07.391 [info] > git status -z -uall [5ms]
2024-03-02 12:08:23.645 [info] > git show --textconv :storewise-info/src/components/FormContainer.tsx [30ms]
2024-03-02 12:08:23.645 [info] > git ls-files --stage -- /home/coder/storewise-webapps/storewise-info/src/components/FormContainer.tsx [3ms]
2024-03-02 12:08:23.669 [info] > git cat-file -s 6de5436264bcae357dbc5d02ae8b9e1d477c9ace [2ms]
2024-03-02 12:08:32.796 [info] > git show --textconv :storewise-info/src/components/NewForm.tsx [21ms]
2024-03-02 12:08:32.798 [info] > git ls-files --stage -- /home/coder/storewise-webapps/storewise-info/src/components/NewForm.tsx [3ms]
2024-03-02 12:08:33.989 [info] > git config --get commit.template [2ms]
2024-03-02 12:08:34.010 [info] > git for-each-ref --format=%(refname)%00%(upstream:short)%00%(objectname)%00%(upstream:track)%00%(upstream:remotename)%00%(upstream:remoteref) refs/heads/feat/form-2 refs/remotes/feat/form-2 [1ms]
2024-03-02 12:08:34.034 [info] > git status -z -uall [3ms]
2024-03-02 12:09:42.707 [info] > git for-each-ref --format=%(refname)%00%(upstream:short)%00%(objectname)%00%(upstream:track)%00%(upstream:remotename)%00%(upstream:remoteref) refs/heads/feat/form-2 refs/remotes/feat/form-2 [4ms]
2024-03-02 12:09:42.707 [info] > git config --get commit.template [33ms]
2024-03-02 12:09:42.759 [info] > git status -z -uall [8ms]
2024-03-02 12:09:47.801 [info] > git config --get commit.template [2ms]
2024-03-02 12:09:47.827 [info] > git for-each-ref --format=%(refname)%00%(upstream:short)%00%(objectname)%00%(upstream:track)%00%(upstream:remotename)%00%(upstream:remoteref) refs/heads/feat/form-2 refs/remotes/feat/form-2 [2ms]
2024-03-02 12:09:47.859 [info] > git status -z -uall [1ms]
2024-03-02 12:09:58.715 [info] > git config --get commit.template [2ms]
2024-03-02 12:09:58.737 [info] > git for-each-ref --format=%(refname)%00%(upstream:short)%00%(objectname)%00%(upstream:track)%00%(upstream:remotename)%00%(upstream:remoteref) refs/heads/feat/form-2 refs/remotes/feat/form-2 [1ms]
2024-03-02 12:09:58.763 [info] > git status -z -uall [3ms]
2024-03-02 12:10:59.235 [info] > git config --get commit.template [1ms]
2024-03-02 12:10:59.261 [info] > git for-each-ref --format=%(refname)%00%(upstream:short)%00%(objectname)%00%(upstream:track)%00%(upstream:remotename)%00%(upstream:remoteref) refs/heads/feat/form-2 refs/remotes/feat/form-2 [2ms]
2024-03-02 12:10:59.294 [info] > git status -z -uall [4ms]
2024-03-02 12:11:01.337 [info] > git fetch [523ms]
2024-03-02 12:11:01.337 [info] /bin/sh: warning: setlocale: LC_ALL: cannot change locale (en_US.UTF-8)
2024-03-02 12:11:01.364 [info] > git config --get commit.template [2ms]
2024-03-02 12:11:01.394 [info] > git for-each-ref --format=%(refname)%00%(upstream:short)%00%(objectname)%00%(upstream:track)%00%(upstream:remotename)%00%(upstream:remoteref) refs/heads/feat/form-2 refs/remotes/feat/form-2 [2ms]
2024-03-02 12:11:01.427 [info] > git status -z -uall [7ms]
2024-03-02 12:11:02.783 [info] > git ls-files --stage -- /home/coder/storewise-webapps/storewise-info/src/components/NewForm.tsx [1ms]
2024-03-02 12:11:02.945 [info] > git show --textconv :storewise-info/src/components/NewForm.tsx [1ms]
2024-03-02 12:11:04.322 [info] > git config --get commit.template [1ms]
2024-03-02 12:11:04.342 [info] > git for-each-ref --format=%(refname)%00%(upstream:short)%00%(objectname)%00%(upstream:track)%00%(upstream:remotename)%00%(upstream:remoteref) refs/heads/feat/form-2 refs/remotes/feat/form-2 [1ms]
2024-03-02 12:11:04.365 [info] > git status -z -uall [3ms]
2024-03-02 12:11:18.510 [info] > git show --textconv :storewise-info/src/components/FormContainer.tsx [27ms]
2024-03-02 12:11:18.512 [info] > git ls-files --stage -- /home/coder/storewise-webapps/storewise-info/src/components/FormContainer.tsx [5ms]
2024-03-02 12:11:18.541 [info] > git cat-file -s 6de5436264bcae357dbc5d02ae8b9e1d477c9ace [3ms]
2024-03-02 12:11:19.732 [info] > git show --textconv :storewise-info/src/components/NewForm.tsx [26ms]
2024-03-02 12:11:19.732 [info] > git ls-files --stage -- /home/coder/storewise-webapps/storewise-info/src/components/NewForm.tsx [1ms]
2024-03-02 12:11:22.458 [info] > git show --textconv :storewise-info/src/App.tsx [28ms]
2024-03-02 12:11:22.460 [info] > git ls-files --stage -- /home/coder/storewise-webapps/storewise-info/src/App.tsx [6ms]
2024-03-02 12:11:22.489 [info] > git cat-file -s eb2b81c25a2dd0f7cec3fddbcc2787349420a1bc [5ms]
2024-03-02 12:11:23.292 [info] > git show --textconv :storewise-info/src/components/NewForm.tsx [27ms]
2024-03-02 12:11:23.293 [info] > git ls-files --stage -- /home/coder/storewise-webapps/storewise-info/src/components/NewForm.tsx [2ms]
2024-03-02 12:11:40.179 [info] > git show --textconv :storewise-info/src/components/FormContainer.tsx [27ms]
2024-03-02 12:11:40.181 [info] > git ls-files --stage -- /home/coder/storewise-webapps/storewise-info/src/components/FormContainer.tsx [4ms]
2024-03-02 12:11:40.208 [info] > git cat-file -s 6de5436264bcae357dbc5d02ae8b9e1d477c9ace [3ms]
2024-03-02 12:11:58.080 [info] > git show --textconv :storewise-info/src/components/NewForm.tsx [25ms]
2024-03-02 12:11:58.084 [info] > git ls-files --stage -- /home/coder/storewise-webapps/storewise-info/src/components/NewForm.tsx [5ms]
2024-03-02 12:12:21.327 [info] > git show --textconv :storewise-info/src/App.tsx [25ms]
2024-03-02 12:12:21.328 [info] > git ls-files --stage -- /home/coder/storewise-webapps/storewise-info/src/App.tsx [3ms]
2024-03-02 12:12:21.355 [info] > git cat-file -s eb2b81c25a2dd0f7cec3fddbcc2787349420a1bc [3ms]
2024-03-02 12:12:25.961 [info] > git for-each-ref --format=%(refname)%00%(upstream:short)%00%(objectname)%00%(upstream:track)%00%(upstream:remotename)%00%(upstream:remoteref) refs/heads/feat/form-2 refs/remotes/feat/form-2 [2ms]
2024-03-02 12:12:25.964 [info] > git config --get commit.template [32ms]
2024-03-02 12:12:26.008 [info] > git status -z -uall [9ms]
2024-03-02 12:12:31.041 [info] > git config --get commit.template [1ms]
2024-03-02 12:12:31.065 [info] > git for-each-ref --format=%(refname)%00%(upstream:short)%00%(objectname)%00%(upstream:track)%00%(upstream:remotename)%00%(upstream:remoteref) refs/heads/feat/form-2 refs/remotes/feat/form-2 [2ms]
2024-03-02 12:12:31.094 [info] > git status -z -uall [6ms]
2024-03-02 12:12:36.141 [info] > git config --get commit.template [2ms]
2024-03-02 12:12:36.173 [info] > git for-each-ref --format=%(refname)%00%(upstream:short)%00%(objectname)%00%(upstream:track)%00%(upstream:remotename)%00%(upstream:remoteref) refs/heads/feat/form-2 refs/remotes/feat/form-2 [3ms]
2024-03-02 12:12:36.214 [info] > git status -z -uall [9ms]
2024-03-02 12:12:41.249 [info] > git config --get commit.template [2ms]
2024-03-02 12:12:41.292 [info] > git for-each-ref --format=%(refname)%00%(upstream:short)%00%(objectname)%00%(upstream:track)%00%(upstream:remotename)%00%(upstream:remoteref) refs/heads/feat/form-2 refs/remotes/feat/form-2 [1ms]
2024-03-02 12:12:41.332 [info] > git status -z -uall [10ms]
2024-03-02 12:12:46.364 [info] > git config --get commit.template [2ms]
2024-03-02 12:12:46.390 [info] > git for-each-ref --format=%(refname)%00%(upstream:short)%00%(objectname)%00%(upstream:track)%00%(upstream:remotename)%00%(upstream:remoteref) refs/heads/feat/form-2 refs/remotes/feat/form-2 [1ms]
2024-03-02 12:12:46.420 [info] > git status -z -uall [4ms]
2024-03-02 12:13:07.406 [info] > git config --get commit.template [1ms]
2024-03-02 12:13:07.436 [info] > git for-each-ref --format=%(refname)%00%(upstream:short)%00%(objectname)%00%(upstream:track)%00%(upstream:remotename)%00%(upstream:remoteref) refs/heads/feat/form-2 refs/remotes/feat/form-2 [2ms]
2024-03-02 12:13:07.474 [info] > git status -z -uall [6ms]
2024-03-02 12:13:19.696 [info] > git config --get commit.template [2ms]
2024-03-02 12:13:19.726 [info] > git for-each-ref --format=%(refname)%00%(upstream:short)%00%(objectname)%00%(upstream:track)%00%(upstream:remotename)%00%(upstream:remoteref) refs/heads/feat/form-2 refs/remotes/feat/form-2 [2ms]
2024-03-02 12:13:19.763 [info] > git status -z -uall [3ms]
2024-03-02 12:14:02.245 [info] > git fetch [783ms]
2024-03-02 12:14:02.245 [info] /bin/sh: warning: setlocale: LC_ALL: cannot change locale (en_US.UTF-8)
2024-03-02 12:14:02.312 [info] > git config --get commit.template [36ms]
2024-03-02 12:14:02.318 [info] > git for-each-ref --format=%(refname)%00%(upstream:short)%00%(objectname)%00%(upstream:track)%00%(upstream:remotename)%00%(upstream:remoteref) refs/heads/feat/form-2 refs/remotes/feat/form-2 [7ms]
2024-03-02 12:14:02.348 [info] > git status -z -uall [5ms]
2024-03-02 12:14:03.454 [info] > git config --get commit.template [1ms]
2024-03-02 12:14:03.479 [info] > git for-each-ref --format=%(refname)%00%(upstream:short)%00%(objectname)%00%(upstream:track)%00%(upstream:remotename)%00%(upstream:remoteref) refs/heads/feat/form-2 refs/remotes/feat/form-2 [0ms]
2024-03-02 12:14:03.507 [info] > git status -z -uall [4ms]
2024-03-02 12:14:03.852 [info] > git ls-files --stage -- /home/coder/storewise-webapps/storewise-info/src/App.tsx [1ms]
2024-03-02 12:14:03.882 [info] > git cat-file -s eb2b81c25a2dd0f7cec3fddbcc2787349420a1bc [1ms]
2024-03-02 12:14:04.056 [info] > git show --textconv :storewise-info/src/App.tsx [1ms]
2024-03-02 12:14:53.768 [info] > git show --textconv :storewise-info/src/components/FormContainer.tsx [30ms]
2024-03-02 12:14:53.768 [info] > git ls-files --stage -- /home/coder/storewise-webapps/storewise-info/src/components/FormContainer.tsx [1ms]
2024-03-02 12:14:53.796 [info] > git cat-file -s 6de5436264bcae357dbc5d02ae8b9e1d477c9ace [2ms]
2024-03-02 12:15:06.324 [info] > git config --get commit.template [1ms]
2024-03-02 12:15:06.352 [info] > git for-each-ref --format=%(refname)%00%(upstream:short)%00%(objectname)%00%(upstream:track)%00%(upstream:remotename)%00%(upstream:remoteref) refs/heads/feat/form-2 refs/remotes/feat/form-2 [1ms]
2024-03-02 12:15:06.379 [info] > git status -z -uall [4ms]
2024-03-02 12:15:11.418 [info] > git config --get commit.template [1ms]
2024-03-02 12:15:11.447 [info] > git for-each-ref --format=%(refname)%00%(upstream:short)%00%(objectname)%00%(upstream:track)%00%(upstream:remotename)%00%(upstream:remoteref) refs/heads/feat/form-2 refs/remotes/feat/form-2 [2ms]
2024-03-02 12:15:11.479 [info] > git status -z -uall [4ms]
2024-03-02 12:15:55.893 [info] > git show --textconv :storewise-info/src/components/NewForm.tsx [35ms]
2024-03-02 12:15:55.894 [info] > git ls-files --stage -- /home/coder/storewise-webapps/storewise-info/src/components/NewForm.tsx [7ms]
2024-03-02 12:16:32.767 [info] > git show --textconv :storewise-info/src/components/FormContainer.tsx [31ms]
2024-03-02 12:16:32.767 [info] > git ls-files --stage -- /home/coder/storewise-webapps/storewise-info/src/components/FormContainer.tsx [3ms]
2024-03-02 12:16:32.798 [info] > git cat-file -s 6de5436264bcae357dbc5d02ae8b9e1d477c9ace [4ms]
2024-03-02 12:16:36.134 [info] > git show --textconv :storewise-info/src/components/NewForm.tsx [20ms]
2024-03-02 12:16:36.137 [info] > git ls-files --stage -- /home/coder/storewise-webapps/storewise-info/src/components/NewForm.tsx [5ms]
2024-03-02 12:17:02.977 [info] > git fetch [582ms]
2024-03-02 12:17:02.977 [info] /bin/sh: warning: setlocale: LC_ALL: cannot change locale (en_US.UTF-8)
2024-03-02 12:17:03.003 [info] > git config --get commit.template [1ms]
2024-03-02 12:17:03.031 [info] > git for-each-ref --format=%(refname)%00%(upstream:short)%00%(objectname)%00%(upstream:track)%00%(upstream:remotename)%00%(upstream:remoteref) refs/heads/feat/form-2 refs/remotes/feat/form-2 [2ms]
2024-03-02 12:17:03.062 [info] > git status -z -uall [4ms]
2024-03-02 12:17:04.231 [info] > git config --get commit.template [1ms]
2024-03-02 12:17:04.249 [info] > git for-each-ref --format=%(refname)%00%(upstream:short)%00%(objectname)%00%(upstream:track)%00%(upstream:remotename)%00%(upstream:remoteref) refs/heads/feat/form-2 refs/remotes/feat/form-2 [1ms]
2024-03-02 12:17:04.270 [info] > git status -z -uall [1ms]
2024-03-02 12:17:04.461 [info] > git ls-files --stage -- /home/coder/storewise-webapps/storewise-info/src/components/NewForm.tsx [2ms]
2024-03-02 12:17:04.614 [info] > git show --textconv :storewise-info/src/components/NewForm.tsx [1ms]
2024-03-02 12:17:06.739 [info] > git check-ignore -v -z --stdin [3ms]
2024-03-02 12:17:49.843 [info] > git show --textconv :storewise-info/src/components/FormContainer.tsx [23ms]
2024-03-02 12:17:49.843 [info] > git ls-files --stage -- /home/coder/storewise-webapps/storewise-info/src/components/FormContainer.tsx [2ms]
2024-03-02 12:17:49.878 [info] > git cat-file -s 6de5436264bcae357dbc5d02ae8b9e1d477c9ace [3ms]
2024-03-02 12:17:51.682 [info] > git show --textconv :storewise-info/src/components/NewForm.tsx [31ms]
2024-03-02 12:17:51.685 [info] > git ls-files --stage -- /home/coder/storewise-webapps/storewise-info/src/components/NewForm.tsx [5ms]
2024-03-02 12:18:09.144 [info] > git show --textconv :storewise-info/src/App.tsx [26ms]
2024-03-02 12:18:09.144 [info] > git ls-files --stage -- /home/coder/storewise-webapps/storewise-info/src/App.tsx [2ms]
2024-03-02 12:18:09.171 [info] > git cat-file -s eb2b81c25a2dd0f7cec3fddbcc2787349420a1bc [1ms]
2024-03-02 12:18:26.764 [info] > git show --textconv :storewise-info/src/components/Button.tsx [33ms]
2024-03-02 12:18:26.765 [info] > git ls-files --stage -- /home/coder/storewise-webapps/storewise-info/src/components/Button.tsx [3ms]
2024-03-02 12:18:26.787 [info] > git cat-file -s 85e9aa056ba1233d54396ef3153f586c4011ab85 [2ms]
2024-03-02 12:18:29.422 [info] > git show --textconv :storewise-info/src/components/CheckboxGroup.tsx [19ms]
2024-03-02 12:18:29.423 [info] > git ls-files --stage -- /home/coder/storewise-webapps/storewise-info/src/components/CheckboxGroup.tsx [3ms]
2024-03-02 12:18:29.445 [info] > git cat-file -s 05d4bd6d818b4754db286026b91516cd3dda33b8 [1ms]
2024-03-02 12:18:36.903 [info] > git show --textconv :storewise-info/src/components/FormikControl.tsx [24ms]
2024-03-02 12:18:36.903 [info] > git ls-files --stage -- /home/coder/storewise-webapps/storewise-info/src/components/FormikControl.tsx [2ms]
2024-03-02 12:18:36.930 [info] > git cat-file -s 2d01ff1d2b4cd9ae31cd6626b85e0013b9983977 [2ms]
2024-03-02 12:18:39.572 [info] > git show --textconv :storewise-info/src/components/Input.tsx [22ms]
2024-03-02 12:18:39.572 [info] > git ls-files --stage -- /home/coder/storewise-webapps/storewise-info/src/components/Input.tsx [2ms]
2024-03-02 12:18:39.598 [info] > git cat-file -s 1bbcf0687e3ca5c456ebcaf010c96911807766c0 [4ms]
2024-03-02 12:18:43.694 [info] > git show --textconv :storewise-info/src/components/Label.tsx [23ms]
2024-03-02 12:18:43.695 [info] > git ls-files --stage -- /home/coder/storewise-webapps/storewise-info/src/components/Label.tsx [4ms]
2024-03-02 12:18:43.722 [info] > git cat-file -s 849a79d6279a79dd334cf81e98ac6b5a87231f2a [1ms]
2024-03-02 12:18:45.881 [info] > git show --textconv :storewise-info/src/components/NewForm.tsx [23ms]
2024-03-02 12:18:45.882 [info] > git ls-files --stage -- /home/coder/storewise-webapps/storewise-info/src/components/NewForm.tsx [1ms]
2024-03-02 12:20:03.758 [info] > git fetch [653ms]
2024-03-02 12:20:03.758 [info] /bin/sh: warning: setlocale: LC_ALL: cannot change locale (en_US.UTF-8)
2024-03-02 12:20:03.804 [info] > git config --get commit.template [1ms]
2024-03-02 12:20:03.831 [info] > git for-each-ref --format=%(refname)%00%(upstream:short)%00%(objectname)%00%(upstream:track)%00%(upstream:remotename)%00%(upstream:remoteref) refs/heads/feat/form-2 refs/remotes/feat/form-2 [5ms]
2024-03-02 12:20:03.876 [info] > git status -z -uall [8ms]
2024-03-02 12:20:04.955 [info] > git config --get commit.template [4ms]
2024-03-02 12:20:04.986 [info] > git for-each-ref --format=%(refname)%00%(upstream:short)%00%(objectname)%00%(upstream:track)%00%(upstream:remotename)%00%(upstream:remoteref) refs/heads/feat/form-2 refs/remotes/feat/form-2 [1ms]
2024-03-02 12:20:05.016 [info] > git status -z -uall [6ms]
2024-03-02 12:20:05.180 [info] > git ls-files --stage -- /home/coder/storewise-webapps/storewise-info/src/components/NewForm.tsx [1ms]
2024-03-02 12:20:05.324 [info] > git show --textconv :storewise-info/src/components/NewForm.tsx [0ms]
2024-03-02 12:20:26.512 [info] > git show --textconv :storewise-info/src/components/FormContainer.tsx [38ms]
2024-03-02 12:20:26.514 [info] > git ls-files --stage -- /home/coder/storewise-webapps/storewise-info/src/components/FormContainer.tsx [4ms]
2024-03-02 12:20:26.539 [info] > git cat-file -s 6de5436264bcae357dbc5d02ae8b9e1d477c9ace [2ms]
2024-03-02 12:20:49.169 [info] > git show --textconv :storewise-info/src/components/FormikControl.tsx [34ms]
2024-03-02 12:20:49.169 [info] > git ls-files --stage -- /home/coder/storewise-webapps/storewise-info/src/components/FormikControl.tsx [3ms]
2024-03-02 12:20:49.196 [info] > git cat-file -s 2d01ff1d2b4cd9ae31cd6626b85e0013b9983977 [4ms]
2024-03-02 12:20:52.716 [info] > git show --textconv :storewise-info/src/components/Input.tsx [23ms]
2024-03-02 12:20:52.716 [info] > git ls-files --stage -- /home/coder/storewise-webapps/storewise-info/src/components/Input.tsx [2ms]
2024-03-02 12:20:52.746 [info] > git cat-file -s 1bbcf0687e3ca5c456ebcaf010c96911807766c0 [8ms]
2024-03-02 12:20:54.781 [info] > git show --textconv :storewise-info/src/components/Label.tsx [22ms]
2024-03-02 12:20:54.781 [info] > git ls-files --stage -- /home/coder/storewise-webapps/storewise-info/src/components/Label.tsx [3ms]
2024-03-02 12:20:54.809 [info] > git cat-file -s 849a79d6279a79dd334cf81e98ac6b5a87231f2a [3ms]
2024-03-02 12:20:56.086 [info] > git show --textconv :storewise-info/src/components/NewForm.tsx [24ms]
2024-03-02 12:20:56.087 [info] > git ls-files --stage -- /home/coder/storewise-webapps/storewise-info/src/components/NewForm.tsx [3ms]
2024-03-02 12:20:57.410 [info] > git show --textconv :storewise-info/src/components/RadioButtons.tsx [25ms]
2024-03-02 12:20:57.411 [info] > git ls-files --stage -- /home/coder/storewise-webapps/storewise-info/src/components/RadioButtons.tsx [3ms]
2024-03-02 12:20:57.447 [info] > git cat-file -s fe265b3760e95933443fb1af10895e1c01107615 [7ms]
2024-03-02 12:21:02.972 [info] > git show --textconv :storewise-info/src/components/Select.tsx [30ms]
2024-03-02 12:21:02.972 [info] > git ls-files --stage -- /home/coder/storewise-webapps/storewise-info/src/components/Select.tsx [1ms]
2024-03-02 12:21:02.997 [info] > git cat-file -s a7cdebf2bfec17c4fb1d792387c8f1e24fc0fe06 [2ms]
2024-03-02 12:21:07.786 [info] > git show --textconv :storewise-info/src/components/SelectOption.tsx [27ms]
2024-03-02 12:21:07.787 [info] > git ls-files --stage -- /home/coder/storewise-webapps/storewise-info/src/components/SelectOption.tsx [4ms]
2024-03-02 12:21:07.812 [info] > git cat-file -s ca1ca9c06e6c3244e1e701868913eb20750ddf1f [2ms]
2024-03-02 12:21:13.227 [info] > git show --textconv :storewise-info/src/components/SuccessAnimation.tsx [22ms]
2024-03-02 12:21:13.228 [info] > git ls-files --stage -- /home/coder/storewise-webapps/storewise-info/src/components/SuccessAnimation.tsx [3ms]
2024-03-02 12:21:13.256 [info] > git cat-file -s 3a5d69663961592d35c6c55889b1f465a071351f [3ms]
2024-03-02 12:21:16.440 [info] > git show --textconv :storewise-info/src/components/TextArea.tsx [28ms]
2024-03-02 12:21:16.440 [info] > git ls-files --stage -- /home/coder/storewise-webapps/storewise-info/src/components/TextArea.tsx [3ms]
2024-03-02 12:21:16.467 [info] > git cat-file -s d4efe74967ed7dba2aae2a2ef369c63c5634dd7b [3ms]
2024-03-02 12:21:22.303 [info] > git show --textconv :storewise-info/src/components/TextError.tsx [33ms]
2024-03-02 12:21:22.304 [info] > git ls-files --stage -- /home/coder/storewise-webapps/storewise-info/src/components/TextError.tsx [8ms]
2024-03-02 12:21:22.338 [info] > git cat-file -s d4efe74967ed7dba2aae2a2ef369c63c5634dd7b [3ms]
2024-03-02 12:21:30.983 [info] > git show --textconv :storewise-info/src/components/FormikControl.tsx [25ms]
2024-03-02 12:21:30.983 [info] > git ls-files --stage -- /home/coder/storewise-webapps/storewise-info/src/components/FormikControl.tsx [2ms]
2024-03-02 12:21:31.011 [info] > git cat-file -s 2d01ff1d2b4cd9ae31cd6626b85e0013b9983977 [5ms]
2024-03-02 12:21:31.641 [info] > git show --textconv :storewise-info/src/components/FormContainer.tsx [26ms]
2024-03-02 12:21:31.641 [info] > git ls-files --stage -- /home/coder/storewise-webapps/storewise-info/src/components/FormContainer.tsx [2ms]
2024-03-02 12:21:31.662 [info] > git cat-file -s 6de5436264bcae357dbc5d02ae8b9e1d477c9ace [3ms]
2024-03-02 12:21:32.449 [info] > git show --textconv :storewise-info/src/components/NewForm.tsx [31ms]
2024-03-02 12:21:32.449 [info] > git ls-files --stage -- /home/coder/storewise-webapps/storewise-info/src/components/NewForm.tsx [9ms]
2024-03-02 12:21:50.049 [info] > git show --textconv :storewise-info/src/App.tsx [35ms]
2024-03-02 12:21:50.052 [info] > git ls-files --stage -- /home/coder/storewise-webapps/storewise-info/src/App.tsx [5ms]
2024-03-02 12:21:50.083 [info] > git cat-file -s eb2b81c25a2dd0f7cec3fddbcc2787349420a1bc [4ms]
2024-03-02 12:22:25.127 [info] > git config --get commit.template [28ms]
2024-03-02 12:22:25.129 [info] > git for-each-ref --format=%(refname)%00%(upstream:short)%00%(objectname)%00%(upstream:track)%00%(upstream:remotename)%00%(upstream:remoteref) refs/heads/feat/form-2 refs/remotes/feat/form-2 [4ms]
2024-03-02 12:22:25.153 [info] > git status -z -uall [2ms]
2024-03-02 12:23:04.477 [info] > git fetch [570ms]
2024-03-02 12:23:04.477 [info] /bin/sh: warning: setlocale: LC_ALL: cannot change locale (en_US.UTF-8)
2024-03-02 12:23:04.501 [info] > git config --get commit.template [2ms]
2024-03-02 12:23:04.521 [info] > git for-each-ref --format=%(refname)%00%(upstream:short)%00%(objectname)%00%(upstream:track)%00%(upstream:remotename)%00%(upstream:remoteref) refs/heads/feat/form-2 refs/remotes/feat/form-2 [1ms]
2024-03-02 12:23:04.554 [info] > git status -z -uall [4ms]
2024-03-02 12:23:05.678 [info] > git config --get commit.template [2ms]
2024-03-02 12:23:05.703 [info] > git for-each-ref --format=%(refname)%00%(upstream:short)%00%(objectname)%00%(upstream:track)%00%(upstream:remotename)%00%(upstream:remoteref) refs/heads/feat/form-2 refs/remotes/feat/form-2 [1ms]
2024-03-02 12:23:05.729 [info] > git status -z -uall [1ms]
2024-03-02 12:23:05.917 [info] > git ls-files --stage -- /home/coder/storewise-webapps/storewise-info/src/App.tsx [2ms]
2024-03-02 12:23:05.940 [info] > git cat-file -s eb2b81c25a2dd0f7cec3fddbcc2787349420a1bc [1ms]
2024-03-02 12:23:06.074 [info] > git show --textconv :storewise-info/src/App.tsx [1ms]
2024-03-02 12:24:45.394 [info] > git config --get commit.template [1ms]
2024-03-02 12:24:45.416 [info] > git for-each-ref --format=%(refname)%00%(upstream:short)%00%(objectname)%00%(upstream:track)%00%(upstream:remotename)%00%(upstream:remoteref) refs/heads/feat/form-2 refs/remotes/feat/form-2 [2ms]
2024-03-02 12:24:45.444 [info] > git status -z -uall [5ms]
2024-03-02 12:25:14.456 [info] > git for-each-ref --format=%(refname)%00%(upstream:short)%00%(objectname)%00%(upstream:track)%00%(upstream:remotename)%00%(upstream:remoteref) refs/heads/feat/form-2 refs/remotes/feat/form-2 [2ms]
2024-03-02 12:25:14.456 [info] > git config --get commit.template [24ms]
2024-03-02 12:25:14.488 [info] > git status -z -uall [7ms]
2024-03-02 12:25:40.944 [info] > git config --get commit.template [1ms]
2024-03-02 12:25:40.972 [info] > git for-each-ref --format=%(refname)%00%(upstream:short)%00%(objectname)%00%(upstream:track)%00%(upstream:remotename)%00%(upstream:remoteref) refs/heads/feat/form-2 refs/remotes/feat/form-2 [3ms]
2024-03-02 12:25:41.001 [info] > git status -z -uall [3ms]
2024-03-02 12:25:59.864 [info] > git config --get commit.template [36ms]
2024-03-02 12:25:59.865 [info] > git for-each-ref --format=%(refname)%00%(upstream:short)%00%(objectname)%00%(upstream:track)%00%(upstream:remotename)%00%(upstream:remoteref) refs/heads/feat/form-2 refs/remotes/feat/form-2 [2ms]
2024-03-02 12:25:59.898 [info] > git status -z -uall [4ms]
2024-03-02 12:26:15.558 [info] > git config --get commit.template [3ms]
2024-03-02 12:26:15.580 [info] > git for-each-ref --format=%(refname)%00%(upstream:short)%00%(objectname)%00%(upstream:track)%00%(upstream:remotename)%00%(upstream:remoteref) refs/heads/feat/form-2 refs/remotes/feat/form-2 [1ms]
2024-03-02 12:26:15.607 [info] > git status -z -uall [3ms]
2024-03-02 12:26:16.043 [info] > git fetch [515ms]
2024-03-02 12:26:16.043 [info] /bin/sh: warning: setlocale: LC_ALL: cannot change locale (en_US.UTF-8)
2024-03-02 12:26:16.069 [info] > git config --get commit.template [1ms]
2024-03-02 12:26:16.093 [info] > git for-each-ref --format=%(refname)%00%(upstream:short)%00%(objectname)%00%(upstream:track)%00%(upstream:remotename)%00%(upstream:remoteref) refs/heads/feat/form-2 refs/remotes/feat/form-2 [2ms]
2024-03-02 12:26:16.118 [info] > git status -z -uall [5ms]
2024-03-02 12:26:17.522 [info] > git ls-files --stage -- /home/coder/storewise-webapps/storewise-info/src/App.tsx [1ms]
2024-03-02 12:26:17.540 [info] > git cat-file -s eb2b81c25a2dd0f7cec3fddbcc2787349420a1bc [1ms]
2024-03-02 12:26:17.673 [info] > git show --textconv :storewise-info/src/App.tsx [1ms]
2024-03-02 12:26:20.638 [info] > git config --get commit.template [1ms]
2024-03-02 12:26:20.659 [info] > git for-each-ref --format=%(refname)%00%(upstream:short)%00%(objectname)%00%(upstream:track)%00%(upstream:remotename)%00%(upstream:remoteref) refs/heads/feat/form-2 refs/remotes/feat/form-2 [1ms]
2024-03-02 12:26:20.683 [info] > git status -z -uall [4ms]
