2024-03-09 06:33:27.787 [info] Log level: Info
2024-03-09 06:33:27.787 [info] Validating found git in: "git"
2024-03-09 06:33:27.787 [info] Using git "2.37.3" from "git"
2024-03-09 06:33:27.787 [info] > git rev-parse --show-toplevel [23ms]
2024-03-09 06:33:27.787 [info] > git rev-parse --git-dir --git-common-dir [6ms]
2024-03-09 06:33:27.787 [info] Open repository: /home/coder/storewise-webapps
2024-03-09 06:33:27.787 [info] > git config --get commit.template [26ms]
2024-03-09 06:33:27.787 [info] > git rev-parse --show-toplevel [32ms]
2024-03-09 06:33:27.787 [info] > git for-each-ref --format=%(refname)%00%(upstream:short)%00%(objectname)%00%(upstream:track)%00%(upstream:remotename)%00%(upstream:remoteref) refs/heads/feat/form-2 refs/remotes/feat/form-2 [38ms]
2024-03-09 06:33:27.787 [info] > git rev-parse --show-toplevel [34ms]
2024-03-09 06:33:27.787 [info] > git status -z -uall [29ms]
2024-03-09 06:33:27.787 [info] > git rev-parse --show-toplevel [89ms]
2024-03-09 06:33:27.787 [info] > git rev-parse --show-toplevel [103ms]
2024-03-09 06:33:27.787 [info] > git config --get commit.template [133ms]
2024-03-09 06:33:27.787 [info] > git rev-parse --show-toplevel [13ms]
2024-03-09 06:33:27.787 [info] > git for-each-ref --format=%(refname)%00%(upstream:short)%00%(objectname)%00%(upstream:track)%00%(upstream:remotename)%00%(upstream:remoteref) refs/heads/feat/form-2 refs/remotes/feat/form-2 [32ms]
2024-03-09 06:33:27.787 [info] > git status -z -uall [27ms]
2024-03-09 06:33:27.787 [info] > git rev-parse --show-toplevel [25ms]
2024-03-09 06:33:27.798 [info] > git rev-parse --show-toplevel [45ms]
2024-03-09 06:33:27.825 [info] > git rev-parse --show-toplevel [8ms]
2024-03-09 06:33:27.865 [info] > git rev-parse --show-toplevel [2ms]
2024-03-09 06:33:27.931 [info] > git rev-parse --show-toplevel [39ms]
2024-03-09 06:33:27.978 [info] > git rev-parse --show-toplevel [2ms]
2024-03-09 06:33:28.313 [info] > git fetch [1109ms]
2024-03-09 06:33:28.313 [info] /bin/sh: warning: setlocale: LC_ALL: cannot change locale (en_US.UTF-8)
2024-03-09 06:33:28.380 [info] > git for-each-ref --format=%(refname)%00%(upstream:short)%00%(objectname)%00%(upstream:track)%00%(upstream:remotename)%00%(upstream:remoteref) refs/heads/feat/form-2 refs/remotes/feat/form-2 [22ms]
2024-03-09 06:33:28.380 [info] > git config --get commit.template [50ms]
2024-03-09 06:33:28.402 [info] > git check-ignore -v -z --stdin [24ms]
2024-03-09 06:33:28.405 [info] > git status -z -uall [5ms]
2024-03-09 06:33:29.063 [info] > git show --textconv :storewise-info/src/components/RadioButtons.tsx [36ms]
2024-03-09 06:33:29.063 [info] > git ls-files --stage -- /home/coder/storewise-webapps/storewise-info/src/components/RadioButtons.tsx [8ms]
2024-03-09 06:33:29.098 [info] > git cat-file -s fe265b3760e95933443fb1af10895e1c01107615 [15ms]
2024-03-09 06:33:30.327 [info] > git ls-files --stage -- /home/coder/storewise-webapps/storewise-info/src/components/RadioButtons.tsx [35ms]
2024-03-09 06:33:30.366 [info] > git config --get commit.template [42ms]
2024-03-09 06:33:30.367 [info] > git cat-file -s fe265b3760e95933443fb1af10895e1c01107615 [7ms]
2024-03-09 06:33:30.407 [info] > git for-each-ref --format=%(refname)%00%(upstream:short)%00%(objectname)%00%(upstream:track)%00%(upstream:remotename)%00%(upstream:remoteref) refs/heads/feat/form-2 refs/remotes/feat/form-2 [5ms]
2024-03-09 06:33:30.431 [info] > git status -z -uall [3ms]
2024-03-09 06:33:30.572 [info] > git show --textconv :storewise-info/src/components/RadioButtons.tsx [3ms]
2024-03-09 06:33:30.727 [info] > git ls-files --stage -- /home/coder/storewise-webapps/storewise-info/src/components/RadioButtons.tsx [4ms]
2024-03-09 06:33:30.750 [info] > git cat-file -s fe265b3760e95933443fb1af10895e1c01107615 [3ms]
2024-03-09 06:33:30.899 [info] > git show --textconv :storewise-info/src/components/RadioButtons.tsx [1ms]
2024-03-09 06:36:29.029 [info] > git fetch [595ms]
2024-03-09 06:36:29.029 [info] /bin/sh: warning: setlocale: LC_ALL: cannot change locale (en_US.UTF-8)
2024-03-09 06:36:29.083 [info] > git for-each-ref --format=%(refname)%00%(upstream:short)%00%(objectname)%00%(upstream:track)%00%(upstream:remotename)%00%(upstream:remoteref) refs/heads/feat/form-2 refs/remotes/feat/form-2 [2ms]
2024-03-09 06:36:29.084 [info] > git config --get commit.template [24ms]
2024-03-09 06:36:29.109 [info] > git status -z -uall [5ms]
2024-03-09 06:36:30.235 [info] > git config --get commit.template [1ms]
2024-03-09 06:36:30.256 [info] > git for-each-ref --format=%(refname)%00%(upstream:short)%00%(objectname)%00%(upstream:track)%00%(upstream:remotename)%00%(upstream:remoteref) refs/heads/feat/form-2 refs/remotes/feat/form-2 [3ms]
2024-03-09 06:36:30.278 [info] > git status -z -uall [4ms]
2024-03-09 06:36:30.453 [info] > git ls-files --stage -- /home/coder/storewise-webapps/storewise-info/src/components/RadioButtons.tsx [2ms]
2024-03-09 06:36:30.475 [info] > git cat-file -s fe265b3760e95933443fb1af10895e1c01107615 [0ms]
2024-03-09 06:36:30.645 [info] > git show --textconv :storewise-info/src/components/RadioButtons.tsx [0ms]
2024-03-09 06:36:35.708 [info] > git config --get commit.template [1ms]
2024-03-09 06:36:35.728 [info] > git for-each-ref --format=%(refname)%00%(upstream:short)%00%(objectname)%00%(upstream:track)%00%(upstream:remotename)%00%(upstream:remoteref) refs/heads/feat/form-2 refs/remotes/feat/form-2 [1ms]
2024-03-09 06:36:35.754 [info] > git status -z -uall [3ms]
2024-03-09 06:36:48.976 [info] > git config --get commit.template [2ms]
2024-03-09 06:36:49.000 [info] > git for-each-ref --format=%(refname)%00%(upstream:short)%00%(objectname)%00%(upstream:track)%00%(upstream:remotename)%00%(upstream:remoteref) refs/heads/feat/form-2 refs/remotes/feat/form-2 [2ms]
2024-03-09 06:36:49.026 [info] > git status -z -uall [4ms]
2024-03-09 06:36:54.058 [info] > git config --get commit.template [1ms]
2024-03-09 06:36:54.082 [info] > git for-each-ref --format=%(refname)%00%(upstream:short)%00%(objectname)%00%(upstream:track)%00%(upstream:remotename)%00%(upstream:remoteref) refs/heads/feat/form-2 refs/remotes/feat/form-2 [1ms]
2024-03-09 06:36:54.110 [info] > git status -z -uall [4ms]
2024-03-09 06:37:18.115 [info] > git config --get commit.template [3ms]
2024-03-09 06:37:18.133 [info] > git for-each-ref --format=%(refname)%00%(upstream:short)%00%(objectname)%00%(upstream:track)%00%(upstream:remotename)%00%(upstream:remoteref) refs/heads/feat/form-2 refs/remotes/feat/form-2 [1ms]
2024-03-09 06:37:18.159 [info] > git status -z -uall [4ms]
2024-03-09 06:37:23.188 [info] > git config --get commit.template [2ms]
2024-03-09 06:37:23.210 [info] > git for-each-ref --format=%(refname)%00%(upstream:short)%00%(objectname)%00%(upstream:track)%00%(upstream:remotename)%00%(upstream:remoteref) refs/heads/feat/form-2 refs/remotes/feat/form-2 [2ms]
2024-03-09 06:37:23.233 [info] > git status -z -uall [4ms]
2024-03-09 06:37:28.258 [info] > git config --get commit.template [2ms]
2024-03-09 06:37:28.278 [info] > git for-each-ref --format=%(refname)%00%(upstream:short)%00%(objectname)%00%(upstream:track)%00%(upstream:remotename)%00%(upstream:remoteref) refs/heads/feat/form-2 refs/remotes/feat/form-2 [2ms]
2024-03-09 06:37:28.298 [info] > git status -z -uall [2ms]
2024-03-09 06:39:29.672 [info] > git fetch [539ms]
2024-03-09 06:39:29.672 [info] /bin/sh: warning: setlocale: LC_ALL: cannot change locale (en_US.UTF-8)
2024-03-09 06:39:29.695 [info] > git config --get commit.template [1ms]
2024-03-09 06:39:29.719 [info] > git for-each-ref --format=%(refname)%00%(upstream:short)%00%(objectname)%00%(upstream:track)%00%(upstream:remotename)%00%(upstream:remoteref) refs/heads/feat/form-2 refs/remotes/feat/form-2 [1ms]
2024-03-09 06:39:29.744 [info] > git status -z -uall [4ms]
2024-03-09 06:39:30.569 [info] > git ls-files --stage -- /home/coder/storewise-webapps/storewise-info/src/components/RadioButtons.tsx [1ms]
2024-03-09 06:39:30.589 [info] > git cat-file -s fe265b3760e95933443fb1af10895e1c01107615 [3ms]
2024-03-09 06:39:30.729 [info] > git show --textconv :storewise-info/src/components/RadioButtons.tsx [1ms]
2024-03-09 06:39:31.506 [info] > git config --get commit.template [1ms]
2024-03-09 06:39:31.524 [info] > git for-each-ref --format=%(refname)%00%(upstream:short)%00%(objectname)%00%(upstream:track)%00%(upstream:remotename)%00%(upstream:remoteref) refs/heads/feat/form-2 refs/remotes/feat/form-2 [2ms]
2024-03-09 06:39:31.551 [info] > git status -z -uall [2ms]
2024-03-09 06:39:31.719 [info] > git ls-files --stage -- /home/coder/storewise-webapps/storewise-info/src/components/RadioButtons.tsx [2ms]
2024-03-09 06:39:31.736 [info] > git cat-file -s fe265b3760e95933443fb1af10895e1c01107615 [1ms]
2024-03-09 06:39:31.870 [info] > git show --textconv :storewise-info/src/components/RadioButtons.tsx [2ms]
2024-03-09 06:41:26.372 [info] > git config --get commit.template [1ms]
2024-03-09 06:41:26.395 [info] > git for-each-ref --format=%(refname)%00%(upstream:short)%00%(objectname)%00%(upstream:track)%00%(upstream:remotename)%00%(upstream:remoteref) refs/heads/feat/form-2 refs/remotes/feat/form-2 [2ms]
2024-03-09 06:41:26.419 [info] > git status -z -uall [4ms]
2024-03-09 06:41:32.629 [info] > git config --get commit.template [2ms]
2024-03-09 06:41:32.652 [info] > git for-each-ref --format=%(refname)%00%(upstream:short)%00%(objectname)%00%(upstream:track)%00%(upstream:remotename)%00%(upstream:remoteref) refs/heads/feat/form-2 refs/remotes/feat/form-2 [1ms]
2024-03-09 06:41:32.679 [info] > git status -z -uall [4ms]
2024-03-09 06:41:37.707 [info] > git config --get commit.template [4ms]
2024-03-09 06:41:37.733 [info] > git for-each-ref --format=%(refname)%00%(upstream:short)%00%(objectname)%00%(upstream:track)%00%(upstream:remotename)%00%(upstream:remoteref) refs/heads/feat/form-2 refs/remotes/feat/form-2 [2ms]
2024-03-09 06:41:37.758 [info] > git status -z -uall [3ms]
2024-03-09 06:41:52.803 [info] > git config --get commit.template [1ms]
2024-03-09 06:41:52.823 [info] > git for-each-ref --format=%(refname)%00%(upstream:short)%00%(objectname)%00%(upstream:track)%00%(upstream:remotename)%00%(upstream:remoteref) refs/heads/feat/form-2 refs/remotes/feat/form-2 [0ms]
2024-03-09 06:41:52.845 [info] > git status -z -uall [2ms]
