2024-03-20 05:30:23.601 [info] Log level: Info
2024-03-20 05:30:23.601 [info] Validating found git in: "git"
2024-03-20 05:30:23.601 [info] Using git "2.37.3" from "git"
2024-03-20 05:30:23.601 [info] > git rev-parse --show-toplevel [28ms]
2024-03-20 05:30:23.601 [info] > git rev-parse --git-dir --git-common-dir [2ms]
2024-03-20 05:30:23.601 [info] Open repository: /home/coder/storewise-webapps
2024-03-20 05:30:23.601 [info] > git config --get commit.template [5ms]
2024-03-20 05:30:23.601 [info] > git rev-parse --show-toplevel [26ms]
2024-03-20 05:30:23.601 [info] > git for-each-ref --format=%(refname)%00%(upstream:short)%00%(objectname)%00%(upstream:track)%00%(upstream:remotename)%00%(upstream:remoteref) refs/heads/feat/internal-portal refs/remotes/feat/internal-portal [28ms]
2024-03-20 05:30:23.601 [info] > git rev-parse --show-toplevel [19ms]
2024-03-20 05:30:23.601 [info] > git rev-parse --show-toplevel [9ms]
2024-03-20 05:30:23.601 [info] > git status -z -uall [37ms]
2024-03-20 05:30:23.601 [info] > git rev-parse --show-toplevel [45ms]
2024-03-20 05:30:23.621 [info] > git config --get commit.template [21ms]
2024-03-20 05:30:23.622 [info] > git rev-parse --show-toplevel [3ms]
2024-03-20 05:30:23.678 [info] > git rev-parse --show-toplevel [13ms]
2024-03-20 05:30:23.679 [info] > git for-each-ref --format=%(refname)%00%(upstream:short)%00%(objectname)%00%(upstream:track)%00%(upstream:remotename)%00%(upstream:remoteref) refs/heads/feat/internal-portal refs/remotes/feat/internal-portal [35ms]
2024-03-20 05:30:23.700 [info] > git rev-parse --show-toplevel [3ms]
2024-03-20 05:30:23.751 [info] > git rev-parse --show-toplevel [27ms]
2024-03-20 05:30:23.752 [info] > git status -z -uall [6ms]
2024-03-20 05:30:23.803 [info] > git rev-parse --show-toplevel [14ms]
2024-03-20 05:30:23.825 [info] > git rev-parse --show-toplevel [1ms]
2024-03-20 05:30:23.854 [info] > git rev-parse --show-toplevel [7ms]
2024-03-20 05:30:24.513 [info] > git check-ignore -v -z --stdin [5ms]
2024-03-20 05:30:24.821 [info] > git fetch [1538ms]
2024-03-20 05:30:24.821 [info] /bin/sh: warning: setlocale: LC_ALL: cannot change locale (en_US.UTF-8)
From git+ssh://dev.storewise.in:6611/storewise-webapps
   e869655..9429e76  feat/internal-portal -> origin/feat/internal-portal
   57a61da..b727494  Skunew/Skutask       -> origin/Skunew/Skutask
2024-03-20 05:30:24.852 [info] > git config --get commit.template [1ms]
2024-03-20 05:30:24.899 [info] > git for-each-ref --format=%(refname)%00%(upstream:short)%00%(objectname)%00%(upstream:track)%00%(upstream:remotename)%00%(upstream:remoteref) refs/heads/feat/internal-portal refs/remotes/feat/internal-portal [4ms]
2024-03-20 05:30:24.928 [info] > git status -z -uall [4ms]
2024-03-20 05:30:26.267 [info] > git config --get commit.template [40ms]
2024-03-20 05:30:26.274 [info] > git for-each-ref --format=%(refname)%00%(upstream:short)%00%(objectname)%00%(upstream:track)%00%(upstream:remotename)%00%(upstream:remoteref) refs/heads/feat/internal-portal refs/remotes/feat/internal-portal [8ms]
2024-03-20 05:30:26.308 [info] > git status -z -uall [4ms]
2024-03-20 05:30:38.585 [info] > git merge-base refs/heads/feat/internal-portal refs/remotes/origin/feat/internal-portal [25ms]
2024-03-20 05:30:38.608 [info] > git rev-list --count --left-right refs/heads/feat/internal-portal...refs/remotes/origin/feat/internal-portal [2ms]
2024-03-20 05:30:38.914 [info] > git check-ignore -v -z --stdin [2ms]
2024-03-20 05:30:59.363 [info] > git check-ignore -v -z --stdin [4ms]
2024-03-20 05:31:02.760 [info] > git check-ignore -v -z --stdin [2ms]
2024-03-20 05:46:59.333 [info] > git fetch [1839ms]
2024-03-20 05:46:59.336 [info] /bin/sh: warning: setlocale: LC_ALL: cannot change locale (en_US.UTF-8)
2024-03-20 05:46:59.404 [info] > git config --get commit.template [26ms]
2024-03-20 05:46:59.408 [info] > git for-each-ref --format=%(refname)%00%(upstream:short)%00%(objectname)%00%(upstream:track)%00%(upstream:remotename)%00%(upstream:remoteref) refs/heads/feat/internal-portal refs/remotes/feat/internal-portal [8ms]
2024-03-20 05:46:59.472 [info] > git status -z -uall [38ms]
2024-03-20 05:47:00.529 [info] > git config --get commit.template [1ms]
2024-03-20 05:47:00.562 [info] > git for-each-ref --format=%(refname)%00%(upstream:short)%00%(objectname)%00%(upstream:track)%00%(upstream:remotename)%00%(upstream:remoteref) refs/heads/feat/internal-portal refs/remotes/feat/internal-portal [3ms]
2024-03-20 05:47:00.589 [info] > git status -z -uall [5ms]
2024-03-20 05:51:37.115 [info] > git fetch [946ms]
2024-03-20 05:51:37.115 [info] /bin/sh: warning: setlocale: LC_ALL: cannot change locale (en_US.UTF-8)
2024-03-20 05:51:37.172 [info] > git config --get commit.template [2ms]
2024-03-20 05:51:37.211 [info] > git for-each-ref --format=%(refname)%00%(upstream:short)%00%(objectname)%00%(upstream:track)%00%(upstream:remotename)%00%(upstream:remoteref) refs/heads/feat/internal-portal refs/remotes/feat/internal-portal [4ms]
2024-03-20 05:51:37.260 [info] > git status -z -uall [5ms]
2024-03-20 05:51:38.314 [info] > git config --get commit.template [1ms]
2024-03-20 05:51:38.364 [info] > git for-each-ref --format=%(refname)%00%(upstream:short)%00%(objectname)%00%(upstream:track)%00%(upstream:remotename)%00%(upstream:remoteref) refs/heads/feat/internal-portal refs/remotes/feat/internal-portal [1ms]
2024-03-20 05:51:38.400 [info] > git status -z -uall [1ms]
2024-03-20 05:54:38.058 [info] > git fetch [753ms]
2024-03-20 05:54:38.058 [info] /bin/sh: warning: setlocale: LC_ALL: cannot change locale (en_US.UTF-8)
2024-03-20 05:54:38.134 [info] > git config --get commit.template [2ms]
2024-03-20 05:54:38.175 [info] > git for-each-ref --format=%(refname)%00%(upstream:short)%00%(objectname)%00%(upstream:track)%00%(upstream:remotename)%00%(upstream:remoteref) refs/heads/feat/internal-portal refs/remotes/feat/internal-portal [3ms]
2024-03-20 05:54:38.206 [info] > git status -z -uall [5ms]
2024-03-20 05:54:39.310 [info] > git config --get commit.template [39ms]
2024-03-20 05:54:39.316 [info] > git for-each-ref --format=%(refname)%00%(upstream:short)%00%(objectname)%00%(upstream:track)%00%(upstream:remotename)%00%(upstream:remoteref) refs/heads/feat/internal-portal refs/remotes/feat/internal-portal [8ms]
2024-03-20 05:54:39.346 [info] > git status -z -uall [3ms]
2024-03-20 05:54:41.479 [info] > git log --format=%H%n%aN%n%aE%n%at%n%ct%n%P%n%D%n%B -z --shortstat --diff-merges=first-parent --author-date-order e86965565aef08200d75cd0d0179441544c63242..9429e766c09a172473f91035a74a66ef3db64f15 [55ms]
2024-03-20 05:54:41.483 [info] > git diff --shortstat e86965565aef08200d75cd0d0179441544c63242...9429e766c09a172473f91035a74a66ef3db64f15 [25ms]
2024-03-20 05:54:46.711 [info] > git check-ignore -v -z --stdin [3ms]
2024-03-20 05:57:39.605 [info] > git fetch [1337ms]
2024-03-20 05:57:39.605 [info] /bin/sh: warning: setlocale: LC_ALL: cannot change locale (en_US.UTF-8)
2024-03-20 05:57:39.628 [info] > git config --get commit.template [1ms]
2024-03-20 05:57:39.654 [info] > git for-each-ref --format=%(refname)%00%(upstream:short)%00%(objectname)%00%(upstream:track)%00%(upstream:remotename)%00%(upstream:remoteref) refs/heads/feat/internal-portal refs/remotes/feat/internal-portal [3ms]
2024-03-20 05:57:39.680 [info] > git status -z -uall [6ms]
2024-03-20 05:57:40.806 [info] > git config --get commit.template [2ms]
2024-03-20 05:57:40.846 [info] > git for-each-ref --format=%(refname)%00%(upstream:short)%00%(objectname)%00%(upstream:track)%00%(upstream:remotename)%00%(upstream:remoteref) refs/heads/feat/internal-portal refs/remotes/feat/internal-portal [2ms]
2024-03-20 05:57:40.885 [info] > git status -z -uall [5ms]
2024-03-20 05:58:49.113 [info] > git for-each-ref --sort -committerdate --format %(refname) %(objectname) %(*objectname) [21ms]
2024-03-20 06:00:57.203 [info] > git fetch [2024ms]
2024-03-20 06:00:57.203 [info] /bin/sh: warning: setlocale: LC_ALL: cannot change locale (en_US.UTF-8)
2024-03-20 06:00:57.251 [info] > git config --get commit.template [4ms]
2024-03-20 06:00:57.275 [info] > git for-each-ref --format=%(refname)%00%(upstream:short)%00%(objectname)%00%(upstream:track)%00%(upstream:remotename)%00%(upstream:remoteref) refs/heads/feat/internal-portal refs/remotes/feat/internal-portal [3ms]
2024-03-20 06:00:57.325 [info] > git status -z -uall [6ms]
2024-03-20 06:01:24.548 [info] > git config --get commit.template [96ms]
2024-03-20 06:01:24.621 [info] > git for-each-ref --format=%(refname)%00%(upstream:short)%00%(objectname)%00%(upstream:track)%00%(upstream:remotename)%00%(upstream:remoteref) refs/heads/feat/internal-portal refs/remotes/feat/internal-portal [85ms]
2024-03-20 06:01:24.823 [info] > git status -z -uall [21ms]
2024-03-20 06:10:29.699 [info] > git fetch [1595ms]
2024-03-20 06:10:29.699 [info] /bin/sh: warning: setlocale: LC_ALL: cannot change locale (en_US.UTF-8)
2024-03-20 06:10:29.782 [info] > git config --get commit.template [34ms]
2024-03-20 06:10:29.787 [info] > git for-each-ref --format=%(refname)%00%(upstream:short)%00%(objectname)%00%(upstream:track)%00%(upstream:remotename)%00%(upstream:remoteref) refs/heads/feat/internal-portal refs/remotes/feat/internal-portal [7ms]
2024-03-20 06:10:29.825 [info] > git status -z -uall [6ms]
2024-03-20 06:10:31.215 [info] > git config --get commit.template [1ms]
2024-03-20 06:10:31.236 [info] > git for-each-ref --format=%(refname)%00%(upstream:short)%00%(objectname)%00%(upstream:track)%00%(upstream:remotename)%00%(upstream:remoteref) refs/heads/feat/internal-portal refs/remotes/feat/internal-portal [1ms]
2024-03-20 06:10:31.272 [info] > git status -z -uall [1ms]
