0 verbose cli /usr/bin/node /usr/bin/npm
1 info using npm@10.2.3
2 info using node@v18.19.0
3 timing npm:load:whichnode Completed in 2ms
4 timing config:load:defaults Completed in 3ms
5 timing config:load:file:/usr/lib/node_modules/npm/npmrc Completed in 1ms
6 timing config:load:builtin Completed in 2ms
7 timing config:load:cli Completed in 6ms
8 timing config:load:env Completed in 1ms
9 timing config:load:file:/home/coder/.cache/typescript/5.3/.npmrc Completed in 1ms
10 timing config:load:project Completed in 14ms
11 timing config:load:file:/home/coder/.npmrc Completed in 1ms
12 timing config:load:user Completed in 1ms
13 timing config:load:file:/usr/etc/npmrc Completed in 1ms
14 timing config:load:global Completed in 1ms
15 timing config:load:setEnvs Completed in 1ms
16 timing config:load Completed in 29ms
17 timing npm:load:configload Completed in 29ms
18 timing config:load:flatten Completed in 3ms
19 timing npm:load:mkdirpcache Completed in 2ms
20 timing npm:load:mkdirplogs Completed in 0ms
21 verbose title npm install @types/prop-types@ts5.3 @types/react@ts5.3 @types/react-dom@ts5.3 @types/react-table@ts5.3 @types/validator@ts5.3 @types/eslint@ts5.3 @types/eslint-config-prettier@ts5.3 @types/eslint-plugin-prettier@ts5.3 @types/lint-staged@ts5.3
22 verbose argv "install" "--ignore-scripts" "@types/prop-types@ts5.3" "@types/react@ts5.3" "@types/react-dom@ts5.3" "@types/react-table@ts5.3" "@types/validator@ts5.3" "@types/eslint@ts5.3" "@types/eslint-config-prettier@ts5.3" "@types/eslint-plugin-prettier@ts5.3" "@types/lint-staged@ts5.3" "--save-dev" "--user-agent" "typesInstaller/5.3.2"
23 timing npm:load:setTitle Completed in 1ms
24 timing npm:load:display Completed in 1ms
25 verbose logfile logs-max:10 dir:/home/coder/.npm/_logs/2024-01-22T06_42_48_467Z-
26 verbose logfile /home/coder/.npm/_logs/2024-01-22T06_42_48_467Z-debug-0.log
27 timing npm:load:logFile Completed in 11ms
28 timing npm:load:timers Completed in 0ms
29 timing npm:load:configScope Completed in 1ms
30 timing npm:load Completed in 85ms
31 timing arborist:ctor Completed in 1ms
32 silly logfile done cleaning log files
33 timing idealTree:init Completed in 20ms
34 timing arborist:ctor Completed in 0ms
35 http fetch GET 200 https://registry.npmjs.org/@types%2flint-staged 225ms (cache miss)
36 http fetch GET 200 https://registry.npmjs.org/@types%2fprop-types 242ms (cache miss)
37 http fetch GET 200 https://registry.npmjs.org/@types%2fvalidator 250ms (cache miss)
38 http fetch GET 200 https://registry.npmjs.org/@types%2feslint 254ms (cache miss)
39 http fetch GET 200 https://registry.npmjs.org/@types%2freact-dom 261ms (cache miss)
40 http fetch GET 200 https://registry.npmjs.org/@types%2freact 278ms (cache miss)
41 http fetch GET 200 https://registry.npmjs.org/@types%2feslint-config-prettier 454ms (cache miss)
42 http fetch GET 200 https://registry.npmjs.org/@types%2feslint-plugin-prettier 615ms (cache miss)
43 http fetch GET 200 https://registry.npmjs.org/@types%2freact-table 1998ms (cache miss)
44 timing idealTree:userRequests Completed in 2014ms
45 silly idealTree buildDeps
46 silly fetch manifest @types/lint-staged@13.3.0
47 silly fetch manifest @types/prop-types@15.7.11
48 silly fetch manifest @types/validator@13.11.8
49 silly fetch manifest @types/eslint@8.56.2
50 silly fetch manifest @types/react-dom@18.2.18
51 silly fetch manifest @types/react@18.2.48
52 silly fetch manifest @types/eslint-config-prettier@6.11.3
53 silly fetch manifest @types/eslint-plugin-prettier@3.1.3
54 silly fetch manifest @types/react-table@7.7.19
55 silly placeDep ROOT @types/eslint@8.56.2 OK for:  want: 8.56.2
56 silly fetch manifest @types/estree@*
57 silly fetch manifest @types/json-schema@*
58 silly placeDep ROOT @types/eslint-config-prettier@6.11.3 OK for:  want: 6.11.3
59 silly placeDep ROOT @types/eslint-plugin-prettier@3.1.3 OK for:  want: 3.1.3
60 silly placeDep ROOT @types/lint-staged@13.3.0 OK for:  want: 13.3.0
61 silly placeDep ROOT @types/prop-types@15.7.11 OK for:  want: 15.7.11
62 silly placeDep ROOT @types/react@18.2.48 OK for:  want: 18.2.48
63 silly fetch manifest @types/scheduler@*
64 silly fetch manifest csstype@^3.0.2
65 silly placeDep ROOT @types/react-dom@18.2.18 OK for:  want: 18.2.18
66 silly placeDep ROOT @types/react-table@7.7.19 OK for:  want: 7.7.19
67 silly placeDep ROOT @types/validator@13.11.8 OK for:  want: 13.11.8
68 http fetch GET 200 https://registry.npmjs.org/csstype 61ms (cache miss)
69 http fetch GET 200 https://registry.npmjs.org/@types%2fjson-schema 75ms (cache miss)
70 http fetch GET 200 https://registry.npmjs.org/@types%2festree 80ms (cache miss)
71 http fetch GET 200 https://registry.npmjs.org/@types%2fscheduler 75ms (cache miss)
72 timing idealTree:#root Completed in 102ms
73 silly placeDep ROOT @types/estree@1.0.5 OK for: @types/eslint@8.56.2 want: *
74 silly placeDep ROOT @types/json-schema@7.0.15 OK for: @types/eslint@8.56.2 want: *
75 timing idealTree:node_modules/@types/eslint Completed in 4ms
76 timing idealTree:node_modules/@types/eslint-config-prettier Completed in 0ms
77 timing idealTree:node_modules/@types/eslint-plugin-prettier Completed in 0ms
78 timing idealTree:node_modules/@types/estree Completed in 0ms
79 timing idealTree:node_modules/@types/json-schema Completed in 0ms
80 timing idealTree:node_modules/@types/lint-staged Completed in 0ms
81 timing idealTree:node_modules/@types/prop-types Completed in 0ms
82 silly placeDep ROOT @types/scheduler@0.16.8 OK for: @types/react@18.2.48 want: *
83 silly placeDep ROOT csstype@3.1.3 OK for: @types/react@18.2.48 want: ^3.0.2
84 timing idealTree:node_modules/@types/react Completed in 4ms
85 timing idealTree:node_modules/@types/react-dom Completed in 0ms
86 timing idealTree:node_modules/@types/react-table Completed in 0ms
87 timing idealTree:node_modules/@types/scheduler Completed in 0ms
88 timing idealTree:node_modules/@types/validator Completed in 0ms
89 timing idealTree:node_modules/csstype Completed in 0ms
90 timing idealTree:buildDeps Completed in 113ms
91 timing idealTree:fixDepFlags Completed in 1ms
92 timing idealTree Completed in 2149ms
93 timing reify:loadTrees Completed in 2151ms
94 timing reify:diffTrees Completed in 3ms
95 silly reify moves {}
96 timing reify:retireShallow Completed in 2ms
97 timing reify:createSparse Completed in 5ms
98 timing reify:loadBundles Completed in 0ms
99 silly audit bulk request {
99 silly audit   'types-registry': [ '0.1.680' ],
99 silly audit   '@types/eslint': [ '8.56.2' ],
99 silly audit   '@types/eslint-config-prettier': [ '6.11.3' ],
99 silly audit   '@types/eslint-plugin-prettier': [ '3.1.3' ],
99 silly audit   '@types/lint-staged': [ '13.3.0' ],
99 silly audit   '@types/prop-types': [ '15.7.11' ],
99 silly audit   '@types/react': [ '18.2.48' ],
99 silly audit   '@types/react-dom': [ '18.2.18' ],
99 silly audit   '@types/react-table': [ '7.7.19' ],
99 silly audit   '@types/validator': [ '13.11.8' ],
99 silly audit   '@types/estree': [ '1.0.5' ],
99 silly audit   '@types/json-schema': [ '7.0.15' ],
99 silly audit   '@types/scheduler': [ '0.16.8' ],
99 silly audit   csstype: [ '3.1.3' ]
99 silly audit }
100 silly tarball no local data for csstype@https://registry.npmjs.org/csstype/-/csstype-3.1.3.tgz. Extracting by manifest.
101 silly tarball no local data for @types/scheduler@https://registry.npmjs.org/@types/scheduler/-/scheduler-0.16.8.tgz. Extracting by manifest.
102 silly tarball no local data for @types/estree@https://registry.npmjs.org/@types/estree/-/estree-1.0.5.tgz. Extracting by manifest.
103 silly tarball no local data for @types/validator@https://registry.npmjs.org/@types/validator/-/validator-13.11.8.tgz. Extracting by manifest.
104 silly tarball no local data for @types/react-table@https://registry.npmjs.org/@types/react-table/-/react-table-7.7.19.tgz. Extracting by manifest.
105 silly tarball no local data for @types/react-dom@https://registry.npmjs.org/@types/react-dom/-/react-dom-18.2.18.tgz. Extracting by manifest.
106 silly tarball no local data for @types/react@https://registry.npmjs.org/@types/react/-/react-18.2.48.tgz. Extracting by manifest.
107 silly tarball no local data for @types/prop-types@https://registry.npmjs.org/@types/prop-types/-/prop-types-15.7.11.tgz. Extracting by manifest.
108 silly tarball no local data for @types/lint-staged@https://registry.npmjs.org/@types/lint-staged/-/lint-staged-13.3.0.tgz. Extracting by manifest.
109 silly tarball no local data for @types/eslint-plugin-prettier@https://registry.npmjs.org/@types/eslint-plugin-prettier/-/eslint-plugin-prettier-3.1.3.tgz. Extracting by manifest.
110 silly tarball no local data for @types/eslint-config-prettier@https://registry.npmjs.org/@types/eslint-config-prettier/-/eslint-config-prettier-6.11.3.tgz. Extracting by manifest.
111 silly tarball no local data for @types/eslint@https://registry.npmjs.org/@types/eslint/-/eslint-8.56.2.tgz. Extracting by manifest.
112 silly tarball no local data for @types/json-schema@https://registry.npmjs.org/@types/json-schema/-/json-schema-7.0.15.tgz. Extracting by manifest.
113 http fetch POST 200 https://registry.npmjs.org/-/npm/v1/security/advisories/bulk 229ms
114 timing auditReport:getReport Completed in 233ms
115 silly audit report {}
116 timing auditReport:init Completed in 0ms
117 timing reify:audit Completed in 233ms
118 http fetch GET 200 https://registry.npmjs.org/@types/prop-types/-/prop-types-15.7.11.tgz 209ms (cache miss)
119 timing reifyNode:node_modules/@types/prop-types Completed in 235ms
120 http fetch GET 200 https://registry.npmjs.org/@types/scheduler/-/scheduler-0.16.8.tgz 216ms (cache miss)
121 timing reifyNode:node_modules/@types/scheduler Completed in 238ms
122 http fetch GET 200 https://registry.npmjs.org/@types/estree/-/estree-1.0.5.tgz 217ms (cache miss)
123 timing reifyNode:node_modules/@types/estree Completed in 240ms
124 http fetch GET 200 https://registry.npmjs.org/@types/react-dom/-/react-dom-18.2.18.tgz 260ms (cache miss)
125 timing reifyNode:node_modules/@types/react-dom Completed in 285ms
126 http fetch GET 200 https://registry.npmjs.org/@types/lint-staged/-/lint-staged-13.3.0.tgz 259ms (cache miss)
127 timing reifyNode:node_modules/@types/lint-staged Completed in 286ms
128 http fetch GET 200 https://registry.npmjs.org/@types/json-schema/-/json-schema-7.0.15.tgz 262ms (cache miss)
129 timing reifyNode:node_modules/@types/json-schema Completed in 318ms
130 http fetch GET 200 https://registry.npmjs.org/@types/react-table/-/react-table-7.7.19.tgz 301ms (cache miss)
131 timing reifyNode:node_modules/@types/react-table Completed in 326ms
132 http fetch GET 200 https://registry.npmjs.org/@types/eslint/-/eslint-8.56.2.tgz 343ms (cache miss)
133 timing reifyNode:node_modules/@types/eslint Completed in 376ms
134 http fetch GET 200 https://registry.npmjs.org/@types/react/-/react-18.2.48.tgz 355ms (cache miss)
135 timing reifyNode:node_modules/@types/react Completed in 380ms
136 http fetch GET 200 https://registry.npmjs.org/csstype/-/csstype-3.1.3.tgz 386ms (cache miss)
137 timing reifyNode:node_modules/csstype Completed in 409ms
138 http fetch GET 200 https://registry.npmjs.org/@types/validator/-/validator-13.11.8.tgz 435ms (cache miss)
139 timing reifyNode:node_modules/@types/validator Completed in 459ms
140 http fetch GET 200 https://registry.npmjs.org/@types/eslint-config-prettier/-/eslint-config-prettier-6.11.3.tgz 918ms (cache miss)
141 timing reifyNode:node_modules/@types/eslint-config-prettier Completed in 948ms
142 http fetch GET 200 https://registry.npmjs.org/@types/eslint-plugin-prettier/-/eslint-plugin-prettier-3.1.3.tgz 945ms (cache miss)
143 timing reifyNode:node_modules/@types/eslint-plugin-prettier Completed in 973ms
144 timing reify:unpack Completed in 975ms
145 timing reify:unretire Completed in 1ms
146 timing build:queue Completed in 2ms
147 timing build:deps Completed in 2ms
148 timing build Completed in 2ms
149 timing reify:build Completed in 2ms
150 timing reify:trash Completed in 0ms
151 timing reify:save Completed in 17ms
152 timing reify Completed in 3178ms
153 silly ADD node_modules/csstype
154 silly ADD node_modules/@types/scheduler
155 silly ADD node_modules/@types/json-schema
156 silly ADD node_modules/@types/estree
157 silly ADD node_modules/@types/validator
158 silly ADD node_modules/@types/react-table
159 silly ADD node_modules/@types/react-dom
160 silly ADD node_modules/@types/react
161 silly ADD node_modules/@types/prop-types
162 silly ADD node_modules/@types/lint-staged
163 silly ADD node_modules/@types/eslint-plugin-prettier
164 silly ADD node_modules/@types/eslint-config-prettier
165 silly ADD node_modules/@types/eslint
166 timing command:install Completed in 3187ms
167 verbose exit 0
168 timing npm Completed in 3546ms
169 info ok
