0 verbose cli /usr/bin/node /usr/bin/npm
1 info using npm@10.2.3
2 info using node@v18.19.0
3 timing npm:load:whichnode Completed in 131ms
4 timing config:load:defaults Completed in 42ms
5 timing config:load:file:/usr/lib/node_modules/npm/npmrc Completed in 2ms
6 timing config:load:builtin Completed in 4ms
7 timing config:load:cli Completed in 16ms
8 timing config:load:env Completed in 1ms
9 timing config:load:file:/home/coder/.cache/typescript/5.3/.npmrc Completed in 0ms
10 timing config:load:project Completed in 7ms
11 timing config:load:file:/home/coder/.npmrc Completed in 4ms
12 timing config:load:user Completed in 4ms
13 timing config:load:file:/usr/etc/npmrc Completed in 0ms
14 timing config:load:global Completed in 1ms
15 timing config:load:setEnvs Completed in 1ms
16 timing config:load Completed in 76ms
17 timing npm:load:configload Completed in 76ms
18 timing config:load:flatten Completed in 13ms
19 timing npm:load:mkdirpcache Completed in 8ms
20 timing npm:load:mkdirplogs Completed in 19ms
21 verbose title npm install @types/prop-types@ts5.3 @types/react@ts5.3 @types/react-dom@ts5.3 @types/react-table@ts5.3 @types/validator@ts5.3 @types/eslint@ts5.3 @types/eslint-config-prettier@ts5.3 @types/eslint-plugin-prettier@ts5.3 @types/lint-staged@ts5.3
22 verbose argv "install" "--ignore-scripts" "@types/prop-types@ts5.3" "@types/react@ts5.3" "@types/react-dom@ts5.3" "@types/react-table@ts5.3" "@types/validator@ts5.3" "@types/eslint@ts5.3" "@types/eslint-config-prettier@ts5.3" "@types/eslint-plugin-prettier@ts5.3" "@types/lint-staged@ts5.3" "--save-dev" "--user-agent" "typesInstaller/5.3.2"
23 timing npm:load:setTitle Completed in 3ms
24 timing npm:load:display Completed in 1ms
25 verbose logfile logs-max:10 dir:/home/coder/.npm/_logs/2024-01-22T06_45_05_179Z-
26 verbose logfile /home/coder/.npm/_logs/2024-01-22T06_45_05_179Z-debug-0.log
27 timing npm:load:logFile Completed in 31ms
28 timing npm:load:timers Completed in 0ms
29 timing npm:load:configScope Completed in 0ms
30 timing npm:load Completed in 346ms
31 timing arborist:ctor Completed in 1ms
32 silly logfile done cleaning log files
33 timing idealTree:init Completed in 188ms
34 timing arborist:ctor Completed in 0ms
35 http fetch GET 200 https://registry.npmjs.org/@types%2fprop-types 120ms (cache hit)
36 http fetch GET 200 https://registry.npmjs.org/@types%2freact 123ms (cache hit)
37 http fetch GET 200 https://registry.npmjs.org/@types%2freact-dom 129ms (cache hit)
38 http fetch GET 200 https://registry.npmjs.org/@types%2freact-table 130ms (cache hit)
39 http fetch GET 200 https://registry.npmjs.org/@types%2fvalidator 132ms (cache hit)
40 http fetch GET 200 https://registry.npmjs.org/@types%2feslint 132ms (cache hit)
41 http fetch GET 200 https://registry.npmjs.org/@types%2feslint-config-prettier 133ms (cache hit)
42 http fetch GET 200 https://registry.npmjs.org/@types%2feslint-plugin-prettier 134ms (cache hit)
43 http fetch GET 200 https://registry.npmjs.org/@types%2flint-staged 134ms (cache hit)
44 timing idealTree:userRequests Completed in 148ms
45 silly idealTree buildDeps
46 silly fetch manifest @types/eslint@8.56.2
47 silly fetch manifest @types/eslint-config-prettier@6.11.3
48 silly fetch manifest @types/eslint-plugin-prettier@3.1.3
49 silly fetch manifest @types/lint-staged@13.3.0
50 silly fetch manifest @types/prop-types@15.7.11
51 silly fetch manifest @types/react@18.2.48
52 silly fetch manifest @types/react-dom@18.2.18
53 silly fetch manifest @types/react-table@7.7.19
54 silly fetch manifest @types/validator@13.11.8
55 silly placeDep ROOT @types/eslint@8.56.2 REPLACE for:  want: 8.56.2
56 silly placeDep ROOT @types/eslint-config-prettier@6.11.3 REPLACE for:  want: 6.11.3
57 silly placeDep ROOT @types/eslint-plugin-prettier@3.1.3 REPLACE for:  want: 3.1.3
58 silly placeDep ROOT @types/lint-staged@13.3.0 REPLACE for:  want: 13.3.0
59 silly placeDep ROOT @types/prop-types@15.7.11 REPLACE for:  want: 15.7.11
60 silly placeDep ROOT @types/react@18.2.48 REPLACE for:  want: 18.2.48
61 silly placeDep ROOT @types/react-dom@18.2.18 REPLACE for:  want: 18.2.18
62 silly placeDep ROOT @types/react-table@7.7.19 REPLACE for:  want: 7.7.19
63 silly placeDep ROOT @types/validator@13.11.8 REPLACE for:  want: 13.11.8
64 timing idealTree:#root Completed in 47ms
65 timing idealTree:node_modules/@types/eslint Completed in 0ms
66 timing idealTree:node_modules/@types/eslint-config-prettier Completed in 0ms
67 timing idealTree:node_modules/@types/eslint-plugin-prettier Completed in 0ms
68 timing idealTree:node_modules/@types/lint-staged Completed in 0ms
69 timing idealTree:node_modules/@types/prop-types Completed in 0ms
70 timing idealTree:node_modules/@types/react Completed in 0ms
71 timing idealTree:node_modules/@types/react-dom Completed in 0ms
72 timing idealTree:node_modules/@types/react-table Completed in 0ms
73 timing idealTree:node_modules/@types/validator Completed in 0ms
74 timing idealTree:buildDeps Completed in 50ms
75 timing idealTree:fixDepFlags Completed in 0ms
76 timing idealTree Completed in 387ms
77 timing reify:loadTrees Completed in 389ms
78 timing reify:diffTrees Completed in 2ms
79 silly reify moves {}
80 timing reify:retireShallow Completed in 2ms
81 timing reify:createSparse Completed in 0ms
82 timing reify:loadBundles Completed in 0ms
83 silly audit bulk request {
83 silly audit   '@types/estree': [ '1.0.5' ],
83 silly audit   '@types/json-schema': [ '7.0.15' ],
83 silly audit   '@types/scheduler': [ '0.16.8' ],
83 silly audit   csstype: [ '3.1.3' ],
83 silly audit   'types-registry': [ '0.1.680' ],
83 silly audit   '@types/eslint': [ '8.56.2' ],
83 silly audit   '@types/eslint-config-prettier': [ '6.11.3' ],
83 silly audit   '@types/eslint-plugin-prettier': [ '3.1.3' ],
83 silly audit   '@types/lint-staged': [ '13.3.0' ],
83 silly audit   '@types/prop-types': [ '15.7.11' ],
83 silly audit   '@types/react': [ '18.2.48' ],
83 silly audit   '@types/react-dom': [ '18.2.18' ],
83 silly audit   '@types/react-table': [ '7.7.19' ],
83 silly audit   '@types/validator': [ '13.11.8' ]
83 silly audit }
84 timing reify:unpack Completed in 3ms
85 timing reify:unretire Completed in 45ms
86 timing build:queue Completed in 0ms
87 timing build:deps Completed in 0ms
88 timing build Completed in 0ms
89 timing reify:build Completed in 0ms
90 timing reify:trash Completed in 0ms
91 timing reify:save Completed in 34ms
92 http fetch POST 200 https://registry.npmjs.org/-/npm/v1/security/advisories/bulk 330ms
93 timing auditReport:getReport Completed in 333ms
94 silly audit report {}
95 timing auditReport:init Completed in 0ms
96 timing reify:audit Completed in 334ms
97 timing reify Completed in 846ms
98 timing command:install Completed in 854ms
99 verbose exit 0
100 timing npm Completed in 1660ms
101 info ok
