0 verbose cli /usr/bin/node /usr/bin/npm
1 info using npm@10.2.3
2 info using node@v18.19.0
3 timing npm:load:whichnode Completed in 13ms
4 timing config:load:defaults Completed in 5ms
5 timing config:load:file:/usr/lib/node_modules/npm/npmrc Completed in 11ms
6 timing config:load:builtin Completed in 13ms
7 timing config:load:cli Completed in 9ms
8 timing config:load:env Completed in 1ms
9 timing config:load:file:/home/coder/.cache/typescript/5.3/.npmrc Completed in 1ms
10 timing config:load:project Completed in 42ms
11 timing config:load:file:/home/coder/.npmrc Completed in 1ms
12 timing config:load:user Completed in 2ms
13 timing config:load:file:/usr/etc/npmrc Completed in 22ms
14 timing config:load:global Completed in 22ms
15 timing config:load:setEnvs Completed in 1ms
16 timing config:load Completed in 96ms
17 timing npm:load:configload Completed in 96ms
18 timing config:load:flatten Completed in 4ms
19 timing npm:load:mkdirpcache Completed in 5ms
20 timing npm:load:mkdirplogs Completed in 12ms
21 verbose title npm install types-registry@latest
22 verbose argv "install" "--ignore-scripts" "types-registry@latest"
23 timing npm:load:setTitle Completed in 2ms
24 timing npm:load:display Completed in 1ms
25 verbose logfile logs-max:10 dir:/home/coder/.npm/_logs/2024-01-22T06_45_03_067Z-
26 verbose logfile /home/coder/.npm/_logs/2024-01-22T06_45_03_067Z-debug-0.log
27 timing npm:load:logFile Completed in 15ms
28 timing npm:load:timers Completed in 0ms
29 timing npm:load:configScope Completed in 0ms
30 timing npm:load Completed in 220ms
31 timing arborist:ctor Completed in 1ms
32 silly logfile done cleaning log files
33 timing idealTree:init Completed in 44ms
34 timing arborist:ctor Completed in 0ms
35 http fetch GET 200 https://registry.npmjs.org/types-registry 95ms (cache hit)
36 timing idealTree:userRequests Completed in 108ms
37 silly idealTree buildDeps
38 silly fetch manifest types-registry@0.1.680
39 silly placeDep ROOT types-registry@0.1.680 REPLACE for:  want: 0.1.680
40 timing idealTree:#root Completed in 17ms
41 timing idealTree:node_modules/types-registry Completed in 0ms
42 timing idealTree:buildDeps Completed in 26ms
43 timing idealTree:fixDepFlags Completed in 8ms
44 timing idealTree Completed in 188ms
45 timing reify:loadTrees Completed in 190ms
46 timing reify:diffTrees Completed in 3ms
47 silly reify moves {}
48 timing reify:retireShallow Completed in 2ms
49 timing reify:createSparse Completed in 0ms
50 timing reify:loadBundles Completed in 0ms
51 silly audit bulk request {
51 silly audit   '@types/eslint': [ '8.56.2' ],
51 silly audit   '@types/eslint-config-prettier': [ '6.11.3' ],
51 silly audit   '@types/eslint-plugin-prettier': [ '3.1.3' ],
51 silly audit   '@types/estree': [ '1.0.5' ],
51 silly audit   '@types/json-schema': [ '7.0.15' ],
51 silly audit   '@types/lint-staged': [ '13.3.0' ],
51 silly audit   '@types/prop-types': [ '15.7.11' ],
51 silly audit   '@types/react': [ '18.2.48' ],
51 silly audit   '@types/react-dom': [ '18.2.18' ],
51 silly audit   '@types/react-table': [ '7.7.19' ],
51 silly audit   '@types/scheduler': [ '0.16.8' ],
51 silly audit   '@types/validator': [ '13.11.8' ],
51 silly audit   csstype: [ '3.1.3' ],
51 silly audit   'types-registry': [ '0.1.680' ]
51 silly audit }
52 timing reify:unpack Completed in 3ms
53 timing reify:unretire Completed in 51ms
54 timing build:queue Completed in 0ms
55 timing build:deps Completed in 0ms
56 timing build Completed in 0ms
57 timing reify:build Completed in 1ms
58 timing reify:trash Completed in 0ms
59 timing reify:save Completed in 50ms
60 http fetch POST 200 https://registry.npmjs.org/-/npm/v1/security/advisories/bulk 327ms
61 timing auditReport:getReport Completed in 335ms
62 silly audit report {}
63 timing auditReport:init Completed in 0ms
64 timing reify:audit Completed in 337ms
65 timing reify Completed in 547ms
66 timing command:install Completed in 563ms
67 verbose exit 0
68 timing npm Completed in 1207ms
69 info ok
