0 verbose cli /usr/bin/node /usr/bin/npm
1 info using npm@10.2.3
2 info using node@v18.19.0
3 timing npm:load:whichnode Completed in 2ms
4 timing config:load:defaults Completed in 2ms
5 timing config:load:file:/usr/lib/node_modules/npm/npmrc Completed in 4ms
6 timing config:load:builtin Completed in 5ms
7 timing config:load:cli Completed in 5ms
8 timing config:load:env Completed in 0ms
9 timing config:load:file:/home/coder/.cache/typescript/4.9/.npmrc Completed in 1ms
10 timing config:load:project Completed in 13ms
11 timing config:load:file:/home/coder/.npmrc Completed in 0ms
12 timing config:load:user Completed in 0ms
13 timing config:load:file:/usr/etc/npmrc Completed in 0ms
14 timing config:load:global Completed in 0ms
15 timing config:load:setEnvs Completed in 1ms
16 timing config:load Completed in 27ms
17 timing npm:load:configload Completed in 27ms
18 timing config:load:flatten Completed in 4ms
19 timing npm:load:mkdirpcache Completed in 0ms
20 timing npm:load:mkdirplogs Completed in 1ms
21 verbose title npm install types-registry@latest
22 verbose argv "install" "--ignore-scripts" "types-registry@latest"
23 timing npm:load:setTitle Completed in 1ms
24 timing npm:load:display Completed in 1ms
25 verbose logfile logs-max:10 dir:/home/coder/.npm/_logs/2024-01-22T05_37_16_210Z-
26 verbose logfile /home/coder/.npm/_logs/2024-01-22T05_37_16_210Z-debug-0.log
27 timing npm:load:logFile Completed in 10ms
28 timing npm:load:timers Completed in 0ms
29 timing npm:load:configScope Completed in 0ms
30 timing npm:load Completed in 62ms
31 timing arborist:ctor Completed in 1ms
32 silly logfile done cleaning log files
33 timing arborist:ctor Completed in 0ms
34 timing idealTree:init Completed in 15ms
35 http fetch GET 200 https://registry.npmjs.org/types-registry 169ms (cache revalidated)
36 timing idealTree:userRequests Completed in 185ms
37 silly idealTree buildDeps
38 silly fetch manifest types-registry@0.1.680
39 silly placeDep ROOT types-registry@0.1.680 OK for:  want: 0.1.680
40 timing idealTree:#root Completed in 7ms
41 timing idealTree:node_modules/types-registry Completed in 0ms
42 timing idealTree:buildDeps Completed in 9ms
43 timing idealTree:fixDepFlags Completed in 0ms
44 timing idealTree Completed in 211ms
45 timing reify:loadTrees Completed in 212ms
46 timing reify:diffTrees Completed in 1ms
47 silly reify moves {}
48 timing reify:retireShallow Completed in 1ms
49 timing reify:createSparse Completed in 1ms
50 timing reify:loadBundles Completed in 0ms
51 silly audit bulk request { 'types-registry': [ '0.1.680' ] }
52 timing reifyNode:node_modules/types-registry Completed in 89ms
53 timing reify:unpack Completed in 90ms
54 timing reify:unretire Completed in 0ms
55 timing build:queue Completed in 1ms
56 timing build:deps Completed in 1ms
57 timing build Completed in 1ms
58 timing reify:build Completed in 2ms
59 timing reify:trash Completed in 0ms
60 timing reify:save Completed in 9ms
61 http fetch POST 200 https://registry.npmjs.org/-/npm/v1/security/advisories/bulk 209ms
62 timing auditReport:getReport Completed in 211ms
63 silly audit report {}
64 timing auditReport:init Completed in 0ms
65 timing reify:audit Completed in 212ms
66 timing reify Completed in 434ms
67 silly ADD node_modules/types-registry
68 timing command:install Completed in 442ms
69 verbose exit 0
70 timing npm Completed in 756ms
71 info ok
