2024-03-02 11:02:01.378 [info] Log level: Info
2024-03-02 11:02:01.379 [info] Validating found git in: "git"
2024-03-02 11:02:01.379 [info] Using git "2.37.3" from "git"
2024-03-02 11:02:01.379 [info] > git rev-parse --show-toplevel [6ms]
2024-03-02 11:02:01.379 [info] > git rev-parse --git-dir --git-common-dir [7ms]
2024-03-02 11:02:01.379 [info] Open repository: /home/coder/storewise-webapps
2024-03-02 11:02:01.379 [info] > git config --get commit.template [70ms]
2024-03-02 11:02:01.379 [info] > git rev-parse --show-toplevel [11ms]
2024-03-02 11:02:01.379 [info] > git for-each-ref --format=%(refname)%00%(upstream:short)%00%(objectname)%00%(upstream:track)%00%(upstream:remotename)%00%(upstream:remoteref) refs/heads/feat/leaflet-map refs/remotes/feat/leaflet-map [48ms]
2024-03-02 11:02:01.379 [info] > git status -z -uall [11ms]
2024-03-02 11:02:01.379 [info] > git rev-parse --show-toplevel [70ms]
2024-03-02 11:02:01.379 [info] > git config --get commit.template [69ms]
2024-03-02 11:02:01.411 [info] > git rev-parse --show-toplevel [73ms]
2024-03-02 11:02:01.497 [info] > git rev-parse --show-toplevel [3ms]
2024-03-02 11:02:01.498 [info] > git for-each-ref --format=%(refname)%00%(upstream:short)%00%(objectname)%00%(upstream:track)%00%(upstream:remotename)%00%(upstream:remoteref) refs/heads/feat/leaflet-map refs/remotes/feat/leaflet-map [89ms]
2024-03-02 11:02:01.584 [info] > git status -z -uall [40ms]
2024-03-02 11:02:01.606 [info] > git rev-parse --show-toplevel [25ms]
2024-03-02 11:02:01.688 [info] > git rev-parse --show-toplevel [45ms]
2024-03-02 11:02:01.726 [info] > git rev-parse --show-toplevel [6ms]
2024-03-02 11:02:01.771 [info] > git rev-parse --show-toplevel [27ms]
2024-03-02 11:02:01.817 [info] > git rev-parse --show-toplevel [14ms]
2024-03-02 11:02:01.899 [info] > git rev-parse --show-toplevel [12ms]
2024-03-02 11:02:02.038 [info] > git rev-parse --show-toplevel [95ms]
2024-03-02 11:02:02.113 [info] > git check-ignore -v -z --stdin [51ms]
2024-03-02 11:02:02.131 [info] > git rev-parse --show-toplevel [21ms]
2024-03-02 11:02:02.699 [info] > git fetch [1727ms]
2024-03-02 11:02:02.699 [info] /bin/sh: warning: setlocale: LC_ALL: cannot change locale (en_US.UTF-8)
2024-03-02 11:02:02.731 [info] > git config --get commit.template [7ms]
2024-03-02 11:02:02.765 [info] > git for-each-ref --format=%(refname)%00%(upstream:short)%00%(objectname)%00%(upstream:track)%00%(upstream:remotename)%00%(upstream:remoteref) refs/heads/feat/leaflet-map refs/remotes/feat/leaflet-map [6ms]
2024-03-02 11:02:02.839 [info] > git status -z -uall [39ms]
2024-03-02 11:02:03.603 [info] > git show --textconv :storewise-skemengine/app/(partner-interest)/map/page.tsx [27ms]
2024-03-02 11:02:03.605 [info] > git ls-files --stage -- /home/coder/storewise-webapps/storewise-skemengine/app/(partner-interest)/map/page.tsx [3ms]
2024-03-02 11:02:03.633 [info] > git cat-file -s 751882d479134dd6735bb2a31699eabf71b92f85 [4ms]
2024-03-02 11:02:04.004 [info] > git config --get commit.template [68ms]
2024-03-02 11:02:04.034 [info] > git for-each-ref --format=%(refname)%00%(upstream:short)%00%(objectname)%00%(upstream:track)%00%(upstream:remotename)%00%(upstream:remoteref) refs/heads/feat/leaflet-map refs/remotes/feat/leaflet-map [1ms]
2024-03-02 11:02:04.076 [info] > git status -z -uall [11ms]
2024-03-02 11:02:04.324 [info] > git ls-files --stage -- /home/coder/storewise-webapps/storewise-skemengine/app/(partner-interest)/map/page.tsx [6ms]
2024-03-02 11:02:04.359 [info] > git cat-file -s 751882d479134dd6735bb2a31699eabf71b92f85 [9ms]
2024-03-02 11:02:04.545 [info] > git show --textconv :storewise-skemengine/app/(partner-interest)/map/page.tsx [1ms]
2024-03-02 11:02:27.292 [info] > git config --get commit.template [1ms]
2024-03-02 11:02:27.318 [info] > git for-each-ref --format=%(refname)%00%(upstream:short)%00%(objectname)%00%(upstream:track)%00%(upstream:remotename)%00%(upstream:remoteref) refs/heads/feat/leaflet-map refs/remotes/feat/leaflet-map [1ms]
2024-03-02 11:02:27.346 [info] > git status -z -uall [4ms]
2024-03-02 11:05:22.592 [info] > git fetch [669ms]
2024-03-02 11:05:22.592 [info] /bin/sh: warning: setlocale: LC_ALL: cannot change locale (en_US.UTF-8)
2024-03-02 11:05:22.655 [info] > git for-each-ref --format=%(refname)%00%(upstream:short)%00%(objectname)%00%(upstream:track)%00%(upstream:remotename)%00%(upstream:remoteref) refs/heads/feat/leaflet-map refs/remotes/feat/leaflet-map [1ms]
2024-03-02 11:05:22.656 [info] > git config --get commit.template [34ms]
2024-03-02 11:05:22.700 [info] > git status -z -uall [4ms]
2024-03-02 11:05:23.828 [info] > git for-each-ref --format=%(refname)%00%(upstream:short)%00%(objectname)%00%(upstream:track)%00%(upstream:remotename)%00%(upstream:remoteref) refs/heads/feat/leaflet-map refs/remotes/feat/leaflet-map [2ms]
2024-03-02 11:05:23.829 [info] > git config --get commit.template [23ms]
2024-03-02 11:05:23.861 [info] > git status -z -uall [6ms]
2024-03-02 11:05:24.045 [info] > git ls-files --stage -- /home/coder/storewise-webapps/storewise-skemengine/app/(partner-interest)/map/page.tsx [2ms]
2024-03-02 11:05:24.066 [info] > git cat-file -s 751882d479134dd6735bb2a31699eabf71b92f85 [3ms]
2024-03-02 11:05:24.265 [info] > git show --textconv :storewise-skemengine/app/(partner-interest)/map/page.tsx [2ms]
2024-03-02 11:11:26.081 [info] > git fetch [531ms]
2024-03-02 11:11:26.081 [info] /bin/sh: warning: setlocale: LC_ALL: cannot change locale (en_US.UTF-8)
2024-03-02 11:11:26.104 [info] > git config --get commit.template [1ms]
2024-03-02 11:11:26.125 [info] > git for-each-ref --format=%(refname)%00%(upstream:short)%00%(objectname)%00%(upstream:track)%00%(upstream:remotename)%00%(upstream:remoteref) refs/heads/feat/leaflet-map refs/remotes/feat/leaflet-map [2ms]
2024-03-02 11:11:26.152 [info] > git status -z -uall [5ms]
2024-03-02 11:11:30.151 [info] > git config --get commit.template [2ms]
2024-03-02 11:11:30.174 [info] > git for-each-ref --format=%(refname)%00%(upstream:short)%00%(objectname)%00%(upstream:track)%00%(upstream:remotename)%00%(upstream:remoteref) refs/heads/feat/leaflet-map refs/remotes/feat/leaflet-map [1ms]
2024-03-02 11:11:30.197 [info] > git status -z -uall [2ms]
2024-03-02 11:11:30.325 [info] > git ls-files --stage -- /home/coder/storewise-webapps/storewise-skemengine/app/(partner-interest)/map/page.tsx [1ms]
2024-03-02 11:11:30.345 [info] > git cat-file -s 751882d479134dd6735bb2a31699eabf71b92f85 [1ms]
2024-03-02 11:11:30.485 [info] > git show --textconv :storewise-skemengine/app/(partner-interest)/map/page.tsx [4ms]
2024-03-02 11:11:58.490 [info] > git config --get commit.template [1ms]
2024-03-02 11:11:58.510 [info] > git for-each-ref --format=%(refname)%00%(upstream:short)%00%(objectname)%00%(upstream:track)%00%(upstream:remotename)%00%(upstream:remoteref) refs/heads/feat/leaflet-map refs/remotes/feat/leaflet-map [1ms]
2024-03-02 11:11:58.535 [info] > git status -z -uall [4ms]
2024-03-02 11:12:03.564 [info] > git config --get commit.template [2ms]
2024-03-02 11:12:03.594 [info] > git for-each-ref --format=%(refname)%00%(upstream:short)%00%(objectname)%00%(upstream:track)%00%(upstream:remotename)%00%(upstream:remoteref) refs/heads/feat/leaflet-map refs/remotes/feat/leaflet-map [2ms]
2024-03-02 11:12:03.617 [info] > git status -z -uall [2ms]
2024-03-02 11:12:20.038 [info] > git config --get commit.template [1ms]
2024-03-02 11:12:20.068 [info] > git for-each-ref --format=%(refname)%00%(upstream:short)%00%(objectname)%00%(upstream:track)%00%(upstream:remotename)%00%(upstream:remoteref) refs/heads/feat/leaflet-map refs/remotes/feat/leaflet-map [1ms]
2024-03-02 11:12:20.108 [info] > git status -z -uall [5ms]
2024-03-02 11:12:59.189 [info] > git check-ignore -v -z --stdin [3ms]
2024-03-02 11:12:59.571 [info] > git show --textconv :storewise-skemengine/app/(partner-interest)/map/_components/map-controller.tsx [44ms]
2024-03-02 11:12:59.571 [info] > git ls-files --stage -- /home/coder/storewise-webapps/storewise-skemengine/app/(partner-interest)/map/_components/map-controller.tsx [11ms]
2024-03-02 11:12:59.604 [info] > git cat-file -s 217455c8c1e2f7e7c994a8321c04a9d1c529e017 [5ms]
2024-03-02 11:13:06.724 [info] > git config --get commit.template [2ms]
2024-03-02 11:13:06.752 [info] > git for-each-ref --format=%(refname)%00%(upstream:short)%00%(objectname)%00%(upstream:track)%00%(upstream:remotename)%00%(upstream:remoteref) refs/heads/feat/leaflet-map refs/remotes/feat/leaflet-map [2ms]
2024-03-02 11:13:06.779 [info] > git status -z -uall [7ms]
2024-03-02 11:13:29.314 [info] > git show --textconv :storewise-skemengine/app/(partner-interest)/map/page.tsx [19ms]
2024-03-02 11:13:29.316 [info] > git ls-files --stage -- /home/coder/storewise-webapps/storewise-skemengine/app/(partner-interest)/map/page.tsx [6ms]
2024-03-02 11:13:29.353 [info] > git cat-file -s 751882d479134dd6735bb2a31699eabf71b92f85 [6ms]
2024-03-02 11:14:26.728 [info] > git fetch [544ms]
2024-03-02 11:14:26.728 [info] /bin/sh: warning: setlocale: LC_ALL: cannot change locale (en_US.UTF-8)
2024-03-02 11:14:26.754 [info] > git config --get commit.template [2ms]
2024-03-02 11:14:26.777 [info] > git for-each-ref --format=%(refname)%00%(upstream:short)%00%(objectname)%00%(upstream:track)%00%(upstream:remotename)%00%(upstream:remoteref) refs/heads/feat/leaflet-map refs/remotes/feat/leaflet-map [1ms]
2024-03-02 11:14:26.813 [info] > git status -z -uall [2ms]
2024-03-02 11:14:27.952 [info] > git config --get commit.template [1ms]
2024-03-02 11:14:27.976 [info] > git for-each-ref --format=%(refname)%00%(upstream:short)%00%(objectname)%00%(upstream:track)%00%(upstream:remotename)%00%(upstream:remoteref) refs/heads/feat/leaflet-map refs/remotes/feat/leaflet-map [2ms]
2024-03-02 11:14:28.000 [info] > git status -z -uall [1ms]
2024-03-02 11:14:28.271 [info] > git ls-files --stage -- /home/coder/storewise-webapps/storewise-skemengine/app/(partner-interest)/map/page.tsx [2ms]
2024-03-02 11:14:28.294 [info] > git cat-file -s 751882d479134dd6735bb2a31699eabf71b92f85 [1ms]
2024-03-02 11:14:28.451 [info] > git show --textconv :storewise-skemengine/app/(partner-interest)/map/page.tsx [1ms]
2024-03-02 11:14:46.930 [info] > git check-ignore -v -z --stdin [4ms]
2024-03-02 11:14:47.048 [info] > git show --textconv :storewise-skemengine/app/(partner-interest)/map/_components/sidebar/index.tsx [30ms]
2024-03-02 11:14:47.048 [info] > git ls-files --stage -- /home/coder/storewise-webapps/storewise-skemengine/app/(partner-interest)/map/_components/sidebar/index.tsx [2ms]
2024-03-02 11:14:47.079 [info] > git cat-file -s b4676d745b7ac5ec8ae5939ac8afe2fa46ade31b [7ms]
2024-03-02 11:15:49.435 [info] > git show --textconv :storewise-skemengine/app/(partner-interest)/map/_components/map-controller.tsx [19ms]
2024-03-02 11:15:49.435 [info] > git ls-files --stage -- /home/coder/storewise-webapps/storewise-skemengine/app/(partner-interest)/map/_components/map-controller.tsx [2ms]
2024-03-02 11:15:49.456 [info] > git cat-file -s 217455c8c1e2f7e7c994a8321c04a9d1c529e017 [2ms]
2024-03-02 11:16:24.819 [info] > git config --get commit.template [1ms]
2024-03-02 11:16:24.844 [info] > git for-each-ref --format=%(refname)%00%(upstream:short)%00%(objectname)%00%(upstream:track)%00%(upstream:remotename)%00%(upstream:remoteref) refs/heads/feat/leaflet-map refs/remotes/feat/leaflet-map [2ms]
2024-03-02 11:16:24.875 [info] > git status -z -uall [4ms]
2024-03-02 11:16:29.901 [info] > git config --get commit.template [1ms]
2024-03-02 11:16:29.922 [info] > git for-each-ref --format=%(refname)%00%(upstream:short)%00%(objectname)%00%(upstream:track)%00%(upstream:remotename)%00%(upstream:remoteref) refs/heads/feat/leaflet-map refs/remotes/feat/leaflet-map [1ms]
2024-03-02 11:16:29.948 [info] > git status -z -uall [6ms]
2024-03-02 11:16:35.024 [info] > git check-ignore -v -z --stdin [2ms]
2024-03-02 11:16:51.965 [info] > git show --textconv :storewise-skemengine/app/(partner-interest)/map/_components/map-controller.tsx [23ms]
2024-03-02 11:16:51.966 [info] > git ls-files --stage -- /home/coder/storewise-webapps/storewise-skemengine/app/(partner-interest)/map/_components/map-controller.tsx [2ms]
2024-03-02 11:16:52.006 [info] > git cat-file -s 217455c8c1e2f7e7c994a8321c04a9d1c529e017 [7ms]
2024-03-02 11:16:59.077 [info] > git config --get commit.template [1ms]
2024-03-02 11:16:59.097 [info] > git for-each-ref --format=%(refname)%00%(upstream:short)%00%(objectname)%00%(upstream:track)%00%(upstream:remotename)%00%(upstream:remoteref) refs/heads/feat/leaflet-map refs/remotes/feat/leaflet-map [2ms]
2024-03-02 11:16:59.118 [info] > git status -z -uall [3ms]
2024-03-02 11:17:08.104 [info] > git config --get commit.template [1ms]
2024-03-02 11:17:08.131 [info] > git for-each-ref --format=%(refname)%00%(upstream:short)%00%(objectname)%00%(upstream:track)%00%(upstream:remotename)%00%(upstream:remoteref) refs/heads/feat/leaflet-map refs/remotes/feat/leaflet-map [3ms]
2024-03-02 11:17:08.164 [info] > git status -z -uall [5ms]
2024-03-02 11:18:14.431 [info] > git config --get commit.template [1ms]
2024-03-02 11:18:14.453 [info] > git for-each-ref --format=%(refname)%00%(upstream:short)%00%(objectname)%00%(upstream:track)%00%(upstream:remotename)%00%(upstream:remoteref) refs/heads/feat/leaflet-map refs/remotes/feat/leaflet-map [4ms]
2024-03-02 11:18:14.480 [info] > git status -z -uall [5ms]
2024-03-02 11:18:14.958 [info] > git fetch [551ms]
2024-03-02 11:18:14.958 [info] /bin/sh: warning: setlocale: LC_ALL: cannot change locale (en_US.UTF-8)
2024-03-02 11:18:14.984 [info] > git config --get commit.template [3ms]
2024-03-02 11:18:15.004 [info] > git for-each-ref --format=%(refname)%00%(upstream:short)%00%(objectname)%00%(upstream:track)%00%(upstream:remotename)%00%(upstream:remoteref) refs/heads/feat/leaflet-map refs/remotes/feat/leaflet-map [3ms]
2024-03-02 11:18:15.031 [info] > git status -z -uall [4ms]
2024-03-02 11:18:16.388 [info] > git ls-files --stage -- /home/coder/storewise-webapps/storewise-skemengine/app/(partner-interest)/map/_components/map-controller.tsx [1ms]
2024-03-02 11:18:16.405 [info] > git cat-file -s 217455c8c1e2f7e7c994a8321c04a9d1c529e017 [1ms]
2024-03-02 11:18:16.551 [info] > git show --textconv :storewise-skemengine/app/(partner-interest)/map/_components/map-controller.tsx [0ms]
2024-03-02 11:18:19.517 [info] > git config --get commit.template [2ms]
2024-03-02 11:18:19.557 [info] > git for-each-ref --format=%(refname)%00%(upstream:short)%00%(objectname)%00%(upstream:track)%00%(upstream:remotename)%00%(upstream:remoteref) refs/heads/feat/leaflet-map refs/remotes/feat/leaflet-map [2ms]
2024-03-02 11:18:19.599 [info] > git status -z -uall [3ms]
2024-03-02 11:18:29.306 [info] > git config --get commit.template [2ms]
2024-03-02 11:18:29.335 [info] > git for-each-ref --format=%(refname)%00%(upstream:short)%00%(objectname)%00%(upstream:track)%00%(upstream:remotename)%00%(upstream:remoteref) refs/heads/feat/leaflet-map refs/remotes/feat/leaflet-map [5ms]
2024-03-02 11:18:29.367 [info] > git status -z -uall [9ms]
2024-03-02 11:18:35.288 [info] > git config --get commit.template [2ms]
2024-03-02 11:18:35.315 [info] > git for-each-ref --format=%(refname)%00%(upstream:short)%00%(objectname)%00%(upstream:track)%00%(upstream:remotename)%00%(upstream:remoteref) refs/heads/feat/leaflet-map refs/remotes/feat/leaflet-map [2ms]
2024-03-02 11:18:35.341 [info] > git status -z -uall [6ms]
2024-03-02 11:18:40.376 [info] > git config --get commit.template [1ms]
2024-03-02 11:18:40.402 [info] > git for-each-ref --format=%(refname)%00%(upstream:short)%00%(objectname)%00%(upstream:track)%00%(upstream:remotename)%00%(upstream:remoteref) refs/heads/feat/leaflet-map refs/remotes/feat/leaflet-map [1ms]
2024-03-02 11:18:40.437 [info] > git status -z -uall [10ms]
2024-03-02 11:19:25.887 [info] > git config --get commit.template [1ms]
2024-03-02 11:19:25.909 [info] > git for-each-ref --format=%(refname)%00%(upstream:short)%00%(objectname)%00%(upstream:track)%00%(upstream:remotename)%00%(upstream:remoteref) refs/heads/feat/leaflet-map refs/remotes/feat/leaflet-map [2ms]
2024-03-02 11:19:25.937 [info] > git status -z -uall [6ms]
2024-03-02 11:19:31.012 [info] > git config --get commit.template [35ms]
2024-03-02 11:19:31.014 [info] > git for-each-ref --format=%(refname)%00%(upstream:short)%00%(objectname)%00%(upstream:track)%00%(upstream:remotename)%00%(upstream:remoteref) refs/heads/feat/leaflet-map refs/remotes/feat/leaflet-map [4ms]
2024-03-02 11:19:31.039 [info] > git status -z -uall [6ms]
2024-03-02 11:19:49.224 [info] > git config --get commit.template [2ms]
2024-03-02 11:19:49.249 [info] > git for-each-ref --format=%(refname)%00%(upstream:short)%00%(objectname)%00%(upstream:track)%00%(upstream:remotename)%00%(upstream:remoteref) refs/heads/feat/leaflet-map refs/remotes/feat/leaflet-map [1ms]
2024-03-02 11:19:49.273 [info] > git status -z -uall [6ms]
2024-03-02 11:20:34.271 [info] > git show --textconv :storewise-skemengine/app/(partner-interest)/map/page.tsx [28ms]
2024-03-02 11:20:34.272 [info] > git ls-files --stage -- /home/coder/storewise-webapps/storewise-skemengine/app/(partner-interest)/map/page.tsx [3ms]
2024-03-02 11:20:34.304 [info] > git cat-file -s 751882d479134dd6735bb2a31699eabf71b92f85 [5ms]
2024-03-02 11:20:39.329 [info] > git show --textconv :storewise-skemengine/app/(partner-interest)/map/_components/sidebar/index.tsx [25ms]
2024-03-02 11:20:39.330 [info] > git ls-files --stage -- /home/coder/storewise-webapps/storewise-skemengine/app/(partner-interest)/map/_components/sidebar/index.tsx [3ms]
2024-03-02 11:20:39.357 [info] > git cat-file -s b4676d745b7ac5ec8ae5939ac8afe2fa46ade31b [1ms]
2024-03-02 11:20:45.144 [info] > git show --textconv :storewise-skemengine/app/(partner-interest)/map/_components/map-controller.tsx [22ms]
2024-03-02 11:20:45.144 [info] > git ls-files --stage -- /home/coder/storewise-webapps/storewise-skemengine/app/(partner-interest)/map/_components/map-controller.tsx [3ms]
2024-03-02 11:20:45.171 [info] > git cat-file -s 217455c8c1e2f7e7c994a8321c04a9d1c529e017 [3ms]
2024-03-02 11:21:15.567 [info] > git fetch [513ms]
2024-03-02 11:21:15.567 [info] /bin/sh: warning: setlocale: LC_ALL: cannot change locale (en_US.UTF-8)
2024-03-02 11:21:15.590 [info] > git config --get commit.template [1ms]
2024-03-02 11:21:15.612 [info] > git for-each-ref --format=%(refname)%00%(upstream:short)%00%(objectname)%00%(upstream:track)%00%(upstream:remotename)%00%(upstream:remoteref) refs/heads/feat/leaflet-map refs/remotes/feat/leaflet-map [2ms]
2024-03-02 11:21:15.640 [info] > git status -z -uall [5ms]
2024-03-02 11:21:16.848 [info] > git config --get commit.template [1ms]
2024-03-02 11:21:16.868 [info] > git for-each-ref --format=%(refname)%00%(upstream:short)%00%(objectname)%00%(upstream:track)%00%(upstream:remotename)%00%(upstream:remoteref) refs/heads/feat/leaflet-map refs/remotes/feat/leaflet-map [1ms]
2024-03-02 11:21:16.890 [info] > git status -z -uall [3ms]
2024-03-02 11:21:17.155 [info] > git ls-files --stage -- /home/coder/storewise-webapps/storewise-skemengine/app/(partner-interest)/map/_components/map-controller.tsx [1ms]
2024-03-02 11:21:17.172 [info] > git cat-file -s 217455c8c1e2f7e7c994a8321c04a9d1c529e017 [1ms]
2024-03-02 11:21:17.345 [info] > git show --textconv :storewise-skemengine/app/(partner-interest)/map/_components/map-controller.tsx [1ms]
2024-03-02 11:21:37.060 [info] > git config --get commit.template [2ms]
2024-03-02 11:21:37.085 [info] > git for-each-ref --format=%(refname)%00%(upstream:short)%00%(objectname)%00%(upstream:track)%00%(upstream:remotename)%00%(upstream:remoteref) refs/heads/feat/leaflet-map refs/remotes/feat/leaflet-map [2ms]
2024-03-02 11:21:37.128 [info] > git status -z -uall [5ms]
2024-03-02 11:21:42.162 [info] > git config --get commit.template [1ms]
2024-03-02 11:21:42.197 [info] > git for-each-ref --format=%(refname)%00%(upstream:short)%00%(objectname)%00%(upstream:track)%00%(upstream:remotename)%00%(upstream:remoteref) refs/heads/feat/leaflet-map refs/remotes/feat/leaflet-map [2ms]
2024-03-02 11:21:42.220 [info] > git status -z -uall [1ms]
2024-03-02 11:29:34.744 [info] > git config --get commit.template [2ms]
2024-03-02 11:29:34.769 [info] > git for-each-ref --format=%(refname)%00%(upstream:short)%00%(objectname)%00%(upstream:track)%00%(upstream:remotename)%00%(upstream:remoteref) refs/heads/feat/form-2 refs/remotes/feat/form-2 [2ms]
2024-03-02 11:29:34.813 [info] > git status -z -uall [21ms]
2024-03-02 11:29:35.003 [info] > git ls-files --stage -- /home/coder/storewise-webapps/storewise-skemengine/app/(partner-interest)/map/_components/map-controller.tsx [6ms]
2024-03-02 11:29:35.220 [info] > git show --textconv :storewise-skemengine/app/(partner-interest)/map/_components/map-controller.tsx [1ms]
2024-03-02 11:29:35.347 [info] > git fetch [626ms]
2024-03-02 11:29:35.347 [info] /bin/sh: warning: setlocale: LC_ALL: cannot change locale (en_US.UTF-8)
2024-03-02 11:29:35.369 [info] > git config --get commit.template [1ms]
2024-03-02 11:29:35.420 [info] > git for-each-ref --format=%(refname)%00%(upstream:short)%00%(objectname)%00%(upstream:track)%00%(upstream:remotename)%00%(upstream:remoteref) refs/heads/feat/form-2 refs/remotes/feat/form-2 [2ms]
2024-03-02 11:29:35.463 [info] > git status -z -uall [19ms]
2024-03-02 11:29:36.847 [info] > git ls-files --stage -- /home/coder/storewise-webapps/storewise-skemengine/app/(partner-interest)/map/_components/map-controller.tsx [2ms]
2024-03-02 11:29:37.287 [info] > git show --textconv :storewise-skemengine/app/(partner-interest)/map/_components/map-controller.tsx [1ms]
2024-03-02 11:29:41.675 [info] > git config --get commit.template [1ms]
2024-03-02 11:29:41.704 [info] > git for-each-ref --format=%(refname)%00%(upstream:short)%00%(objectname)%00%(upstream:track)%00%(upstream:remotename)%00%(upstream:remoteref) refs/heads/feat/form-2 refs/remotes/feat/form-2 [2ms]
2024-03-02 11:29:41.766 [info] > git status -z -uall [35ms]
2024-03-02 11:29:41.932 [info] > git ls-files --stage -- /home/coder/storewise-webapps/storewise-skemengine/app/(partner-interest)/map/_components/map-controller.tsx [4ms]
2024-03-02 11:29:42.197 [info] > git show --textconv :storewise-skemengine/app/(partner-interest)/map/_components/map-controller.tsx [1ms]
2024-03-02 11:29:46.805 [info] > git config --get commit.template [5ms]
2024-03-02 11:29:46.831 [info] > git for-each-ref --format=%(refname)%00%(upstream:short)%00%(objectname)%00%(upstream:track)%00%(upstream:remotename)%00%(upstream:remoteref) refs/heads/feat/form-2 refs/remotes/feat/form-2 [0ms]
2024-03-02 11:29:46.874 [info] > git status -z -uall [19ms]
2024-03-02 11:29:49.255 [info] > git check-ignore -v -z --stdin [2ms]
2024-03-02 11:29:54.100 [info] > git config --get commit.template [2ms]
2024-03-02 11:29:54.132 [info] > git for-each-ref --format=%(refname)%00%(upstream:short)%00%(objectname)%00%(upstream:track)%00%(upstream:remotename)%00%(upstream:remoteref) refs/heads/feat/form-2 refs/remotes/feat/form-2 [3ms]
2024-03-02 11:29:54.162 [info] > git status -z -uall [1ms]
2024-03-02 11:29:54.364 [info] > git ls-files --stage -- /home/coder/storewise-webapps/storewise-skemengine/app/(partner-interest)/map/_components/map-controller.tsx [1ms]
2024-03-02 11:29:54.538 [info] > git show --textconv :storewise-skemengine/app/(partner-interest)/map/_components/map-controller.tsx [2ms]
2024-03-02 11:31:39.868 [info] > git check-ignore -v -z --stdin [3ms]
