2024-03-08 14:25:25.045 [info] Log level: Info
2024-03-08 14:25:25.045 [info] Validating found git in: "git"
2024-03-08 14:25:25.045 [info] Using git "2.37.3" from "git"
2024-03-08 14:25:25.045 [info] > git rev-parse --show-toplevel [9ms]
2024-03-08 14:25:25.045 [info] > git rev-parse --git-dir --git-common-dir [3ms]
2024-03-08 14:25:25.045 [info] Open repository: /home/coder/storewise-webapps
2024-03-08 14:25:25.045 [info] > git rev-parse --show-toplevel [1ms]
2024-03-08 14:25:25.045 [info] > git config --get commit.template [14ms]
2024-03-08 14:25:25.045 [info] > git rev-parse --show-toplevel [15ms]
2024-03-08 14:25:25.045 [info] > git for-each-ref --format=%(refname)%00%(upstream:short)%00%(objectname)%00%(upstream:track)%00%(upstream:remotename)%00%(upstream:remoteref) refs/heads/feat/form-2 refs/remotes/feat/form-2 [3ms]
2024-03-08 14:25:25.045 [info] > git rev-parse --show-toplevel [2ms]
2024-03-08 14:25:25.045 [info] > git status -z -uall [29ms]
2024-03-08 14:25:25.045 [info] > git rev-parse --show-toplevel [4ms]
2024-03-08 14:25:25.045 [info] > git config --get commit.template [3ms]
2024-03-08 14:25:25.045 [info] > git rev-parse --show-toplevel [13ms]
2024-03-08 14:25:25.045 [info] > git rev-parse --show-toplevel [22ms]
2024-03-08 14:25:25.045 [info] > git for-each-ref --format=%(refname)%00%(upstream:short)%00%(objectname)%00%(upstream:track)%00%(upstream:remotename)%00%(upstream:remoteref) refs/heads/feat/form-2 refs/remotes/feat/form-2 [25ms]
2024-03-08 14:25:25.046 [info] > git status -z -uall [23ms]
2024-03-08 14:25:25.051 [info] > git rev-parse --show-toplevel [43ms]
2024-03-08 14:25:25.063 [info] > git rev-parse --show-toplevel [2ms]
2024-03-08 14:25:25.093 [info] > git rev-parse --show-toplevel [2ms]
2024-03-08 14:25:25.109 [info] > git rev-parse --show-toplevel [2ms]
2024-03-08 14:25:25.592 [info] > git check-ignore -v -z --stdin [2ms]
2024-03-08 14:25:26.083 [info] > git fetch [1289ms]
2024-03-08 14:25:26.083 [info] /bin/sh: warning: setlocale: LC_ALL: cannot change locale (en_US.UTF-8)
From git+ssh://dev.storewise.in:6611/storewise-webapps
   a447237..f2ee732  Skunew/Skutask -> origin/Skunew/Skutask
2024-03-08 14:25:26.099 [info] > git config --get commit.template [1ms]
2024-03-08 14:25:26.113 [info] > git for-each-ref --format=%(refname)%00%(upstream:short)%00%(objectname)%00%(upstream:track)%00%(upstream:remotename)%00%(upstream:remoteref) refs/heads/feat/form-2 refs/remotes/feat/form-2 [4ms]
2024-03-08 14:25:26.131 [info] > git status -z -uall [6ms]
2024-03-08 14:25:30.016 [info] > git config --get commit.template [27ms]
2024-03-08 14:25:30.017 [info] > git for-each-ref --format=%(refname)%00%(upstream:short)%00%(objectname)%00%(upstream:track)%00%(upstream:remotename)%00%(upstream:remoteref) refs/heads/feat/form-2 refs/remotes/feat/form-2 [2ms]
2024-03-08 14:25:30.052 [info] > git status -z -uall [2ms]
2024-03-08 14:25:31.474 [info] > git show --textconv :storewise-info/src/components/NewForm.tsx [32ms]
2024-03-08 14:25:31.486 [info] > git ls-files --stage -- /home/coder/storewise-webapps/storewise-info/src/components/NewForm.tsx [20ms]
2024-03-08 14:32:45.222 [info] > git fetch [733ms]
2024-03-08 14:32:45.222 [info] /bin/sh: warning: setlocale: LC_ALL: cannot change locale (en_US.UTF-8)
2024-03-08 14:32:45.250 [info] > git config --get commit.template [2ms]
2024-03-08 14:32:45.272 [info] > git for-each-ref --format=%(refname)%00%(upstream:short)%00%(objectname)%00%(upstream:track)%00%(upstream:remotename)%00%(upstream:remoteref) refs/heads/feat/form-2 refs/remotes/feat/form-2 [2ms]
2024-03-08 14:32:45.296 [info] > git status -z -uall [4ms]
2024-03-08 14:32:46.388 [info] > git config --get commit.template [1ms]
2024-03-08 14:32:46.413 [info] > git for-each-ref --format=%(refname)%00%(upstream:short)%00%(objectname)%00%(upstream:track)%00%(upstream:remotename)%00%(upstream:remoteref) refs/heads/feat/form-2 refs/remotes/feat/form-2 [1ms]
2024-03-08 14:32:46.436 [info] > git status -z -uall [1ms]
2024-03-08 14:32:46.636 [info] > git ls-files --stage -- /home/coder/storewise-webapps/storewise-info/src/components/NewForm.tsx [1ms]
2024-03-08 14:32:46.772 [info] > git show --textconv :storewise-info/src/components/NewForm.tsx [1ms]
2024-03-08 14:32:51.480 [info] > git config --get commit.template [6ms]
2024-03-08 14:32:51.512 [info] > git for-each-ref --format=%(refname)%00%(upstream:short)%00%(objectname)%00%(upstream:track)%00%(upstream:remotename)%00%(upstream:remoteref) refs/heads/feat/form-2 refs/remotes/feat/form-2 [3ms]
2024-03-08 14:32:51.533 [info] > git status -z -uall [1ms]
2024-03-08 14:32:56.582 [info] > git for-each-ref --format=%(refname)%00%(upstream:short)%00%(objectname)%00%(upstream:track)%00%(upstream:remotename)%00%(upstream:remoteref) refs/heads/feat/form-2 refs/remotes/feat/form-2 [2ms]
2024-03-08 14:32:56.583 [info] > git config --get commit.template [24ms]
2024-03-08 14:32:56.603 [info] > git status -z -uall [4ms]
2024-03-08 14:33:18.667 [info] > git for-each-ref --format=%(refname)%00%(upstream:short)%00%(objectname)%00%(upstream:track)%00%(upstream:remotename)%00%(upstream:remoteref) refs/heads/feat/form-2 refs/remotes/feat/form-2 [2ms]
2024-03-08 14:33:18.668 [info] > git config --get commit.template [21ms]
2024-03-08 14:33:18.759 [info] > git status -z -uall [3ms]
2024-03-08 14:33:23.846 [info] > git config --get commit.template [30ms]
2024-03-08 14:33:23.994 [info] > git for-each-ref --format=%(refname)%00%(upstream:short)%00%(objectname)%00%(upstream:track)%00%(upstream:remotename)%00%(upstream:remoteref) refs/heads/feat/form-2 refs/remotes/feat/form-2 [17ms]
2024-03-08 14:33:24.037 [info] > git status -z -uall [18ms]
2024-03-08 14:33:29.091 [info] > git config --get commit.template [8ms]
2024-03-08 14:33:29.133 [info] > git for-each-ref --format=%(refname)%00%(upstream:short)%00%(objectname)%00%(upstream:track)%00%(upstream:remotename)%00%(upstream:remoteref) refs/heads/feat/form-2 refs/remotes/feat/form-2 [5ms]
2024-03-08 14:33:29.159 [info] > git status -z -uall [4ms]
2024-03-08 14:33:34.190 [info] > git config --get commit.template [2ms]
2024-03-08 14:33:34.228 [info] > git for-each-ref --format=%(refname)%00%(upstream:short)%00%(objectname)%00%(upstream:track)%00%(upstream:remotename)%00%(upstream:remoteref) refs/heads/feat/form-2 refs/remotes/feat/form-2 [7ms]
2024-03-08 14:33:34.256 [info] > git status -z -uall [1ms]
2024-03-08 14:33:46.144 [info] > git config --get commit.template [3ms]
2024-03-08 14:33:46.170 [info] > git for-each-ref --format=%(refname)%00%(upstream:short)%00%(objectname)%00%(upstream:track)%00%(upstream:remotename)%00%(upstream:remoteref) refs/heads/feat/form-2 refs/remotes/feat/form-2 [1ms]
2024-03-08 14:33:46.193 [info] > git status -z -uall [2ms]
2024-03-08 14:34:02.583 [info] > git config --get commit.template [1ms]
2024-03-08 14:34:02.606 [info] > git for-each-ref --format=%(refname)%00%(upstream:short)%00%(objectname)%00%(upstream:track)%00%(upstream:remotename)%00%(upstream:remoteref) refs/heads/feat/form-2 refs/remotes/feat/form-2 [3ms]
2024-03-08 14:34:02.631 [info] > git status -z -uall [4ms]
2024-03-08 14:34:08.696 [info] > git config --get commit.template [2ms]
2024-03-08 14:34:08.717 [info] > git for-each-ref --format=%(refname)%00%(upstream:short)%00%(objectname)%00%(upstream:track)%00%(upstream:remotename)%00%(upstream:remoteref) refs/heads/feat/form-2 refs/remotes/feat/form-2 [2ms]
2024-03-08 14:34:08.739 [info] > git status -z -uall [1ms]
2024-03-08 14:34:13.768 [info] > git config --get commit.template [1ms]
2024-03-08 14:34:13.798 [info] > git for-each-ref --format=%(refname)%00%(upstream:short)%00%(objectname)%00%(upstream:track)%00%(upstream:remotename)%00%(upstream:remoteref) refs/heads/feat/form-2 refs/remotes/feat/form-2 [3ms]
2024-03-08 14:34:13.827 [info] > git status -z -uall [4ms]
2024-03-08 14:34:18.854 [info] > git config --get commit.template [1ms]
2024-03-08 14:34:18.876 [info] > git for-each-ref --format=%(refname)%00%(upstream:short)%00%(objectname)%00%(upstream:track)%00%(upstream:remotename)%00%(upstream:remoteref) refs/heads/feat/form-2 refs/remotes/feat/form-2 [1ms]
2024-03-08 14:34:18.897 [info] > git status -z -uall [2ms]
2024-03-08 14:34:23.963 [info] > git config --get commit.template [27ms]
2024-03-08 14:34:23.969 [info] > git for-each-ref --format=%(refname)%00%(upstream:short)%00%(objectname)%00%(upstream:track)%00%(upstream:remotename)%00%(upstream:remoteref) refs/heads/feat/form-2 refs/remotes/feat/form-2 [9ms]
2024-03-08 14:34:23.999 [info] > git status -z -uall [1ms]
2024-03-08 14:34:29.044 [info] > git config --get commit.template [7ms]
2024-03-08 14:34:29.080 [info] > git for-each-ref --format=%(refname)%00%(upstream:short)%00%(objectname)%00%(upstream:track)%00%(upstream:remotename)%00%(upstream:remoteref) refs/heads/feat/form-2 refs/remotes/feat/form-2 [3ms]
2024-03-08 14:34:29.126 [info] > git status -z -uall [15ms]
2024-03-08 14:34:34.159 [info] > git config --get commit.template [5ms]
2024-03-08 14:34:34.190 [info] > git for-each-ref --format=%(refname)%00%(upstream:short)%00%(objectname)%00%(upstream:track)%00%(upstream:remotename)%00%(upstream:remoteref) refs/heads/feat/form-2 refs/remotes/feat/form-2 [1ms]
2024-03-08 14:34:34.219 [info] > git status -z -uall [1ms]
2024-03-08 14:34:39.249 [info] > git config --get commit.template [2ms]
2024-03-08 14:34:39.279 [info] > git for-each-ref --format=%(refname)%00%(upstream:short)%00%(objectname)%00%(upstream:track)%00%(upstream:remotename)%00%(upstream:remoteref) refs/heads/feat/form-2 refs/remotes/feat/form-2 [5ms]
2024-03-08 14:34:39.306 [info] > git status -z -uall [4ms]
2024-03-08 14:34:44.345 [info] > git config --get commit.template [4ms]
2024-03-08 14:34:44.380 [info] > git for-each-ref --format=%(refname)%00%(upstream:short)%00%(objectname)%00%(upstream:track)%00%(upstream:remotename)%00%(upstream:remoteref) refs/heads/feat/form-2 refs/remotes/feat/form-2 [5ms]
2024-03-08 14:34:44.405 [info] > git status -z -uall [2ms]
2024-03-08 14:35:06.297 [info] > git config --get commit.template [11ms]
2024-03-08 14:35:06.361 [info] > git for-each-ref --format=%(refname)%00%(upstream:short)%00%(objectname)%00%(upstream:track)%00%(upstream:remotename)%00%(upstream:remoteref) refs/heads/feat/form-2 refs/remotes/feat/form-2 [11ms]
2024-03-08 14:35:06.399 [info] > git status -z -uall [10ms]
2024-03-08 14:35:21.926 [info] > git config --get commit.template [2ms]
2024-03-08 14:35:21.949 [info] > git for-each-ref --format=%(refname)%00%(upstream:short)%00%(objectname)%00%(upstream:track)%00%(upstream:remotename)%00%(upstream:remoteref) refs/heads/feat/form-2 refs/remotes/feat/form-2 [2ms]
2024-03-08 14:35:21.980 [info] > git status -z -uall [1ms]
2024-03-08 14:37:03.697 [info] > git fetch [1186ms]
2024-03-08 14:37:03.697 [info] /bin/sh: warning: setlocale: LC_ALL: cannot change locale (en_US.UTF-8)
2024-03-08 14:37:03.763 [info] > git for-each-ref --format=%(refname)%00%(upstream:short)%00%(objectname)%00%(upstream:track)%00%(upstream:remotename)%00%(upstream:remoteref) refs/heads/feat/form-2 refs/remotes/feat/form-2 [2ms]
2024-03-08 14:37:03.763 [info] > git config --get commit.template [40ms]
2024-03-08 14:37:03.795 [info] > git status -z -uall [8ms]
2024-03-08 14:37:05.130 [info] > git ls-files --stage -- /home/coder/storewise-webapps/storewise-info/src/components/NewForm.tsx [3ms]
2024-03-08 14:37:05.292 [info] > git show --textconv :storewise-info/src/components/NewForm.tsx [1ms]
2024-03-08 14:37:05.585 [info] > git for-each-ref --format=%(refname)%00%(upstream:short)%00%(objectname)%00%(upstream:track)%00%(upstream:remotename)%00%(upstream:remoteref) refs/heads/feat/form-2 refs/remotes/feat/form-2 [3ms]
2024-03-08 14:37:05.585 [info] > git config --get commit.template [32ms]
2024-03-08 14:37:05.647 [info] > git status -z -uall [26ms]
2024-03-08 14:37:10.673 [info] > git config --get commit.template [1ms]
2024-03-08 14:37:10.693 [info] > git for-each-ref --format=%(refname)%00%(upstream:short)%00%(objectname)%00%(upstream:track)%00%(upstream:remotename)%00%(upstream:remoteref) refs/heads/feat/form-2 refs/remotes/feat/form-2 [1ms]
2024-03-08 14:37:10.717 [info] > git status -z -uall [1ms]
2024-03-08 14:37:31.863 [info] > git config --get commit.template [2ms]
2024-03-08 14:37:31.893 [info] > git for-each-ref --format=%(refname)%00%(upstream:short)%00%(objectname)%00%(upstream:track)%00%(upstream:remotename)%00%(upstream:remoteref) refs/heads/feat/form-2 refs/remotes/feat/form-2 [4ms]
2024-03-08 14:37:31.912 [info] > git status -z -uall [1ms]
2024-03-08 14:37:36.958 [info] > git config --get commit.template [4ms]
2024-03-08 14:37:36.987 [info] > git for-each-ref --format=%(refname)%00%(upstream:short)%00%(objectname)%00%(upstream:track)%00%(upstream:remotename)%00%(upstream:remoteref) refs/heads/feat/form-2 refs/remotes/feat/form-2 [6ms]
2024-03-08 14:37:37.018 [info] > git status -z -uall [12ms]
2024-03-08 14:37:42.056 [info] > git config --get commit.template [10ms]
2024-03-08 14:37:42.077 [info] > git for-each-ref --format=%(refname)%00%(upstream:short)%00%(objectname)%00%(upstream:track)%00%(upstream:remotename)%00%(upstream:remoteref) refs/heads/feat/form-2 refs/remotes/feat/form-2 [1ms]
2024-03-08 14:37:42.101 [info] > git status -z -uall [2ms]
2024-03-08 14:37:47.141 [info] > git config --get commit.template [4ms]
2024-03-08 14:37:47.177 [info] > git for-each-ref --format=%(refname)%00%(upstream:short)%00%(objectname)%00%(upstream:track)%00%(upstream:remotename)%00%(upstream:remoteref) refs/heads/feat/form-2 refs/remotes/feat/form-2 [2ms]
2024-03-08 14:37:47.209 [info] > git status -z -uall [1ms]
2024-03-08 14:37:52.257 [info] > git config --get commit.template [3ms]
2024-03-08 14:37:52.293 [info] > git for-each-ref --format=%(refname)%00%(upstream:short)%00%(objectname)%00%(upstream:track)%00%(upstream:remotename)%00%(upstream:remoteref) refs/heads/feat/form-2 refs/remotes/feat/form-2 [2ms]
2024-03-08 14:37:52.330 [info] > git status -z -uall [13ms]
2024-03-08 14:37:57.368 [info] > git config --get commit.template [2ms]
2024-03-08 14:37:57.409 [info] > git for-each-ref --format=%(refname)%00%(upstream:short)%00%(objectname)%00%(upstream:track)%00%(upstream:remotename)%00%(upstream:remoteref) refs/heads/feat/form-2 refs/remotes/feat/form-2 [7ms]
2024-03-08 14:37:57.450 [info] > git status -z -uall [9ms]
2024-03-08 14:38:03.909 [info] > git config --get commit.template [65ms]
2024-03-08 14:38:03.933 [info] > git for-each-ref --format=%(refname)%00%(upstream:short)%00%(objectname)%00%(upstream:track)%00%(upstream:remotename)%00%(upstream:remoteref) refs/heads/feat/form-2 refs/remotes/feat/form-2 [2ms]
2024-03-08 14:38:03.969 [info] > git status -z -uall [6ms]
2024-03-08 14:38:08.997 [info] > git config --get commit.template [1ms]
2024-03-08 14:38:09.032 [info] > git for-each-ref --format=%(refname)%00%(upstream:short)%00%(objectname)%00%(upstream:track)%00%(upstream:remotename)%00%(upstream:remoteref) refs/heads/feat/form-2 refs/remotes/feat/form-2 [2ms]
2024-03-08 14:38:09.078 [info] > git status -z -uall [19ms]
2024-03-08 14:38:14.123 [info] > git config --get commit.template [5ms]
2024-03-08 14:38:14.156 [info] > git for-each-ref --format=%(refname)%00%(upstream:short)%00%(objectname)%00%(upstream:track)%00%(upstream:remotename)%00%(upstream:remoteref) refs/heads/feat/form-2 refs/remotes/feat/form-2 [0ms]
2024-03-08 14:38:14.192 [info] > git status -z -uall [11ms]
2024-03-08 14:38:19.225 [info] > git config --get commit.template [3ms]
2024-03-08 14:38:19.267 [info] > git for-each-ref --format=%(refname)%00%(upstream:short)%00%(objectname)%00%(upstream:track)%00%(upstream:remotename)%00%(upstream:remoteref) refs/heads/feat/form-2 refs/remotes/feat/form-2 [2ms]
2024-03-08 14:38:19.307 [info] > git status -z -uall [4ms]
2024-03-08 14:38:24.382 [info] > git config --get commit.template [13ms]
2024-03-08 14:38:24.446 [info] > git for-each-ref --format=%(refname)%00%(upstream:short)%00%(objectname)%00%(upstream:track)%00%(upstream:remotename)%00%(upstream:remoteref) refs/heads/feat/form-2 refs/remotes/feat/form-2 [2ms]
2024-03-08 14:38:24.485 [info] > git status -z -uall [10ms]
2024-03-08 14:38:29.517 [info] > git config --get commit.template [2ms]
2024-03-08 14:38:29.547 [info] > git for-each-ref --format=%(refname)%00%(upstream:short)%00%(objectname)%00%(upstream:track)%00%(upstream:remotename)%00%(upstream:remoteref) refs/heads/feat/form-2 refs/remotes/feat/form-2 [1ms]
2024-03-08 14:38:29.570 [info] > git status -z -uall [4ms]
2024-03-08 14:40:16.786 [info] > git fetch [566ms]
2024-03-08 14:40:16.786 [info] /bin/sh: warning: setlocale: LC_ALL: cannot change locale (en_US.UTF-8)
2024-03-08 14:40:16.815 [info] > git config --get commit.template [8ms]
2024-03-08 14:40:16.841 [info] > git for-each-ref --format=%(refname)%00%(upstream:short)%00%(objectname)%00%(upstream:track)%00%(upstream:remotename)%00%(upstream:remoteref) refs/heads/feat/form-2 refs/remotes/feat/form-2 [2ms]
2024-03-08 14:40:16.870 [info] > git status -z -uall [3ms]
2024-03-08 14:40:17.941 [info] > git config --get commit.template [2ms]
2024-03-08 14:40:17.964 [info] > git for-each-ref --format=%(refname)%00%(upstream:short)%00%(objectname)%00%(upstream:track)%00%(upstream:remotename)%00%(upstream:remoteref) refs/heads/feat/form-2 refs/remotes/feat/form-2 [1ms]
2024-03-08 14:40:17.995 [info] > git status -z -uall [4ms]
2024-03-08 14:40:18.160 [info] > git ls-files --stage -- /home/coder/storewise-webapps/storewise-info/src/components/NewForm.tsx [1ms]
2024-03-08 14:40:18.303 [info] > git show --textconv :storewise-info/src/components/NewForm.tsx [4ms]
2024-03-08 14:40:19.333 [info] > git show --textconv :storewise-info/src/components/RadioButtons.tsx [36ms]
2024-03-08 14:40:19.333 [info] > git ls-files --stage -- /home/coder/storewise-webapps/storewise-info/src/components/RadioButtons.tsx [4ms]
2024-03-08 14:40:19.359 [info] > git cat-file -s fe265b3760e95933443fb1af10895e1c01107615 [3ms]
2024-03-08 14:40:48.052 [info] > git config --get commit.template [2ms]
2024-03-08 14:40:48.076 [info] > git for-each-ref --format=%(refname)%00%(upstream:short)%00%(objectname)%00%(upstream:track)%00%(upstream:remotename)%00%(upstream:remoteref) refs/heads/feat/form-2 refs/remotes/feat/form-2 [2ms]
2024-03-08 14:40:48.119 [info] > git status -z -uall [4ms]
2024-03-08 14:41:07.796 [info] > git config --get commit.template [8ms]
2024-03-08 14:41:07.843 [info] > git for-each-ref --format=%(refname)%00%(upstream:short)%00%(objectname)%00%(upstream:track)%00%(upstream:remotename)%00%(upstream:remoteref) refs/heads/feat/form-2 refs/remotes/feat/form-2 [7ms]
2024-03-08 14:41:07.874 [info] > git status -z -uall [13ms]
2024-03-08 14:41:12.909 [info] > git config --get commit.template [3ms]
2024-03-08 14:41:12.929 [info] > git for-each-ref --format=%(refname)%00%(upstream:short)%00%(objectname)%00%(upstream:track)%00%(upstream:remotename)%00%(upstream:remoteref) refs/heads/feat/form-2 refs/remotes/feat/form-2 [1ms]
2024-03-08 14:41:12.986 [info] > git status -z -uall [39ms]
2024-03-08 14:41:18.009 [info] > git config --get commit.template [1ms]
2024-03-08 14:41:18.027 [info] > git for-each-ref --format=%(refname)%00%(upstream:short)%00%(objectname)%00%(upstream:track)%00%(upstream:remotename)%00%(upstream:remoteref) refs/heads/feat/form-2 refs/remotes/feat/form-2 [2ms]
2024-03-08 14:41:18.048 [info] > git status -z -uall [2ms]
2024-03-08 14:41:23.086 [info] > git config --get commit.template [1ms]
2024-03-08 14:41:23.111 [info] > git for-each-ref --format=%(refname)%00%(upstream:short)%00%(objectname)%00%(upstream:track)%00%(upstream:remotename)%00%(upstream:remoteref) refs/heads/feat/form-2 refs/remotes/feat/form-2 [5ms]
2024-03-08 14:41:23.135 [info] > git status -z -uall [4ms]
2024-03-08 14:41:54.077 [info] > git config --get commit.template [1ms]
2024-03-08 14:41:54.107 [info] > git for-each-ref --format=%(refname)%00%(upstream:short)%00%(objectname)%00%(upstream:track)%00%(upstream:remotename)%00%(upstream:remoteref) refs/heads/feat/form-2 refs/remotes/feat/form-2 [2ms]
2024-03-08 14:41:54.130 [info] > git status -z -uall [3ms]
2024-03-08 14:42:08.292 [info] > git config --get commit.template [6ms]
2024-03-08 14:42:08.324 [info] > git for-each-ref --format=%(refname)%00%(upstream:short)%00%(objectname)%00%(upstream:track)%00%(upstream:remotename)%00%(upstream:remoteref) refs/heads/feat/form-2 refs/remotes/feat/form-2 [2ms]
2024-03-08 14:42:08.350 [info] > git status -z -uall [3ms]
2024-03-08 14:42:13.391 [info] > git config --get commit.template [4ms]
2024-03-08 14:42:13.422 [info] > git for-each-ref --format=%(refname)%00%(upstream:short)%00%(objectname)%00%(upstream:track)%00%(upstream:remotename)%00%(upstream:remoteref) refs/heads/feat/form-2 refs/remotes/feat/form-2 [2ms]
2024-03-08 14:42:13.453 [info] > git status -z -uall [1ms]
2024-03-08 14:42:18.488 [info] > git config --get commit.template [1ms]
2024-03-08 14:42:18.518 [info] > git for-each-ref --format=%(refname)%00%(upstream:short)%00%(objectname)%00%(upstream:track)%00%(upstream:remotename)%00%(upstream:remoteref) refs/heads/feat/form-2 refs/remotes/feat/form-2 [1ms]
2024-03-08 14:42:18.549 [info] > git status -z -uall [5ms]
2024-03-08 14:42:23.577 [info] > git config --get commit.template [1ms]
2024-03-08 14:42:23.605 [info] > git for-each-ref --format=%(refname)%00%(upstream:short)%00%(objectname)%00%(upstream:track)%00%(upstream:remotename)%00%(upstream:remoteref) refs/heads/feat/form-2 refs/remotes/feat/form-2 [1ms]
2024-03-08 14:42:23.632 [info] > git status -z -uall [6ms]
2024-03-08 14:42:28.656 [info] > git config --get commit.template [2ms]
2024-03-08 14:42:28.684 [info] > git for-each-ref --format=%(refname)%00%(upstream:short)%00%(objectname)%00%(upstream:track)%00%(upstream:remotename)%00%(upstream:remoteref) refs/heads/feat/form-2 refs/remotes/feat/form-2 [2ms]
2024-03-08 14:42:28.709 [info] > git status -z -uall [2ms]
2024-03-08 14:42:33.740 [info] > git config --get commit.template [1ms]
2024-03-08 14:42:33.773 [info] > git for-each-ref --format=%(refname)%00%(upstream:short)%00%(objectname)%00%(upstream:track)%00%(upstream:remotename)%00%(upstream:remoteref) refs/heads/feat/form-2 refs/remotes/feat/form-2 [2ms]
2024-03-08 14:42:33.804 [info] > git status -z -uall [4ms]
2024-03-08 14:42:38.846 [info] > git config --get commit.template [2ms]
2024-03-08 14:42:38.879 [info] > git for-each-ref --format=%(refname)%00%(upstream:short)%00%(objectname)%00%(upstream:track)%00%(upstream:remotename)%00%(upstream:remoteref) refs/heads/feat/form-2 refs/remotes/feat/form-2 [2ms]
2024-03-08 14:42:38.908 [info] > git status -z -uall [5ms]
2024-03-08 14:42:43.968 [info] > git config --get commit.template [26ms]
2024-03-08 14:42:43.968 [info] > git for-each-ref --format=%(refname)%00%(upstream:short)%00%(objectname)%00%(upstream:track)%00%(upstream:remotename)%00%(upstream:remoteref) refs/heads/feat/form-2 refs/remotes/feat/form-2 [1ms]
2024-03-08 14:42:43.999 [info] > git status -z -uall [4ms]
2024-03-08 14:42:49.028 [info] > git config --get commit.template [2ms]
2024-03-08 14:42:49.054 [info] > git for-each-ref --format=%(refname)%00%(upstream:short)%00%(objectname)%00%(upstream:track)%00%(upstream:remotename)%00%(upstream:remoteref) refs/heads/feat/form-2 refs/remotes/feat/form-2 [2ms]
2024-03-08 14:42:49.078 [info] > git status -z -uall [3ms]
2024-03-08 14:42:54.109 [info] > git config --get commit.template [1ms]
2024-03-08 14:42:54.137 [info] > git for-each-ref --format=%(refname)%00%(upstream:short)%00%(objectname)%00%(upstream:track)%00%(upstream:remotename)%00%(upstream:remoteref) refs/heads/feat/form-2 refs/remotes/feat/form-2 [1ms]
2024-03-08 14:42:54.167 [info] > git status -z -uall [4ms]
2024-03-08 14:42:59.209 [info] > git config --get commit.template [5ms]
2024-03-08 14:42:59.232 [info] > git for-each-ref --format=%(refname)%00%(upstream:short)%00%(objectname)%00%(upstream:track)%00%(upstream:remotename)%00%(upstream:remoteref) refs/heads/feat/form-2 refs/remotes/feat/form-2 [1ms]
2024-03-08 14:42:59.258 [info] > git status -z -uall [7ms]
2024-03-08 14:43:04.298 [info] > git config --get commit.template [3ms]
2024-03-08 14:43:04.328 [info] > git for-each-ref --format=%(refname)%00%(upstream:short)%00%(objectname)%00%(upstream:track)%00%(upstream:remotename)%00%(upstream:remoteref) refs/heads/feat/form-2 refs/remotes/feat/form-2 [1ms]
2024-03-08 14:43:04.356 [info] > git status -z -uall [3ms]
2024-03-08 14:43:09.451 [info] > git config --get commit.template [41ms]
2024-03-08 14:43:09.474 [info] > git for-each-ref --format=%(refname)%00%(upstream:short)%00%(objectname)%00%(upstream:track)%00%(upstream:remotename)%00%(upstream:remoteref) refs/heads/feat/form-2 refs/remotes/feat/form-2 [10ms]
2024-03-08 14:43:09.520 [info] > git status -z -uall [7ms]
2024-03-08 14:43:15.685 [info] > git config --get commit.template [2ms]
2024-03-08 14:43:15.714 [info] > git for-each-ref --format=%(refname)%00%(upstream:short)%00%(objectname)%00%(upstream:track)%00%(upstream:remotename)%00%(upstream:remoteref) refs/heads/feat/form-2 refs/remotes/feat/form-2 [2ms]
2024-03-08 14:43:15.746 [info] > git status -z -uall [1ms]
2024-03-08 14:43:17.676 [info] > git fetch [774ms]
2024-03-08 14:43:17.676 [info] /bin/sh: warning: setlocale: LC_ALL: cannot change locale (en_US.UTF-8)
From git+ssh://dev.storewise.in:6611/storewise-webapps
   f2ee732..cb3b08b  Skunew/Skutask -> origin/Skunew/Skutask
2024-03-08 14:43:17.704 [info] > git config --get commit.template [2ms]
2024-03-08 14:43:17.736 [info] > git for-each-ref --format=%(refname)%00%(upstream:short)%00%(objectname)%00%(upstream:track)%00%(upstream:remotename)%00%(upstream:remoteref) refs/heads/feat/form-2 refs/remotes/feat/form-2 [1ms]
2024-03-08 14:43:17.771 [info] > git status -z -uall [8ms]
2024-03-08 14:43:19.211 [info] > git ls-files --stage -- /home/coder/storewise-webapps/storewise-info/src/components/RadioButtons.tsx [7ms]
2024-03-08 14:43:19.240 [info] > git cat-file -s fe265b3760e95933443fb1af10895e1c01107615 [0ms]
2024-03-08 14:43:19.385 [info] > git show --textconv :storewise-info/src/components/RadioButtons.tsx [1ms]
2024-03-08 14:43:20.775 [info] > git config --get commit.template [1ms]
2024-03-08 14:43:20.798 [info] > git for-each-ref --format=%(refname)%00%(upstream:short)%00%(objectname)%00%(upstream:track)%00%(upstream:remotename)%00%(upstream:remoteref) refs/heads/feat/form-2 refs/remotes/feat/form-2 [1ms]
2024-03-08 14:43:20.823 [info] > git status -z -uall [1ms]
2024-03-08 14:43:25.851 [info] > git config --get commit.template [3ms]
2024-03-08 14:43:25.876 [info] > git for-each-ref --format=%(refname)%00%(upstream:short)%00%(objectname)%00%(upstream:track)%00%(upstream:remotename)%00%(upstream:remoteref) refs/heads/feat/form-2 refs/remotes/feat/form-2 [3ms]
2024-03-08 14:43:25.901 [info] > git status -z -uall [1ms]
2024-03-08 14:43:30.930 [info] > git config --get commit.template [1ms]
2024-03-08 14:43:30.956 [info] > git for-each-ref --format=%(refname)%00%(upstream:short)%00%(objectname)%00%(upstream:track)%00%(upstream:remotename)%00%(upstream:remoteref) refs/heads/feat/form-2 refs/remotes/feat/form-2 [2ms]
2024-03-08 14:43:30.984 [info] > git status -z -uall [6ms]
2024-03-08 14:43:36.016 [info] > git config --get commit.template [3ms]
2024-03-08 14:43:36.107 [info] > git for-each-ref --format=%(refname)%00%(upstream:short)%00%(objectname)%00%(upstream:track)%00%(upstream:remotename)%00%(upstream:remoteref) refs/heads/feat/form-2 refs/remotes/feat/form-2 [2ms]
2024-03-08 14:43:36.137 [info] > git status -z -uall [7ms]
2024-03-08 14:43:41.212 [info] > git config --get commit.template [45ms]
2024-03-08 14:43:41.213 [info] > git for-each-ref --format=%(refname)%00%(upstream:short)%00%(objectname)%00%(upstream:track)%00%(upstream:remotename)%00%(upstream:remoteref) refs/heads/feat/form-2 refs/remotes/feat/form-2 [2ms]
2024-03-08 14:43:41.253 [info] > git status -z -uall [7ms]
2024-03-08 14:43:46.285 [info] > git config --get commit.template [4ms]
2024-03-08 14:43:46.319 [info] > git for-each-ref --format=%(refname)%00%(upstream:short)%00%(objectname)%00%(upstream:track)%00%(upstream:remotename)%00%(upstream:remoteref) refs/heads/feat/form-2 refs/remotes/feat/form-2 [1ms]
2024-03-08 14:43:46.354 [info] > git status -z -uall [1ms]
2024-03-08 14:43:51.471 [info] > git for-each-ref --format=%(refname)%00%(upstream:short)%00%(objectname)%00%(upstream:track)%00%(upstream:remotename)%00%(upstream:remoteref) refs/heads/feat/form-2 refs/remotes/feat/form-2 [3ms]
2024-03-08 14:43:51.472 [info] > git config --get commit.template [32ms]
2024-03-08 14:43:51.544 [info] > git status -z -uall [45ms]
2024-03-08 14:43:56.576 [info] > git config --get commit.template [2ms]
2024-03-08 14:43:56.613 [info] > git for-each-ref --format=%(refname)%00%(upstream:short)%00%(objectname)%00%(upstream:track)%00%(upstream:remotename)%00%(upstream:remoteref) refs/heads/feat/form-2 refs/remotes/feat/form-2 [12ms]
2024-03-08 14:43:56.638 [info] > git status -z -uall [2ms]
2024-03-08 14:44:22.774 [info] > git config --get commit.template [1ms]
2024-03-08 14:44:22.795 [info] > git for-each-ref --format=%(refname)%00%(upstream:short)%00%(objectname)%00%(upstream:track)%00%(upstream:remotename)%00%(upstream:remoteref) refs/heads/feat/form-2 refs/remotes/feat/form-2 [2ms]
2024-03-08 14:44:22.817 [info] > git status -z -uall [4ms]
2024-03-08 14:44:27.845 [info] > git config --get commit.template [2ms]
2024-03-08 14:44:27.874 [info] > git for-each-ref --format=%(refname)%00%(upstream:short)%00%(objectname)%00%(upstream:track)%00%(upstream:remotename)%00%(upstream:remoteref) refs/heads/feat/form-2 refs/remotes/feat/form-2 [1ms]
2024-03-08 14:44:27.901 [info] > git status -z -uall [2ms]
2024-03-08 14:44:32.944 [info] > git config --get commit.template [3ms]
2024-03-08 14:44:32.983 [info] > git for-each-ref --format=%(refname)%00%(upstream:short)%00%(objectname)%00%(upstream:track)%00%(upstream:remotename)%00%(upstream:remoteref) refs/heads/feat/form-2 refs/remotes/feat/form-2 [5ms]
2024-03-08 14:44:33.020 [info] > git status -z -uall [7ms]
2024-03-08 14:44:38.054 [info] > git config --get commit.template [4ms]
2024-03-08 14:44:38.083 [info] > git for-each-ref --format=%(refname)%00%(upstream:short)%00%(objectname)%00%(upstream:track)%00%(upstream:remotename)%00%(upstream:remoteref) refs/heads/feat/form-2 refs/remotes/feat/form-2 [0ms]
2024-03-08 14:44:38.106 [info] > git status -z -uall [4ms]
2024-03-08 14:44:49.751 [info] > git config --get commit.template [3ms]
2024-03-08 14:44:49.777 [info] > git for-each-ref --format=%(refname)%00%(upstream:short)%00%(objectname)%00%(upstream:track)%00%(upstream:remotename)%00%(upstream:remoteref) refs/heads/feat/form-2 refs/remotes/feat/form-2 [2ms]
2024-03-08 14:44:49.803 [info] > git status -z -uall [4ms]
2024-03-08 14:44:54.883 [info] > git config --get commit.template [49ms]
2024-03-08 14:44:54.921 [info] > git for-each-ref --format=%(refname)%00%(upstream:short)%00%(objectname)%00%(upstream:track)%00%(upstream:remotename)%00%(upstream:remoteref) refs/heads/feat/form-2 refs/remotes/feat/form-2 [2ms]
2024-03-08 14:44:54.954 [info] > git status -z -uall [7ms]
2024-03-08 14:44:59.987 [info] > git config --get commit.template [2ms]
2024-03-08 14:45:00.011 [info] > git for-each-ref --format=%(refname)%00%(upstream:short)%00%(objectname)%00%(upstream:track)%00%(upstream:remotename)%00%(upstream:remoteref) refs/heads/feat/form-2 refs/remotes/feat/form-2 [2ms]
2024-03-08 14:45:00.036 [info] > git status -z -uall [1ms]
2024-03-08 14:45:08.840 [info] > git config --get commit.template [1ms]
2024-03-08 14:45:08.875 [info] > git for-each-ref --format=%(refname)%00%(upstream:short)%00%(objectname)%00%(upstream:track)%00%(upstream:remotename)%00%(upstream:remoteref) refs/heads/feat/form-2 refs/remotes/feat/form-2 [4ms]
2024-03-08 14:45:08.902 [info] > git status -z -uall [2ms]
2024-03-08 14:45:40.337 [info] > git config --get commit.template [2ms]
2024-03-08 14:45:40.359 [info] > git for-each-ref --format=%(refname)%00%(upstream:short)%00%(objectname)%00%(upstream:track)%00%(upstream:remotename)%00%(upstream:remoteref) refs/heads/feat/form-2 refs/remotes/feat/form-2 [2ms]
2024-03-08 14:45:40.381 [info] > git status -z -uall [2ms]
2024-03-08 14:45:58.663 [info] > git config --get commit.template [1ms]
2024-03-08 14:45:58.685 [info] > git for-each-ref --format=%(refname)%00%(upstream:short)%00%(objectname)%00%(upstream:track)%00%(upstream:remotename)%00%(upstream:remoteref) refs/heads/feat/form-2 refs/remotes/feat/form-2 [2ms]
2024-03-08 14:45:58.711 [info] > git status -z -uall [4ms]
2024-03-08 14:46:18.624 [info] > git fetch [819ms]
2024-03-08 14:46:18.624 [info] /bin/sh: warning: setlocale: LC_ALL: cannot change locale (en_US.UTF-8)
2024-03-08 14:46:18.667 [info] > git for-each-ref --format=%(refname)%00%(upstream:short)%00%(objectname)%00%(upstream:track)%00%(upstream:remotename)%00%(upstream:remoteref) refs/heads/feat/form-2 refs/remotes/feat/form-2 [1ms]
2024-03-08 14:46:18.668 [info] > git config --get commit.template [21ms]
2024-03-08 14:46:18.701 [info] > git status -z -uall [15ms]
2024-03-08 14:46:19.888 [info] > git config --get commit.template [1ms]
2024-03-08 14:46:19.910 [info] > git for-each-ref --format=%(refname)%00%(upstream:short)%00%(objectname)%00%(upstream:track)%00%(upstream:remotename)%00%(upstream:remoteref) refs/heads/feat/form-2 refs/remotes/feat/form-2 [2ms]
2024-03-08 14:46:19.938 [info] > git status -z -uall [7ms]
2024-03-08 14:46:20.244 [info] > git ls-files --stage -- /home/coder/storewise-webapps/storewise-info/src/components/RadioButtons.tsx [1ms]
2024-03-08 14:46:20.265 [info] > git cat-file -s fe265b3760e95933443fb1af10895e1c01107615 [2ms]
2024-03-08 14:46:20.430 [info] > git show --textconv :storewise-info/src/components/RadioButtons.tsx [0ms]
2024-03-08 14:46:47.446 [info] > git config --get commit.template [4ms]
2024-03-08 14:46:47.477 [info] > git for-each-ref --format=%(refname)%00%(upstream:short)%00%(objectname)%00%(upstream:track)%00%(upstream:remotename)%00%(upstream:remoteref) refs/heads/feat/form-2 refs/remotes/feat/form-2 [6ms]
2024-03-08 14:46:47.503 [info] > git status -z -uall [6ms]
2024-03-08 14:47:02.205 [info] > git config --get commit.template [25ms]
2024-03-08 14:47:02.205 [info] > git for-each-ref --format=%(refname)%00%(upstream:short)%00%(objectname)%00%(upstream:track)%00%(upstream:remotename)%00%(upstream:remoteref) refs/heads/feat/form-2 refs/remotes/feat/form-2 [2ms]
2024-03-08 14:47:02.228 [info] > git status -z -uall [4ms]
2024-03-08 14:47:13.433 [info] > git config --get commit.template [1ms]
2024-03-08 14:47:13.463 [info] > git for-each-ref --format=%(refname)%00%(upstream:short)%00%(objectname)%00%(upstream:track)%00%(upstream:remotename)%00%(upstream:remoteref) refs/heads/feat/form-2 refs/remotes/feat/form-2 [4ms]
2024-03-08 14:47:13.487 [info] > git status -z -uall [4ms]
2024-03-08 14:47:17.384 [info] > git show --textconv :storewise-info/src/components/NewForm.tsx [18ms]
2024-03-08 14:47:17.389 [info] > git ls-files --stage -- /home/coder/storewise-webapps/storewise-info/src/components/NewForm.tsx [2ms]
2024-03-08 14:47:27.506 [info] > git show --textconv :storewise-info/src/components/RadioButtons.tsx [23ms]
2024-03-08 14:47:27.507 [info] > git ls-files --stage -- /home/coder/storewise-webapps/storewise-info/src/components/RadioButtons.tsx [3ms]
2024-03-08 14:47:27.530 [info] > git cat-file -s fe265b3760e95933443fb1af10895e1c01107615 [2ms]
2024-03-08 14:47:48.303 [info] > git config --get commit.template [1ms]
2024-03-08 14:47:48.324 [info] > git for-each-ref --format=%(refname)%00%(upstream:short)%00%(objectname)%00%(upstream:track)%00%(upstream:remotename)%00%(upstream:remoteref) refs/heads/feat/form-2 refs/remotes/feat/form-2 [2ms]
2024-03-08 14:47:48.348 [info] > git status -z -uall [5ms]
2024-03-08 14:48:10.465 [info] > git config --get commit.template [2ms]
2024-03-08 14:48:10.491 [info] > git for-each-ref --format=%(refname)%00%(upstream:short)%00%(objectname)%00%(upstream:track)%00%(upstream:remotename)%00%(upstream:remoteref) refs/heads/feat/form-2 refs/remotes/feat/form-2 [2ms]
2024-03-08 14:48:10.512 [info] > git status -z -uall [1ms]
2024-03-08 14:48:16.641 [info] > git config --get commit.template [1ms]
2024-03-08 14:48:16.659 [info] > git for-each-ref --format=%(refname)%00%(upstream:short)%00%(objectname)%00%(upstream:track)%00%(upstream:remotename)%00%(upstream:remoteref) refs/heads/feat/form-2 refs/remotes/feat/form-2 [1ms]
2024-03-08 14:48:16.686 [info] > git status -z -uall [3ms]
2024-03-08 14:48:29.621 [info] > git config --get commit.template [2ms]
2024-03-08 14:48:29.645 [info] > git for-each-ref --format=%(refname)%00%(upstream:short)%00%(objectname)%00%(upstream:track)%00%(upstream:remotename)%00%(upstream:remoteref) refs/heads/feat/form-2 refs/remotes/feat/form-2 [1ms]
2024-03-08 14:48:29.668 [info] > git status -z -uall [1ms]
2024-03-08 14:48:34.701 [info] > git config --get commit.template [1ms]
2024-03-08 14:48:34.723 [info] > git for-each-ref --format=%(refname)%00%(upstream:short)%00%(objectname)%00%(upstream:track)%00%(upstream:remotename)%00%(upstream:remoteref) refs/heads/feat/form-2 refs/remotes/feat/form-2 [2ms]
2024-03-08 14:48:34.752 [info] > git status -z -uall [5ms]
2024-03-08 14:48:51.540 [info] > git config --get commit.template [4ms]
2024-03-08 14:48:51.567 [info] > git for-each-ref --format=%(refname)%00%(upstream:short)%00%(objectname)%00%(upstream:track)%00%(upstream:remotename)%00%(upstream:remoteref) refs/heads/feat/form-2 refs/remotes/feat/form-2 [1ms]
2024-03-08 14:48:51.596 [info] > git status -z -uall [8ms]
2024-03-08 14:49:31.355 [info] > git fetch [678ms]
2024-03-08 14:49:31.355 [info] /bin/sh: warning: setlocale: LC_ALL: cannot change locale (en_US.UTF-8)
2024-03-08 14:49:31.379 [info] > git config --get commit.template [4ms]
2024-03-08 14:49:31.403 [info] > git for-each-ref --format=%(refname)%00%(upstream:short)%00%(objectname)%00%(upstream:track)%00%(upstream:remotename)%00%(upstream:remoteref) refs/heads/feat/form-2 refs/remotes/feat/form-2 [1ms]
2024-03-08 14:49:31.428 [info] > git status -z -uall [1ms]
2024-03-08 14:49:36.706 [info] > git config --get commit.template [1ms]
2024-03-08 14:49:36.750 [info] > git for-each-ref --format=%(refname)%00%(upstream:short)%00%(objectname)%00%(upstream:track)%00%(upstream:remotename)%00%(upstream:remoteref) refs/heads/feat/form-2 refs/remotes/feat/form-2 [6ms]
2024-03-08 14:49:36.775 [info] > git status -z -uall [3ms]
2024-03-08 14:49:36.886 [info] > git ls-files --stage -- /home/coder/storewise-webapps/storewise-info/src/components/RadioButtons.tsx [3ms]
2024-03-08 14:49:36.902 [info] > git cat-file -s fe265b3760e95933443fb1af10895e1c01107615 [0ms]
2024-03-08 14:49:37.038 [info] > git show --textconv :storewise-info/src/components/RadioButtons.tsx [2ms]
2024-03-08 14:49:39.312 [info] > git show --textconv :storewise-info/src/components/NewForm.tsx [25ms]
2024-03-08 14:49:39.313 [info] > git ls-files --stage -- /home/coder/storewise-webapps/storewise-info/src/components/NewForm.tsx [3ms]
2024-03-08 14:50:02.307 [info] > git show --textconv :storewise-info/src/components/RadioButtons.tsx [26ms]
2024-03-08 14:50:02.307 [info] > git ls-files --stage -- /home/coder/storewise-webapps/storewise-info/src/components/RadioButtons.tsx [3ms]
2024-03-08 14:50:02.346 [info] > git cat-file -s fe265b3760e95933443fb1af10895e1c01107615 [6ms]
2024-03-08 14:50:26.834 [info] > git show --textconv :storewise-info/src/components/NewForm.tsx [22ms]
2024-03-08 14:50:26.834 [info] > git ls-files --stage -- /home/coder/storewise-webapps/storewise-info/src/components/NewForm.tsx [3ms]
2024-03-08 14:53:11.670 [info] > git fetch [538ms]
2024-03-08 14:53:11.670 [info] /bin/sh: warning: setlocale: LC_ALL: cannot change locale (en_US.UTF-8)
2024-03-08 14:53:11.694 [info] > git config --get commit.template [1ms]
2024-03-08 14:53:11.720 [info] > git for-each-ref --format=%(refname)%00%(upstream:short)%00%(objectname)%00%(upstream:track)%00%(upstream:remotename)%00%(upstream:remoteref) refs/heads/feat/form-2 refs/remotes/feat/form-2 [2ms]
2024-03-08 14:53:11.748 [info] > git status -z -uall [2ms]
2024-03-08 14:53:12.615 [info] > git show --textconv :storewise-info/src/components/RadioButtons.tsx [24ms]
2024-03-08 14:53:12.616 [info] > git ls-files --stage -- /home/coder/storewise-webapps/storewise-info/src/components/RadioButtons.tsx [2ms]
2024-03-08 14:53:12.638 [info] > git cat-file -s fe265b3760e95933443fb1af10895e1c01107615 [2ms]
2024-03-08 14:53:12.874 [info] > git config --get commit.template [2ms]
2024-03-08 14:53:12.897 [info] > git for-each-ref --format=%(refname)%00%(upstream:short)%00%(objectname)%00%(upstream:track)%00%(upstream:remotename)%00%(upstream:remoteref) refs/heads/feat/form-2 refs/remotes/feat/form-2 [2ms]
2024-03-08 14:53:12.919 [info] > git status -z -uall [1ms]
2024-03-08 14:53:13.194 [info] > git ls-files --stage -- /home/coder/storewise-webapps/storewise-info/src/components/RadioButtons.tsx [1ms]
2024-03-08 14:53:13.213 [info] > git cat-file -s fe265b3760e95933443fb1af10895e1c01107615 [2ms]
2024-03-08 14:53:13.498 [info] > git show --textconv :storewise-info/src/components/RadioButtons.tsx [3ms]
2024-03-08 14:53:23.494 [info] > git config --get commit.template [2ms]
2024-03-08 14:53:23.527 [info] > git for-each-ref --format=%(refname)%00%(upstream:short)%00%(objectname)%00%(upstream:track)%00%(upstream:remotename)%00%(upstream:remoteref) refs/heads/feat/form-2 refs/remotes/feat/form-2 [4ms]
2024-03-08 14:53:23.557 [info] > git status -z -uall [4ms]
2024-03-08 14:53:36.781 [info] > git config --get commit.template [2ms]
2024-03-08 14:53:36.802 [info] > git for-each-ref --format=%(refname)%00%(upstream:short)%00%(objectname)%00%(upstream:track)%00%(upstream:remotename)%00%(upstream:remoteref) refs/heads/feat/form-2 refs/remotes/feat/form-2 [2ms]
2024-03-08 14:53:36.820 [info] > git status -z -uall [2ms]
2024-03-08 14:53:42.366 [info] > git config --get commit.template [1ms]
2024-03-08 14:53:42.385 [info] > git for-each-ref --format=%(refname)%00%(upstream:short)%00%(objectname)%00%(upstream:track)%00%(upstream:remotename)%00%(upstream:remoteref) refs/heads/feat/form-2 refs/remotes/feat/form-2 [2ms]
2024-03-08 14:53:42.406 [info] > git status -z -uall [3ms]
2024-03-08 14:54:02.275 [info] > git config --get commit.template [2ms]
2024-03-08 14:54:02.329 [info] > git for-each-ref --format=%(refname)%00%(upstream:short)%00%(objectname)%00%(upstream:track)%00%(upstream:remotename)%00%(upstream:remoteref) refs/heads/feat/form-2 refs/remotes/feat/form-2 [2ms]
2024-03-08 14:54:02.401 [info] > git status -z -uall [39ms]
2024-03-08 14:55:54.989 [info] > git config --get commit.template [1ms]
2024-03-08 14:55:55.016 [info] > git for-each-ref --format=%(refname)%00%(upstream:short)%00%(objectname)%00%(upstream:track)%00%(upstream:remotename)%00%(upstream:remoteref) refs/heads/feat/form-2 refs/remotes/feat/form-2 [1ms]
2024-03-08 14:55:55.045 [info] > git status -z -uall [11ms]
2024-03-08 14:56:00.072 [info] > git config --get commit.template [2ms]
2024-03-08 14:56:00.096 [info] > git for-each-ref --format=%(refname)%00%(upstream:short)%00%(objectname)%00%(upstream:track)%00%(upstream:remotename)%00%(upstream:remoteref) refs/heads/feat/form-2 refs/remotes/feat/form-2 [1ms]
2024-03-08 14:56:00.117 [info] > git status -z -uall [2ms]
2024-03-08 14:56:05.145 [info] > git config --get commit.template [1ms]
2024-03-08 14:56:05.168 [info] > git for-each-ref --format=%(refname)%00%(upstream:short)%00%(objectname)%00%(upstream:track)%00%(upstream:remotename)%00%(upstream:remoteref) refs/heads/feat/form-2 refs/remotes/feat/form-2 [4ms]
2024-03-08 14:56:05.201 [info] > git status -z -uall [10ms]
2024-03-08 14:56:10.256 [info] > git for-each-ref --format=%(refname)%00%(upstream:short)%00%(objectname)%00%(upstream:track)%00%(upstream:remotename)%00%(upstream:remoteref) refs/heads/feat/form-2 refs/remotes/feat/form-2 [1ms]
2024-03-08 14:56:10.257 [info] > git config --get commit.template [25ms]
2024-03-08 14:56:10.283 [info] > git status -z -uall [3ms]
2024-03-08 14:56:12.346 [info] > git fetch [574ms]
2024-03-08 14:56:12.346 [info] /bin/sh: warning: setlocale: LC_ALL: cannot change locale (en_US.UTF-8)
2024-03-08 14:56:12.396 [info] > git config --get commit.template [21ms]
2024-03-08 14:56:12.398 [info] > git for-each-ref --format=%(refname)%00%(upstream:short)%00%(objectname)%00%(upstream:track)%00%(upstream:remotename)%00%(upstream:remoteref) refs/heads/feat/form-2 refs/remotes/feat/form-2 [3ms]
2024-03-08 14:56:12.422 [info] > git status -z -uall [5ms]
2024-03-08 14:56:13.894 [info] > git ls-files --stage -- /home/coder/storewise-webapps/storewise-info/src/components/RadioButtons.tsx [1ms]
2024-03-08 14:56:13.915 [info] > git cat-file -s fe265b3760e95933443fb1af10895e1c01107615 [4ms]
2024-03-08 14:56:14.131 [info] > git show --textconv :storewise-info/src/components/RadioButtons.tsx [1ms]
2024-03-08 14:56:15.306 [info] > git config --get commit.template [3ms]
2024-03-08 14:56:15.334 [info] > git for-each-ref --format=%(refname)%00%(upstream:short)%00%(objectname)%00%(upstream:track)%00%(upstream:remotename)%00%(upstream:remoteref) refs/heads/feat/form-2 refs/remotes/feat/form-2 [4ms]
2024-03-08 14:56:15.370 [info] > git status -z -uall [3ms]
2024-03-08 14:56:20.392 [info] > git config --get commit.template [1ms]
2024-03-08 14:56:20.412 [info] > git for-each-ref --format=%(refname)%00%(upstream:short)%00%(objectname)%00%(upstream:track)%00%(upstream:remotename)%00%(upstream:remoteref) refs/heads/feat/form-2 refs/remotes/feat/form-2 [3ms]
2024-03-08 14:56:20.431 [info] > git status -z -uall [2ms]
2024-03-08 14:58:34.536 [info] > git config --get commit.template [5ms]
2024-03-08 14:58:34.560 [info] > git for-each-ref --format=%(refname)%00%(upstream:short)%00%(objectname)%00%(upstream:track)%00%(upstream:remotename)%00%(upstream:remoteref) refs/heads/feat/form-2 refs/remotes/feat/form-2 [1ms]
2024-03-08 14:58:34.581 [info] > git status -z -uall [2ms]
2024-03-08 14:59:13.045 [info] > git fetch [594ms]
2024-03-08 14:59:13.045 [info] /bin/sh: warning: setlocale: LC_ALL: cannot change locale (en_US.UTF-8)
2024-03-08 14:59:13.097 [info] > git for-each-ref --format=%(refname)%00%(upstream:short)%00%(objectname)%00%(upstream:track)%00%(upstream:remotename)%00%(upstream:remoteref) refs/heads/feat/form-2 refs/remotes/feat/form-2 [2ms]
2024-03-08 14:59:13.098 [info] > git config --get commit.template [22ms]
2024-03-08 14:59:13.123 [info] > git status -z -uall [3ms]
2024-03-08 14:59:14.240 [info] > git config --get commit.template [1ms]
2024-03-08 14:59:14.261 [info] > git for-each-ref --format=%(refname)%00%(upstream:short)%00%(objectname)%00%(upstream:track)%00%(upstream:remotename)%00%(upstream:remoteref) refs/heads/feat/form-2 refs/remotes/feat/form-2 [2ms]
2024-03-08 14:59:14.282 [info] > git status -z -uall [1ms]
2024-03-08 14:59:14.450 [info] > git ls-files --stage -- /home/coder/storewise-webapps/storewise-info/src/components/RadioButtons.tsx [1ms]
2024-03-08 14:59:14.471 [info] > git cat-file -s fe265b3760e95933443fb1af10895e1c01107615 [0ms]
2024-03-08 14:59:14.602 [info] > git show --textconv :storewise-info/src/components/RadioButtons.tsx [1ms]
2024-03-08 14:59:44.024 [info] > git config --get commit.template [2ms]
2024-03-08 14:59:44.048 [info] > git for-each-ref --format=%(refname)%00%(upstream:short)%00%(objectname)%00%(upstream:track)%00%(upstream:remotename)%00%(upstream:remoteref) refs/heads/feat/form-2 refs/remotes/feat/form-2 [2ms]
2024-03-08 14:59:44.079 [info] > git status -z -uall [4ms]
2024-03-08 15:00:02.955 [info] > git for-each-ref --format=%(refname)%00%(upstream:short)%00%(objectname)%00%(upstream:track)%00%(upstream:remotename)%00%(upstream:remoteref) refs/heads/feat/form-2 refs/remotes/feat/form-2 [7ms]
2024-03-08 15:00:02.955 [info] > git config --get commit.template [28ms]
2024-03-08 15:00:02.997 [info] > git status -z -uall [1ms]
2024-03-08 15:00:08.092 [info] > git config --get commit.template [7ms]
2024-03-08 15:00:08.128 [info] > git for-each-ref --format=%(refname)%00%(upstream:short)%00%(objectname)%00%(upstream:track)%00%(upstream:remotename)%00%(upstream:remoteref) refs/heads/feat/form-2 refs/remotes/feat/form-2 [1ms]
2024-03-08 15:00:08.154 [info] > git status -z -uall [1ms]
2024-03-08 15:00:36.873 [info] > git for-each-ref --format=%(refname)%00%(upstream:short)%00%(objectname)%00%(upstream:track)%00%(upstream:remotename)%00%(upstream:remoteref) refs/heads/feat/form-2 refs/remotes/feat/form-2 [2ms]
2024-03-08 15:00:36.874 [info] > git config --get commit.template [43ms]
2024-03-08 15:00:36.897 [info] > git status -z -uall [2ms]
2024-03-08 15:00:41.931 [info] > git config --get commit.template [1ms]
2024-03-08 15:00:41.964 [info] > git for-each-ref --format=%(refname)%00%(upstream:short)%00%(objectname)%00%(upstream:track)%00%(upstream:remotename)%00%(upstream:remoteref) refs/heads/feat/form-2 refs/remotes/feat/form-2 [2ms]
2024-03-08 15:00:41.985 [info] > git status -z -uall [2ms]
2024-03-08 15:00:47.023 [info] > git config --get commit.template [11ms]
2024-03-08 15:00:47.064 [info] > git for-each-ref --format=%(refname)%00%(upstream:short)%00%(objectname)%00%(upstream:track)%00%(upstream:remotename)%00%(upstream:remoteref) refs/heads/feat/form-2 refs/remotes/feat/form-2 [1ms]
2024-03-08 15:00:47.088 [info] > git status -z -uall [1ms]
2024-03-08 15:00:53.707 [info] > git config --get commit.template [3ms]
2024-03-08 15:00:53.740 [info] > git for-each-ref --format=%(refname)%00%(upstream:short)%00%(objectname)%00%(upstream:track)%00%(upstream:remotename)%00%(upstream:remoteref) refs/heads/feat/form-2 refs/remotes/feat/form-2 [5ms]
2024-03-08 15:00:53.766 [info] > git status -z -uall [4ms]
2024-03-08 15:00:59.415 [info] > git config --get commit.template [3ms]
2024-03-08 15:00:59.440 [info] > git for-each-ref --format=%(refname)%00%(upstream:short)%00%(objectname)%00%(upstream:track)%00%(upstream:remotename)%00%(upstream:remoteref) refs/heads/feat/form-2 refs/remotes/feat/form-2 [1ms]
2024-03-08 15:00:59.469 [info] > git status -z -uall [5ms]
2024-03-08 15:05:35.064 [info] > git fetch [675ms]
2024-03-08 15:05:35.064 [info] /bin/sh: warning: setlocale: LC_ALL: cannot change locale (en_US.UTF-8)
2024-03-08 15:05:35.086 [info] > git config --get commit.template [1ms]
2024-03-08 15:05:35.109 [info] > git for-each-ref --format=%(refname)%00%(upstream:short)%00%(objectname)%00%(upstream:track)%00%(upstream:remotename)%00%(upstream:remoteref) refs/heads/feat/form-2 refs/remotes/feat/form-2 [2ms]
2024-03-08 15:05:35.133 [info] > git status -z -uall [2ms]
2024-03-08 15:05:49.975 [info] > git ls-files --stage -- /home/coder/storewise-webapps/storewise-info/src/components/RadioButtons.tsx [2ms]
2024-03-08 15:05:50.007 [info] > git cat-file -s fe265b3760e95933443fb1af10895e1c01107615 [2ms]
2024-03-08 15:05:50.186 [info] > git show --textconv :storewise-info/src/components/RadioButtons.tsx [35ms]
2024-03-08 15:05:50.209 [info] > git for-each-ref --format=%(refname)%00%(upstream:short)%00%(objectname)%00%(upstream:track)%00%(upstream:remotename)%00%(upstream:remoteref) refs/heads/feat/form-2 refs/remotes/feat/form-2 [2ms]
2024-03-08 15:05:50.209 [info] > git config --get commit.template [24ms]
2024-03-08 15:05:50.244 [info] > git status -z -uall [11ms]
2024-03-08 15:05:55.271 [info] > git config --get commit.template [2ms]
2024-03-08 15:05:55.289 [info] > git for-each-ref --format=%(refname)%00%(upstream:short)%00%(objectname)%00%(upstream:track)%00%(upstream:remotename)%00%(upstream:remoteref) refs/heads/feat/form-2 refs/remotes/feat/form-2 [2ms]
2024-03-08 15:05:55.311 [info] > git status -z -uall [2ms]
2024-03-08 15:06:05.584 [info] > git config --get commit.template [2ms]
2024-03-08 15:06:05.606 [info] > git for-each-ref --format=%(refname)%00%(upstream:short)%00%(objectname)%00%(upstream:track)%00%(upstream:remotename)%00%(upstream:remoteref) refs/heads/feat/form-2 refs/remotes/feat/form-2 [3ms]
2024-03-08 15:06:05.632 [info] > git status -z -uall [2ms]
2024-03-08 15:06:20.062 [info] > git config --get commit.template [3ms]
2024-03-08 15:06:20.089 [info] > git for-each-ref --format=%(refname)%00%(upstream:short)%00%(objectname)%00%(upstream:track)%00%(upstream:remotename)%00%(upstream:remoteref) refs/heads/feat/form-2 refs/remotes/feat/form-2 [1ms]
2024-03-08 15:06:20.120 [info] > git status -z -uall [4ms]
2024-03-08 15:09:49.127 [info] > git fetch [628ms]
2024-03-08 15:09:49.128 [info] /bin/sh: warning: setlocale: LC_ALL: cannot change locale (en_US.UTF-8)
2024-03-08 15:09:49.153 [info] > git config --get commit.template [2ms]
2024-03-08 15:09:49.182 [info] > git for-each-ref --format=%(refname)%00%(upstream:short)%00%(objectname)%00%(upstream:track)%00%(upstream:remotename)%00%(upstream:remoteref) refs/heads/feat/form-2 refs/remotes/feat/form-2 [2ms]
2024-03-08 15:09:49.208 [info] > git status -z -uall [5ms]
2024-03-08 15:10:14.148 [info] > git config --get commit.template [1ms]
2024-03-08 15:10:14.168 [info] > git for-each-ref --format=%(refname)%00%(upstream:short)%00%(objectname)%00%(upstream:track)%00%(upstream:remotename)%00%(upstream:remoteref) refs/heads/feat/form-2 refs/remotes/feat/form-2 [2ms]
2024-03-08 15:10:14.191 [info] > git status -z -uall [6ms]
2024-03-08 15:10:14.280 [info] > git ls-files --stage -- /home/coder/storewise-webapps/storewise-info/src/components/RadioButtons.tsx [1ms]
2024-03-08 15:10:14.306 [info] > git cat-file -s fe265b3760e95933443fb1af10895e1c01107615 [3ms]
2024-03-08 15:10:14.445 [info] > git show --textconv :storewise-info/src/components/RadioButtons.tsx [1ms]
2024-03-08 15:11:28.941 [info] > git config --get commit.template [23ms]
2024-03-08 15:11:28.941 [info] > git for-each-ref --format=%(refname)%00%(upstream:short)%00%(objectname)%00%(upstream:track)%00%(upstream:remotename)%00%(upstream:remoteref) refs/heads/feat/form-2 refs/remotes/feat/form-2 [3ms]
2024-03-08 15:11:28.968 [info] > git status -z -uall [1ms]
2024-03-08 15:12:11.565 [info] > git config --get commit.template [1ms]
2024-03-08 15:12:11.590 [info] > git for-each-ref --format=%(refname)%00%(upstream:short)%00%(objectname)%00%(upstream:track)%00%(upstream:remotename)%00%(upstream:remoteref) refs/heads/feat/form-2 refs/remotes/feat/form-2 [1ms]
2024-03-08 15:12:11.616 [info] > git status -z -uall [1ms]
2024-03-08 15:12:43.631 [info] > git config --get commit.template [2ms]
2024-03-08 15:12:43.658 [info] > git for-each-ref --format=%(refname)%00%(upstream:short)%00%(objectname)%00%(upstream:track)%00%(upstream:remotename)%00%(upstream:remoteref) refs/heads/feat/form-2 refs/remotes/feat/form-2 [2ms]
2024-03-08 15:12:43.697 [info] > git status -z -uall [6ms]
2024-03-08 15:12:53.693 [info] > git config --get commit.template [1ms]
2024-03-08 15:12:53.718 [info] > git for-each-ref --format=%(refname)%00%(upstream:short)%00%(objectname)%00%(upstream:track)%00%(upstream:remotename)%00%(upstream:remoteref) refs/heads/feat/form-2 refs/remotes/feat/form-2 [2ms]
2024-03-08 15:12:53.742 [info] > git status -z -uall [4ms]
2024-03-08 15:12:54.469 [info] > git fetch [798ms]
2024-03-08 15:12:54.469 [info] /bin/sh: warning: setlocale: LC_ALL: cannot change locale (en_US.UTF-8)
2024-03-08 15:12:54.498 [info] > git config --get commit.template [2ms]
2024-03-08 15:12:54.526 [info] > git for-each-ref --format=%(refname)%00%(upstream:short)%00%(objectname)%00%(upstream:track)%00%(upstream:remotename)%00%(upstream:remoteref) refs/heads/feat/form-2 refs/remotes/feat/form-2 [5ms]
2024-03-08 15:12:54.554 [info] > git status -z -uall [8ms]
2024-03-08 15:12:55.934 [info] > git ls-files --stage -- /home/coder/storewise-webapps/storewise-info/src/components/RadioButtons.tsx [3ms]
2024-03-08 15:12:55.954 [info] > git cat-file -s fe265b3760e95933443fb1af10895e1c01107615 [3ms]
2024-03-08 15:12:56.105 [info] > git show --textconv :storewise-info/src/components/RadioButtons.tsx [1ms]
2024-03-08 15:12:58.766 [info] > git config --get commit.template [1ms]
2024-03-08 15:12:58.785 [info] > git for-each-ref --format=%(refname)%00%(upstream:short)%00%(objectname)%00%(upstream:track)%00%(upstream:remotename)%00%(upstream:remoteref) refs/heads/feat/form-2 refs/remotes/feat/form-2 [1ms]
2024-03-08 15:12:58.809 [info] > git status -z -uall [2ms]
2024-03-08 15:13:18.776 [info] > git config --get commit.template [29ms]
2024-03-08 15:13:18.784 [info] > git for-each-ref --format=%(refname)%00%(upstream:short)%00%(objectname)%00%(upstream:track)%00%(upstream:remotename)%00%(upstream:remoteref) refs/heads/feat/form-2 refs/remotes/feat/form-2 [10ms]
2024-03-08 15:13:18.819 [info] > git status -z -uall [8ms]
2024-03-08 15:13:27.494 [info] > git config --get commit.template [2ms]
2024-03-08 15:13:27.528 [info] > git for-each-ref --format=%(refname)%00%(upstream:short)%00%(objectname)%00%(upstream:track)%00%(upstream:remotename)%00%(upstream:remoteref) refs/heads/feat/form-2 refs/remotes/feat/form-2 [3ms]
2024-03-08 15:13:27.560 [info] > git status -z -uall [1ms]
2024-03-08 15:15:56.904 [info] > git fetch [610ms]
2024-03-08 15:15:56.905 [info] /bin/sh: warning: setlocale: LC_ALL: cannot change locale (en_US.UTF-8)
2024-03-08 15:15:56.928 [info] > git config --get commit.template [1ms]
2024-03-08 15:15:56.963 [info] > git for-each-ref --format=%(refname)%00%(upstream:short)%00%(objectname)%00%(upstream:track)%00%(upstream:remotename)%00%(upstream:remoteref) refs/heads/feat/form-2 refs/remotes/feat/form-2 [14ms]
2024-03-08 15:15:56.991 [info] > git status -z -uall [4ms]
2024-03-08 15:15:58.074 [info] > git config --get commit.template [2ms]
2024-03-08 15:15:58.095 [info] > git for-each-ref --format=%(refname)%00%(upstream:short)%00%(objectname)%00%(upstream:track)%00%(upstream:remotename)%00%(upstream:remoteref) refs/heads/feat/form-2 refs/remotes/feat/form-2 [1ms]
2024-03-08 15:15:58.117 [info] > git status -z -uall [2ms]
2024-03-08 15:15:58.289 [info] > git ls-files --stage -- /home/coder/storewise-webapps/storewise-info/src/components/RadioButtons.tsx [1ms]
2024-03-08 15:15:58.309 [info] > git cat-file -s fe265b3760e95933443fb1af10895e1c01107615 [2ms]
2024-03-08 15:15:58.439 [info] > git show --textconv :storewise-info/src/components/RadioButtons.tsx [4ms]
2024-03-08 15:16:18.534 [info] > git config --get commit.template [2ms]
2024-03-08 15:16:18.555 [info] > git for-each-ref --format=%(refname)%00%(upstream:short)%00%(objectname)%00%(upstream:track)%00%(upstream:remotename)%00%(upstream:remoteref) refs/heads/feat/form-2 refs/remotes/feat/form-2 [1ms]
2024-03-08 15:16:18.577 [info] > git status -z -uall [2ms]
2024-03-08 15:16:23.603 [info] > git config --get commit.template [2ms]
2024-03-08 15:16:23.625 [info] > git for-each-ref --format=%(refname)%00%(upstream:short)%00%(objectname)%00%(upstream:track)%00%(upstream:remotename)%00%(upstream:remoteref) refs/heads/feat/form-2 refs/remotes/feat/form-2 [3ms]
2024-03-08 15:16:23.654 [info] > git status -z -uall [3ms]
2024-03-08 15:16:28.687 [info] > git config --get commit.template [2ms]
2024-03-08 15:16:28.711 [info] > git for-each-ref --format=%(refname)%00%(upstream:short)%00%(objectname)%00%(upstream:track)%00%(upstream:remotename)%00%(upstream:remoteref) refs/heads/feat/form-2 refs/remotes/feat/form-2 [6ms]
2024-03-08 15:16:28.733 [info] > git status -z -uall [4ms]
2024-03-08 15:16:47.243 [info] > git config --get commit.template [3ms]
2024-03-08 15:16:47.266 [info] > git for-each-ref --format=%(refname)%00%(upstream:short)%00%(objectname)%00%(upstream:track)%00%(upstream:remotename)%00%(upstream:remoteref) refs/heads/feat/form-2 refs/remotes/feat/form-2 [3ms]
2024-03-08 15:16:47.288 [info] > git status -z -uall [4ms]
2024-03-08 15:18:33.741 [info] > git config --get commit.template [2ms]
2024-03-08 15:18:33.778 [info] > git for-each-ref --format=%(refname)%00%(upstream:short)%00%(objectname)%00%(upstream:track)%00%(upstream:remotename)%00%(upstream:remoteref) refs/heads/feat/form-2 refs/remotes/feat/form-2 [5ms]
2024-03-08 15:18:33.813 [info] > git status -z -uall [6ms]
2024-03-08 15:18:38.853 [info] > git config --get commit.template [5ms]
2024-03-08 15:18:38.877 [info] > git for-each-ref --format=%(refname)%00%(upstream:short)%00%(objectname)%00%(upstream:track)%00%(upstream:remotename)%00%(upstream:remoteref) refs/heads/feat/form-2 refs/remotes/feat/form-2 [1ms]
2024-03-08 15:18:38.906 [info] > git status -z -uall [2ms]
2024-03-08 15:18:57.589 [info] > git fetch [570ms]
2024-03-08 15:18:57.589 [info] /bin/sh: warning: setlocale: LC_ALL: cannot change locale (en_US.UTF-8)
2024-03-08 15:18:57.618 [info] > git config --get commit.template [1ms]
2024-03-08 15:18:57.642 [info] > git for-each-ref --format=%(refname)%00%(upstream:short)%00%(objectname)%00%(upstream:track)%00%(upstream:remotename)%00%(upstream:remoteref) refs/heads/feat/form-2 refs/remotes/feat/form-2 [1ms]
2024-03-08 15:18:57.663 [info] > git status -z -uall [4ms]
2024-03-08 15:18:58.793 [info] > git config --get commit.template [1ms]
2024-03-08 15:18:58.812 [info] > git for-each-ref --format=%(refname)%00%(upstream:short)%00%(objectname)%00%(upstream:track)%00%(upstream:remotename)%00%(upstream:remoteref) refs/heads/feat/form-2 refs/remotes/feat/form-2 [1ms]
2024-03-08 15:18:58.841 [info] > git status -z -uall [5ms]
2024-03-08 15:18:59.057 [info] > git ls-files --stage -- /home/coder/storewise-webapps/storewise-info/src/components/RadioButtons.tsx [3ms]
2024-03-08 15:18:59.080 [info] > git cat-file -s fe265b3760e95933443fb1af10895e1c01107615 [1ms]
2024-03-08 15:18:59.209 [info] > git show --textconv :storewise-info/src/components/RadioButtons.tsx [0ms]
2024-03-08 15:19:29.452 [info] > git config --get commit.template [3ms]
2024-03-08 15:19:29.473 [info] > git for-each-ref --format=%(refname)%00%(upstream:short)%00%(objectname)%00%(upstream:track)%00%(upstream:remotename)%00%(upstream:remoteref) refs/heads/feat/form-2 refs/remotes/feat/form-2 [2ms]
2024-03-08 15:19:29.499 [info] > git status -z -uall [4ms]
2024-03-08 15:19:49.651 [info] > git config --get commit.template [3ms]
2024-03-08 15:19:49.678 [info] > git for-each-ref --format=%(refname)%00%(upstream:short)%00%(objectname)%00%(upstream:track)%00%(upstream:remotename)%00%(upstream:remoteref) refs/heads/feat/form-2 refs/remotes/feat/form-2 [3ms]
2024-03-08 15:19:49.699 [info] > git status -z -uall [4ms]
2024-03-08 15:19:54.730 [info] > git config --get commit.template [2ms]
2024-03-08 15:19:54.760 [info] > git for-each-ref --format=%(refname)%00%(upstream:short)%00%(objectname)%00%(upstream:track)%00%(upstream:remotename)%00%(upstream:remoteref) refs/heads/feat/form-2 refs/remotes/feat/form-2 [2ms]
2024-03-08 15:19:54.797 [info] > git status -z -uall [8ms]
2024-03-08 15:20:33.956 [info] > git config --get commit.template [2ms]
2024-03-08 15:20:33.985 [info] > git for-each-ref --format=%(refname)%00%(upstream:short)%00%(objectname)%00%(upstream:track)%00%(upstream:remotename)%00%(upstream:remoteref) refs/heads/feat/form-2 refs/remotes/feat/form-2 [2ms]
2024-03-08 15:20:34.007 [info] > git status -z -uall [0ms]
2024-03-08 15:21:30.979 [info] > git config --get commit.template [4ms]
2024-03-08 15:21:31.012 [info] > git for-each-ref --format=%(refname)%00%(upstream:short)%00%(objectname)%00%(upstream:track)%00%(upstream:remotename)%00%(upstream:remoteref) refs/heads/feat/form-2 refs/remotes/feat/form-2 [4ms]
2024-03-08 15:21:31.041 [info] > git status -z -uall [1ms]
2024-03-08 15:22:31.690 [info] > git fetch [586ms]
2024-03-08 15:22:31.690 [info] /bin/sh: warning: setlocale: LC_ALL: cannot change locale (en_US.UTF-8)
2024-03-08 15:22:31.717 [info] > git config --get commit.template [1ms]
2024-03-08 15:22:31.740 [info] > git for-each-ref --format=%(refname)%00%(upstream:short)%00%(objectname)%00%(upstream:track)%00%(upstream:remotename)%00%(upstream:remoteref) refs/heads/feat/form-2 refs/remotes/feat/form-2 [2ms]
2024-03-08 15:22:31.782 [info] > git status -z -uall [3ms]
2024-03-08 15:22:32.898 [info] > git config --get commit.template [1ms]
2024-03-08 15:22:32.929 [info] > git for-each-ref --format=%(refname)%00%(upstream:short)%00%(objectname)%00%(upstream:track)%00%(upstream:remotename)%00%(upstream:remoteref) refs/heads/feat/form-2 refs/remotes/feat/form-2 [2ms]
2024-03-08 15:22:32.950 [info] > git status -z -uall [3ms]
2024-03-08 15:22:33.113 [info] > git ls-files --stage -- /home/coder/storewise-webapps/storewise-info/src/components/RadioButtons.tsx [1ms]
2024-03-08 15:22:33.134 [info] > git cat-file -s fe265b3760e95933443fb1af10895e1c01107615 [1ms]
2024-03-08 15:22:33.274 [info] > git show --textconv :storewise-info/src/components/RadioButtons.tsx [2ms]
2024-03-08 15:22:38.120 [info] > git config --get commit.template [2ms]
2024-03-08 15:22:38.145 [info] > git for-each-ref --format=%(refname)%00%(upstream:short)%00%(objectname)%00%(upstream:track)%00%(upstream:remotename)%00%(upstream:remoteref) refs/heads/feat/form-2 refs/remotes/feat/form-2 [3ms]
2024-03-08 15:22:38.177 [info] > git status -z -uall [4ms]
2024-03-08 15:22:44.013 [info] > git config --get commit.template [5ms]
2024-03-08 15:22:44.049 [info] > git for-each-ref --format=%(refname)%00%(upstream:short)%00%(objectname)%00%(upstream:track)%00%(upstream:remotename)%00%(upstream:remoteref) refs/heads/feat/form-2 refs/remotes/feat/form-2 [2ms]
2024-03-08 15:22:44.081 [info] > git status -z -uall [5ms]
2024-03-08 15:25:31.482 [info] > git config --get commit.template [2ms]
2024-03-08 15:25:31.502 [info] > git for-each-ref --format=%(refname)%00%(upstream:short)%00%(objectname)%00%(upstream:track)%00%(upstream:remotename)%00%(upstream:remoteref) refs/heads/feat/form-2 refs/remotes/feat/form-2 [1ms]
2024-03-08 15:25:31.528 [info] > git status -z -uall [1ms]
2024-03-08 15:25:32.349 [info] > git fetch [545ms]
2024-03-08 15:25:32.349 [info] /bin/sh: warning: setlocale: LC_ALL: cannot change locale (en_US.UTF-8)
2024-03-08 15:25:32.392 [info] > git for-each-ref --format=%(refname)%00%(upstream:short)%00%(objectname)%00%(upstream:track)%00%(upstream:remotename)%00%(upstream:remoteref) refs/heads/feat/form-2 refs/remotes/feat/form-2 [1ms]
2024-03-08 15:25:32.392 [info] > git config --get commit.template [25ms]
2024-03-08 15:25:32.416 [info] > git status -z -uall [1ms]
2024-03-08 15:25:33.778 [info] > git ls-files --stage -- /home/coder/storewise-webapps/storewise-info/src/components/RadioButtons.tsx [5ms]
2024-03-08 15:25:33.800 [info] > git cat-file -s fe265b3760e95933443fb1af10895e1c01107615 [1ms]
2024-03-08 15:25:33.987 [info] > git show --textconv :storewise-info/src/components/RadioButtons.tsx [4ms]
2024-03-08 15:25:36.583 [info] > git for-each-ref --format=%(refname)%00%(upstream:short)%00%(objectname)%00%(upstream:track)%00%(upstream:remotename)%00%(upstream:remoteref) refs/heads/feat/form-2 refs/remotes/feat/form-2 [2ms]
2024-03-08 15:25:36.584 [info] > git config --get commit.template [26ms]
2024-03-08 15:25:36.611 [info] > git status -z -uall [3ms]
2024-03-08 15:25:41.644 [info] > git config --get commit.template [5ms]
2024-03-08 15:25:41.668 [info] > git for-each-ref --format=%(refname)%00%(upstream:short)%00%(objectname)%00%(upstream:track)%00%(upstream:remotename)%00%(upstream:remoteref) refs/heads/feat/form-2 refs/remotes/feat/form-2 [2ms]
2024-03-08 15:25:41.693 [info] > git status -z -uall [5ms]
2024-03-08 15:25:55.785 [info] > git config --get commit.template [1ms]
2024-03-08 15:25:55.806 [info] > git for-each-ref --format=%(refname)%00%(upstream:short)%00%(objectname)%00%(upstream:track)%00%(upstream:remotename)%00%(upstream:remoteref) refs/heads/feat/form-2 refs/remotes/feat/form-2 [3ms]
2024-03-08 15:25:55.832 [info] > git status -z -uall [6ms]
2024-03-08 15:28:37.221 [info] > git fetch [648ms]
2024-03-08 15:28:37.221 [info] /bin/sh: warning: setlocale: LC_ALL: cannot change locale (en_US.UTF-8)
2024-03-08 15:28:37.243 [info] > git config --get commit.template [1ms]
2024-03-08 15:28:37.269 [info] > git for-each-ref --format=%(refname)%00%(upstream:short)%00%(objectname)%00%(upstream:track)%00%(upstream:remotename)%00%(upstream:remoteref) refs/heads/feat/form-2 refs/remotes/feat/form-2 [3ms]
2024-03-08 15:28:37.301 [info] > git status -z -uall [2ms]
2024-03-08 15:28:38.468 [info] > git config --get commit.template [2ms]
2024-03-08 15:28:38.495 [info] > git for-each-ref --format=%(refname)%00%(upstream:short)%00%(objectname)%00%(upstream:track)%00%(upstream:remotename)%00%(upstream:remoteref) refs/heads/feat/form-2 refs/remotes/feat/form-2 [1ms]
2024-03-08 15:28:38.553 [info] > git status -z -uall [29ms]
2024-03-08 15:28:38.720 [info] > git ls-files --stage -- /home/coder/storewise-webapps/storewise-info/src/components/RadioButtons.tsx [1ms]
2024-03-08 15:28:38.749 [info] > git cat-file -s fe265b3760e95933443fb1af10895e1c01107615 [7ms]
2024-03-08 15:28:38.934 [info] > git show --textconv :storewise-info/src/components/RadioButtons.tsx [3ms]
2024-03-08 15:31:56.926 [info] > git fetch [530ms]
2024-03-08 15:31:56.927 [info] /bin/sh: warning: setlocale: LC_ALL: cannot change locale (en_US.UTF-8)
2024-03-08 15:31:56.948 [info] > git config --get commit.template [1ms]
2024-03-08 15:31:56.972 [info] > git for-each-ref --format=%(refname)%00%(upstream:short)%00%(objectname)%00%(upstream:track)%00%(upstream:remotename)%00%(upstream:remoteref) refs/heads/feat/form-2 refs/remotes/feat/form-2 [2ms]
2024-03-08 15:31:56.996 [info] > git status -z -uall [5ms]
2024-03-08 15:31:58.908 [info] > git ls-files --stage -- /home/coder/storewise-webapps/storewise-info/src/components/RadioButtons.tsx [1ms]
2024-03-08 15:31:58.926 [info] > git cat-file -s fe265b3760e95933443fb1af10895e1c01107615 [1ms]
2024-03-08 15:31:59.088 [info] > git show --textconv :storewise-info/src/components/RadioButtons.tsx [1ms]
2024-03-08 15:31:59.571 [info] > git config --get commit.template [5ms]
2024-03-08 15:31:59.603 [info] > git for-each-ref --format=%(refname)%00%(upstream:short)%00%(objectname)%00%(upstream:track)%00%(upstream:remotename)%00%(upstream:remoteref) refs/heads/feat/form-2 refs/remotes/feat/form-2 [3ms]
2024-03-08 15:31:59.632 [info] > git status -z -uall [5ms]
2024-03-08 15:31:59.834 [info] > git ls-files --stage -- /home/coder/storewise-webapps/storewise-info/src/components/RadioButtons.tsx [1ms]
2024-03-08 15:31:59.855 [info] > git cat-file -s fe265b3760e95933443fb1af10895e1c01107615 [1ms]
2024-03-08 15:32:00.028 [info] > git show --textconv :storewise-info/src/components/RadioButtons.tsx [3ms]
2024-03-08 15:32:04.725 [info] > git for-each-ref --format=%(refname)%00%(upstream:short)%00%(objectname)%00%(upstream:track)%00%(upstream:remotename)%00%(upstream:remoteref) refs/heads/feat/form-2 refs/remotes/feat/form-2 [9ms]
2024-03-08 15:32:04.725 [info] > git config --get commit.template [50ms]
2024-03-08 15:32:04.752 [info] > git status -z -uall [2ms]
2024-03-08 15:32:12.808 [info] > git config --get commit.template [27ms]
2024-03-08 15:32:12.809 [info] > git for-each-ref --format=%(refname)%00%(upstream:short)%00%(objectname)%00%(upstream:track)%00%(upstream:remotename)%00%(upstream:remoteref) refs/heads/feat/form-2 refs/remotes/feat/form-2 [3ms]
2024-03-08 15:32:12.861 [info] > git status -z -uall [30ms]
2024-03-08 15:32:28.505 [info] > git config --get commit.template [1ms]
2024-03-08 15:32:28.531 [info] > git for-each-ref --format=%(refname)%00%(upstream:short)%00%(objectname)%00%(upstream:track)%00%(upstream:remotename)%00%(upstream:remoteref) refs/heads/feat/form-2 refs/remotes/feat/form-2 [4ms]
2024-03-08 15:32:28.553 [info] > git status -z -uall [2ms]
2024-03-08 15:32:35.606 [info] > git config --get commit.template [1ms]
2024-03-08 15:32:35.640 [info] > git for-each-ref --format=%(refname)%00%(upstream:short)%00%(objectname)%00%(upstream:track)%00%(upstream:remotename)%00%(upstream:remoteref) refs/heads/feat/form-2 refs/remotes/feat/form-2 [2ms]
2024-03-08 15:32:35.661 [info] > git status -z -uall [2ms]
2024-03-08 15:32:40.689 [info] > git config --get commit.template [1ms]
2024-03-08 15:32:40.712 [info] > git for-each-ref --format=%(refname)%00%(upstream:short)%00%(objectname)%00%(upstream:track)%00%(upstream:remotename)%00%(upstream:remoteref) refs/heads/feat/form-2 refs/remotes/feat/form-2 [3ms]
2024-03-08 15:32:40.736 [info] > git status -z -uall [1ms]
2024-03-08 15:32:47.516 [info] > git config --get commit.template [2ms]
2024-03-08 15:32:47.536 [info] > git for-each-ref --format=%(refname)%00%(upstream:short)%00%(objectname)%00%(upstream:track)%00%(upstream:remotename)%00%(upstream:remoteref) refs/heads/feat/form-2 refs/remotes/feat/form-2 [2ms]
2024-03-08 15:32:47.562 [info] > git status -z -uall [3ms]
2024-03-08 15:34:57.637 [info] > git fetch [613ms]
2024-03-08 15:34:57.637 [info] /bin/sh: warning: setlocale: LC_ALL: cannot change locale (en_US.UTF-8)
2024-03-08 15:34:57.662 [info] > git config --get commit.template [2ms]
2024-03-08 15:34:57.685 [info] > git for-each-ref --format=%(refname)%00%(upstream:short)%00%(objectname)%00%(upstream:track)%00%(upstream:remotename)%00%(upstream:remoteref) refs/heads/feat/form-2 refs/remotes/feat/form-2 [3ms]
2024-03-08 15:34:57.711 [info] > git status -z -uall [5ms]
2024-03-08 15:34:58.861 [info] > git config --get commit.template [3ms]
2024-03-08 15:34:58.884 [info] > git for-each-ref --format=%(refname)%00%(upstream:short)%00%(objectname)%00%(upstream:track)%00%(upstream:remotename)%00%(upstream:remoteref) refs/heads/feat/form-2 refs/remotes/feat/form-2 [1ms]
2024-03-08 15:34:58.907 [info] > git status -z -uall [3ms]
2024-03-08 15:34:59.109 [info] > git ls-files --stage -- /home/coder/storewise-webapps/storewise-info/src/components/RadioButtons.tsx [5ms]
2024-03-08 15:34:59.131 [info] > git cat-file -s fe265b3760e95933443fb1af10895e1c01107615 [1ms]
2024-03-08 15:34:59.264 [info] > git show --textconv :storewise-info/src/components/RadioButtons.tsx [1ms]
2024-03-08 15:35:08.767 [info] > git config --get commit.template [2ms]
2024-03-08 15:35:08.791 [info] > git for-each-ref --format=%(refname)%00%(upstream:short)%00%(objectname)%00%(upstream:track)%00%(upstream:remotename)%00%(upstream:remoteref) refs/heads/feat/form-2 refs/remotes/feat/form-2 [1ms]
2024-03-08 15:35:08.816 [info] > git status -z -uall [4ms]
2024-03-08 15:35:46.403 [info] > git config --get commit.template [3ms]
2024-03-08 15:35:46.439 [info] > git for-each-ref --format=%(refname)%00%(upstream:short)%00%(objectname)%00%(upstream:track)%00%(upstream:remotename)%00%(upstream:remoteref) refs/heads/feat/form-2 refs/remotes/feat/form-2 [6ms]
2024-03-08 15:35:46.465 [info] > git status -z -uall [5ms]
2024-03-08 15:36:39.855 [info] > git config --get commit.template [1ms]
2024-03-08 15:36:39.894 [info] > git for-each-ref --format=%(refname)%00%(upstream:short)%00%(objectname)%00%(upstream:track)%00%(upstream:remotename)%00%(upstream:remoteref) refs/heads/feat/form-2 refs/remotes/feat/form-2 [5ms]
2024-03-08 15:36:39.919 [info] > git status -z -uall [4ms]
2024-03-08 15:36:45.019 [info] > git config --get commit.template [32ms]
2024-03-08 15:36:45.061 [info] > git for-each-ref --format=%(refname)%00%(upstream:short)%00%(objectname)%00%(upstream:track)%00%(upstream:remotename)%00%(upstream:remoteref) refs/heads/feat/form-2 refs/remotes/feat/form-2 [11ms]
2024-03-08 15:36:45.150 [info] > git status -z -uall [5ms]
2024-03-08 15:36:59.838 [info] > git config --get commit.template [1ms]
2024-03-08 15:36:59.861 [info] > git for-each-ref --format=%(refname)%00%(upstream:short)%00%(objectname)%00%(upstream:track)%00%(upstream:remotename)%00%(upstream:remoteref) refs/heads/feat/form-2 refs/remotes/feat/form-2 [2ms]
2024-03-08 15:36:59.887 [info] > git status -z -uall [5ms]
2024-03-08 15:37:46.501 [info] > git config --get commit.template [26ms]
2024-03-08 15:37:46.520 [info] > git for-each-ref --format=%(refname)%00%(upstream:short)%00%(objectname)%00%(upstream:track)%00%(upstream:remotename)%00%(upstream:remoteref) refs/heads/feat/form-2 refs/remotes/feat/form-2 [21ms]
2024-03-08 15:37:46.558 [info] > git status -z -uall [6ms]
2024-03-08 15:37:58.382 [info] > git fetch [644ms]
2024-03-08 15:37:58.382 [info] /bin/sh: warning: setlocale: LC_ALL: cannot change locale (en_US.UTF-8)
2024-03-08 15:37:58.464 [info] > git config --get commit.template [28ms]
2024-03-08 15:37:58.465 [info] > git for-each-ref --format=%(refname)%00%(upstream:short)%00%(objectname)%00%(upstream:track)%00%(upstream:remotename)%00%(upstream:remoteref) refs/heads/feat/form-2 refs/remotes/feat/form-2 [2ms]
2024-03-08 15:37:58.490 [info] > git status -z -uall [3ms]
2024-03-08 15:37:59.565 [info] > git config --get commit.template [2ms]
2024-03-08 15:37:59.590 [info] > git for-each-ref --format=%(refname)%00%(upstream:short)%00%(objectname)%00%(upstream:track)%00%(upstream:remotename)%00%(upstream:remoteref) refs/heads/feat/form-2 refs/remotes/feat/form-2 [1ms]
2024-03-08 15:37:59.614 [info] > git status -z -uall [2ms]
2024-03-08 15:38:00.021 [info] > git ls-files --stage -- /home/coder/storewise-webapps/storewise-info/src/components/RadioButtons.tsx [1ms]
2024-03-08 15:38:00.044 [info] > git cat-file -s fe265b3760e95933443fb1af10895e1c01107615 [0ms]
2024-03-08 15:38:00.291 [info] > git show --textconv :storewise-info/src/components/RadioButtons.tsx [1ms]
2024-03-08 15:38:11.213 [info] > git config --get commit.template [1ms]
2024-03-08 15:38:11.254 [info] > git for-each-ref --format=%(refname)%00%(upstream:short)%00%(objectname)%00%(upstream:track)%00%(upstream:remotename)%00%(upstream:remoteref) refs/heads/feat/form-2 refs/remotes/feat/form-2 [7ms]
2024-03-08 15:38:11.279 [info] > git status -z -uall [1ms]
2024-03-08 15:38:16.315 [info] > git config --get commit.template [3ms]
2024-03-08 15:38:16.346 [info] > git for-each-ref --format=%(refname)%00%(upstream:short)%00%(objectname)%00%(upstream:track)%00%(upstream:remotename)%00%(upstream:remoteref) refs/heads/feat/form-2 refs/remotes/feat/form-2 [4ms]
2024-03-08 15:38:16.373 [info] > git status -z -uall [4ms]
2024-03-08 15:38:21.437 [info] > git for-each-ref --format=%(refname)%00%(upstream:short)%00%(objectname)%00%(upstream:track)%00%(upstream:remotename)%00%(upstream:remoteref) refs/heads/feat/form-2 refs/remotes/feat/form-2 [2ms]
2024-03-08 15:38:21.437 [info] > git config --get commit.template [34ms]
2024-03-08 15:38:21.460 [info] > git status -z -uall [2ms]
2024-03-08 15:38:26.489 [info] > git config --get commit.template [1ms]
2024-03-08 15:38:26.526 [info] > git for-each-ref --format=%(refname)%00%(upstream:short)%00%(objectname)%00%(upstream:track)%00%(upstream:remotename)%00%(upstream:remoteref) refs/heads/feat/form-2 refs/remotes/feat/form-2 [5ms]
2024-03-08 15:38:26.556 [info] > git status -z -uall [1ms]
2024-03-08 15:38:31.588 [info] > git config --get commit.template [1ms]
2024-03-08 15:38:31.614 [info] > git for-each-ref --format=%(refname)%00%(upstream:short)%00%(objectname)%00%(upstream:track)%00%(upstream:remotename)%00%(upstream:remoteref) refs/heads/feat/form-2 refs/remotes/feat/form-2 [2ms]
2024-03-08 15:38:31.651 [info] > git status -z -uall [3ms]
2024-03-08 15:38:36.673 [info] > git config --get commit.template [1ms]
2024-03-08 15:38:36.697 [info] > git for-each-ref --format=%(refname)%00%(upstream:short)%00%(objectname)%00%(upstream:track)%00%(upstream:remotename)%00%(upstream:remoteref) refs/heads/feat/form-2 refs/remotes/feat/form-2 [2ms]
2024-03-08 15:38:36.720 [info] > git status -z -uall [2ms]
