2024-03-02 11:25:55.514 [info] Log level: Info
2024-03-02 11:25:55.514 [info] Validating found git in: "git"
2024-03-02 11:25:55.514 [info] Using git "2.37.3" from "git"
2024-03-02 11:25:55.514 [info] > git rev-parse --show-toplevel [6ms]
2024-03-02 11:25:55.514 [info] > git rev-parse --git-dir --git-common-dir [2ms]
2024-03-02 11:25:55.514 [info] Open repository: /home/coder/storewise-webapps
2024-03-02 11:25:55.514 [info] > git config --get commit.template [26ms]
2024-03-02 11:25:55.514 [info] > git for-each-ref --format=%(refname)%00%(upstream:short)%00%(objectname)%00%(upstream:track)%00%(upstream:remotename)%00%(upstream:remoteref) refs/heads/feat/leaflet-map refs/remotes/feat/leaflet-map [3ms]
2024-03-02 11:25:55.514 [info] > git rev-parse --show-toplevel [47ms]
2024-03-02 11:25:55.514 [info] > git status -z -uall [24ms]
2024-03-02 11:25:55.514 [info] > git rev-parse --show-toplevel [4ms]
2024-03-02 11:25:55.514 [info] > git rev-parse --show-toplevel [35ms]
2024-03-02 11:25:55.514 [info] > git config --get commit.template [39ms]
2024-03-02 11:25:55.514 [info] > git rev-parse --show-toplevel [63ms]
2024-03-02 11:25:55.514 [info] > git for-each-ref --format=%(refname)%00%(upstream:short)%00%(objectname)%00%(upstream:track)%00%(upstream:remotename)%00%(upstream:remoteref) refs/heads/feat/leaflet-map refs/remotes/feat/leaflet-map [23ms]
2024-03-02 11:25:55.515 [info] > git rev-parse --show-toplevel [36ms]
2024-03-02 11:25:55.534 [info] > git status -z -uall [21ms]
2024-03-02 11:25:55.550 [info] > git rev-parse --show-toplevel [19ms]
2024-03-02 11:25:55.613 [info] > git rev-parse --show-toplevel [43ms]
2024-03-02 11:25:55.690 [info] > git rev-parse --show-toplevel [50ms]
2024-03-02 11:25:55.731 [info] > git rev-parse --show-toplevel [24ms]
2024-03-02 11:25:55.746 [info] > git rev-parse --show-toplevel [2ms]
2024-03-02 11:25:55.770 [info] > git rev-parse --show-toplevel [8ms]
2024-03-02 11:25:55.790 [info] > git rev-parse --show-toplevel [2ms]
2024-03-02 11:25:56.312 [info] > git fetch [1164ms]
2024-03-02 11:25:56.312 [info] /bin/sh: warning: setlocale: LC_ALL: cannot change locale (en_US.UTF-8)
2024-03-02 11:25:56.368 [info] > git check-ignore -v -z --stdin [23ms]
2024-03-02 11:25:56.424 [info] > git for-each-ref --format=%(refname)%00%(upstream:short)%00%(objectname)%00%(upstream:track)%00%(upstream:remotename)%00%(upstream:remoteref) refs/heads/feat/leaflet-map refs/remotes/feat/leaflet-map [29ms]
2024-03-02 11:25:56.424 [info] > git config --get commit.template [61ms]
2024-03-02 11:25:56.465 [info] > git status -z -uall [14ms]
2024-03-02 11:25:56.995 [info] > git show --textconv :storewise-skemengine/app/(partner-interest)/distributor/page.tsx [52ms]
2024-03-02 11:25:56.997 [info] > git ls-files --stage -- /home/coder/storewise-webapps/storewise-skemengine/app/(partner-interest)/distributor/page.tsx [29ms]
2024-03-02 11:25:57.023 [info] > git cat-file -s aa8606a30984acd9bde96695ed3d84f0860aba25 [6ms]
2024-03-02 11:25:57.495 [info] > git config --get commit.template [2ms]
2024-03-02 11:25:57.524 [info] > git for-each-ref --format=%(refname)%00%(upstream:short)%00%(objectname)%00%(upstream:track)%00%(upstream:remotename)%00%(upstream:remoteref) refs/heads/feat/leaflet-map refs/remotes/feat/leaflet-map [3ms]
2024-03-02 11:25:57.546 [info] > git status -z -uall [4ms]
2024-03-02 11:25:57.691 [info] > git ls-files --stage -- /home/coder/storewise-webapps/storewise-skemengine/app/(partner-interest)/distributor/page.tsx [1ms]
2024-03-02 11:25:57.713 [info] > git cat-file -s aa8606a30984acd9bde96695ed3d84f0860aba25 [2ms]
2024-03-02 11:25:57.817 [info] > git show --textconv :storewise-skemengine/app/(partner-interest)/distributor/page.tsx [1ms]
2024-03-02 11:25:58.844 [info] > git check-ignore -v -z --stdin [4ms]
2024-03-02 11:26:00.230 [info] > git check-ignore -v -z --stdin [12ms]
2024-03-02 11:26:05.079 [info] > git check-ignore -v -z --stdin [2ms]
2024-03-02 11:26:11.313 [info] > git check-ignore -v -z --stdin [2ms]
2024-03-02 11:26:12.223 [info] > git show --textconv :storewise-skemengine/app/[view]/page.tsx [21ms]
2024-03-02 11:26:12.223 [info] > git ls-files --stage -- /home/coder/storewise-webapps/storewise-skemengine/app/[view]/page.tsx [2ms]
2024-03-02 11:26:12.245 [info] > git cat-file -s 7cdf7acc3eb143900960104630c601fda01c239c [2ms]
2024-03-02 11:26:15.813 [info] > git check-ignore -v -z --stdin [5ms]
2024-03-02 11:26:16.330 [info] > git show --textconv :storewise-skemengine/app/garg/page.tsx [29ms]
2024-03-02 11:26:16.331 [info] > git ls-files --stage -- /home/coder/storewise-webapps/storewise-skemengine/app/garg/page.tsx [3ms]
2024-03-02 11:26:16.354 [info] > git cat-file -s 831990e69c2cc637511ccb6bfe38c7ee01c91a72 [3ms]
2024-03-02 11:26:27.383 [info] > git show --textconv :storewise-skemengine/app/[view]/page.tsx [25ms]
2024-03-02 11:26:27.384 [info] > git ls-files --stage -- /home/coder/storewise-webapps/storewise-skemengine/app/[view]/page.tsx [3ms]
2024-03-02 11:26:27.410 [info] > git cat-file -s 7cdf7acc3eb143900960104630c601fda01c239c [4ms]
2024-03-02 11:26:42.581 [info] > git check-ignore -v -z --stdin [14ms]
2024-03-02 11:26:46.115 [info] > git check-ignore -v -z --stdin [1ms]
2024-03-02 11:26:47.391 [info] > git check-ignore -v -z --stdin [2ms]
2024-03-02 11:26:53.539 [info] > git check-ignore -v -z --stdin [1ms]
2024-03-02 11:26:55.696 [info] > git show --textconv :storewise-info/src/App.tsx [23ms]
2024-03-02 11:26:55.697 [info] > git ls-files --stage -- /home/coder/storewise-webapps/storewise-info/src/App.tsx [3ms]
2024-03-02 11:26:55.717 [info] > git cat-file -s eb2b81c25a2dd0f7cec3fddbcc2787349420a1bc [3ms]
2024-03-02 11:26:56.281 [info] > git check-ignore -v -z --stdin [2ms]
2024-03-02 11:26:57.002 [info] > git check-ignore -v -z --stdin [2ms]
2024-03-02 11:27:02.486 [info] > git show --textconv :storewise-info/src/components/FormContainer.tsx [21ms]
2024-03-02 11:27:02.487 [info] > git ls-files --stage -- /home/coder/storewise-webapps/storewise-info/src/components/FormContainer.tsx [5ms]
2024-03-02 11:27:02.511 [info] > git cat-file -s 6de5436264bcae357dbc5d02ae8b9e1d477c9ace [2ms]
2024-03-02 11:27:12.703 [info] > git config --get commit.template [2ms]
2024-03-02 11:27:12.723 [info] > git for-each-ref --format=%(refname)%00%(upstream:short)%00%(objectname)%00%(upstream:track)%00%(upstream:remotename)%00%(upstream:remoteref) refs/heads/feat/leaflet-map refs/remotes/feat/leaflet-map [2ms]
2024-03-02 11:27:12.748 [info] > git status -z -uall [7ms]
2024-03-02 11:27:14.846 [info] > git ls-files --stage -- /home/coder/storewise-webapps/storewise-info/src/components/FormContainer.tsx [0ms]
2024-03-02 11:27:14.871 [info] > git cat-file -s 6de5436264bcae357dbc5d02ae8b9e1d477c9ace [3ms]
2024-03-02 11:27:14.993 [info] > git show --textconv :storewise-info/src/components/FormContainer.tsx [2ms]
2024-03-02 11:27:17.803 [info] > git for-each-ref --format=%(refname)%00%(upstream:short)%00%(objectname)%00%(upstream:track)%00%(upstream:remotename)%00%(upstream:remoteref) refs/heads/feat/leaflet-map refs/remotes/feat/leaflet-map [2ms]
2024-03-02 11:27:17.804 [info] > git config --get commit.template [27ms]
2024-03-02 11:27:17.831 [info] > git status -z -uall [6ms]
2024-03-02 11:27:22.857 [info] > git config --get commit.template [2ms]
2024-03-02 11:27:22.883 [info] > git for-each-ref --format=%(refname)%00%(upstream:short)%00%(objectname)%00%(upstream:track)%00%(upstream:remotename)%00%(upstream:remoteref) refs/heads/feat/leaflet-map refs/remotes/feat/leaflet-map [1ms]
2024-03-02 11:27:22.924 [info] > git status -z -uall [23ms]
2024-03-02 11:27:22.928 [info] > git ls-files --stage -- /home/coder/storewise-webapps/storewise-info/src/components/FormContainer.tsx [5ms]
2024-03-02 11:27:22.946 [info] > git cat-file -s 6de5436264bcae357dbc5d02ae8b9e1d477c9ace [3ms]
2024-03-02 11:27:23.087 [info] > git show --textconv :storewise-info/src/components/FormContainer.tsx [0ms]
2024-03-02 11:27:27.815 [info] > git ls-files --stage -- /home/coder/storewise-webapps/storewise-info/src/components/FormContainer.tsx [2ms]
2024-03-02 11:27:27.833 [info] > git cat-file -s 6de5436264bcae357dbc5d02ae8b9e1d477c9ace [2ms]
2024-03-02 11:27:27.953 [info] > git config --get commit.template [2ms]
2024-03-02 11:27:27.993 [info] > git show --textconv :storewise-info/src/components/FormContainer.tsx [2ms]
2024-03-02 11:27:27.993 [info] > git for-each-ref --format=%(refname)%00%(upstream:short)%00%(objectname)%00%(upstream:track)%00%(upstream:remotename)%00%(upstream:remoteref) refs/heads/feat/leaflet-map refs/remotes/feat/leaflet-map [19ms]
2024-03-02 11:27:28.016 [info] > git status -z -uall [6ms]
2024-03-02 11:27:30.310 [info] > git ls-files --stage -- /home/coder/storewise-webapps/storewise-info/src/components/FormContainer.tsx [1ms]
2024-03-02 11:27:30.328 [info] > git cat-file -s 6de5436264bcae357dbc5d02ae8b9e1d477c9ace [1ms]
2024-03-02 11:27:30.468 [info] > git show --textconv :storewise-info/src/components/FormContainer.tsx [2ms]
2024-03-02 11:27:33.056 [info] > git config --get commit.template [2ms]
2024-03-02 11:27:33.085 [info] > git for-each-ref --format=%(refname)%00%(upstream:short)%00%(objectname)%00%(upstream:track)%00%(upstream:remotename)%00%(upstream:remoteref) refs/heads/feat/leaflet-map refs/remotes/feat/leaflet-map [2ms]
2024-03-02 11:27:33.116 [info] > git status -z -uall [6ms]
2024-03-02 11:27:38.148 [info] > git config --get commit.template [2ms]
2024-03-02 11:27:38.169 [info] > git for-each-ref --format=%(refname)%00%(upstream:short)%00%(objectname)%00%(upstream:track)%00%(upstream:remotename)%00%(upstream:remoteref) refs/heads/feat/leaflet-map refs/remotes/feat/leaflet-map [2ms]
2024-03-02 11:27:38.201 [info] > git status -z -uall [7ms]
2024-03-02 11:27:43.068 [info] > git ls-files --stage -- /home/coder/storewise-webapps/storewise-info/src/components/FormContainer.tsx [1ms]
2024-03-02 11:27:43.086 [info] > git cat-file -s 6de5436264bcae357dbc5d02ae8b9e1d477c9ace [1ms]
2024-03-02 11:27:43.197 [info] > git show --textconv :storewise-info/src/components/FormContainer.tsx [1ms]
2024-03-02 11:27:43.229 [info] > git config --get commit.template [1ms]
2024-03-02 11:27:43.251 [info] > git for-each-ref --format=%(refname)%00%(upstream:short)%00%(objectname)%00%(upstream:track)%00%(upstream:remotename)%00%(upstream:remoteref) refs/heads/feat/leaflet-map refs/remotes/feat/leaflet-map [2ms]
2024-03-02 11:27:43.275 [info] > git status -z -uall [4ms]
2024-03-02 11:27:48.709 [info] > git config --get commit.template [2ms]
2024-03-02 11:27:48.731 [info] > git for-each-ref --format=%(refname)%00%(upstream:short)%00%(objectname)%00%(upstream:track)%00%(upstream:remotename)%00%(upstream:remoteref) refs/heads/feat/leaflet-map refs/remotes/feat/leaflet-map [1ms]
2024-03-02 11:27:48.758 [info] > git status -z -uall [8ms]
2024-03-02 11:27:48.904 [info] > git ls-files --stage -- /home/coder/storewise-webapps/storewise-info/src/components/FormContainer.tsx [0ms]
2024-03-02 11:27:48.921 [info] > git cat-file -s 6de5436264bcae357dbc5d02ae8b9e1d477c9ace [2ms]
2024-03-02 11:27:49.075 [info] > git show --textconv :storewise-info/src/components/FormContainer.tsx [2ms]
2024-03-02 11:27:51.222 [info] > git ls-files --stage -- /home/coder/storewise-webapps/storewise-info/src/components/FormContainer.tsx [3ms]
2024-03-02 11:27:51.243 [info] > git cat-file -s 6de5436264bcae357dbc5d02ae8b9e1d477c9ace [1ms]
2024-03-02 11:27:51.362 [info] > git show --textconv :storewise-info/src/components/FormContainer.tsx [4ms]
2024-03-02 11:27:53.789 [info] > git config --get commit.template [2ms]
2024-03-02 11:27:53.808 [info] > git for-each-ref --format=%(refname)%00%(upstream:short)%00%(objectname)%00%(upstream:track)%00%(upstream:remotename)%00%(upstream:remoteref) refs/heads/feat/leaflet-map refs/remotes/feat/leaflet-map [2ms]
2024-03-02 11:27:53.836 [info] > git status -z -uall [5ms]
2024-03-02 11:27:57.378 [info] > git ls-files --stage -- /home/coder/storewise-webapps/storewise-info/src/components/FormContainer.tsx [0ms]
2024-03-02 11:27:57.395 [info] > git cat-file -s 6de5436264bcae357dbc5d02ae8b9e1d477c9ace [1ms]
2024-03-02 11:27:57.593 [info] > git show --textconv :storewise-info/src/components/FormContainer.tsx [1ms]
2024-03-02 11:27:58.864 [info] > git config --get commit.template [2ms]
2024-03-02 11:27:58.883 [info] > git for-each-ref --format=%(refname)%00%(upstream:short)%00%(objectname)%00%(upstream:track)%00%(upstream:remotename)%00%(upstream:remoteref) refs/heads/feat/leaflet-map refs/remotes/feat/leaflet-map [1ms]
2024-03-02 11:27:58.920 [info] > git status -z -uall [1ms]
2024-03-02 11:28:18.751 [info] > git config --get commit.template [3ms]
2024-03-02 11:28:18.770 [info] > git for-each-ref --format=%(refname)%00%(upstream:short)%00%(objectname)%00%(upstream:track)%00%(upstream:remotename)%00%(upstream:remoteref) refs/heads/feat/leaflet-map refs/remotes/feat/leaflet-map [2ms]
2024-03-02 11:28:18.794 [info] > git status -z -uall [6ms]
2024-03-02 11:28:19.114 [info] > git ls-files --stage -- /home/coder/storewise-webapps/storewise-info/src/components/FormContainer.tsx [0ms]
2024-03-02 11:28:19.135 [info] > git cat-file -s 6de5436264bcae357dbc5d02ae8b9e1d477c9ace [1ms]
2024-03-02 11:28:19.251 [info] > git show --textconv :storewise-info/src/components/FormContainer.tsx [6ms]
2024-03-02 11:28:20.638 [info] > git ls-files --stage -- /home/coder/storewise-webapps/storewise-info/src/components/FormContainer.tsx [4ms]
2024-03-02 11:28:20.656 [info] > git cat-file -s 6de5436264bcae357dbc5d02ae8b9e1d477c9ace [1ms]
2024-03-02 11:28:20.786 [info] > git show --textconv :storewise-info/src/components/FormContainer.tsx [1ms]
2024-03-02 11:28:23.858 [info] > git config --get commit.template [30ms]
2024-03-02 11:28:23.858 [info] > git for-each-ref --format=%(refname)%00%(upstream:short)%00%(objectname)%00%(upstream:track)%00%(upstream:remotename)%00%(upstream:remoteref) refs/heads/feat/form-2 refs/remotes/feat/form-2 [5ms]
2024-03-02 11:28:23.898 [info] > git status -z -uall [15ms]
2024-03-02 11:28:24.286 [info] > git ls-files --stage -- /home/coder/storewise-webapps/storewise-info/src/components/FormContainer.tsx [0ms]
2024-03-02 11:28:24.305 [info] > git cat-file -s 6de5436264bcae357dbc5d02ae8b9e1d477c9ace [1ms]
2024-03-02 11:28:24.424 [info] > git show --textconv :storewise-info/src/components/FormContainer.tsx [1ms]
2024-03-02 11:28:28.935 [info] > git config --get commit.template [1ms]
2024-03-02 11:28:28.957 [info] > git for-each-ref --format=%(refname)%00%(upstream:short)%00%(objectname)%00%(upstream:track)%00%(upstream:remotename)%00%(upstream:remoteref) refs/heads/feat/form-2 refs/remotes/feat/form-2 [1ms]
2024-03-02 11:28:28.999 [info] > git status -z -uall [20ms]
2024-03-02 11:28:38.210 [info] > git config --get commit.template [2ms]
2024-03-02 11:28:38.241 [info] > git for-each-ref --format=%(refname)%00%(upstream:short)%00%(objectname)%00%(upstream:track)%00%(upstream:remotename)%00%(upstream:remoteref) refs/heads/feat/form-2 refs/remotes/feat/form-2 [3ms]
2024-03-02 11:28:38.272 [info] > git status -z -uall [14ms]
2024-03-02 11:28:57.062 [info] > git fetch [570ms]
2024-03-02 11:28:57.062 [info] /bin/sh: warning: setlocale: LC_ALL: cannot change locale (en_US.UTF-8)
2024-03-02 11:28:57.110 [info] > git for-each-ref --format=%(refname)%00%(upstream:short)%00%(objectname)%00%(upstream:track)%00%(upstream:remotename)%00%(upstream:remoteref) refs/heads/feat/form-2 refs/remotes/feat/form-2 [2ms]
2024-03-02 11:28:57.111 [info] > git config --get commit.template [29ms]
2024-03-02 11:28:57.149 [info] > git status -z -uall [14ms]
2024-03-02 11:28:58.237 [info] > git config --get commit.template [2ms]
2024-03-02 11:28:58.258 [info] > git for-each-ref --format=%(refname)%00%(upstream:short)%00%(objectname)%00%(upstream:track)%00%(upstream:remotename)%00%(upstream:remoteref) refs/heads/feat/form-2 refs/remotes/feat/form-2 [2ms]
2024-03-02 11:28:58.296 [info] > git status -z -uall [17ms]
2024-03-02 11:28:58.487 [info] > git ls-files --stage -- /home/coder/storewise-webapps/storewise-info/src/components/FormContainer.tsx [1ms]
2024-03-02 11:28:58.513 [info] > git cat-file -s 6de5436264bcae357dbc5d02ae8b9e1d477c9ace [1ms]
2024-03-02 11:28:58.620 [info] > git show --textconv :storewise-info/src/components/FormContainer.tsx [1ms]
2024-03-02 11:29:36.482 [info] > git config --get commit.template [1ms]
2024-03-02 11:29:36.501 [info] > git for-each-ref --format=%(refname)%00%(upstream:short)%00%(objectname)%00%(upstream:track)%00%(upstream:remotename)%00%(upstream:remoteref) refs/heads/feat/form-2 refs/remotes/feat/form-2 [3ms]
2024-03-02 11:29:36.543 [info] > git status -z -uall [16ms]
2024-03-02 11:29:36.719 [info] > git ls-files --stage -- /home/coder/storewise-webapps/storewise-info/src/components/FormContainer.tsx [1ms]
2024-03-02 11:29:36.739 [info] > git cat-file -s 6de5436264bcae357dbc5d02ae8b9e1d477c9ace [1ms]
2024-03-02 11:29:36.839 [info] > git show --textconv :storewise-info/src/components/FormContainer.tsx [3ms]
2024-03-02 11:29:41.249 [info] > git ls-files --stage -- /home/coder/storewise-webapps/storewise-info/src/components/FormContainer.tsx [1ms]
2024-03-02 11:29:41.269 [info] > git cat-file -s 6de5436264bcae357dbc5d02ae8b9e1d477c9ace [1ms]
2024-03-02 11:29:41.378 [info] > git show --textconv :storewise-info/src/components/FormContainer.tsx [1ms]
2024-03-02 11:29:41.595 [info] > git for-each-ref --format=%(refname)%00%(upstream:short)%00%(objectname)%00%(upstream:track)%00%(upstream:remotename)%00%(upstream:remoteref) refs/heads/feat/form-2 refs/remotes/feat/form-2 [1ms]
2024-03-02 11:29:41.596 [info] > git config --get commit.template [24ms]
2024-03-02 11:29:41.628 [info] > git status -z -uall [12ms]
2024-03-02 11:29:54.057 [info] > git config --get commit.template [1ms]
2024-03-02 11:29:54.082 [info] > git for-each-ref --format=%(refname)%00%(upstream:short)%00%(objectname)%00%(upstream:track)%00%(upstream:remotename)%00%(upstream:remoteref) refs/heads/feat/form-2 refs/remotes/feat/form-2 [2ms]
2024-03-02 11:29:54.117 [info] > git status -z -uall [6ms]
2024-03-02 11:29:54.316 [info] > git ls-files --stage -- /home/coder/storewise-webapps/storewise-info/src/components/FormContainer.tsx [1ms]
2024-03-02 11:29:54.342 [info] > git cat-file -s 6de5436264bcae357dbc5d02ae8b9e1d477c9ace [4ms]
2024-03-02 11:29:54.484 [info] > git show --textconv :storewise-info/src/components/FormContainer.tsx [2ms]
2024-03-02 11:30:40.032 [info] > git check-ignore -v -z --stdin [3ms]
