2024-03-07 13:21:48.984 [info] Log level: Info
2024-03-07 13:21:48.984 [info] Validating found git in: "git"
2024-03-07 13:21:48.984 [info] Using git "2.37.3" from "git"
2024-03-07 13:21:48.984 [info] > git rev-parse --show-toplevel [21ms]
2024-03-07 13:21:48.984 [info] > git rev-parse --git-dir --git-common-dir [3ms]
2024-03-07 13:21:48.984 [info] Open repository: /home/coder/storewise-webapps
2024-03-07 13:21:48.984 [info] > git rev-parse --show-toplevel [2ms]
2024-03-07 13:21:48.984 [info] > git config --get commit.template [18ms]
2024-03-07 13:21:48.984 [info] > git rev-parse --show-toplevel [24ms]
2024-03-07 13:21:48.984 [info] > git for-each-ref --format=%(refname)%00%(upstream:short)%00%(objectname)%00%(upstream:track)%00%(upstream:remotename)%00%(upstream:remoteref) refs/heads/feat/form-2 refs/remotes/feat/form-2 [27ms]
2024-03-07 13:21:48.984 [info] > git status -z -uall [2ms]
2024-03-07 13:21:48.984 [info] > git rev-parse --show-toplevel [23ms]
2024-03-07 13:21:48.984 [info] > git rev-parse --show-toplevel [27ms]
2024-03-07 13:21:48.984 [info] > git config --get commit.template [24ms]
2024-03-07 13:21:48.999 [info] > git rev-parse --show-toplevel [20ms]
2024-03-07 13:21:49.016 [info] > git for-each-ref --format=%(refname)%00%(upstream:short)%00%(objectname)%00%(upstream:track)%00%(upstream:remotename)%00%(upstream:remoteref) refs/heads/feat/form-2 refs/remotes/feat/form-2 [18ms]
2024-03-07 13:21:49.038 [info] > git status -z -uall [6ms]
2024-03-07 13:21:49.041 [info] > git rev-parse --show-toplevel [27ms]
2024-03-07 13:21:49.061 [info] > git rev-parse --show-toplevel [2ms]
2024-03-07 13:21:49.076 [info] > git rev-parse --show-toplevel [2ms]
2024-03-07 13:21:49.093 [info] > git rev-parse --show-toplevel [2ms]
2024-03-07 13:21:49.107 [info] > git rev-parse --show-toplevel [3ms]
2024-03-07 13:21:49.381 [info] > git fetch [627ms]
2024-03-07 13:21:49.381 [info] /bin/sh: warning: setlocale: LC_ALL: cannot change locale (en_US.UTF-8)
2024-03-07 13:21:49.397 [info] > git config --get commit.template [1ms]
2024-03-07 13:21:49.408 [info] > git for-each-ref --format=%(refname)%00%(upstream:short)%00%(objectname)%00%(upstream:track)%00%(upstream:remotename)%00%(upstream:remoteref) refs/heads/feat/form-2 refs/remotes/feat/form-2 [1ms]
2024-03-07 13:21:49.422 [info] > git status -z -uall [4ms]
2024-03-07 13:21:49.564 [info] > git check-ignore -v -z --stdin [3ms]
2024-03-07 13:21:56.684 [info] > git config --get commit.template [5ms]
2024-03-07 13:21:56.727 [info] > git for-each-ref --format=%(refname)%00%(upstream:short)%00%(objectname)%00%(upstream:track)%00%(upstream:remotename)%00%(upstream:remoteref) refs/heads/feat/form-2 refs/remotes/feat/form-2 [11ms]
2024-03-07 13:21:56.759 [info] > git status -z -uall [5ms]
2024-03-07 13:21:56.823 [info] > git show --textconv :storewise-info/src/components/FormContainer.tsx [32ms]
2024-03-07 13:21:56.823 [info] > git ls-files --stage -- /home/coder/storewise-webapps/storewise-info/src/components/FormContainer.tsx [2ms]
2024-03-07 13:21:56.861 [info] > git cat-file -s 6de5436264bcae357dbc5d02ae8b9e1d477c9ace [16ms]
2024-03-07 13:22:44.344 [info] > git config --get commit.template [1ms]
2024-03-07 13:22:44.372 [info] > git for-each-ref --format=%(refname)%00%(upstream:short)%00%(objectname)%00%(upstream:track)%00%(upstream:remotename)%00%(upstream:remoteref) refs/heads/feat/form-2 refs/remotes/feat/form-2 [2ms]
2024-03-07 13:22:44.400 [info] > git status -z -uall [2ms]
2024-03-07 13:30:09.344 [info] > git fetch [664ms]
2024-03-07 13:30:09.344 [info] /bin/sh: warning: setlocale: LC_ALL: cannot change locale (en_US.UTF-8)
2024-03-07 13:30:09.384 [info] > git config --get commit.template [1ms]
2024-03-07 13:30:09.440 [info] > git for-each-ref --format=%(refname)%00%(upstream:short)%00%(objectname)%00%(upstream:track)%00%(upstream:remotename)%00%(upstream:remoteref) refs/heads/feat/form-2 refs/remotes/feat/form-2 [12ms]
2024-03-07 13:30:09.486 [info] > git status -z -uall [5ms]
2024-03-07 13:30:10.567 [info] > git config --get commit.template [1ms]
2024-03-07 13:30:10.591 [info] > git for-each-ref --format=%(refname)%00%(upstream:short)%00%(objectname)%00%(upstream:track)%00%(upstream:remotename)%00%(upstream:remoteref) refs/heads/feat/form-2 refs/remotes/feat/form-2 [2ms]
2024-03-07 13:30:10.623 [info] > git status -z -uall [4ms]
2024-03-07 13:30:10.779 [info] > git ls-files --stage -- /home/coder/storewise-webapps/storewise-info/src/components/FormContainer.tsx [0ms]
2024-03-07 13:30:10.807 [info] > git cat-file -s 6de5436264bcae357dbc5d02ae8b9e1d477c9ace [4ms]
2024-03-07 13:30:10.929 [info] > git check-ignore -v -z --stdin [2ms]
2024-03-07 13:30:11.011 [info] > git show --textconv :storewise-info/src/components/FormContainer.tsx [1ms]
2024-03-07 13:30:55.431 [info] > git check-ignore -v -z --stdin [2ms]
2024-03-07 13:30:56.055 [info] > git check-ignore -v -z --stdin [2ms]
2024-03-07 13:30:59.595 [info] > git check-ignore -v -z --stdin [1ms]
2024-03-07 13:31:05.942 [info] > git show --textconv :storewise-info/src/components/FormikControl.tsx [25ms]
2024-03-07 13:31:05.944 [info] > git ls-files --stage -- /home/coder/storewise-webapps/storewise-info/src/components/FormikControl.tsx [4ms]
2024-03-07 13:31:05.967 [info] > git cat-file -s 2d01ff1d2b4cd9ae31cd6626b85e0013b9983977 [2ms]
2024-03-07 13:31:15.248 [info] > git show --textconv :storewise-info/src/components/NewForm.tsx [17ms]
2024-03-07 13:31:15.248 [info] > git ls-files --stage -- /home/coder/storewise-webapps/storewise-info/src/components/NewForm.tsx [2ms]
2024-03-07 13:31:16.638 [info] > git show --textconv :storewise-info/src/components/FormContainer.tsx [32ms]
2024-03-07 13:31:16.638 [info] > git ls-files --stage -- /home/coder/storewise-webapps/storewise-info/src/components/FormContainer.tsx [3ms]
2024-03-07 13:31:16.665 [info] > git cat-file -s 6de5436264bcae357dbc5d02ae8b9e1d477c9ace [2ms]
2024-03-07 13:33:10.082 [info] > git fetch [569ms]
2024-03-07 13:33:10.082 [info] /bin/sh: warning: setlocale: LC_ALL: cannot change locale (en_US.UTF-8)
2024-03-07 13:33:10.104 [info] > git config --get commit.template [1ms]
2024-03-07 13:33:10.124 [info] > git for-each-ref --format=%(refname)%00%(upstream:short)%00%(objectname)%00%(upstream:track)%00%(upstream:remotename)%00%(upstream:remoteref) refs/heads/feat/form-2 refs/remotes/feat/form-2 [2ms]
2024-03-07 13:33:10.146 [info] > git status -z -uall [3ms]
2024-03-07 13:33:11.280 [info] > git config --get commit.template [1ms]
2024-03-07 13:33:11.300 [info] > git for-each-ref --format=%(refname)%00%(upstream:short)%00%(objectname)%00%(upstream:track)%00%(upstream:remotename)%00%(upstream:remoteref) refs/heads/feat/form-2 refs/remotes/feat/form-2 [1ms]
2024-03-07 13:33:11.321 [info] > git status -z -uall [3ms]
2024-03-07 13:33:11.485 [info] > git ls-files --stage -- /home/coder/storewise-webapps/storewise-info/src/components/FormContainer.tsx [1ms]
2024-03-07 13:33:11.510 [info] > git cat-file -s 6de5436264bcae357dbc5d02ae8b9e1d477c9ace [1ms]
2024-03-07 13:33:11.740 [info] > git show --textconv :storewise-info/src/components/FormContainer.tsx [2ms]
2024-03-07 13:38:24.234 [info] > git fetch [515ms]
2024-03-07 13:38:24.234 [info] /bin/sh: warning: setlocale: LC_ALL: cannot change locale (en_US.UTF-8)
2024-03-07 13:38:24.269 [info] > git config --get commit.template [4ms]
2024-03-07 13:38:24.303 [info] > git for-each-ref --format=%(refname)%00%(upstream:short)%00%(objectname)%00%(upstream:track)%00%(upstream:remotename)%00%(upstream:remoteref) refs/heads/feat/form-2 refs/remotes/feat/form-2 [3ms]
2024-03-07 13:38:24.343 [info] > git status -z -uall [5ms]
2024-03-07 13:38:25.484 [info] > git config --get commit.template [3ms]
2024-03-07 13:38:25.508 [info] > git for-each-ref --format=%(refname)%00%(upstream:short)%00%(objectname)%00%(upstream:track)%00%(upstream:remotename)%00%(upstream:remoteref) refs/heads/feat/form-2 refs/remotes/feat/form-2 [2ms]
2024-03-07 13:38:25.536 [info] > git status -z -uall [2ms]
2024-03-07 13:38:25.686 [info] > git ls-files --stage -- /home/coder/storewise-webapps/storewise-info/src/components/FormContainer.tsx [0ms]
2024-03-07 13:38:25.705 [info] > git cat-file -s 6de5436264bcae357dbc5d02ae8b9e1d477c9ace [0ms]
2024-03-07 13:38:25.829 [info] > git show --textconv :storewise-info/src/components/FormContainer.tsx [2ms]
2024-03-07 13:39:02.836 [info] > git config --get commit.template [2ms]
2024-03-07 13:39:02.855 [info] > git for-each-ref --format=%(refname)%00%(upstream:short)%00%(objectname)%00%(upstream:track)%00%(upstream:remotename)%00%(upstream:remoteref) refs/heads/feat/form-2 refs/remotes/feat/form-2 [2ms]
2024-03-07 13:39:02.877 [info] > git status -z -uall [1ms]
2024-03-07 13:40:16.205 [info] > git config --get commit.template [2ms]
2024-03-07 13:40:16.230 [info] > git for-each-ref --format=%(refname)%00%(upstream:short)%00%(objectname)%00%(upstream:track)%00%(upstream:remotename)%00%(upstream:remoteref) refs/heads/feat/form-2 refs/remotes/feat/form-2 [1ms]
2024-03-07 13:40:16.257 [info] > git status -z -uall [5ms]
2024-03-07 13:41:34.110 [info] > git fetch [532ms]
2024-03-07 13:41:34.110 [info] /bin/sh: warning: setlocale: LC_ALL: cannot change locale (en_US.UTF-8)
2024-03-07 13:41:34.161 [info] > git config --get commit.template [25ms]
2024-03-07 13:41:34.162 [info] > git for-each-ref --format=%(refname)%00%(upstream:short)%00%(objectname)%00%(upstream:track)%00%(upstream:remotename)%00%(upstream:remoteref) refs/heads/feat/form-2 refs/remotes/feat/form-2 [3ms]
2024-03-07 13:41:34.188 [info] > git status -z -uall [5ms]
2024-03-07 13:41:35.359 [info] > git config --get commit.template [1ms]
2024-03-07 13:41:35.388 [info] > git for-each-ref --format=%(refname)%00%(upstream:short)%00%(objectname)%00%(upstream:track)%00%(upstream:remotename)%00%(upstream:remoteref) refs/heads/feat/form-2 refs/remotes/feat/form-2 [1ms]
2024-03-07 13:41:35.411 [info] > git status -z -uall [4ms]
2024-03-07 13:41:35.564 [info] > git ls-files --stage -- /home/coder/storewise-webapps/storewise-info/src/components/FormContainer.tsx [1ms]
2024-03-07 13:41:35.584 [info] > git cat-file -s 6de5436264bcae357dbc5d02ae8b9e1d477c9ace [1ms]
2024-03-07 13:41:35.710 [info] > git show --textconv :storewise-info/src/components/FormContainer.tsx [2ms]
