2024-03-11 09:03:50.835 [info] Log level: Info
2024-03-11 09:03:50.835 [info] Validating found git in: "git"
2024-03-11 09:03:50.835 [info] Using git "2.37.3" from "git"
2024-03-11 09:03:50.835 [info] > git rev-parse --show-toplevel [5ms]
2024-03-11 09:03:50.835 [info] > git rev-parse --git-dir --git-common-dir [2ms]
2024-03-11 09:03:50.835 [info] Open repository: /home/coder/storewise-webapps
2024-03-11 09:03:50.835 [info] > git rev-parse --show-toplevel [17ms]
2024-03-11 09:03:50.835 [info] > git config --get commit.template [79ms]
2024-03-11 09:03:50.835 [info] > git rev-parse --show-toplevel [18ms]
2024-03-11 09:03:50.835 [info] > git for-each-ref --format=%(refname)%00%(upstream:short)%00%(objectname)%00%(upstream:track)%00%(upstream:remotename)%00%(upstream:remoteref) refs/heads/feat/internal-portal refs/remotes/feat/internal-portal [6ms]
2024-03-11 09:03:50.835 [info] > git rev-parse --show-toplevel [8ms]
2024-03-11 09:03:50.835 [info] > git rev-parse --show-toplevel [2ms]
2024-03-11 09:03:50.897 [info] > git status -z -uall [70ms]
2024-03-11 09:03:50.898 [info] > git rev-parse --show-toplevel [8ms]
2024-03-11 09:03:50.987 [info] > git config --get commit.template [2ms]
2024-03-11 09:03:50.988 [info] > git rev-parse --show-toplevel [25ms]
2024-03-11 09:03:51.067 [info] > git rev-parse --show-toplevel [49ms]
2024-03-11 09:03:51.089 [info] > git for-each-ref --format=%(refname)%00%(upstream:short)%00%(objectname)%00%(upstream:track)%00%(upstream:remotename)%00%(upstream:remoteref) refs/heads/feat/internal-portal refs/remotes/feat/internal-portal [24ms]
2024-03-11 09:03:51.104 [info] > git rev-parse --show-toplevel [16ms]
2024-03-11 09:03:51.139 [info] > git rev-parse --show-toplevel [11ms]
2024-03-11 09:03:51.262 [info] > git status -z -uall [57ms]
2024-03-11 09:03:51.273 [info] > git rev-parse --show-toplevel [30ms]
2024-03-11 09:03:51.301 [info] > git rev-parse --show-toplevel [1ms]
2024-03-11 09:03:51.678 [info] > git check-ignore -v -z --stdin [4ms]
2024-03-11 09:03:51.802 [info] > git fetch [1236ms]
2024-03-11 09:03:51.802 [info] /bin/sh: warning: setlocale: LC_ALL: cannot change locale (en_US.UTF-8)
2024-03-11 09:03:51.834 [info] > git config --get commit.template [7ms]
2024-03-11 09:03:51.874 [info] > git for-each-ref --format=%(refname)%00%(upstream:short)%00%(objectname)%00%(upstream:track)%00%(upstream:remotename)%00%(upstream:remoteref) refs/heads/feat/internal-portal refs/remotes/feat/internal-portal [9ms]
2024-03-11 09:03:51.927 [info] > git status -z -uall [8ms]
2024-03-11 09:03:53.139 [info] > git show --textconv :storewise-internal/public/next.svg [62ms]
2024-03-11 09:03:53.139 [info] > git ls-files --stage -- /home/coder/storewise-webapps/storewise-internal/public/next.svg [2ms]
2024-03-11 09:03:53.164 [info] > git cat-file -s 5174b28c565c285e3e312ec5178be64fbeca8398 [2ms]
2024-03-11 09:03:54.390 [info] > git config --get commit.template [2ms]
2024-03-11 09:03:54.724 [info] > git for-each-ref --format=%(refname)%00%(upstream:short)%00%(objectname)%00%(upstream:track)%00%(upstream:remotename)%00%(upstream:remoteref) refs/heads/feat/internal-portal refs/remotes/feat/internal-portal [5ms]
2024-03-11 09:03:54.828 [info] > git status -z -uall [53ms]
2024-03-11 09:03:55.013 [info] > git ls-files --stage -- /home/coder/storewise-webapps/storewise-internal/public/next.svg [3ms]
2024-03-11 09:03:55.060 [info] > git cat-file -s 5174b28c565c285e3e312ec5178be64fbeca8398 [12ms]
2024-03-11 09:03:55.393 [info] > git show --textconv :storewise-internal/public/next.svg [42ms]
2024-03-11 09:03:55.399 [info] > git check-ignore -v -z --stdin [8ms]
2024-03-11 09:03:57.719 [info] > git check-ignore -v -z --stdin [3ms]
2024-03-11 09:04:28.584 [info] > git check-ignore -v -z --stdin [4ms]
2024-03-11 09:04:30.027 [info] > git check-ignore -v -z --stdin [3ms]
2024-03-11 09:04:42.704 [info] > git show --textconv :storewise-info/src/vite-env.d.ts [41ms]
2024-03-11 09:04:42.705 [info] > git ls-files --stage -- /home/coder/storewise-webapps/storewise-info/src/vite-env.d.ts [9ms]
2024-03-11 09:04:42.892 [info] > git cat-file -s 11f02fe2a0061d6e6e1f271b21da95423b448b32 [151ms]
2024-03-11 09:04:43.904 [info] > git show --textconv :storewise-info/src/index.tsx [228ms]
2024-03-11 09:04:43.914 [info] > git ls-files --stage -- /home/coder/storewise-webapps/storewise-info/src/index.tsx [16ms]
2024-03-11 09:04:44.028 [info] > git cat-file -s 307b4ed3a0a63a64369ee536ff53aa76007d2c6d [37ms]
2024-03-11 09:04:53.863 [info] > git show --textconv :storewise-info/src/App.tsx [43ms]
2024-03-11 09:04:53.865 [info] > git ls-files --stage -- /home/coder/storewise-webapps/storewise-info/src/App.tsx [7ms]
2024-03-11 09:04:53.897 [info] > git cat-file -s eb2b81c25a2dd0f7cec3fddbcc2787349420a1bc [4ms]
2024-03-11 09:05:03.287 [info] > git check-ignore -v -z --stdin [5ms]
2024-03-11 09:05:05.090 [info] > git check-ignore -v -z --stdin [14ms]
2024-03-11 09:05:06.537 [info] > git check-ignore -v -z --stdin [3ms]
2024-03-11 09:05:18.019 [info] > git check-ignore -v -z --stdin [7ms]
2024-03-11 09:05:29.836 [info] > git show --textconv :storewise-internal/public/next.svg [29ms]
2024-03-11 09:05:29.853 [info] > git ls-files --stage -- /home/coder/storewise-webapps/storewise-internal/public/next.svg [17ms]
2024-03-11 09:05:29.880 [info] > git cat-file -s 5174b28c565c285e3e312ec5178be64fbeca8398 [2ms]
2024-03-11 09:06:18.977 [info] > git check-ignore -v -z --stdin [21ms]
2024-03-11 09:06:24.867 [info] > git check-ignore -v -z --stdin [4ms]
2024-03-11 09:06:30.940 [info] > git check-ignore -v -z --stdin [21ms]
2024-03-11 09:06:36.645 [info] > git show --textconv :storewise-sku/index.html [67ms]
2024-03-11 09:06:36.648 [info] > git ls-files --stage -- /home/coder/storewise-webapps/storewise-sku/index.html [23ms]
2024-03-11 09:06:36.821 [info] > git cat-file -s 38f386110323c3d06a7bb46193bb63261023dee8 [32ms]
2024-03-11 09:06:42.645 [info] > git show --textconv :storewise-sku/src/vite-env.d.ts [118ms]
2024-03-11 09:06:42.645 [info] > git ls-files --stage -- /home/coder/storewise-webapps/storewise-sku/src/vite-env.d.ts [2ms]
2024-03-11 09:06:42.766 [info] > git cat-file -s 11f02fe2a0061d6e6e1f271b21da95423b448b32 [10ms]
2024-03-11 09:06:43.686 [info] > git show --textconv :storewise-sku/src/logo.svg [59ms]
2024-03-11 09:06:43.883 [info] > git ls-files --stage -- /home/coder/storewise-webapps/storewise-sku/src/logo.svg [198ms]
2024-03-11 09:06:43.934 [info] > git cat-file -s 6b60c1042f58d9fabb75485aa3624dddcf633b5c [22ms]
2024-03-11 09:06:46.199 [info] > git show --textconv :storewise-sku/src/App.tsx [286ms]
2024-03-11 09:06:46.199 [info] > git ls-files --stage -- /home/coder/storewise-webapps/storewise-sku/src/App.tsx [44ms]
2024-03-11 09:06:46.334 [info] > git cat-file -s 15d71d08fe112f1168deaf5898ff896596c6f751 [32ms]
2024-03-11 09:06:46.994 [info] > git check-ignore -v -z --stdin [2ms]
2024-03-11 09:06:48.655 [info] > git show --textconv :storewise-sku/src/components/SKUListComponent.tsx [80ms]
2024-03-11 09:06:48.678 [info] > git ls-files --stage -- /home/coder/storewise-webapps/storewise-sku/src/components/SKUListComponent.tsx [25ms]
2024-03-11 09:06:48.814 [info] > git cat-file -s 9283296852f6d919621677942965098d3b4ada3c [32ms]
2024-03-11 09:06:50.091 [info] > git show --textconv :storewise-sku/src/components/SKUManagementComponent.tsx [136ms]
2024-03-11 09:06:50.093 [info] > git ls-files --stage -- /home/coder/storewise-webapps/storewise-sku/src/components/SKUManagementComponent.tsx [41ms]
2024-03-11 09:06:50.234 [info] > git cat-file -s 32e430d2fd4979f172383ab411be481000b3ecdf [19ms]
2024-03-11 09:06:53.674 [info] > git fetch [1679ms]
2024-03-11 09:06:53.675 [info] /bin/sh: warning: setlocale: LC_ALL: cannot change locale (en_US.UTF-8)
2024-03-11 09:06:53.753 [info] > git config --get commit.template [3ms]
2024-03-11 09:06:53.819 [info] > git for-each-ref --format=%(refname)%00%(upstream:short)%00%(objectname)%00%(upstream:track)%00%(upstream:remotename)%00%(upstream:remoteref) refs/heads/feat/internal-portal refs/remotes/feat/internal-portal [1ms]
2024-03-11 09:06:53.909 [info] > git status -z -uall [22ms]
2024-03-11 09:07:43.777 [info] > git ls-files --stage -- /home/coder/storewise-webapps/storewise-sku/src/components/SKUManagementComponent.tsx [2ms]
2024-03-11 09:07:43.822 [info] > git cat-file -s 32e430d2fd4979f172383ab411be481000b3ecdf [15ms]
2024-03-11 09:07:43.974 [info] > git show --textconv :storewise-sku/src/components/SKUManagementComponent.tsx [3ms]
2024-03-11 09:08:11.817 [info] > git check-ignore -v -z --stdin [19ms]
2024-03-11 09:08:13.074 [info] > git check-ignore -v -z --stdin [2ms]
2024-03-11 09:08:25.776 [info] > git check-ignore -v -z --stdin [27ms]
2024-03-11 09:08:31.226 [info] > git check-ignore -v -z --stdin [7ms]
2024-03-11 09:08:38.584 [info] > git check-ignore -v -z --stdin [25ms]
2024-03-11 09:08:53.533 [info] > git check-ignore -v -z --stdin [13ms]
2024-03-11 09:08:59.084 [info] > git check-ignore -v -z --stdin [32ms]
2024-03-11 09:11:35.690 [info] > git ls-files --stage -- /home/coder/storewise-webapps/storewise-sku/src/components/SKUManagementComponent.tsx [2ms]
2024-03-11 09:11:35.747 [info] > git cat-file -s 32e430d2fd4979f172383ab411be481000b3ecdf [1ms]
2024-03-11 09:11:35.753 [info] > git fetch [1698ms]
2024-03-11 09:11:35.753 [info] /bin/sh: warning: setlocale: LC_ALL: cannot change locale (en_US.UTF-8)
2024-03-11 09:11:35.786 [info] > git config --get commit.template [1ms]
2024-03-11 09:11:35.844 [info] > git for-each-ref --format=%(refname)%00%(upstream:short)%00%(objectname)%00%(upstream:track)%00%(upstream:remotename)%00%(upstream:remoteref) refs/heads/feat/internal-portal refs/remotes/feat/internal-portal [1ms]
2024-03-11 09:11:35.919 [info] > git status -z -uall [6ms]
2024-03-11 09:11:35.956 [info] > git show --textconv :storewise-sku/src/components/SKUManagementComponent.tsx [5ms]
2024-03-11 09:11:37.011 [info] > git config --get commit.template [6ms]
2024-03-11 09:11:37.067 [info] > git for-each-ref --format=%(refname)%00%(upstream:short)%00%(objectname)%00%(upstream:track)%00%(upstream:remotename)%00%(upstream:remoteref) refs/heads/feat/internal-portal refs/remotes/feat/internal-portal [19ms]
2024-03-11 09:11:37.116 [info] > git status -z -uall [9ms]
2024-03-11 09:11:37.270 [info] > git ls-files --stage -- /home/coder/storewise-webapps/storewise-sku/src/components/SKUManagementComponent.tsx [8ms]
2024-03-11 09:11:37.376 [info] > git cat-file -s 32e430d2fd4979f172383ab411be481000b3ecdf [9ms]
2024-03-11 09:11:37.567 [info] > git show --textconv :storewise-sku/src/components/SKUManagementComponent.tsx [1ms]
2024-03-11 09:12:13.446 [info] > git show --textconv :storewise-warehouse/src/main.tsx [61ms]
2024-03-11 09:12:13.447 [info] > git ls-files --stage -- /home/coder/storewise-webapps/storewise-warehouse/src/main.tsx [4ms]
2024-03-11 09:12:13.478 [info] > git cat-file -s 258c2754424c93dba3cf99b1406a7d3acddb2eef [4ms]
2024-03-11 09:12:17.839 [info] > git show --textconv :storewise-warehouse/src/App.tsx [124ms]
2024-03-11 09:12:17.839 [info] > git ls-files --stage -- /home/coder/storewise-webapps/storewise-warehouse/src/App.tsx [56ms]
2024-03-11 09:12:17.932 [info] > git cat-file -s 54b09fd8ee3a61952355df5f3c0f6de3f9f8a26a [7ms]
2024-03-11 09:12:47.568 [info] > git show --textconv :storewise-warehouse/src/index.css [45ms]
2024-03-11 09:12:47.577 [info] > git ls-files --stage -- /home/coder/storewise-webapps/storewise-warehouse/src/index.css [13ms]
2024-03-11 09:12:47.613 [info] > git cat-file -s 917888c1d1115a5bb9c12bad4b6f11f7def422be [10ms]
2024-03-11 09:12:50.001 [info] > git show --textconv :storewise-warehouse/src/main.tsx [39ms]
2024-03-11 09:12:50.001 [info] > git ls-files --stage -- /home/coder/storewise-webapps/storewise-warehouse/src/main.tsx [7ms]
2024-03-11 09:12:50.084 [info] > git cat-file -s 258c2754424c93dba3cf99b1406a7d3acddb2eef [5ms]
2024-03-11 09:13:51.530 [info] > git check-ignore -v -z --stdin [4ms]
2024-03-11 09:14:15.400 [info] > git show --textconv :storewise-internal/lib/utils.ts [23ms]
2024-03-11 09:14:15.400 [info] > git ls-files --stage -- /home/coder/storewise-webapps/storewise-internal/lib/utils.ts [2ms]
2024-03-11 09:14:15.452 [info] > git cat-file -s 9ad0df4269e6fd3b864ca5c7d8b68e47c3b010c2 [2ms]
2024-03-11 09:14:16.540 [info] > git show --textconv :storewise-internal/app/page.tsx [85ms]
2024-03-11 09:14:16.540 [info] > git ls-files --stage -- /home/coder/storewise-webapps/storewise-internal/app/page.tsx [11ms]
2024-03-11 09:14:16.587 [info] > git cat-file -s 4366142c6682c379cbe362ac4ea70317e926dda6 [8ms]
2024-03-11 09:14:17.305 [info] > git show --textconv :storewise-internal/app/layout.tsx [23ms]
2024-03-11 09:14:17.316 [info] > git ls-files --stage -- /home/coder/storewise-webapps/storewise-internal/app/layout.tsx [13ms]
2024-03-11 09:14:17.357 [info] > git cat-file -s 8b36c437fa3f25f647879c0a9c0cf2ecc8560771 [6ms]
2024-03-11 09:14:18.962 [info] > git show --textconv :storewise-internal/app/globals.css [29ms]
2024-03-11 09:14:18.962 [info] > git ls-files --stage -- /home/coder/storewise-webapps/storewise-internal/app/globals.css [1ms]
2024-03-11 09:14:18.991 [info] > git cat-file -s e4e249468d2af402cb2fbd9f7c31af01dadc9f6e [5ms]
2024-03-11 09:14:36.758 [info] > git fetch [813ms]
2024-03-11 09:14:36.758 [info] /bin/sh: warning: setlocale: LC_ALL: cannot change locale (en_US.UTF-8)
2024-03-11 09:14:36.786 [info] > git config --get commit.template [1ms]
2024-03-11 09:14:36.815 [info] > git for-each-ref --format=%(refname)%00%(upstream:short)%00%(objectname)%00%(upstream:track)%00%(upstream:remotename)%00%(upstream:remoteref) refs/heads/feat/internal-portal refs/remotes/feat/internal-portal [3ms]
2024-03-11 09:14:36.845 [info] > git status -z -uall [8ms]
2024-03-11 09:14:37.960 [info] > git config --get commit.template [2ms]
2024-03-11 09:14:37.989 [info] > git for-each-ref --format=%(refname)%00%(upstream:short)%00%(objectname)%00%(upstream:track)%00%(upstream:remotename)%00%(upstream:remoteref) refs/heads/feat/internal-portal refs/remotes/feat/internal-portal [2ms]
2024-03-11 09:14:38.023 [info] > git status -z -uall [6ms]
2024-03-11 09:17:37.793 [info] > git fetch [909ms]
2024-03-11 09:17:37.793 [info] /bin/sh: warning: setlocale: LC_ALL: cannot change locale (en_US.UTF-8)
2024-03-11 09:17:37.857 [info] > git config --get commit.template [1ms]
2024-03-11 09:17:37.914 [info] > git for-each-ref --format=%(refname)%00%(upstream:short)%00%(objectname)%00%(upstream:track)%00%(upstream:remotename)%00%(upstream:remoteref) refs/heads/feat/internal-portal refs/remotes/feat/internal-portal [9ms]
2024-03-11 09:17:37.966 [info] > git status -z -uall [14ms]
2024-03-11 09:17:39.017 [info] > git config --get commit.template [1ms]
2024-03-11 09:17:39.055 [info] > git for-each-ref --format=%(refname)%00%(upstream:short)%00%(objectname)%00%(upstream:track)%00%(upstream:remotename)%00%(upstream:remoteref) refs/heads/feat/internal-portal refs/remotes/feat/internal-portal [2ms]
2024-03-11 09:17:39.096 [info] > git status -z -uall [4ms]
2024-03-11 09:19:31.568 [info] > git check-ignore -v -z --stdin [8ms]
2024-03-11 09:37:38.072 [info] > git fetch [930ms]
2024-03-11 09:37:38.072 [info] /bin/sh: warning: setlocale: LC_ALL: cannot change locale (en_US.UTF-8)
From git+ssh://dev.storewise.in:6611/storewise-webapps
   1caffa5..57a61da  Skunew/Skutask -> origin/Skunew/Skutask
2024-03-11 09:37:38.113 [info] > git config --get commit.template [4ms]
2024-03-11 09:37:38.153 [info] > git for-each-ref --format=%(refname)%00%(upstream:short)%00%(objectname)%00%(upstream:track)%00%(upstream:remotename)%00%(upstream:remoteref) refs/heads/feat/internal-portal refs/remotes/feat/internal-portal [2ms]
2024-03-11 09:37:38.196 [info] > git status -z -uall [13ms]
2024-03-11 09:37:39.300 [info] > git config --get commit.template [2ms]
2024-03-11 09:37:39.336 [info] > git for-each-ref --format=%(refname)%00%(upstream:short)%00%(objectname)%00%(upstream:track)%00%(upstream:remotename)%00%(upstream:remoteref) refs/heads/feat/internal-portal refs/remotes/feat/internal-portal [2ms]
2024-03-11 09:37:39.368 [info] > git status -z -uall [1ms]
2024-03-11 09:40:39.243 [info] > git fetch [1009ms]
2024-03-11 09:40:39.243 [info] /bin/sh: warning: setlocale: LC_ALL: cannot change locale (en_US.UTF-8)
2024-03-11 09:40:39.344 [info] > git config --get commit.template [72ms]
2024-03-11 09:40:39.352 [info] > git for-each-ref --format=%(refname)%00%(upstream:short)%00%(objectname)%00%(upstream:track)%00%(upstream:remotename)%00%(upstream:remoteref) refs/heads/feat/internal-portal refs/remotes/feat/internal-portal [9ms]
2024-03-11 09:40:39.391 [info] > git status -z -uall [8ms]
2024-03-11 09:40:40.513 [info] > git config --get commit.template [8ms]
2024-03-11 09:40:40.549 [info] > git for-each-ref --format=%(refname)%00%(upstream:short)%00%(objectname)%00%(upstream:track)%00%(upstream:remotename)%00%(upstream:remoteref) refs/heads/feat/internal-portal refs/remotes/feat/internal-portal [2ms]
2024-03-11 09:40:40.580 [info] > git status -z -uall [1ms]
2024-03-11 09:43:40.479 [info] > git fetch [1055ms]
2024-03-11 09:43:40.479 [info] /bin/sh: warning: setlocale: LC_ALL: cannot change locale (en_US.UTF-8)
2024-03-11 09:43:40.533 [info] > git config --get commit.template [4ms]
2024-03-11 09:43:40.601 [info] > git for-each-ref --format=%(refname)%00%(upstream:short)%00%(objectname)%00%(upstream:track)%00%(upstream:remotename)%00%(upstream:remoteref) refs/heads/feat/internal-portal refs/remotes/feat/internal-portal [18ms]
2024-03-11 09:43:40.652 [info] > git status -z -uall [18ms]
2024-03-11 09:43:41.750 [info] > git config --get commit.template [34ms]
2024-03-11 09:43:41.751 [info] > git for-each-ref --format=%(refname)%00%(upstream:short)%00%(objectname)%00%(upstream:track)%00%(upstream:remotename)%00%(upstream:remoteref) refs/heads/feat/internal-portal refs/remotes/feat/internal-portal [2ms]
2024-03-11 09:43:41.798 [info] > git status -z -uall [6ms]
