2024-03-07 13:46:10.387 [info] Log level: Info
2024-03-07 13:46:10.387 [info] Validating found git in: "git"
2024-03-07 13:46:10.388 [info] Using git "2.37.3" from "git"
2024-03-07 13:46:10.388 [info] > git rev-parse --show-toplevel [24ms]
2024-03-07 13:46:10.388 [info] > git rev-parse --git-dir --git-common-dir [3ms]
2024-03-07 13:46:10.388 [info] Open repository: /home/coder/storewise-webapps
2024-03-07 13:46:10.388 [info] > git config --get commit.template [27ms]
2024-03-07 13:46:10.388 [info] > git rev-parse --show-toplevel [11ms]
2024-03-07 13:46:10.388 [info] > git for-each-ref --format=%(refname)%00%(upstream:short)%00%(objectname)%00%(upstream:track)%00%(upstream:remotename)%00%(upstream:remoteref) refs/heads/feat/form-2 refs/remotes/feat/form-2 [19ms]
2024-03-07 13:46:10.388 [info] > git rev-parse --show-toplevel [25ms]
2024-03-07 13:46:10.388 [info] > git status -z -uall [32ms]
2024-03-07 13:46:10.388 [info] > git rev-parse --show-toplevel [2ms]
2024-03-07 13:46:10.388 [info] > git config --get commit.template [55ms]
2024-03-07 13:46:10.388 [info] > git rev-parse --show-toplevel [91ms]
2024-03-07 13:46:10.388 [info] > git for-each-ref --format=%(refname)%00%(upstream:short)%00%(objectname)%00%(upstream:track)%00%(upstream:remotename)%00%(upstream:remoteref) refs/heads/feat/form-2 refs/remotes/feat/form-2 [4ms]
2024-03-07 13:46:10.388 [info] > git rev-parse --show-toplevel [65ms]
2024-03-07 13:46:10.388 [info] > git status -z -uall [40ms]
2024-03-07 13:46:10.388 [info] > git rev-parse --show-toplevel [4ms]
2024-03-07 13:46:10.388 [info] > git rev-parse --show-toplevel [1ms]
2024-03-07 13:46:10.388 [info] > git rev-parse --show-toplevel [8ms]
2024-03-07 13:46:10.388 [info] > git rev-parse --show-toplevel [11ms]
2024-03-07 13:46:10.398 [info] > git rev-parse --show-toplevel [13ms]
2024-03-07 13:46:10.423 [info] > git rev-parse --show-toplevel [5ms]
2024-03-07 13:46:11.030 [info] > git fetch [1277ms]
2024-03-07 13:46:11.030 [info] /bin/sh: warning: setlocale: LC_ALL: cannot change locale (en_US.UTF-8)
2024-03-07 13:46:11.059 [info] > git check-ignore -v -z --stdin [31ms]
2024-03-07 13:46:11.087 [info] > git config --get commit.template [30ms]
2024-03-07 13:46:11.088 [info] > git for-each-ref --format=%(refname)%00%(upstream:short)%00%(objectname)%00%(upstream:track)%00%(upstream:remotename)%00%(upstream:remoteref) refs/heads/feat/form-2 refs/remotes/feat/form-2 [4ms]
2024-03-07 13:46:11.115 [info] > git status -z -uall [5ms]
2024-03-07 13:46:11.748 [info] > git show --textconv :storewise-info/src/components/FormContainer.tsx [37ms]
2024-03-07 13:46:11.748 [info] > git ls-files --stage -- /home/coder/storewise-webapps/storewise-info/src/components/FormContainer.tsx [3ms]
2024-03-07 13:46:11.778 [info] > git cat-file -s 6de5436264bcae357dbc5d02ae8b9e1d477c9ace [4ms]
2024-03-07 13:46:12.175 [info] > git config --get commit.template [2ms]
2024-03-07 13:46:12.222 [info] > git for-each-ref --format=%(refname)%00%(upstream:short)%00%(objectname)%00%(upstream:track)%00%(upstream:remotename)%00%(upstream:remoteref) refs/heads/feat/form-2 refs/remotes/feat/form-2 [3ms]
2024-03-07 13:46:12.265 [info] > git status -z -uall [5ms]
2024-03-07 13:46:12.409 [info] > git ls-files --stage -- /home/coder/storewise-webapps/storewise-info/src/components/FormContainer.tsx [6ms]
2024-03-07 13:46:12.434 [info] > git cat-file -s 6de5436264bcae357dbc5d02ae8b9e1d477c9ace [2ms]
2024-03-07 13:46:12.578 [info] > git show --textconv :storewise-info/src/components/FormContainer.tsx [4ms]
2024-03-07 13:49:16.936 [info] > git fetch [678ms]
2024-03-07 13:49:16.936 [info] /bin/sh: warning: setlocale: LC_ALL: cannot change locale (en_US.UTF-8)
2024-03-07 13:49:16.961 [info] > git config --get commit.template [1ms]
2024-03-07 13:49:16.987 [info] > git for-each-ref --format=%(refname)%00%(upstream:short)%00%(objectname)%00%(upstream:track)%00%(upstream:remotename)%00%(upstream:remoteref) refs/heads/feat/form-2 refs/remotes/feat/form-2 [2ms]
2024-03-07 13:49:17.016 [info] > git status -z -uall [3ms]
2024-03-07 13:49:50.661 [info] > git for-each-ref --format=%(refname)%00%(upstream:short)%00%(objectname)%00%(upstream:track)%00%(upstream:remotename)%00%(upstream:remoteref) refs/heads/feat/form-2 refs/remotes/feat/form-2 [4ms]
2024-03-07 13:49:50.662 [info] > git config --get commit.template [29ms]
2024-03-07 13:49:50.693 [info] > git status -z -uall [5ms]
2024-03-07 13:49:50.907 [info] > git ls-files --stage -- /home/coder/storewise-webapps/storewise-info/src/components/FormContainer.tsx [2ms]
2024-03-07 13:49:50.930 [info] > git cat-file -s 6de5436264bcae357dbc5d02ae8b9e1d477c9ace [2ms]
2024-03-07 13:49:51.124 [info] > git show --textconv :storewise-info/src/components/FormContainer.tsx [3ms]
2024-03-07 13:52:17.613 [info] > git fetch [565ms]
2024-03-07 13:52:17.613 [info] /bin/sh: warning: setlocale: LC_ALL: cannot change locale (en_US.UTF-8)
2024-03-07 13:52:17.644 [info] > git config --get commit.template [1ms]
2024-03-07 13:52:17.673 [info] > git for-each-ref --format=%(refname)%00%(upstream:short)%00%(objectname)%00%(upstream:track)%00%(upstream:remotename)%00%(upstream:remoteref) refs/heads/feat/form-2 refs/remotes/feat/form-2 [2ms]
2024-03-07 13:52:17.700 [info] > git status -z -uall [5ms]
2024-03-07 13:52:18.821 [info] > git config --get commit.template [4ms]
2024-03-07 13:52:18.851 [info] > git for-each-ref --format=%(refname)%00%(upstream:short)%00%(objectname)%00%(upstream:track)%00%(upstream:remotename)%00%(upstream:remoteref) refs/heads/feat/form-2 refs/remotes/feat/form-2 [2ms]
2024-03-07 13:52:18.877 [info] > git status -z -uall [1ms]
2024-03-07 13:52:19.040 [info] > git ls-files --stage -- /home/coder/storewise-webapps/storewise-info/src/components/FormContainer.tsx [2ms]
2024-03-07 13:52:19.067 [info] > git cat-file -s 6de5436264bcae357dbc5d02ae8b9e1d477c9ace [2ms]
2024-03-07 13:52:19.216 [info] > git show --textconv :storewise-info/src/components/FormContainer.tsx [1ms]
2024-03-07 13:52:26.557 [info] > git check-ignore -v -z --stdin [2ms]
2024-03-07 13:52:39.259 [info] > git check-ignore -v -z --stdin [2ms]
2024-03-07 13:52:40.960 [info] > git check-ignore -v -z --stdin [2ms]
2024-03-07 13:52:42.599 [info] > git check-ignore -v -z --stdin [2ms]
2024-03-07 13:52:44.956 [info] > git check-ignore -v -z --stdin [1ms]
2024-03-07 13:52:46.798 [info] > git check-ignore -v -z --stdin [2ms]
2024-03-07 13:52:53.844 [info] > git check-ignore -v -z --stdin [1ms]
2024-03-07 13:53:06.057 [info] > git check-ignore -v -z --stdin [1ms]
2024-03-07 13:53:10.531 [info] > git check-ignore -v -z --stdin [2ms]
2024-03-07 13:59:11.538 [info] > git fetch [555ms]
2024-03-07 13:59:11.538 [info] /bin/sh: warning: setlocale: LC_ALL: cannot change locale (en_US.UTF-8)
2024-03-07 13:59:11.560 [info] > git config --get commit.template [1ms]
2024-03-07 13:59:11.583 [info] > git for-each-ref --format=%(refname)%00%(upstream:short)%00%(objectname)%00%(upstream:track)%00%(upstream:remotename)%00%(upstream:remoteref) refs/heads/feat/form-2 refs/remotes/feat/form-2 [0ms]
2024-03-07 13:59:11.608 [info] > git status -z -uall [5ms]
2024-03-07 13:59:12.815 [info] > git config --get commit.template [1ms]
2024-03-07 13:59:12.837 [info] > git for-each-ref --format=%(refname)%00%(upstream:short)%00%(objectname)%00%(upstream:track)%00%(upstream:remotename)%00%(upstream:remoteref) refs/heads/feat/form-2 refs/remotes/feat/form-2 [2ms]
2024-03-07 13:59:12.861 [info] > git status -z -uall [2ms]
2024-03-07 13:59:13.018 [info] > git ls-files --stage -- /home/coder/storewise-webapps/storewise-info/src/components/FormContainer.tsx [1ms]
2024-03-07 13:59:13.041 [info] > git cat-file -s 6de5436264bcae357dbc5d02ae8b9e1d477c9ace [1ms]
2024-03-07 13:59:13.185 [info] > git show --textconv :storewise-info/src/components/FormContainer.tsx [3ms]
2024-03-07 14:32:30.070 [info] > git fetch [567ms]
2024-03-07 14:32:30.070 [info] /bin/sh: warning: setlocale: LC_ALL: cannot change locale (en_US.UTF-8)
2024-03-07 14:32:30.101 [info] > git config --get commit.template [2ms]
2024-03-07 14:32:30.127 [info] > git for-each-ref --format=%(refname)%00%(upstream:short)%00%(objectname)%00%(upstream:track)%00%(upstream:remotename)%00%(upstream:remoteref) refs/heads/feat/form-2 refs/remotes/feat/form-2 [3ms]
2024-03-07 14:32:30.159 [info] > git status -z -uall [7ms]
2024-03-07 14:32:31.287 [info] > git config --get commit.template [1ms]
2024-03-07 14:32:31.321 [info] > git for-each-ref --format=%(refname)%00%(upstream:short)%00%(objectname)%00%(upstream:track)%00%(upstream:remotename)%00%(upstream:remoteref) refs/heads/feat/form-2 refs/remotes/feat/form-2 [1ms]
2024-03-07 14:32:31.346 [info] > git status -z -uall [3ms]
2024-03-07 14:32:31.519 [info] > git ls-files --stage -- /home/coder/storewise-webapps/storewise-info/src/components/FormContainer.tsx [3ms]
2024-03-07 14:32:31.543 [info] > git cat-file -s 6de5436264bcae357dbc5d02ae8b9e1d477c9ace [3ms]
2024-03-07 14:32:31.677 [info] > git show --textconv :storewise-info/src/components/FormContainer.tsx [1ms]
2024-03-07 14:35:30.691 [info] > git fetch [504ms]
2024-03-07 14:35:30.691 [info] /bin/sh: warning: setlocale: LC_ALL: cannot change locale (en_US.UTF-8)
2024-03-07 14:35:30.722 [info] > git config --get commit.template [1ms]
2024-03-07 14:35:30.753 [info] > git for-each-ref --format=%(refname)%00%(upstream:short)%00%(objectname)%00%(upstream:track)%00%(upstream:remotename)%00%(upstream:remoteref) refs/heads/feat/form-2 refs/remotes/feat/form-2 [2ms]
2024-03-07 14:35:30.779 [info] > git status -z -uall [3ms]
2024-03-07 14:35:31.934 [info] > git config --get commit.template [1ms]
2024-03-07 14:35:31.958 [info] > git for-each-ref --format=%(refname)%00%(upstream:short)%00%(objectname)%00%(upstream:track)%00%(upstream:remotename)%00%(upstream:remoteref) refs/heads/feat/form-2 refs/remotes/feat/form-2 [2ms]
2024-03-07 14:35:31.982 [info] > git status -z -uall [2ms]
2024-03-07 14:35:32.160 [info] > git ls-files --stage -- /home/coder/storewise-webapps/storewise-info/src/components/FormContainer.tsx [1ms]
2024-03-07 14:35:32.181 [info] > git cat-file -s 6de5436264bcae357dbc5d02ae8b9e1d477c9ace [1ms]
2024-03-07 14:35:32.321 [info] > git show --textconv :storewise-info/src/components/FormContainer.tsx [1ms]
2024-03-07 14:38:31.432 [info] > git fetch [623ms]
2024-03-07 14:38:31.432 [info] /bin/sh: warning: setlocale: LC_ALL: cannot change locale (en_US.UTF-8)
2024-03-07 14:38:31.457 [info] > git config --get commit.template [1ms]
2024-03-07 14:38:31.481 [info] > git for-each-ref --format=%(refname)%00%(upstream:short)%00%(objectname)%00%(upstream:track)%00%(upstream:remotename)%00%(upstream:remoteref) refs/heads/feat/form-2 refs/remotes/feat/form-2 [2ms]
2024-03-07 14:38:31.507 [info] > git status -z -uall [5ms]
2024-03-07 14:38:32.619 [info] > git config --get commit.template [1ms]
2024-03-07 14:38:32.641 [info] > git for-each-ref --format=%(refname)%00%(upstream:short)%00%(objectname)%00%(upstream:track)%00%(upstream:remotename)%00%(upstream:remoteref) refs/heads/feat/form-2 refs/remotes/feat/form-2 [1ms]
2024-03-07 14:38:32.667 [info] > git status -z -uall [0ms]
2024-03-07 14:38:32.833 [info] > git ls-files --stage -- /home/coder/storewise-webapps/storewise-info/src/components/FormContainer.tsx [1ms]
2024-03-07 14:38:32.857 [info] > git cat-file -s 6de5436264bcae357dbc5d02ae8b9e1d477c9ace [2ms]
2024-03-07 14:38:33.002 [info] > git show --textconv :storewise-info/src/components/FormContainer.tsx [4ms]
2024-03-07 14:41:32.057 [info] > git fetch [522ms]
2024-03-07 14:41:32.057 [info] /bin/sh: warning: setlocale: LC_ALL: cannot change locale (en_US.UTF-8)
2024-03-07 14:41:32.087 [info] > git config --get commit.template [2ms]
2024-03-07 14:41:32.117 [info] > git for-each-ref --format=%(refname)%00%(upstream:short)%00%(objectname)%00%(upstream:track)%00%(upstream:remotename)%00%(upstream:remoteref) refs/heads/feat/form-2 refs/remotes/feat/form-2 [2ms]
2024-03-07 14:41:32.146 [info] > git status -z -uall [5ms]
2024-03-07 14:41:33.251 [info] > git config --get commit.template [1ms]
2024-03-07 14:41:33.272 [info] > git for-each-ref --format=%(refname)%00%(upstream:short)%00%(objectname)%00%(upstream:track)%00%(upstream:remotename)%00%(upstream:remoteref) refs/heads/feat/form-2 refs/remotes/feat/form-2 [2ms]
2024-03-07 14:41:33.303 [info] > git status -z -uall [4ms]
2024-03-07 14:41:33.469 [info] > git ls-files --stage -- /home/coder/storewise-webapps/storewise-info/src/components/FormContainer.tsx [1ms]
2024-03-07 14:41:33.499 [info] > git cat-file -s 6de5436264bcae357dbc5d02ae8b9e1d477c9ace [3ms]
2024-03-07 14:41:33.644 [info] > git show --textconv :storewise-info/src/components/FormContainer.tsx [1ms]
2024-03-07 14:44:32.683 [info] > git fetch [512ms]
2024-03-07 14:44:32.683 [info] /bin/sh: warning: setlocale: LC_ALL: cannot change locale (en_US.UTF-8)
2024-03-07 14:44:32.703 [info] > git config --get commit.template [1ms]
2024-03-07 14:44:32.727 [info] > git for-each-ref --format=%(refname)%00%(upstream:short)%00%(objectname)%00%(upstream:track)%00%(upstream:remotename)%00%(upstream:remoteref) refs/heads/feat/form-2 refs/remotes/feat/form-2 [2ms]
2024-03-07 14:44:32.747 [info] > git status -z -uall [3ms]
2024-03-07 14:45:11.130 [info] > git config --get commit.template [3ms]
2024-03-07 14:45:11.153 [info] > git for-each-ref --format=%(refname)%00%(upstream:short)%00%(objectname)%00%(upstream:track)%00%(upstream:remotename)%00%(upstream:remoteref) refs/heads/feat/form-2 refs/remotes/feat/form-2 [1ms]
2024-03-07 14:45:11.179 [info] > git status -z -uall [1ms]
2024-03-07 14:46:10.133 [info] > git ls-files --stage -- /home/coder/storewise-webapps/storewise-info/src/components/FormContainer.tsx [24ms]
2024-03-07 14:46:10.162 [info] > git cat-file -s 6de5436264bcae357dbc5d02ae8b9e1d477c9ace [7ms]
2024-03-07 14:47:10.123 [info] > git show --textconv :storewise-info/src/components/FormContainer.tsx [4ms]
2024-03-07 14:47:33.519 [info] > git fetch [742ms]
2024-03-07 14:47:33.520 [info] /bin/sh: warning: setlocale: LC_ALL: cannot change locale (en_US.UTF-8)
2024-03-07 14:47:33.576 [info] > git config --get commit.template [27ms]
2024-03-07 14:47:33.576 [info] > git for-each-ref --format=%(refname)%00%(upstream:short)%00%(objectname)%00%(upstream:track)%00%(upstream:remotename)%00%(upstream:remoteref) refs/heads/feat/form-2 refs/remotes/feat/form-2 [2ms]
2024-03-07 14:47:33.616 [info] > git status -z -uall [19ms]
2024-03-07 14:48:11.142 [info] > git config --get commit.template [1ms]
2024-03-07 14:48:11.163 [info] > git for-each-ref --format=%(refname)%00%(upstream:short)%00%(objectname)%00%(upstream:track)%00%(upstream:remotename)%00%(upstream:remoteref) refs/heads/feat/form-2 refs/remotes/feat/form-2 [1ms]
2024-03-07 14:48:11.190 [info] > git status -z -uall [1ms]
2024-03-07 14:49:10.148 [info] > git ls-files --stage -- /home/coder/storewise-webapps/storewise-info/src/components/FormContainer.tsx [3ms]
2024-03-07 14:49:10.170 [info] > git cat-file -s 6de5436264bcae357dbc5d02ae8b9e1d477c9ace [2ms]
2024-03-07 14:50:10.125 [info] > git show --textconv :storewise-info/src/components/FormContainer.tsx [3ms]
2024-03-07 14:50:34.184 [info] > git fetch [540ms]
2024-03-07 14:50:34.184 [info] /bin/sh: warning: setlocale: LC_ALL: cannot change locale (en_US.UTF-8)
2024-03-07 14:50:34.206 [info] > git config --get commit.template [1ms]
2024-03-07 14:50:34.227 [info] > git for-each-ref --format=%(refname)%00%(upstream:short)%00%(objectname)%00%(upstream:track)%00%(upstream:remotename)%00%(upstream:remoteref) refs/heads/feat/form-2 refs/remotes/feat/form-2 [1ms]
2024-03-07 14:50:34.252 [info] > git status -z -uall [2ms]
2024-03-07 14:51:11.141 [info] > git config --get commit.template [1ms]
2024-03-07 14:51:11.168 [info] > git for-each-ref --format=%(refname)%00%(upstream:short)%00%(objectname)%00%(upstream:track)%00%(upstream:remotename)%00%(upstream:remoteref) refs/heads/feat/form-2 refs/remotes/feat/form-2 [1ms]
2024-03-07 14:51:11.190 [info] > git status -z -uall [3ms]
2024-03-07 14:52:10.132 [info] > git ls-files --stage -- /home/coder/storewise-webapps/storewise-info/src/components/FormContainer.tsx [3ms]
2024-03-07 14:52:10.153 [info] > git cat-file -s 6de5436264bcae357dbc5d02ae8b9e1d477c9ace [1ms]
2024-03-07 14:53:34.782 [info] > git fetch [495ms]
2024-03-07 14:53:34.782 [info] /bin/sh: warning: setlocale: LC_ALL: cannot change locale (en_US.UTF-8)
2024-03-07 14:53:34.804 [info] > git config --get commit.template [1ms]
2024-03-07 14:53:34.827 [info] > git for-each-ref --format=%(refname)%00%(upstream:short)%00%(objectname)%00%(upstream:track)%00%(upstream:remotename)%00%(upstream:remoteref) refs/heads/feat/form-2 refs/remotes/feat/form-2 [1ms]
2024-03-07 14:53:34.849 [info] > git status -z -uall [2ms]
2024-03-07 14:56:35.445 [info] > git fetch [566ms]
2024-03-07 14:56:35.445 [info] /bin/sh: warning: setlocale: LC_ALL: cannot change locale (en_US.UTF-8)
2024-03-07 14:56:35.471 [info] > git config --get commit.template [2ms]
2024-03-07 14:56:35.495 [info] > git for-each-ref --format=%(refname)%00%(upstream:short)%00%(objectname)%00%(upstream:track)%00%(upstream:remotename)%00%(upstream:remoteref) refs/heads/feat/form-2 refs/remotes/feat/form-2 [1ms]
2024-03-07 14:56:35.524 [info] > git status -z -uall [3ms]
2024-03-07 14:59:36.076 [info] > git fetch [526ms]
2024-03-07 14:59:36.076 [info] /bin/sh: warning: setlocale: LC_ALL: cannot change locale (en_US.UTF-8)
2024-03-07 14:59:36.096 [info] > git config --get commit.template [1ms]
2024-03-07 14:59:36.116 [info] > git for-each-ref --format=%(refname)%00%(upstream:short)%00%(objectname)%00%(upstream:track)%00%(upstream:remotename)%00%(upstream:remoteref) refs/heads/feat/form-2 refs/remotes/feat/form-2 [1ms]
2024-03-07 14:59:36.143 [info] > git status -z -uall [3ms]
2024-03-07 15:02:36.762 [info] > git fetch [589ms]
2024-03-07 15:02:36.763 [info] /bin/sh: warning: setlocale: LC_ALL: cannot change locale (en_US.UTF-8)
2024-03-07 15:02:36.796 [info] > git config --get commit.template [1ms]
2024-03-07 15:02:36.822 [info] > git for-each-ref --format=%(refname)%00%(upstream:short)%00%(objectname)%00%(upstream:track)%00%(upstream:remotename)%00%(upstream:remoteref) refs/heads/feat/form-2 refs/remotes/feat/form-2 [2ms]
2024-03-07 15:02:36.853 [info] > git status -z -uall [3ms]
2024-03-07 15:05:37.397 [info] > git fetch [516ms]
2024-03-07 15:05:37.397 [info] /bin/sh: warning: setlocale: LC_ALL: cannot change locale (en_US.UTF-8)
2024-03-07 15:05:37.420 [info] > git config --get commit.template [1ms]
2024-03-07 15:05:37.445 [info] > git for-each-ref --format=%(refname)%00%(upstream:short)%00%(objectname)%00%(upstream:track)%00%(upstream:remotename)%00%(upstream:remoteref) refs/heads/feat/form-2 refs/remotes/feat/form-2 [1ms]
2024-03-07 15:05:37.471 [info] > git status -z -uall [4ms]
2024-03-07 15:08:38.105 [info] > git fetch [606ms]
2024-03-07 15:08:38.105 [info] /bin/sh: warning: setlocale: LC_ALL: cannot change locale (en_US.UTF-8)
2024-03-07 15:08:38.136 [info] > git config --get commit.template [1ms]
2024-03-07 15:08:38.160 [info] > git for-each-ref --format=%(refname)%00%(upstream:short)%00%(objectname)%00%(upstream:track)%00%(upstream:remotename)%00%(upstream:remoteref) refs/heads/feat/form-2 refs/remotes/feat/form-2 [2ms]
2024-03-07 15:08:38.200 [info] > git status -z -uall [7ms]
2024-03-07 15:11:38.798 [info] > git fetch [568ms]
2024-03-07 15:11:38.798 [info] /bin/sh: warning: setlocale: LC_ALL: cannot change locale (en_US.UTF-8)
2024-03-07 15:11:38.824 [info] > git config --get commit.template [1ms]
2024-03-07 15:11:38.852 [info] > git for-each-ref --format=%(refname)%00%(upstream:short)%00%(objectname)%00%(upstream:track)%00%(upstream:remotename)%00%(upstream:remoteref) refs/heads/feat/form-2 refs/remotes/feat/form-2 [2ms]
2024-03-07 15:11:38.878 [info] > git status -z -uall [5ms]
2024-03-07 15:14:39.437 [info] > git fetch [521ms]
2024-03-07 15:14:39.437 [info] /bin/sh: warning: setlocale: LC_ALL: cannot change locale (en_US.UTF-8)
2024-03-07 15:14:39.463 [info] > git config --get commit.template [1ms]
2024-03-07 15:14:39.491 [info] > git for-each-ref --format=%(refname)%00%(upstream:short)%00%(objectname)%00%(upstream:track)%00%(upstream:remotename)%00%(upstream:remoteref) refs/heads/feat/form-2 refs/remotes/feat/form-2 [2ms]
2024-03-07 15:14:39.515 [info] > git status -z -uall [4ms]
2024-03-07 15:17:40.066 [info] > git fetch [522ms]
2024-03-07 15:17:40.066 [info] /bin/sh: warning: setlocale: LC_ALL: cannot change locale (en_US.UTF-8)
2024-03-07 15:17:40.092 [info] > git config --get commit.template [1ms]
2024-03-07 15:17:40.114 [info] > git for-each-ref --format=%(refname)%00%(upstream:short)%00%(objectname)%00%(upstream:track)%00%(upstream:remotename)%00%(upstream:remoteref) refs/heads/feat/form-2 refs/remotes/feat/form-2 [1ms]
2024-03-07 15:17:40.140 [info] > git status -z -uall [5ms]
2024-03-07 15:20:40.710 [info] > git fetch [536ms]
2024-03-07 15:20:40.711 [info] /bin/sh: warning: setlocale: LC_ALL: cannot change locale (en_US.UTF-8)
2024-03-07 15:20:40.747 [info] > git config --get commit.template [1ms]
2024-03-07 15:20:40.773 [info] > git for-each-ref --format=%(refname)%00%(upstream:short)%00%(objectname)%00%(upstream:track)%00%(upstream:remotename)%00%(upstream:remoteref) refs/heads/feat/form-2 refs/remotes/feat/form-2 [2ms]
2024-03-07 15:20:40.805 [info] > git status -z -uall [3ms]
2024-03-07 15:23:41.348 [info] > git fetch [505ms]
2024-03-07 15:23:41.348 [info] /bin/sh: warning: setlocale: LC_ALL: cannot change locale (en_US.UTF-8)
2024-03-07 15:23:41.404 [info] > git config --get commit.template [27ms]
2024-03-07 15:23:41.404 [info] > git for-each-ref --format=%(refname)%00%(upstream:short)%00%(objectname)%00%(upstream:track)%00%(upstream:remotename)%00%(upstream:remoteref) refs/heads/feat/form-2 refs/remotes/feat/form-2 [2ms]
2024-03-07 15:23:41.434 [info] > git status -z -uall [3ms]
2024-03-07 15:26:42.008 [info] > git fetch [541ms]
2024-03-07 15:26:42.008 [info] /bin/sh: warning: setlocale: LC_ALL: cannot change locale (en_US.UTF-8)
2024-03-07 15:26:42.037 [info] > git config --get commit.template [1ms]
2024-03-07 15:26:42.062 [info] > git for-each-ref --format=%(refname)%00%(upstream:short)%00%(objectname)%00%(upstream:track)%00%(upstream:remotename)%00%(upstream:remoteref) refs/heads/feat/form-2 refs/remotes/feat/form-2 [1ms]
2024-03-07 15:26:42.092 [info] > git status -z -uall [6ms]
2024-03-07 15:29:42.618 [info] > git fetch [497ms]
2024-03-07 15:29:42.618 [info] /bin/sh: warning: setlocale: LC_ALL: cannot change locale (en_US.UTF-8)
2024-03-07 15:29:42.669 [info] > git config --get commit.template [25ms]
2024-03-07 15:29:42.669 [info] > git for-each-ref --format=%(refname)%00%(upstream:short)%00%(objectname)%00%(upstream:track)%00%(upstream:remotename)%00%(upstream:remoteref) refs/heads/feat/form-2 refs/remotes/feat/form-2 [2ms]
2024-03-07 15:29:42.694 [info] > git status -z -uall [3ms]
2024-03-07 15:32:43.316 [info] > git fetch [588ms]
2024-03-07 15:32:43.316 [info] /bin/sh: warning: setlocale: LC_ALL: cannot change locale (en_US.UTF-8)
2024-03-07 15:32:43.352 [info] > git config --get commit.template [1ms]
2024-03-07 15:32:43.376 [info] > git for-each-ref --format=%(refname)%00%(upstream:short)%00%(objectname)%00%(upstream:track)%00%(upstream:remotename)%00%(upstream:remoteref) refs/heads/feat/form-2 refs/remotes/feat/form-2 [2ms]
2024-03-07 15:32:43.431 [info] > git status -z -uall [15ms]
2024-03-07 15:35:44.057 [info] > git fetch [575ms]
2024-03-07 15:35:44.058 [info] /bin/sh: warning: setlocale: LC_ALL: cannot change locale (en_US.UTF-8)
2024-03-07 15:35:44.086 [info] > git config --get commit.template [2ms]
2024-03-07 15:35:44.108 [info] > git for-each-ref --format=%(refname)%00%(upstream:short)%00%(objectname)%00%(upstream:track)%00%(upstream:remotename)%00%(upstream:remoteref) refs/heads/feat/form-2 refs/remotes/feat/form-2 [2ms]
2024-03-07 15:35:44.135 [info] > git status -z -uall [4ms]
2024-03-07 15:38:44.775 [info] > git fetch [607ms]
2024-03-07 15:38:44.775 [info] /bin/sh: warning: setlocale: LC_ALL: cannot change locale (en_US.UTF-8)
2024-03-07 15:38:44.798 [info] > git config --get commit.template [1ms]
2024-03-07 15:38:44.821 [info] > git for-each-ref --format=%(refname)%00%(upstream:short)%00%(objectname)%00%(upstream:track)%00%(upstream:remotename)%00%(upstream:remoteref) refs/heads/feat/form-2 refs/remotes/feat/form-2 [1ms]
2024-03-07 15:38:44.846 [info] > git status -z -uall [3ms]
