2024-03-07 10:07:49.759 [info] Log level: Info
2024-03-07 10:07:49.759 [info] Validating found git in: "git"
2024-03-07 10:07:49.759 [info] Using git "2.37.3" from "git"
2024-03-07 10:07:49.759 [info] > git rev-parse --show-toplevel [7ms]
2024-03-07 10:07:49.759 [info] > git rev-parse --git-dir --git-common-dir [1ms]
2024-03-07 10:07:49.759 [info] Open repository: /home/coder/storewise-webapps
2024-03-07 10:07:49.759 [info] > git config --get commit.template [25ms]
2024-03-07 10:07:49.759 [info] > git rev-parse --show-toplevel [57ms]
2024-03-07 10:07:49.759 [info] > git rev-parse --show-toplevel [1ms]
2024-03-07 10:07:49.759 [info] > git for-each-ref --format=%(refname)%00%(upstream:short)%00%(objectname)%00%(upstream:track)%00%(upstream:remotename)%00%(upstream:remoteref) refs/heads/feat/form-2 refs/remotes/feat/form-2 [28ms]
2024-03-07 10:07:49.759 [info] > git status -z -uall [23ms]
2024-03-07 10:07:49.759 [info] > git rev-parse --show-toplevel [65ms]
2024-03-07 10:07:49.759 [info] > git config --get commit.template [35ms]
2024-03-07 10:07:49.759 [info] > git rev-parse --show-toplevel [7ms]
2024-03-07 10:07:49.759 [info] > git for-each-ref --format=%(refname)%00%(upstream:short)%00%(objectname)%00%(upstream:track)%00%(upstream:remotename)%00%(upstream:remoteref) refs/heads/feat/form-2 refs/remotes/feat/form-2 [139ms]
2024-03-07 10:07:49.759 [info] > git status -z -uall [401ms]
2024-03-07 10:07:49.759 [info] > git rev-parse --show-toplevel [453ms]
2024-03-07 10:07:49.759 [info] > git fetch [920ms]
2024-03-07 10:07:49.759 [info] /bin/sh: warning: setlocale: LC_ALL: cannot change locale (en_US.UTF-8)
2024-03-07 10:07:49.779 [info] > git rev-parse --show-toplevel [26ms]
2024-03-07 10:07:49.801 [info] > git config --get commit.template [22ms]
2024-03-07 10:07:49.802 [info] > git rev-parse --show-toplevel [2ms]
2024-03-07 10:07:49.847 [info] > git for-each-ref --format=%(refname)%00%(upstream:short)%00%(objectname)%00%(upstream:track)%00%(upstream:remotename)%00%(upstream:remoteref) refs/heads/feat/form-2 refs/remotes/feat/form-2 [23ms]
2024-03-07 10:07:49.871 [info] > git rev-parse --show-toplevel [25ms]
2024-03-07 10:07:49.902 [info] > git status -z -uall [33ms]
2024-03-07 10:07:49.919 [info] > git rev-parse --show-toplevel [18ms]
2024-03-07 10:07:49.946 [info] > git rev-parse --show-toplevel [2ms]
2024-03-07 10:07:49.971 [info] > git rev-parse --show-toplevel [2ms]
2024-03-07 10:07:50.607 [info] > git check-ignore -v -z --stdin [43ms]
2024-03-07 10:07:50.667 [info] > git show --textconv :storewise-info/src/components/FormContainer.tsx [26ms]
2024-03-07 10:07:50.668 [info] > git ls-files --stage -- /home/coder/storewise-webapps/storewise-info/src/components/FormContainer.tsx [2ms]
2024-03-07 10:07:50.696 [info] > git cat-file -s 6de5436264bcae357dbc5d02ae8b9e1d477c9ace [3ms]
2024-03-07 10:07:51.122 [info] > git config --get commit.template [2ms]
2024-03-07 10:07:51.144 [info] > git for-each-ref --format=%(refname)%00%(upstream:short)%00%(objectname)%00%(upstream:track)%00%(upstream:remotename)%00%(upstream:remoteref) refs/heads/feat/form-2 refs/remotes/feat/form-2 [0ms]
2024-03-07 10:07:51.168 [info] > git status -z -uall [4ms]
2024-03-07 10:07:51.222 [info] > git check-ignore -v -z --stdin [2ms]
2024-03-07 10:07:51.340 [info] > git ls-files --stage -- /home/coder/storewise-webapps/storewise-info/src/components/FormContainer.tsx [1ms]
2024-03-07 10:07:51.362 [info] > git cat-file -s 6de5436264bcae357dbc5d02ae8b9e1d477c9ace [1ms]
2024-03-07 10:07:51.492 [info] > git show --textconv :storewise-info/src/components/FormContainer.tsx [1ms]
2024-03-07 10:10:25.305 [info] > git config --get commit.template [1ms]
2024-03-07 10:10:25.324 [info] > git for-each-ref --format=%(refname)%00%(upstream:short)%00%(objectname)%00%(upstream:track)%00%(upstream:remotename)%00%(upstream:remoteref) refs/heads/feat/form-2 refs/remotes/feat/form-2 [3ms]
2024-03-07 10:10:25.347 [info] > git status -z -uall [3ms]
2024-03-07 10:10:25.444 [info] > git ls-files --stage -- /home/coder/storewise-webapps/storewise-info/src/components/FormContainer.tsx [2ms]
2024-03-07 10:10:25.511 [info] > git cat-file -s 6de5436264bcae357dbc5d02ae8b9e1d477c9ace [47ms]
2024-03-07 10:10:25.616 [info] > git show --textconv :storewise-info/src/components/FormContainer.tsx [1ms]
2024-03-07 10:10:50.464 [info] > git fetch [523ms]
2024-03-07 10:10:50.464 [info] /bin/sh: warning: setlocale: LC_ALL: cannot change locale (en_US.UTF-8)
2024-03-07 10:10:50.484 [info] > git config --get commit.template [1ms]
2024-03-07 10:10:50.505 [info] > git for-each-ref --format=%(refname)%00%(upstream:short)%00%(objectname)%00%(upstream:track)%00%(upstream:remotename)%00%(upstream:remoteref) refs/heads/feat/form-2 refs/remotes/feat/form-2 [2ms]
2024-03-07 10:10:50.528 [info] > git status -z -uall [4ms]
2024-03-07 10:10:51.655 [info] > git config --get commit.template [2ms]
2024-03-07 10:10:51.675 [info] > git for-each-ref --format=%(refname)%00%(upstream:short)%00%(objectname)%00%(upstream:track)%00%(upstream:remotename)%00%(upstream:remoteref) refs/heads/feat/form-2 refs/remotes/feat/form-2 [3ms]
2024-03-07 10:10:51.697 [info] > git status -z -uall [3ms]
2024-03-07 10:10:51.849 [info] > git ls-files --stage -- /home/coder/storewise-webapps/storewise-info/src/components/FormContainer.tsx [1ms]
2024-03-07 10:10:51.868 [info] > git cat-file -s 6de5436264bcae357dbc5d02ae8b9e1d477c9ace [1ms]
2024-03-07 10:10:51.992 [info] > git show --textconv :storewise-info/src/components/FormContainer.tsx [0ms]
2024-03-07 10:10:52.651 [info] > git check-ignore -v -z --stdin [2ms]
2024-03-07 10:11:22.978 [info] > git show --textconv :storewise-info/src/components/NewForm.tsx [33ms]
2024-03-07 10:11:22.978 [info] > git ls-files --stage -- /home/coder/storewise-webapps/storewise-info/src/components/NewForm.tsx [12ms]
2024-03-07 10:12:05.744 [info] > git config --get commit.template [1ms]
2024-03-07 10:12:05.762 [info] > git for-each-ref --format=%(refname)%00%(upstream:short)%00%(objectname)%00%(upstream:track)%00%(upstream:remotename)%00%(upstream:remoteref) refs/heads/feat/form-2 refs/remotes/feat/form-2 [3ms]
2024-03-07 10:12:05.788 [info] > git status -z -uall [4ms]
2024-03-07 10:12:51.349 [info] > git config --get commit.template [1ms]
2024-03-07 10:12:51.384 [info] > git for-each-ref --format=%(refname)%00%(upstream:short)%00%(objectname)%00%(upstream:track)%00%(upstream:remotename)%00%(upstream:remoteref) refs/heads/feat/form-2 refs/remotes/feat/form-2 [3ms]
2024-03-07 10:12:51.421 [info] > git status -z -uall [9ms]
2024-03-07 10:13:51.090 [info] > git fetch [532ms]
2024-03-07 10:13:51.090 [info] /bin/sh: warning: setlocale: LC_ALL: cannot change locale (en_US.UTF-8)
2024-03-07 10:13:51.122 [info] > git for-each-ref --format=%(refname)%00%(upstream:short)%00%(objectname)%00%(upstream:track)%00%(upstream:remotename)%00%(upstream:remoteref) refs/heads/feat/form-2 refs/remotes/feat/form-2 [1ms]
2024-03-07 10:13:51.123 [info] > git config --get commit.template [19ms]
2024-03-07 10:13:51.145 [info] > git status -z -uall [7ms]
2024-03-07 10:13:52.259 [info] > git config --get commit.template [2ms]
2024-03-07 10:13:52.279 [info] > git for-each-ref --format=%(refname)%00%(upstream:short)%00%(objectname)%00%(upstream:track)%00%(upstream:remotename)%00%(upstream:remoteref) refs/heads/feat/form-2 refs/remotes/feat/form-2 [1ms]
2024-03-07 10:13:52.300 [info] > git status -z -uall [3ms]
2024-03-07 10:13:52.454 [info] > git ls-files --stage -- /home/coder/storewise-webapps/storewise-info/src/components/NewForm.tsx [1ms]
2024-03-07 10:13:52.557 [info] > git show --textconv :storewise-info/src/components/NewForm.tsx [1ms]
2024-03-07 10:15:30.933 [info] > git config --get commit.template [1ms]
2024-03-07 10:15:30.957 [info] > git for-each-ref --format=%(refname)%00%(upstream:short)%00%(objectname)%00%(upstream:track)%00%(upstream:remotename)%00%(upstream:remoteref) refs/heads/feat/form-2 refs/remotes/feat/form-2 [2ms]
2024-03-07 10:15:30.977 [info] > git status -z -uall [3ms]
2024-03-07 10:15:31.135 [info] > git ls-files --stage -- /home/coder/storewise-webapps/storewise-info/src/components/NewForm.tsx [4ms]
2024-03-07 10:15:31.240 [info] > git show --textconv :storewise-info/src/components/NewForm.tsx [1ms]
2024-03-07 10:16:51.612 [info] > git fetch [441ms]
2024-03-07 10:16:51.612 [info] /bin/sh: warning: setlocale: LC_ALL: cannot change locale (en_US.UTF-8)
2024-03-07 10:16:51.633 [info] > git config --get commit.template [2ms]
2024-03-07 10:16:51.655 [info] > git for-each-ref --format=%(refname)%00%(upstream:short)%00%(objectname)%00%(upstream:track)%00%(upstream:remotename)%00%(upstream:remoteref) refs/heads/feat/form-2 refs/remotes/feat/form-2 [1ms]
2024-03-07 10:16:51.674 [info] > git status -z -uall [3ms]
2024-03-07 10:16:52.851 [info] > git config --get commit.template [18ms]
2024-03-07 10:16:52.851 [info] > git for-each-ref --format=%(refname)%00%(upstream:short)%00%(objectname)%00%(upstream:track)%00%(upstream:remotename)%00%(upstream:remoteref) refs/heads/feat/form-2 refs/remotes/feat/form-2 [2ms]
2024-03-07 10:16:52.880 [info] > git status -z -uall [8ms]
2024-03-07 10:16:53.046 [info] > git ls-files --stage -- /home/coder/storewise-webapps/storewise-info/src/components/NewForm.tsx [3ms]
2024-03-07 10:16:53.157 [info] > git show --textconv :storewise-info/src/components/NewForm.tsx [2ms]
2024-03-07 10:19:00.074 [info] > git config --get commit.template [1ms]
2024-03-07 10:19:00.096 [info] > git for-each-ref --format=%(refname)%00%(upstream:short)%00%(objectname)%00%(upstream:track)%00%(upstream:remotename)%00%(upstream:remoteref) refs/heads/feat/form-2 refs/remotes/feat/form-2 [3ms]
2024-03-07 10:19:00.123 [info] > git status -z -uall [4ms]
2024-03-07 10:19:00.184 [info] > git ls-files --stage -- /home/coder/storewise-webapps/storewise-info/src/components/NewForm.tsx [1ms]
2024-03-07 10:19:00.289 [info] > git show --textconv :storewise-info/src/components/NewForm.tsx [1ms]
2024-03-07 10:19:52.159 [info] > git fetch [460ms]
2024-03-07 10:19:52.159 [info] /bin/sh: warning: setlocale: LC_ALL: cannot change locale (en_US.UTF-8)
2024-03-07 10:19:52.183 [info] > git config --get commit.template [1ms]
2024-03-07 10:19:52.205 [info] > git for-each-ref --format=%(refname)%00%(upstream:short)%00%(objectname)%00%(upstream:track)%00%(upstream:remotename)%00%(upstream:remoteref) refs/heads/feat/form-2 refs/remotes/feat/form-2 [2ms]
2024-03-07 10:19:52.231 [info] > git status -z -uall [5ms]
2024-03-07 10:19:53.412 [info] > git config --get commit.template [23ms]
2024-03-07 10:19:53.412 [info] > git for-each-ref --format=%(refname)%00%(upstream:short)%00%(objectname)%00%(upstream:track)%00%(upstream:remotename)%00%(upstream:remoteref) refs/heads/feat/form-2 refs/remotes/feat/form-2 [2ms]
2024-03-07 10:19:53.438 [info] > git status -z -uall [7ms]
2024-03-07 10:19:53.593 [info] > git ls-files --stage -- /home/coder/storewise-webapps/storewise-info/src/components/NewForm.tsx [1ms]
2024-03-07 10:19:53.696 [info] > git show --textconv :storewise-info/src/components/NewForm.tsx [1ms]
2024-03-07 10:20:16.129 [info] > git show --textconv :storewise-info/src/context/StepCountContext.tsx [30ms]
2024-03-07 10:20:16.129 [info] > git ls-files --stage -- /home/coder/storewise-webapps/storewise-info/src/context/StepCountContext.tsx [10ms]
2024-03-07 10:20:16.162 [info] > git cat-file -s 9b86197dd99e83f507ec7469125f0284e7823c17 [8ms]
2024-03-07 10:20:16.193 [info] > git check-ignore -v -z --stdin [1ms]
2024-03-07 10:20:30.264 [info] > git show --textconv :storewise-info/src/components/NewForm.tsx [21ms]
2024-03-07 10:20:30.264 [info] > git ls-files --stage -- /home/coder/storewise-webapps/storewise-info/src/components/NewForm.tsx [3ms]
2024-03-07 10:20:39.626 [info] > git show --textconv :storewise-info/src/components/FormContainer.tsx [24ms]
2024-03-07 10:20:39.626 [info] > git ls-files --stage -- /home/coder/storewise-webapps/storewise-info/src/components/FormContainer.tsx [4ms]
2024-03-07 10:20:39.647 [info] > git cat-file -s 6de5436264bcae357dbc5d02ae8b9e1d477c9ace [4ms]
2024-03-07 10:20:49.816 [info] > git show --textconv :storewise-info/src/context/StepCountContext.tsx [23ms]
2024-03-07 10:20:49.817 [info] > git ls-files --stage -- /home/coder/storewise-webapps/storewise-info/src/context/StepCountContext.tsx [2ms]
2024-03-07 10:20:49.841 [info] > git cat-file -s 9b86197dd99e83f507ec7469125f0284e7823c17 [5ms]
2024-03-07 10:20:53.480 [info] > git show --textconv :storewise-info/src/components/NewForm.tsx [22ms]
2024-03-07 10:20:53.480 [info] > git ls-files --stage -- /home/coder/storewise-webapps/storewise-info/src/components/NewForm.tsx [4ms]
2024-03-07 10:20:54.395 [info] > git show --textconv :storewise-info/src/components/RadioButtons.tsx [20ms]
2024-03-07 10:20:54.395 [info] > git ls-files --stage -- /home/coder/storewise-webapps/storewise-info/src/components/RadioButtons.tsx [4ms]
2024-03-07 10:20:54.423 [info] > git cat-file -s fe265b3760e95933443fb1af10895e1c01107615 [4ms]
2024-03-07 10:20:56.408 [info] > git show --textconv :storewise-info/src/components/NewForm.tsx [20ms]
2024-03-07 10:20:56.409 [info] > git ls-files --stage -- /home/coder/storewise-webapps/storewise-info/src/components/NewForm.tsx [4ms]
2024-03-07 10:21:00.083 [info] > git show --textconv :storewise-info/src/components/FormContainer.tsx [24ms]
2024-03-07 10:21:00.091 [info] > git ls-files --stage -- /home/coder/storewise-webapps/storewise-info/src/components/FormContainer.tsx [9ms]
2024-03-07 10:21:00.114 [info] > git cat-file -s 6de5436264bcae357dbc5d02ae8b9e1d477c9ace [2ms]
2024-03-07 10:21:01.249 [info] > git show --textconv :storewise-info/src/components/NewForm.tsx [33ms]
2024-03-07 10:21:01.249 [info] > git ls-files --stage -- /home/coder/storewise-webapps/storewise-info/src/components/NewForm.tsx [7ms]
2024-03-07 10:22:41.962 [info] > git config --get commit.template [3ms]
2024-03-07 10:22:41.982 [info] > git for-each-ref --format=%(refname)%00%(upstream:short)%00%(objectname)%00%(upstream:track)%00%(upstream:remotename)%00%(upstream:remoteref) refs/heads/feat/form-2 refs/remotes/feat/form-2 [2ms]
2024-03-07 10:22:42.021 [info] > git status -z -uall [22ms]
2024-03-07 10:22:42.086 [info] > git ls-files --stage -- /home/coder/storewise-webapps/storewise-info/src/components/NewForm.tsx [1ms]
2024-03-07 10:22:42.192 [info] > git show --textconv :storewise-info/src/components/NewForm.tsx [1ms]
2024-03-07 10:23:08.611 [info] > git config --get commit.template [1ms]
2024-03-07 10:23:08.635 [info] > git for-each-ref --format=%(refname)%00%(upstream:short)%00%(objectname)%00%(upstream:track)%00%(upstream:remotename)%00%(upstream:remoteref) refs/heads/feat/form-2 refs/remotes/feat/form-2 [2ms]
2024-03-07 10:23:08.660 [info] > git status -z -uall [5ms]
2024-03-07 10:23:09.190 [info] > git fetch [605ms]
2024-03-07 10:23:09.190 [info] /bin/sh: warning: setlocale: LC_ALL: cannot change locale (en_US.UTF-8)
2024-03-07 10:23:09.211 [info] > git config --get commit.template [1ms]
2024-03-07 10:23:09.228 [info] > git for-each-ref --format=%(refname)%00%(upstream:short)%00%(objectname)%00%(upstream:track)%00%(upstream:remotename)%00%(upstream:remoteref) refs/heads/feat/form-2 refs/remotes/feat/form-2 [2ms]
2024-03-07 10:23:09.250 [info] > git status -z -uall [4ms]
2024-03-07 10:23:11.915 [info] > git ls-files --stage -- /home/coder/storewise-webapps/storewise-info/src/components/NewForm.tsx [2ms]
2024-03-07 10:23:12.015 [info] > git show --textconv :storewise-info/src/components/NewForm.tsx [1ms]
2024-03-07 10:23:13.688 [info] > git config --get commit.template [2ms]
2024-03-07 10:23:13.705 [info] > git for-each-ref --format=%(refname)%00%(upstream:short)%00%(objectname)%00%(upstream:track)%00%(upstream:remotename)%00%(upstream:remoteref) refs/heads/feat/form-2 refs/remotes/feat/form-2 [2ms]
2024-03-07 10:23:13.724 [info] > git status -z -uall [3ms]
2024-03-07 10:24:06.974 [info] > git show --textconv :storewise-info/src/components/FormContainer.tsx [26ms]
2024-03-07 10:24:06.977 [info] > git ls-files --stage -- /home/coder/storewise-webapps/storewise-info/src/components/FormContainer.tsx [7ms]
2024-03-07 10:24:07.003 [info] > git cat-file -s 6de5436264bcae357dbc5d02ae8b9e1d477c9ace [3ms]
2024-03-07 10:24:07.381 [info] > git show --textconv :storewise-info/src/components/NewForm.tsx [20ms]
2024-03-07 10:24:07.382 [info] > git ls-files --stage -- /home/coder/storewise-webapps/storewise-info/src/components/NewForm.tsx [1ms]
2024-03-07 10:24:32.163 [info] > git check-ignore -v -z --stdin [3ms]
2024-03-07 10:24:35.145 [info] > git show --textconv :storewise-info/src/components/FormContainer.tsx [24ms]
2024-03-07 10:24:35.147 [info] > git ls-files --stage -- /home/coder/storewise-webapps/storewise-info/src/components/FormContainer.tsx [6ms]
2024-03-07 10:24:35.173 [info] > git cat-file -s 6de5436264bcae357dbc5d02ae8b9e1d477c9ace [3ms]
2024-03-07 10:24:36.808 [info] > git show --textconv :storewise-info/src/components/NewForm.tsx [16ms]
2024-03-07 10:24:36.810 [info] > git ls-files --stage -- /home/coder/storewise-webapps/storewise-info/src/components/NewForm.tsx [2ms]
2024-03-07 10:24:38.736 [info] > git show --textconv :storewise-info/src/components/RadioButtons.tsx [18ms]
2024-03-07 10:24:38.740 [info] > git ls-files --stage -- /home/coder/storewise-webapps/storewise-info/src/components/RadioButtons.tsx [6ms]
2024-03-07 10:24:38.758 [info] > git cat-file -s fe265b3760e95933443fb1af10895e1c01107615 [2ms]
2024-03-07 10:24:45.123 [info] > git show --textconv :storewise-info/src/components/NewForm.tsx [23ms]
2024-03-07 10:24:45.125 [info] > git ls-files --stage -- /home/coder/storewise-webapps/storewise-info/src/components/NewForm.tsx [6ms]
2024-03-07 10:24:54.351 [info] > git check-ignore -v -z --stdin [2ms]
2024-03-07 10:25:00.324 [info] > git show --textconv :storewise-info/src/components/NewForm.tsx [24ms]
2024-03-07 10:25:00.326 [info] > git ls-files --stage -- /home/coder/storewise-webapps/storewise-info/src/components/NewForm.tsx [5ms]
2024-03-07 10:25:04.914 [info] > git show --textconv :storewise-info/src/components/RadioButtons.tsx [24ms]
2024-03-07 10:25:04.915 [info] > git ls-files --stage -- /home/coder/storewise-webapps/storewise-info/src/components/RadioButtons.tsx [3ms]
2024-03-07 10:25:04.938 [info] > git cat-file -s fe265b3760e95933443fb1af10895e1c01107615 [3ms]
2024-03-07 10:25:18.952 [info] > git show --textconv :storewise-info/src/components/NewForm.tsx [18ms]
2024-03-07 10:25:18.954 [info] > git ls-files --stage -- /home/coder/storewise-webapps/storewise-info/src/components/NewForm.tsx [4ms]
2024-03-07 10:25:26.047 [info] > git show --textconv :storewise-info/src/components/FormContainer.tsx [21ms]
2024-03-07 10:25:26.047 [info] > git ls-files --stage -- /home/coder/storewise-webapps/storewise-info/src/components/FormContainer.tsx [3ms]
2024-03-07 10:25:26.071 [info] > git cat-file -s 6de5436264bcae357dbc5d02ae8b9e1d477c9ace [4ms]
2024-03-07 10:25:27.273 [info] > git show --textconv :storewise-info/src/components/RadioButtons.tsx [26ms]
2024-03-07 10:25:27.273 [info] > git ls-files --stage -- /home/coder/storewise-webapps/storewise-info/src/components/RadioButtons.tsx [4ms]
2024-03-07 10:25:27.313 [info] > git cat-file -s fe265b3760e95933443fb1af10895e1c01107615 [6ms]
2024-03-07 10:25:47.279 [info] > git show --textconv :storewise-info/src/components/RadioButtonsGroup.tsx [39ms]
2024-03-07 10:25:47.279 [info] > git ls-files --stage -- /home/coder/storewise-webapps/storewise-info/src/components/RadioButtonsGroup.tsx [2ms]
2024-03-07 10:25:47.344 [info] > git check-ignore -v -z --stdin [1ms]
2024-03-07 10:25:47.838 [info] > git for-each-ref --format=%(refname)%00%(upstream:short)%00%(objectname)%00%(upstream:track)%00%(upstream:remotename)%00%(upstream:remoteref) refs/heads/feat/form-2 refs/remotes/feat/form-2 [3ms]
2024-03-07 10:25:47.838 [info] > git config --get commit.template [28ms]
2024-03-07 10:25:47.865 [info] > git status -z -uall [9ms]
2024-03-07 10:25:52.897 [info] > git config --get commit.template [1ms]
2024-03-07 10:25:52.919 [info] > git for-each-ref --format=%(refname)%00%(upstream:short)%00%(objectname)%00%(upstream:track)%00%(upstream:remotename)%00%(upstream:remoteref) refs/heads/feat/form-2 refs/remotes/feat/form-2 [2ms]
2024-03-07 10:25:52.947 [info] > git status -z -uall [3ms]
2024-03-07 10:26:09.776 [info] > git fetch [499ms]
2024-03-07 10:26:09.776 [info] /bin/sh: warning: setlocale: LC_ALL: cannot change locale (en_US.UTF-8)
2024-03-07 10:26:09.795 [info] > git config --get commit.template [1ms]
2024-03-07 10:26:09.812 [info] > git for-each-ref --format=%(refname)%00%(upstream:short)%00%(objectname)%00%(upstream:track)%00%(upstream:remotename)%00%(upstream:remoteref) refs/heads/feat/form-2 refs/remotes/feat/form-2 [1ms]
2024-03-07 10:26:09.835 [info] > git status -z -uall [4ms]
2024-03-07 10:26:10.947 [info] > git config --get commit.template [1ms]
2024-03-07 10:26:10.966 [info] > git for-each-ref --format=%(refname)%00%(upstream:short)%00%(objectname)%00%(upstream:track)%00%(upstream:remotename)%00%(upstream:remoteref) refs/heads/feat/form-2 refs/remotes/feat/form-2 [1ms]
2024-03-07 10:26:10.990 [info] > git status -z -uall [2ms]
2024-03-07 10:26:11.147 [info] > git ls-files --stage -- /home/coder/storewise-webapps/storewise-info/src/components/RadioButtonsGroup.tsx [0ms]
2024-03-07 10:26:11.249 [info] > git show --textconv :storewise-info/src/components/RadioButtonsGroup.tsx [1ms]
2024-03-07 10:26:46.171 [info] > git config --get commit.template [1ms]
2024-03-07 10:26:46.188 [info] > git for-each-ref --format=%(refname)%00%(upstream:short)%00%(objectname)%00%(upstream:track)%00%(upstream:remotename)%00%(upstream:remoteref) refs/heads/feat/form-2 refs/remotes/feat/form-2 [1ms]
2024-03-07 10:26:46.212 [info] > git status -z -uall [4ms]
2024-03-07 10:26:53.968 [info] > git config --get commit.template [1ms]
2024-03-07 10:26:53.990 [info] > git for-each-ref --format=%(refname)%00%(upstream:short)%00%(objectname)%00%(upstream:track)%00%(upstream:remotename)%00%(upstream:remoteref) refs/heads/feat/form-2 refs/remotes/feat/form-2 [1ms]
2024-03-07 10:26:54.014 [info] > git status -z -uall [3ms]
2024-03-07 10:26:59.044 [info] > git config --get commit.template [1ms]
2024-03-07 10:26:59.067 [info] > git for-each-ref --format=%(refname)%00%(upstream:short)%00%(objectname)%00%(upstream:track)%00%(upstream:remotename)%00%(upstream:remoteref) refs/heads/feat/form-2 refs/remotes/feat/form-2 [1ms]
2024-03-07 10:26:59.090 [info] > git status -z -uall [3ms]
2024-03-07 10:27:04.120 [info] > git config --get commit.template [2ms]
2024-03-07 10:27:04.146 [info] > git for-each-ref --format=%(refname)%00%(upstream:short)%00%(objectname)%00%(upstream:track)%00%(upstream:remotename)%00%(upstream:remoteref) refs/heads/feat/form-2 refs/remotes/feat/form-2 [4ms]
2024-03-07 10:27:04.166 [info] > git status -z -uall [3ms]
2024-03-07 10:27:29.821 [info] > git config --get commit.template [3ms]
2024-03-07 10:27:29.844 [info] > git for-each-ref --format=%(refname)%00%(upstream:short)%00%(objectname)%00%(upstream:track)%00%(upstream:remotename)%00%(upstream:remoteref) refs/heads/feat/form-2 refs/remotes/feat/form-2 [4ms]
2024-03-07 10:27:29.869 [info] > git status -z -uall [7ms]
2024-03-07 10:27:51.082 [info] > git config --get commit.template [6ms]
2024-03-07 10:27:51.126 [info] > git for-each-ref --format=%(refname)%00%(upstream:short)%00%(objectname)%00%(upstream:track)%00%(upstream:remotename)%00%(upstream:remoteref) refs/heads/feat/form-2 refs/remotes/feat/form-2 [4ms]
2024-03-07 10:27:51.153 [info] > git status -z -uall [2ms]
2024-03-07 10:27:56.189 [info] > git config --get commit.template [2ms]
2024-03-07 10:27:56.210 [info] > git for-each-ref --format=%(refname)%00%(upstream:short)%00%(objectname)%00%(upstream:track)%00%(upstream:remotename)%00%(upstream:remoteref) refs/heads/feat/form-2 refs/remotes/feat/form-2 [3ms]
2024-03-07 10:27:56.241 [info] > git status -z -uall [11ms]
2024-03-07 10:28:01.307 [info] > git config --get commit.template [1ms]
2024-03-07 10:28:01.340 [info] > git for-each-ref --format=%(refname)%00%(upstream:short)%00%(objectname)%00%(upstream:track)%00%(upstream:remotename)%00%(upstream:remoteref) refs/heads/feat/form-2 refs/remotes/feat/form-2 [4ms]
2024-03-07 10:28:01.369 [info] > git status -z -uall [8ms]
2024-03-07 10:28:06.990 [info] > git config --get commit.template [2ms]
2024-03-07 10:28:07.016 [info] > git for-each-ref --format=%(refname)%00%(upstream:short)%00%(objectname)%00%(upstream:track)%00%(upstream:remotename)%00%(upstream:remoteref) refs/heads/feat/form-2 refs/remotes/feat/form-2 [2ms]
2024-03-07 10:28:07.045 [info] > git status -z -uall [4ms]
2024-03-07 10:28:23.671 [info] > git config --get commit.template [27ms]
2024-03-07 10:28:23.672 [info] > git for-each-ref --format=%(refname)%00%(upstream:short)%00%(objectname)%00%(upstream:track)%00%(upstream:remotename)%00%(upstream:remoteref) refs/heads/feat/form-2 refs/remotes/feat/form-2 [3ms]
2024-03-07 10:28:23.696 [info] > git status -z -uall [3ms]
2024-03-07 10:28:42.491 [info] > git config --get commit.template [1ms]
2024-03-07 10:28:42.524 [info] > git for-each-ref --format=%(refname)%00%(upstream:short)%00%(objectname)%00%(upstream:track)%00%(upstream:remotename)%00%(upstream:remoteref) refs/heads/feat/form-2 refs/remotes/feat/form-2 [2ms]
2024-03-07 10:28:42.571 [info] > git status -z -uall [4ms]
2024-03-07 10:28:49.983 [info] > git config --get commit.template [45ms]
2024-03-07 10:28:49.984 [info] > git for-each-ref --format=%(refname)%00%(upstream:short)%00%(objectname)%00%(upstream:track)%00%(upstream:remotename)%00%(upstream:remoteref) refs/heads/feat/form-2 refs/remotes/feat/form-2 [2ms]
2024-03-07 10:28:50.020 [info] > git status -z -uall [4ms]
2024-03-07 10:28:59.772 [info] > git config --get commit.template [1ms]
2024-03-07 10:28:59.796 [info] > git for-each-ref --format=%(refname)%00%(upstream:short)%00%(objectname)%00%(upstream:track)%00%(upstream:remotename)%00%(upstream:remoteref) refs/heads/feat/form-2 refs/remotes/feat/form-2 [5ms]
2024-03-07 10:28:59.819 [info] > git status -z -uall [4ms]
2024-03-07 10:29:04.853 [info] > git config --get commit.template [1ms]
2024-03-07 10:29:04.875 [info] > git for-each-ref --format=%(refname)%00%(upstream:short)%00%(objectname)%00%(upstream:track)%00%(upstream:remotename)%00%(upstream:remoteref) refs/heads/feat/form-2 refs/remotes/feat/form-2 [2ms]
2024-03-07 10:29:04.900 [info] > git status -z -uall [1ms]
2024-03-07 10:29:10.433 [info] > git fetch [564ms]
2024-03-07 10:29:10.433 [info] /bin/sh: warning: setlocale: LC_ALL: cannot change locale (en_US.UTF-8)
2024-03-07 10:29:10.460 [info] > git config --get commit.template [1ms]
2024-03-07 10:29:10.485 [info] > git for-each-ref --format=%(refname)%00%(upstream:short)%00%(objectname)%00%(upstream:track)%00%(upstream:remotename)%00%(upstream:remoteref) refs/heads/feat/form-2 refs/remotes/feat/form-2 [1ms]
2024-03-07 10:29:10.513 [info] > git status -z -uall [6ms]
2024-03-07 10:29:11.592 [info] > git config --get commit.template [2ms]
2024-03-07 10:29:11.616 [info] > git for-each-ref --format=%(refname)%00%(upstream:short)%00%(objectname)%00%(upstream:track)%00%(upstream:remotename)%00%(upstream:remoteref) refs/heads/feat/form-2 refs/remotes/feat/form-2 [1ms]
2024-03-07 10:29:11.642 [info] > git status -z -uall [4ms]
2024-03-07 10:29:11.796 [info] > git ls-files --stage -- /home/coder/storewise-webapps/storewise-info/src/components/RadioButtonsGroup.tsx [0ms]
2024-03-07 10:29:11.899 [info] > git show --textconv :storewise-info/src/components/RadioButtonsGroup.tsx [1ms]
2024-03-07 10:29:14.698 [info] > git ls-files --stage -- /home/coder/storewise-webapps/storewise-info/src/components/RadioButtonsGroup.tsx [1ms]
2024-03-07 10:29:14.798 [info] > git show --textconv :storewise-info/src/components/RadioButtonsGroup.tsx [1ms]
2024-03-07 10:29:16.668 [info] > git config --get commit.template [1ms]
2024-03-07 10:29:16.687 [info] > git for-each-ref --format=%(refname)%00%(upstream:short)%00%(objectname)%00%(upstream:track)%00%(upstream:remotename)%00%(upstream:remoteref) refs/heads/feat/form-2 refs/remotes/feat/form-2 [1ms]
2024-03-07 10:29:16.710 [info] > git status -z -uall [3ms]
2024-03-07 10:30:20.002 [info] > git config --get commit.template [1ms]
2024-03-07 10:30:20.026 [info] > git for-each-ref --format=%(refname)%00%(upstream:short)%00%(objectname)%00%(upstream:track)%00%(upstream:remotename)%00%(upstream:remoteref) refs/heads/feat/form-2 refs/remotes/feat/form-2 [2ms]
2024-03-07 10:30:20.058 [info] > git status -z -uall [7ms]
2024-03-07 10:30:25.116 [info] > git for-each-ref --format=%(refname)%00%(upstream:short)%00%(objectname)%00%(upstream:track)%00%(upstream:remotename)%00%(upstream:remoteref) refs/heads/feat/form-2 refs/remotes/feat/form-2 [1ms]
2024-03-07 10:30:25.116 [info] > git config --get commit.template [24ms]
2024-03-07 10:30:25.150 [info] > git status -z -uall [3ms]
2024-03-07 10:30:30.221 [info] > git config --get commit.template [17ms]
2024-03-07 10:30:30.247 [info] > git for-each-ref --format=%(refname)%00%(upstream:short)%00%(objectname)%00%(upstream:track)%00%(upstream:remotename)%00%(upstream:remoteref) refs/heads/feat/form-2 refs/remotes/feat/form-2 [2ms]
2024-03-07 10:30:30.280 [info] > git status -z -uall [5ms]
2024-03-07 10:30:35.344 [info] > git config --get commit.template [29ms]
2024-03-07 10:30:35.344 [info] > git for-each-ref --format=%(refname)%00%(upstream:short)%00%(objectname)%00%(upstream:track)%00%(upstream:remotename)%00%(upstream:remoteref) refs/heads/feat/form-2 refs/remotes/feat/form-2 [1ms]
2024-03-07 10:30:35.374 [info] > git status -z -uall [3ms]
2024-03-07 10:30:40.402 [info] > git config --get commit.template [1ms]
2024-03-07 10:30:40.425 [info] > git for-each-ref --format=%(refname)%00%(upstream:short)%00%(objectname)%00%(upstream:track)%00%(upstream:remotename)%00%(upstream:remoteref) refs/heads/feat/form-2 refs/remotes/feat/form-2 [2ms]
2024-03-07 10:30:40.454 [info] > git status -z -uall [7ms]
2024-03-07 10:30:45.495 [info] > git config --get commit.template [1ms]
2024-03-07 10:30:45.516 [info] > git for-each-ref --format=%(refname)%00%(upstream:short)%00%(objectname)%00%(upstream:track)%00%(upstream:remotename)%00%(upstream:remoteref) refs/heads/feat/form-2 refs/remotes/feat/form-2 [1ms]
2024-03-07 10:30:45.543 [info] > git status -z -uall [5ms]
2024-03-07 10:30:59.862 [info] > git config --get commit.template [24ms]
2024-03-07 10:30:59.863 [info] > git for-each-ref --format=%(refname)%00%(upstream:short)%00%(objectname)%00%(upstream:track)%00%(upstream:remotename)%00%(upstream:remoteref) refs/heads/feat/form-2 refs/remotes/feat/form-2 [3ms]
2024-03-07 10:30:59.892 [info] > git status -z -uall [7ms]
2024-03-07 10:31:04.923 [info] > git config --get commit.template [1ms]
2024-03-07 10:31:04.947 [info] > git for-each-ref --format=%(refname)%00%(upstream:short)%00%(objectname)%00%(upstream:track)%00%(upstream:remotename)%00%(upstream:remoteref) refs/heads/feat/form-2 refs/remotes/feat/form-2 [2ms]
2024-03-07 10:31:04.971 [info] > git status -z -uall [4ms]
2024-03-07 10:31:11.632 [info] > git config --get commit.template [1ms]
2024-03-07 10:31:11.660 [info] > git for-each-ref --format=%(refname)%00%(upstream:short)%00%(objectname)%00%(upstream:track)%00%(upstream:remotename)%00%(upstream:remoteref) refs/heads/feat/form-2 refs/remotes/feat/form-2 [5ms]
2024-03-07 10:31:11.689 [info] > git status -z -uall [2ms]
2024-03-07 10:31:19.463 [info] > git config --get commit.template [2ms]
2024-03-07 10:31:19.491 [info] > git for-each-ref --format=%(refname)%00%(upstream:short)%00%(objectname)%00%(upstream:track)%00%(upstream:remotename)%00%(upstream:remoteref) refs/heads/feat/form-2 refs/remotes/feat/form-2 [5ms]
2024-03-07 10:31:19.522 [info] > git status -z -uall [10ms]
2024-03-07 10:31:25.813 [info] > git config --get commit.template [1ms]
2024-03-07 10:31:25.837 [info] > git for-each-ref --format=%(refname)%00%(upstream:short)%00%(objectname)%00%(upstream:track)%00%(upstream:remotename)%00%(upstream:remoteref) refs/heads/feat/form-2 refs/remotes/feat/form-2 [3ms]
2024-03-07 10:31:25.861 [info] > git status -z -uall [5ms]
2024-03-07 10:31:41.812 [info] > git config --get commit.template [2ms]
2024-03-07 10:31:41.847 [info] > git for-each-ref --format=%(refname)%00%(upstream:short)%00%(objectname)%00%(upstream:track)%00%(upstream:remotename)%00%(upstream:remoteref) refs/heads/feat/form-2 refs/remotes/feat/form-2 [4ms]
2024-03-07 10:31:41.876 [info] > git status -z -uall [5ms]
2024-03-07 10:31:46.910 [info] > git config --get commit.template [2ms]
2024-03-07 10:31:46.933 [info] > git for-each-ref --format=%(refname)%00%(upstream:short)%00%(objectname)%00%(upstream:track)%00%(upstream:remotename)%00%(upstream:remoteref) refs/heads/feat/form-2 refs/remotes/feat/form-2 [2ms]
2024-03-07 10:31:46.962 [info] > git status -z -uall [4ms]
2024-03-07 10:31:51.991 [info] > git config --get commit.template [1ms]
2024-03-07 10:31:52.016 [info] > git for-each-ref --format=%(refname)%00%(upstream:short)%00%(objectname)%00%(upstream:track)%00%(upstream:remotename)%00%(upstream:remoteref) refs/heads/feat/form-2 refs/remotes/feat/form-2 [2ms]
2024-03-07 10:31:52.040 [info] > git status -z -uall [2ms]
2024-03-07 10:31:57.082 [info] > git config --get commit.template [2ms]
2024-03-07 10:31:57.117 [info] > git for-each-ref --format=%(refname)%00%(upstream:short)%00%(objectname)%00%(upstream:track)%00%(upstream:remotename)%00%(upstream:remoteref) refs/heads/feat/form-2 refs/remotes/feat/form-2 [4ms]
2024-03-07 10:31:57.165 [info] > git status -z -uall [22ms]
2024-03-07 10:32:02.234 [info] > git for-each-ref --format=%(refname)%00%(upstream:short)%00%(objectname)%00%(upstream:track)%00%(upstream:remotename)%00%(upstream:remoteref) refs/heads/feat/form-2 refs/remotes/feat/form-2 [2ms]
2024-03-07 10:32:02.235 [info] > git config --get commit.template [32ms]
2024-03-07 10:32:02.265 [info] > git status -z -uall [4ms]
2024-03-07 10:32:07.374 [info] > git config --get commit.template [23ms]
2024-03-07 10:32:07.374 [info] > git for-each-ref --format=%(refname)%00%(upstream:short)%00%(objectname)%00%(upstream:track)%00%(upstream:remotename)%00%(upstream:remoteref) refs/heads/feat/form-2 refs/remotes/feat/form-2 [2ms]
2024-03-07 10:32:07.405 [info] > git status -z -uall [6ms]
2024-03-07 10:32:11.144 [info] > git fetch [604ms]
2024-03-07 10:32:11.144 [info] /bin/sh: warning: setlocale: LC_ALL: cannot change locale (en_US.UTF-8)
2024-03-07 10:32:11.169 [info] > git config --get commit.template [0ms]
2024-03-07 10:32:11.189 [info] > git for-each-ref --format=%(refname)%00%(upstream:short)%00%(objectname)%00%(upstream:track)%00%(upstream:remotename)%00%(upstream:remoteref) refs/heads/feat/form-2 refs/remotes/feat/form-2 [2ms]
2024-03-07 10:32:11.213 [info] > git status -z -uall [2ms]
2024-03-07 10:32:12.434 [info] > git config --get commit.template [1ms]
2024-03-07 10:32:12.458 [info] > git for-each-ref --format=%(refname)%00%(upstream:short)%00%(objectname)%00%(upstream:track)%00%(upstream:remotename)%00%(upstream:remoteref) refs/heads/feat/form-2 refs/remotes/feat/form-2 [2ms]
2024-03-07 10:32:12.490 [info] > git status -z -uall [3ms]
2024-03-07 10:32:12.619 [info] > git ls-files --stage -- /home/coder/storewise-webapps/storewise-info/src/components/RadioButtonsGroup.tsx [28ms]
2024-03-07 10:32:12.723 [info] > git show --textconv :storewise-info/src/components/RadioButtonsGroup.tsx [1ms]
2024-03-07 10:32:27.966 [info] > git config --get commit.template [2ms]
2024-03-07 10:32:27.998 [info] > git for-each-ref --format=%(refname)%00%(upstream:short)%00%(objectname)%00%(upstream:track)%00%(upstream:remotename)%00%(upstream:remoteref) refs/heads/feat/form-2 refs/remotes/feat/form-2 [4ms]
2024-03-07 10:32:28.021 [info] > git status -z -uall [1ms]
2024-03-07 10:32:33.054 [info] > git config --get commit.template [2ms]
2024-03-07 10:32:33.079 [info] > git for-each-ref --format=%(refname)%00%(upstream:short)%00%(objectname)%00%(upstream:track)%00%(upstream:remotename)%00%(upstream:remoteref) refs/heads/feat/form-2 refs/remotes/feat/form-2 [2ms]
2024-03-07 10:32:33.161 [info] > git status -z -uall [54ms]
2024-03-07 10:32:38.190 [info] > git config --get commit.template [1ms]
2024-03-07 10:32:38.212 [info] > git for-each-ref --format=%(refname)%00%(upstream:short)%00%(objectname)%00%(upstream:track)%00%(upstream:remotename)%00%(upstream:remoteref) refs/heads/feat/form-2 refs/remotes/feat/form-2 [2ms]
2024-03-07 10:32:38.281 [info] > git status -z -uall [46ms]
2024-03-07 10:32:43.308 [info] > git config --get commit.template [1ms]
2024-03-07 10:32:43.331 [info] > git for-each-ref --format=%(refname)%00%(upstream:short)%00%(objectname)%00%(upstream:track)%00%(upstream:remotename)%00%(upstream:remoteref) refs/heads/feat/form-2 refs/remotes/feat/form-2 [2ms]
2024-03-07 10:32:43.353 [info] > git status -z -uall [3ms]
2024-03-07 10:32:48.393 [info] > git config --get commit.template [7ms]
2024-03-07 10:32:48.414 [info] > git for-each-ref --format=%(refname)%00%(upstream:short)%00%(objectname)%00%(upstream:track)%00%(upstream:remotename)%00%(upstream:remoteref) refs/heads/feat/form-2 refs/remotes/feat/form-2 [0ms]
2024-03-07 10:32:48.441 [info] > git status -z -uall [8ms]
2024-03-07 10:32:53.470 [info] > git config --get commit.template [1ms]
2024-03-07 10:32:53.494 [info] > git for-each-ref --format=%(refname)%00%(upstream:short)%00%(objectname)%00%(upstream:track)%00%(upstream:remotename)%00%(upstream:remoteref) refs/heads/feat/form-2 refs/remotes/feat/form-2 [2ms]
2024-03-07 10:32:53.521 [info] > git status -z -uall [4ms]
2024-03-07 10:32:58.556 [info] > git config --get commit.template [1ms]
2024-03-07 10:32:58.580 [info] > git for-each-ref --format=%(refname)%00%(upstream:short)%00%(objectname)%00%(upstream:track)%00%(upstream:remotename)%00%(upstream:remoteref) refs/heads/feat/form-2 refs/remotes/feat/form-2 [2ms]
2024-03-07 10:32:58.603 [info] > git status -z -uall [2ms]
2024-03-07 10:33:10.786 [info] > git config --get commit.template [0ms]
2024-03-07 10:33:10.804 [info] > git for-each-ref --format=%(refname)%00%(upstream:short)%00%(objectname)%00%(upstream:track)%00%(upstream:remotename)%00%(upstream:remoteref) refs/heads/feat/form-2 refs/remotes/feat/form-2 [1ms]
2024-03-07 10:33:10.830 [info] > git status -z -uall [5ms]
2024-03-07 10:33:15.867 [info] > git config --get commit.template [3ms]
2024-03-07 10:33:15.899 [info] > git for-each-ref --format=%(refname)%00%(upstream:short)%00%(objectname)%00%(upstream:track)%00%(upstream:remotename)%00%(upstream:remoteref) refs/heads/feat/form-2 refs/remotes/feat/form-2 [1ms]
2024-03-07 10:33:15.923 [info] > git status -z -uall [4ms]
2024-03-07 10:33:39.475 [info] > git config --get commit.template [2ms]
2024-03-07 10:33:39.496 [info] > git for-each-ref --format=%(refname)%00%(upstream:short)%00%(objectname)%00%(upstream:track)%00%(upstream:remotename)%00%(upstream:remoteref) refs/heads/feat/form-2 refs/remotes/feat/form-2 [2ms]
2024-03-07 10:33:39.520 [info] > git status -z -uall [6ms]
2024-03-07 10:33:44.553 [info] > git config --get commit.template [2ms]
2024-03-07 10:33:44.585 [info] > git for-each-ref --format=%(refname)%00%(upstream:short)%00%(objectname)%00%(upstream:track)%00%(upstream:remotename)%00%(upstream:remoteref) refs/heads/feat/form-2 refs/remotes/feat/form-2 [6ms]
2024-03-07 10:33:44.612 [info] > git status -z -uall [6ms]
2024-03-07 10:33:49.643 [info] > git config --get commit.template [1ms]
2024-03-07 10:33:49.669 [info] > git for-each-ref --format=%(refname)%00%(upstream:short)%00%(objectname)%00%(upstream:track)%00%(upstream:remotename)%00%(upstream:remoteref) refs/heads/feat/form-2 refs/remotes/feat/form-2 [2ms]
2024-03-07 10:33:49.694 [info] > git status -z -uall [2ms]
2024-03-07 10:33:58.577 [info] > git config --get commit.template [3ms]
2024-03-07 10:33:58.595 [info] > git for-each-ref --format=%(refname)%00%(upstream:short)%00%(objectname)%00%(upstream:track)%00%(upstream:remotename)%00%(upstream:remoteref) refs/heads/feat/form-2 refs/remotes/feat/form-2 [2ms]
2024-03-07 10:33:58.622 [info] > git status -z -uall [5ms]
2024-03-07 10:34:03.656 [info] > git config --get commit.template [3ms]
2024-03-07 10:34:03.690 [info] > git for-each-ref --format=%(refname)%00%(upstream:short)%00%(objectname)%00%(upstream:track)%00%(upstream:remotename)%00%(upstream:remoteref) refs/heads/feat/form-2 refs/remotes/feat/form-2 [3ms]
2024-03-07 10:34:03.721 [info] > git status -z -uall [6ms]
2024-03-07 10:34:12.104 [info] > git config --get commit.template [2ms]
2024-03-07 10:34:12.143 [info] > git for-each-ref --format=%(refname)%00%(upstream:short)%00%(objectname)%00%(upstream:track)%00%(upstream:remotename)%00%(upstream:remoteref) refs/heads/feat/form-2 refs/remotes/feat/form-2 [1ms]
2024-03-07 10:34:12.169 [info] > git status -z -uall [5ms]
2024-03-07 10:34:27.884 [info] > git config --get commit.template [1ms]
2024-03-07 10:34:27.910 [info] > git for-each-ref --format=%(refname)%00%(upstream:short)%00%(objectname)%00%(upstream:track)%00%(upstream:remotename)%00%(upstream:remoteref) refs/heads/feat/form-2 refs/remotes/feat/form-2 [4ms]
2024-03-07 10:34:27.935 [info] > git status -z -uall [5ms]
2024-03-07 10:34:34.916 [info] > git config --get commit.template [2ms]
2024-03-07 10:34:34.967 [info] > git for-each-ref --format=%(refname)%00%(upstream:short)%00%(objectname)%00%(upstream:track)%00%(upstream:remotename)%00%(upstream:remoteref) refs/heads/feat/form-2 refs/remotes/feat/form-2 [9ms]
2024-03-07 10:34:35.009 [info] > git status -z -uall [3ms]
2024-03-07 10:34:40.061 [info] > git config --get commit.template [2ms]
2024-03-07 10:34:40.145 [info] > git for-each-ref --format=%(refname)%00%(upstream:short)%00%(objectname)%00%(upstream:track)%00%(upstream:remotename)%00%(upstream:remoteref) refs/heads/feat/form-2 refs/remotes/feat/form-2 [2ms]
2024-03-07 10:34:40.186 [info] > git status -z -uall [8ms]
2024-03-07 10:34:47.576 [info] > git config --get commit.template [1ms]
2024-03-07 10:34:47.604 [info] > git for-each-ref --format=%(refname)%00%(upstream:short)%00%(objectname)%00%(upstream:track)%00%(upstream:remotename)%00%(upstream:remoteref) refs/heads/feat/form-2 refs/remotes/feat/form-2 [3ms]
2024-03-07 10:34:47.641 [info] > git status -z -uall [1ms]
2024-03-07 10:35:11.781 [info] > git fetch [534ms]
2024-03-07 10:35:11.781 [info] /bin/sh: warning: setlocale: LC_ALL: cannot change locale (en_US.UTF-8)
2024-03-07 10:35:11.832 [info] > git config --get commit.template [26ms]
2024-03-07 10:35:11.832 [info] > git for-each-ref --format=%(refname)%00%(upstream:short)%00%(objectname)%00%(upstream:track)%00%(upstream:remotename)%00%(upstream:remoteref) refs/heads/feat/form-2 refs/remotes/feat/form-2 [1ms]
2024-03-07 10:35:11.861 [info] > git status -z -uall [3ms]
2024-03-07 10:35:12.946 [info] > git config --get commit.template [1ms]
2024-03-07 10:35:12.965 [info] > git for-each-ref --format=%(refname)%00%(upstream:short)%00%(objectname)%00%(upstream:track)%00%(upstream:remotename)%00%(upstream:remoteref) refs/heads/feat/form-2 refs/remotes/feat/form-2 [1ms]
2024-03-07 10:35:12.994 [info] > git status -z -uall [5ms]
2024-03-07 10:35:13.148 [info] > git ls-files --stage -- /home/coder/storewise-webapps/storewise-info/src/components/RadioButtonsGroup.tsx [1ms]
2024-03-07 10:35:13.250 [info] > git show --textconv :storewise-info/src/components/RadioButtonsGroup.tsx [1ms]
2024-03-07 10:36:23.556 [info] > git config --get commit.template [24ms]
2024-03-07 10:36:23.558 [info] > git for-each-ref --format=%(refname)%00%(upstream:short)%00%(objectname)%00%(upstream:track)%00%(upstream:remotename)%00%(upstream:remoteref) refs/heads/feat/form-2 refs/remotes/feat/form-2 [7ms]
2024-03-07 10:36:23.589 [info] > git status -z -uall [10ms]
2024-03-07 10:36:28.637 [info] > git config --get commit.template [2ms]
2024-03-07 10:36:28.660 [info] > git for-each-ref --format=%(refname)%00%(upstream:short)%00%(objectname)%00%(upstream:track)%00%(upstream:remotename)%00%(upstream:remoteref) refs/heads/feat/form-2 refs/remotes/feat/form-2 [1ms]
2024-03-07 10:36:28.690 [info] > git status -z -uall [9ms]
2024-03-07 10:36:33.719 [info] > git config --get commit.template [2ms]
2024-03-07 10:36:33.740 [info] > git for-each-ref --format=%(refname)%00%(upstream:short)%00%(objectname)%00%(upstream:track)%00%(upstream:remotename)%00%(upstream:remoteref) refs/heads/feat/form-2 refs/remotes/feat/form-2 [1ms]
2024-03-07 10:36:33.767 [info] > git status -z -uall [4ms]
2024-03-07 10:36:38.831 [info] > git config --get commit.template [1ms]
2024-03-07 10:36:38.855 [info] > git for-each-ref --format=%(refname)%00%(upstream:short)%00%(objectname)%00%(upstream:track)%00%(upstream:remotename)%00%(upstream:remoteref) refs/heads/feat/form-2 refs/remotes/feat/form-2 [2ms]
2024-03-07 10:36:38.886 [info] > git status -z -uall [7ms]
2024-03-07 10:36:47.464 [info] > git config --get commit.template [2ms]
2024-03-07 10:36:47.486 [info] > git for-each-ref --format=%(refname)%00%(upstream:short)%00%(objectname)%00%(upstream:track)%00%(upstream:remotename)%00%(upstream:remoteref) refs/heads/feat/form-2 refs/remotes/feat/form-2 [3ms]
2024-03-07 10:36:47.515 [info] > git status -z -uall [4ms]
2024-03-07 10:38:12.346 [info] > git fetch [460ms]
2024-03-07 10:38:12.346 [info] /bin/sh: warning: setlocale: LC_ALL: cannot change locale (en_US.UTF-8)
2024-03-07 10:38:12.366 [info] > git config --get commit.template [1ms]
2024-03-07 10:38:12.384 [info] > git for-each-ref --format=%(refname)%00%(upstream:short)%00%(objectname)%00%(upstream:track)%00%(upstream:remotename)%00%(upstream:remoteref) refs/heads/feat/form-2 refs/remotes/feat/form-2 [1ms]
2024-03-07 10:38:12.404 [info] > git status -z -uall [1ms]
2024-03-07 10:38:13.554 [info] > git config --get commit.template [0ms]
2024-03-07 10:38:13.571 [info] > git for-each-ref --format=%(refname)%00%(upstream:short)%00%(objectname)%00%(upstream:track)%00%(upstream:remotename)%00%(upstream:remoteref) refs/heads/feat/form-2 refs/remotes/feat/form-2 [1ms]
2024-03-07 10:38:13.592 [info] > git status -z -uall [0ms]
2024-03-07 10:38:13.772 [info] > git ls-files --stage -- /home/coder/storewise-webapps/storewise-info/src/components/RadioButtonsGroup.tsx [1ms]
2024-03-07 10:38:13.868 [info] > git show --textconv :storewise-info/src/components/RadioButtonsGroup.tsx [1ms]
2024-03-07 10:38:18.616 [info] > git config --get commit.template [1ms]
2024-03-07 10:38:18.635 [info] > git for-each-ref --format=%(refname)%00%(upstream:short)%00%(objectname)%00%(upstream:track)%00%(upstream:remotename)%00%(upstream:remoteref) refs/heads/feat/form-2 refs/remotes/feat/form-2 [1ms]
2024-03-07 10:38:18.656 [info] > git status -z -uall [0ms]
2024-03-07 10:38:29.077 [info] > git config --get commit.template [2ms]
2024-03-07 10:38:29.096 [info] > git for-each-ref --format=%(refname)%00%(upstream:short)%00%(objectname)%00%(upstream:track)%00%(upstream:remotename)%00%(upstream:remoteref) refs/heads/feat/form-2 refs/remotes/feat/form-2 [2ms]
2024-03-07 10:38:29.121 [info] > git status -z -uall [1ms]
2024-03-07 10:38:34.160 [info] > git config --get commit.template [2ms]
2024-03-07 10:38:34.194 [info] > git for-each-ref --format=%(refname)%00%(upstream:short)%00%(objectname)%00%(upstream:track)%00%(upstream:remotename)%00%(upstream:remoteref) refs/heads/feat/form-2 refs/remotes/feat/form-2 [4ms]
2024-03-07 10:38:34.222 [info] > git status -z -uall [1ms]
2024-03-07 10:38:39.275 [info] > git config --get commit.template [25ms]
2024-03-07 10:38:39.278 [info] > git for-each-ref --format=%(refname)%00%(upstream:short)%00%(objectname)%00%(upstream:track)%00%(upstream:remotename)%00%(upstream:remoteref) refs/heads/feat/form-2 refs/remotes/feat/form-2 [5ms]
2024-03-07 10:38:39.304 [info] > git status -z -uall [4ms]
2024-03-07 10:38:44.338 [info] > git config --get commit.template [7ms]
2024-03-07 10:38:44.360 [info] > git for-each-ref --format=%(refname)%00%(upstream:short)%00%(objectname)%00%(upstream:track)%00%(upstream:remotename)%00%(upstream:remoteref) refs/heads/feat/form-2 refs/remotes/feat/form-2 [1ms]
2024-03-07 10:38:44.383 [info] > git status -z -uall [3ms]
2024-03-07 10:39:02.480 [info] > git config --get commit.template [2ms]
2024-03-07 10:39:02.533 [info] > git for-each-ref --format=%(refname)%00%(upstream:short)%00%(objectname)%00%(upstream:track)%00%(upstream:remotename)%00%(upstream:remoteref) refs/heads/feat/form-2 refs/remotes/feat/form-2 [2ms]
2024-03-07 10:39:02.568 [info] > git status -z -uall [10ms]
2024-03-07 10:39:26.017 [info] > git config --get commit.template [1ms]
2024-03-07 10:39:26.038 [info] > git for-each-ref --format=%(refname)%00%(upstream:short)%00%(objectname)%00%(upstream:track)%00%(upstream:remotename)%00%(upstream:remoteref) refs/heads/feat/form-2 refs/remotes/feat/form-2 [1ms]
2024-03-07 10:39:26.059 [info] > git status -z -uall [3ms]
2024-03-07 10:39:34.347 [info] > git config --get commit.template [24ms]
2024-03-07 10:39:34.364 [info] > git for-each-ref --format=%(refname)%00%(upstream:short)%00%(objectname)%00%(upstream:track)%00%(upstream:remotename)%00%(upstream:remoteref) refs/heads/feat/form-2 refs/remotes/feat/form-2 [19ms]
2024-03-07 10:39:34.398 [info] > git status -z -uall [11ms]
2024-03-07 10:39:34.648 [info] > git show --textconv :storewise-info/src/components/Button.tsx [25ms]
2024-03-07 10:39:34.648 [info] > git ls-files --stage -- /home/coder/storewise-webapps/storewise-info/src/components/Button.tsx [1ms]
2024-03-07 10:39:34.672 [info] > git cat-file -s 85e9aa056ba1233d54396ef3153f586c4011ab85 [2ms]
2024-03-07 10:39:42.070 [info] > git show --textconv :storewise-info/src/components/RadioButtonsGroup.tsx [24ms]
2024-03-07 10:39:42.070 [info] > git ls-files --stage -- /home/coder/storewise-webapps/storewise-info/src/components/RadioButtonsGroup.tsx [3ms]
2024-03-07 10:39:44.747 [info] > git config --get commit.template [1ms]
2024-03-07 10:39:44.766 [info] > git for-each-ref --format=%(refname)%00%(upstream:short)%00%(objectname)%00%(upstream:track)%00%(upstream:remotename)%00%(upstream:remoteref) refs/heads/feat/form-2 refs/remotes/feat/form-2 [2ms]
2024-03-07 10:39:44.786 [info] > git status -z -uall [3ms]
2024-03-07 10:40:07.170 [info] > git show --textconv :storewise-info/package.json [24ms]
2024-03-07 10:40:07.171 [info] > git ls-files --stage -- /home/coder/storewise-webapps/storewise-info/package.json [5ms]
2024-03-07 10:40:07.192 [info] > git cat-file -s 63c1a858446d5ccfede117dab659652c271bea53 [3ms]
2024-03-07 10:40:07.401 [info] > git check-ignore -v -z --stdin [2ms]
2024-03-07 10:40:14.863 [info] > git show --textconv :storewise-info/src/components/RadioButtonsGroup.tsx [30ms]
2024-03-07 10:40:14.864 [info] > git ls-files --stage -- /home/coder/storewise-webapps/storewise-info/src/components/RadioButtonsGroup.tsx [3ms]
2024-03-07 10:40:21.044 [info] > git config --get commit.template [5ms]
2024-03-07 10:40:21.072 [info] > git for-each-ref --format=%(refname)%00%(upstream:short)%00%(objectname)%00%(upstream:track)%00%(upstream:remotename)%00%(upstream:remoteref) refs/heads/feat/form-2 refs/remotes/feat/form-2 [2ms]
2024-03-07 10:40:21.098 [info] > git status -z -uall [3ms]
2024-03-07 10:40:26.136 [info] > git config --get commit.template [3ms]
2024-03-07 10:40:26.161 [info] > git for-each-ref --format=%(refname)%00%(upstream:short)%00%(objectname)%00%(upstream:track)%00%(upstream:remotename)%00%(upstream:remoteref) refs/heads/feat/form-2 refs/remotes/feat/form-2 [3ms]
2024-03-07 10:40:26.192 [info] > git status -z -uall [8ms]
2024-03-07 10:40:31.222 [info] > git config --get commit.template [1ms]
2024-03-07 10:40:31.248 [info] > git for-each-ref --format=%(refname)%00%(upstream:short)%00%(objectname)%00%(upstream:track)%00%(upstream:remotename)%00%(upstream:remoteref) refs/heads/feat/form-2 refs/remotes/feat/form-2 [2ms]
2024-03-07 10:40:31.273 [info] > git status -z -uall [2ms]
2024-03-07 10:40:36.304 [info] > git config --get commit.template [1ms]
2024-03-07 10:40:36.330 [info] > git for-each-ref --format=%(refname)%00%(upstream:short)%00%(objectname)%00%(upstream:track)%00%(upstream:remotename)%00%(upstream:remoteref) refs/heads/feat/form-2 refs/remotes/feat/form-2 [2ms]
2024-03-07 10:40:36.356 [info] > git status -z -uall [5ms]
2024-03-07 10:40:44.002 [info] > git config --get commit.template [1ms]
2024-03-07 10:40:44.028 [info] > git for-each-ref --format=%(refname)%00%(upstream:short)%00%(objectname)%00%(upstream:track)%00%(upstream:remotename)%00%(upstream:remoteref) refs/heads/feat/form-2 refs/remotes/feat/form-2 [1ms]
2024-03-07 10:40:44.056 [info] > git status -z -uall [4ms]
2024-03-07 10:40:49.085 [info] > git config --get commit.template [1ms]
2024-03-07 10:40:49.111 [info] > git for-each-ref --format=%(refname)%00%(upstream:short)%00%(objectname)%00%(upstream:track)%00%(upstream:remotename)%00%(upstream:remoteref) refs/heads/feat/form-2 refs/remotes/feat/form-2 [5ms]
2024-03-07 10:40:49.137 [info] > git status -z -uall [5ms]
2024-03-07 10:40:55.932 [info] > git config --get commit.template [2ms]
2024-03-07 10:40:55.967 [info] > git for-each-ref --format=%(refname)%00%(upstream:short)%00%(objectname)%00%(upstream:track)%00%(upstream:remotename)%00%(upstream:remoteref) refs/heads/feat/form-2 refs/remotes/feat/form-2 [2ms]
2024-03-07 10:40:55.990 [info] > git status -z -uall [5ms]
2024-03-07 10:41:01.018 [info] > git config --get commit.template [1ms]
2024-03-07 10:41:01.047 [info] > git for-each-ref --format=%(refname)%00%(upstream:short)%00%(objectname)%00%(upstream:track)%00%(upstream:remotename)%00%(upstream:remoteref) refs/heads/feat/form-2 refs/remotes/feat/form-2 [3ms]
2024-03-07 10:41:01.074 [info] > git status -z -uall [4ms]
2024-03-07 10:41:06.116 [info] > git config --get commit.template [8ms]
2024-03-07 10:41:06.159 [info] > git for-each-ref --format=%(refname)%00%(upstream:short)%00%(objectname)%00%(upstream:track)%00%(upstream:remotename)%00%(upstream:remoteref) refs/heads/feat/form-2 refs/remotes/feat/form-2 [1ms]
2024-03-07 10:41:06.191 [info] > git status -z -uall [7ms]
2024-03-07 10:41:11.240 [info] > git config --get commit.template [2ms]
2024-03-07 10:41:11.269 [info] > git for-each-ref --format=%(refname)%00%(upstream:short)%00%(objectname)%00%(upstream:track)%00%(upstream:remotename)%00%(upstream:remoteref) refs/heads/feat/form-2 refs/remotes/feat/form-2 [1ms]
2024-03-07 10:41:11.301 [info] > git status -z -uall [6ms]
2024-03-07 10:41:12.988 [info] > git fetch [551ms]
2024-03-07 10:41:12.988 [info] /bin/sh: warning: setlocale: LC_ALL: cannot change locale (en_US.UTF-8)
2024-03-07 10:41:13.009 [info] > git config --get commit.template [1ms]
2024-03-07 10:41:13.031 [info] > git for-each-ref --format=%(refname)%00%(upstream:short)%00%(objectname)%00%(upstream:track)%00%(upstream:remotename)%00%(upstream:remoteref) refs/heads/feat/form-2 refs/remotes/feat/form-2 [1ms]
2024-03-07 10:41:13.055 [info] > git status -z -uall [5ms]
2024-03-07 10:41:14.332 [info] > git ls-files --stage -- /home/coder/storewise-webapps/storewise-info/src/components/RadioButtonsGroup.tsx [1ms]
2024-03-07 10:41:14.434 [info] > git show --textconv :storewise-info/src/components/RadioButtonsGroup.tsx [1ms]
2024-03-07 10:41:16.352 [info] > git config --get commit.template [23ms]
2024-03-07 10:41:16.353 [info] > git for-each-ref --format=%(refname)%00%(upstream:short)%00%(objectname)%00%(upstream:track)%00%(upstream:remotename)%00%(upstream:remoteref) refs/heads/feat/form-2 refs/remotes/feat/form-2 [1ms]
2024-03-07 10:41:16.384 [info] > git status -z -uall [6ms]
2024-03-07 10:41:21.416 [info] > git config --get commit.template [1ms]
2024-03-07 10:41:21.443 [info] > git for-each-ref --format=%(refname)%00%(upstream:short)%00%(objectname)%00%(upstream:track)%00%(upstream:remotename)%00%(upstream:remoteref) refs/heads/feat/form-2 refs/remotes/feat/form-2 [1ms]
2024-03-07 10:41:21.470 [info] > git status -z -uall [6ms]
2024-03-07 10:41:26.504 [info] > git config --get commit.template [2ms]
2024-03-07 10:41:26.532 [info] > git for-each-ref --format=%(refname)%00%(upstream:short)%00%(objectname)%00%(upstream:track)%00%(upstream:remotename)%00%(upstream:remoteref) refs/heads/feat/form-2 refs/remotes/feat/form-2 [2ms]
2024-03-07 10:41:26.556 [info] > git status -z -uall [0ms]
2024-03-07 10:41:31.588 [info] > git config --get commit.template [1ms]
2024-03-07 10:41:31.616 [info] > git for-each-ref --format=%(refname)%00%(upstream:short)%00%(objectname)%00%(upstream:track)%00%(upstream:remotename)%00%(upstream:remoteref) refs/heads/feat/form-2 refs/remotes/feat/form-2 [1ms]
2024-03-07 10:41:31.645 [info] > git status -z -uall [1ms]
2024-03-07 10:41:46.073 [info] > git config --get commit.template [1ms]
2024-03-07 10:41:46.096 [info] > git for-each-ref --format=%(refname)%00%(upstream:short)%00%(objectname)%00%(upstream:track)%00%(upstream:remotename)%00%(upstream:remoteref) refs/heads/feat/form-2 refs/remotes/feat/form-2 [2ms]
2024-03-07 10:41:46.124 [info] > git status -z -uall [3ms]
2024-03-07 10:41:53.600 [info] > git config --get commit.template [2ms]
2024-03-07 10:41:53.625 [info] > git for-each-ref --format=%(refname)%00%(upstream:short)%00%(objectname)%00%(upstream:track)%00%(upstream:remotename)%00%(upstream:remoteref) refs/heads/feat/form-2 refs/remotes/feat/form-2 [2ms]
2024-03-07 10:41:53.651 [info] > git status -z -uall [3ms]
2024-03-07 10:41:58.865 [info] > git config --get commit.template [1ms]
2024-03-07 10:41:58.886 [info] > git for-each-ref --format=%(refname)%00%(upstream:short)%00%(objectname)%00%(upstream:track)%00%(upstream:remotename)%00%(upstream:remoteref) refs/heads/feat/form-2 refs/remotes/feat/form-2 [2ms]
2024-03-07 10:41:58.907 [info] > git status -z -uall [3ms]
2024-03-07 10:42:07.697 [info] > git config --get commit.template [2ms]
2024-03-07 10:42:07.721 [info] > git for-each-ref --format=%(refname)%00%(upstream:short)%00%(objectname)%00%(upstream:track)%00%(upstream:remotename)%00%(upstream:remoteref) refs/heads/feat/form-2 refs/remotes/feat/form-2 [2ms]
2024-03-07 10:42:07.770 [info] > git status -z -uall [28ms]
2024-03-07 10:42:12.832 [info] > git config --get commit.template [29ms]
2024-03-07 10:42:12.833 [info] > git for-each-ref --format=%(refname)%00%(upstream:short)%00%(objectname)%00%(upstream:track)%00%(upstream:remotename)%00%(upstream:remoteref) refs/heads/feat/form-2 refs/remotes/feat/form-2 [1ms]
2024-03-07 10:42:12.859 [info] > git status -z -uall [4ms]
2024-03-07 10:42:17.888 [info] > git config --get commit.template [2ms]
2024-03-07 10:42:17.908 [info] > git for-each-ref --format=%(refname)%00%(upstream:short)%00%(objectname)%00%(upstream:track)%00%(upstream:remotename)%00%(upstream:remoteref) refs/heads/feat/form-2 refs/remotes/feat/form-2 [2ms]
2024-03-07 10:42:17.932 [info] > git status -z -uall [1ms]
2024-03-07 10:42:29.387 [info] > git config --get commit.template [1ms]
2024-03-07 10:42:29.408 [info] > git for-each-ref --format=%(refname)%00%(upstream:short)%00%(objectname)%00%(upstream:track)%00%(upstream:remotename)%00%(upstream:remoteref) refs/heads/feat/form-2 refs/remotes/feat/form-2 [2ms]
2024-03-07 10:42:29.434 [info] > git status -z -uall [4ms]
2024-03-07 10:42:35.219 [info] > git config --get commit.template [1ms]
2024-03-07 10:42:35.241 [info] > git for-each-ref --format=%(refname)%00%(upstream:short)%00%(objectname)%00%(upstream:track)%00%(upstream:remotename)%00%(upstream:remoteref) refs/heads/feat/form-2 refs/remotes/feat/form-2 [2ms]
2024-03-07 10:42:35.266 [info] > git status -z -uall [5ms]
2024-03-07 10:42:47.802 [info] > git config --get commit.template [1ms]
2024-03-07 10:42:47.828 [info] > git for-each-ref --format=%(refname)%00%(upstream:short)%00%(objectname)%00%(upstream:track)%00%(upstream:remotename)%00%(upstream:remoteref) refs/heads/feat/form-2 refs/remotes/feat/form-2 [1ms]
2024-03-07 10:42:47.853 [info] > git status -z -uall [5ms]
2024-03-07 10:42:53.820 [info] > git config --get commit.template [2ms]
2024-03-07 10:42:53.844 [info] > git for-each-ref --format=%(refname)%00%(upstream:short)%00%(objectname)%00%(upstream:track)%00%(upstream:remotename)%00%(upstream:remoteref) refs/heads/feat/form-2 refs/remotes/feat/form-2 [1ms]
2024-03-07 10:42:53.869 [info] > git status -z -uall [2ms]
2024-03-07 10:43:07.733 [info] > git config --get commit.template [2ms]
2024-03-07 10:43:07.762 [info] > git for-each-ref --format=%(refname)%00%(upstream:short)%00%(objectname)%00%(upstream:track)%00%(upstream:remotename)%00%(upstream:remoteref) refs/heads/feat/form-2 refs/remotes/feat/form-2 [1ms]
2024-03-07 10:43:07.786 [info] > git status -z -uall [4ms]
2024-03-07 10:43:21.664 [info] > git check-ignore -v -z --stdin [2ms]
2024-03-07 10:43:24.244 [info] > git check-ignore -v -z --stdin [3ms]
2024-03-07 10:43:27.692 [info] > git show --textconv :storewise-invoice/src/DragDrop.tsx [26ms]
2024-03-07 10:43:27.692 [info] > git ls-files --stage -- /home/coder/storewise-webapps/storewise-invoice/src/DragDrop.tsx [2ms]
2024-03-07 10:43:27.714 [info] > git cat-file -s 57b8f56f86385c75fde1e3836f7557bdd95de39e [2ms]
2024-03-07 10:43:27.767 [info] > git check-ignore -v -z --stdin [2ms]
2024-03-07 10:43:30.655 [info] > git show --textconv :storewise-invoice/src/components/InvoiceCreateComponent.tsx [35ms]
2024-03-07 10:43:30.661 [info] > git ls-files --stage -- /home/coder/storewise-webapps/storewise-invoice/src/components/InvoiceCreateComponent.tsx [10ms]
2024-03-07 10:43:30.723 [info] > git check-ignore -v -z --stdin [2ms]
2024-03-07 10:43:30.724 [info] > git cat-file -s 4f727f091ad1f5d5834eadff8a21f2a7cb2097e1 [33ms]
2024-03-07 10:43:32.635 [info] > git show --textconv :storewise-invoice/src/DragDrop.tsx [30ms]
2024-03-07 10:43:32.635 [info] > git ls-files --stage -- /home/coder/storewise-webapps/storewise-invoice/src/DragDrop.tsx [3ms]
2024-03-07 10:43:32.658 [info] > git cat-file -s 57b8f56f86385c75fde1e3836f7557bdd95de39e [2ms]
2024-03-07 10:43:32.989 [info] > git show --textconv :storewise-info/src/components/RadioButtonsGroup.tsx [22ms]
2024-03-07 10:43:32.991 [info] > git ls-files --stage -- /home/coder/storewise-webapps/storewise-info/src/components/RadioButtonsGroup.tsx [3ms]
2024-03-07 10:43:47.341 [info] > git config --get commit.template [1ms]
2024-03-07 10:43:47.368 [info] > git for-each-ref --format=%(refname)%00%(upstream:short)%00%(objectname)%00%(upstream:track)%00%(upstream:remotename)%00%(upstream:remoteref) refs/heads/feat/form-2 refs/remotes/feat/form-2 [2ms]
2024-03-07 10:43:47.403 [info] > git status -z -uall [6ms]
2024-03-07 10:43:52.482 [info] > git for-each-ref --format=%(refname)%00%(upstream:short)%00%(objectname)%00%(upstream:track)%00%(upstream:remotename)%00%(upstream:remoteref) refs/heads/feat/form-2 refs/remotes/feat/form-2 [2ms]
2024-03-07 10:43:52.482 [info] > git config --get commit.template [39ms]
2024-03-07 10:43:52.526 [info] > git status -z -uall [6ms]
2024-03-07 10:44:08.492 [info] > git config --get commit.template [2ms]
2024-03-07 10:44:08.516 [info] > git for-each-ref --format=%(refname)%00%(upstream:short)%00%(objectname)%00%(upstream:track)%00%(upstream:remotename)%00%(upstream:remoteref) refs/heads/feat/form-2 refs/remotes/feat/form-2 [2ms]
2024-03-07 10:44:08.543 [info] > git status -z -uall [4ms]
2024-03-07 10:44:13.674 [info] > git fetch [587ms]
2024-03-07 10:44:13.674 [info] /bin/sh: warning: setlocale: LC_ALL: cannot change locale (en_US.UTF-8)
2024-03-07 10:44:13.704 [info] > git config --get commit.template [1ms]
2024-03-07 10:44:13.731 [info] > git for-each-ref --format=%(refname)%00%(upstream:short)%00%(objectname)%00%(upstream:track)%00%(upstream:remotename)%00%(upstream:remoteref) refs/heads/feat/form-2 refs/remotes/feat/form-2 [2ms]
2024-03-07 10:44:13.765 [info] > git status -z -uall [2ms]
2024-03-07 10:44:15.018 [info] > git ls-files --stage -- /home/coder/storewise-webapps/storewise-info/src/components/RadioButtonsGroup.tsx [1ms]
2024-03-07 10:44:15.125 [info] > git show --textconv :storewise-info/src/components/RadioButtonsGroup.tsx [2ms]
2024-03-07 10:44:15.829 [info] > git config --get commit.template [1ms]
2024-03-07 10:44:15.871 [info] > git for-each-ref --format=%(refname)%00%(upstream:short)%00%(objectname)%00%(upstream:track)%00%(upstream:remotename)%00%(upstream:remoteref) refs/heads/feat/form-2 refs/remotes/feat/form-2 [3ms]
2024-03-07 10:44:15.914 [info] > git status -z -uall [6ms]
2024-03-07 10:44:29.272 [info] > git show --textconv :storewise-info/src/components/NewForm.tsx [21ms]
2024-03-07 10:44:29.272 [info] > git ls-files --stage -- /home/coder/storewise-webapps/storewise-info/src/components/NewForm.tsx [1ms]
2024-03-07 10:44:34.030 [info] > git config --get commit.template [39ms]
2024-03-07 10:44:34.033 [info] > git for-each-ref --format=%(refname)%00%(upstream:short)%00%(objectname)%00%(upstream:track)%00%(upstream:remotename)%00%(upstream:remoteref) refs/heads/feat/form-2 refs/remotes/feat/form-2 [5ms]
2024-03-07 10:44:34.066 [info] > git status -z -uall [9ms]
2024-03-07 10:44:39.101 [info] > git config --get commit.template [1ms]
2024-03-07 10:44:39.129 [info] > git for-each-ref --format=%(refname)%00%(upstream:short)%00%(objectname)%00%(upstream:track)%00%(upstream:remotename)%00%(upstream:remoteref) refs/heads/feat/form-2 refs/remotes/feat/form-2 [3ms]
2024-03-07 10:44:39.159 [info] > git status -z -uall [4ms]
2024-03-07 10:44:44.191 [info] > git config --get commit.template [1ms]
2024-03-07 10:44:44.216 [info] > git for-each-ref --format=%(refname)%00%(upstream:short)%00%(objectname)%00%(upstream:track)%00%(upstream:remotename)%00%(upstream:remoteref) refs/heads/feat/form-2 refs/remotes/feat/form-2 [0ms]
2024-03-07 10:44:44.240 [info] > git status -z -uall [2ms]
2024-03-07 10:44:49.274 [info] > git config --get commit.template [1ms]
2024-03-07 10:44:49.299 [info] > git for-each-ref --format=%(refname)%00%(upstream:short)%00%(objectname)%00%(upstream:track)%00%(upstream:remotename)%00%(upstream:remoteref) refs/heads/feat/form-2 refs/remotes/feat/form-2 [2ms]
2024-03-07 10:44:49.339 [info] > git status -z -uall [7ms]
2024-03-07 10:46:10.687 [info] > git show --textconv :storewise-info/src/components/RadioButtonsGroup.tsx [34ms]
2024-03-07 10:46:10.688 [info] > git ls-files --stage -- /home/coder/storewise-webapps/storewise-info/src/components/RadioButtonsGroup.tsx [3ms]
2024-03-07 10:46:26.825 [info] > git config --get commit.template [42ms]
2024-03-07 10:46:26.827 [info] > git for-each-ref --format=%(refname)%00%(upstream:short)%00%(objectname)%00%(upstream:track)%00%(upstream:remotename)%00%(upstream:remoteref) refs/heads/feat/form-2 refs/remotes/feat/form-2 [5ms]
2024-03-07 10:46:26.885 [info] > git status -z -uall [34ms]
2024-03-07 10:46:31.936 [info] > git config --get commit.template [3ms]
2024-03-07 10:46:31.967 [info] > git for-each-ref --format=%(refname)%00%(upstream:short)%00%(objectname)%00%(upstream:track)%00%(upstream:remotename)%00%(upstream:remoteref) refs/heads/feat/form-2 refs/remotes/feat/form-2 [2ms]
2024-03-07 10:46:31.998 [info] > git status -z -uall [3ms]
2024-03-07 10:46:37.065 [info] > git config --get commit.template [31ms]
2024-03-07 10:46:37.066 [info] > git for-each-ref --format=%(refname)%00%(upstream:short)%00%(objectname)%00%(upstream:track)%00%(upstream:remotename)%00%(upstream:remoteref) refs/heads/feat/form-2 refs/remotes/feat/form-2 [3ms]
2024-03-07 10:46:37.100 [info] > git status -z -uall [3ms]
2024-03-07 10:46:44.591 [info] > git config --get commit.template [1ms]
2024-03-07 10:46:44.620 [info] > git for-each-ref --format=%(refname)%00%(upstream:short)%00%(objectname)%00%(upstream:track)%00%(upstream:remotename)%00%(upstream:remoteref) refs/heads/feat/form-2 refs/remotes/feat/form-2 [2ms]
2024-03-07 10:46:44.649 [info] > git status -z -uall [3ms]
2024-03-07 10:46:55.447 [info] > git config --get commit.template [32ms]
2024-03-07 10:46:55.449 [info] > git for-each-ref --format=%(refname)%00%(upstream:short)%00%(objectname)%00%(upstream:track)%00%(upstream:remotename)%00%(upstream:remoteref) refs/heads/feat/form-2 refs/remotes/feat/form-2 [5ms]
2024-03-07 10:46:55.481 [info] > git status -z -uall [8ms]
2024-03-07 10:47:01.794 [info] > git config --get commit.template [1ms]
2024-03-07 10:47:01.824 [info] > git for-each-ref --format=%(refname)%00%(upstream:short)%00%(objectname)%00%(upstream:track)%00%(upstream:remotename)%00%(upstream:remoteref) refs/heads/feat/form-2 refs/remotes/feat/form-2 [2ms]
2024-03-07 10:47:01.855 [info] > git status -z -uall [1ms]
2024-03-07 10:47:06.911 [info] > git config --get commit.template [3ms]
2024-03-07 10:47:06.943 [info] > git for-each-ref --format=%(refname)%00%(upstream:short)%00%(objectname)%00%(upstream:track)%00%(upstream:remotename)%00%(upstream:remoteref) refs/heads/feat/form-2 refs/remotes/feat/form-2 [2ms]
2024-03-07 10:47:06.986 [info] > git status -z -uall [18ms]
2024-03-07 10:47:12.027 [info] > git config --get commit.template [2ms]
2024-03-07 10:47:12.054 [info] > git for-each-ref --format=%(refname)%00%(upstream:short)%00%(objectname)%00%(upstream:track)%00%(upstream:remotename)%00%(upstream:remoteref) refs/heads/feat/form-2 refs/remotes/feat/form-2 [2ms]
2024-03-07 10:47:12.083 [info] > git status -z -uall [4ms]
2024-03-07 10:47:14.540 [info] > git fetch [745ms]
2024-03-07 10:47:14.540 [info] /bin/sh: warning: setlocale: LC_ALL: cannot change locale (en_US.UTF-8)
2024-03-07 10:47:14.572 [info] > git config --get commit.template [2ms]
2024-03-07 10:47:14.608 [info] > git for-each-ref --format=%(refname)%00%(upstream:short)%00%(objectname)%00%(upstream:track)%00%(upstream:remotename)%00%(upstream:remoteref) refs/heads/feat/form-2 refs/remotes/feat/form-2 [2ms]
2024-03-07 10:47:14.641 [info] > git status -z -uall [6ms]
2024-03-07 10:47:15.936 [info] > git ls-files --stage -- /home/coder/storewise-webapps/storewise-info/src/components/RadioButtonsGroup.tsx [2ms]
2024-03-07 10:47:16.043 [info] > git show --textconv :storewise-info/src/components/RadioButtonsGroup.tsx [1ms]
2024-03-07 10:47:17.127 [info] > git config --get commit.template [9ms]
2024-03-07 10:47:17.156 [info] > git for-each-ref --format=%(refname)%00%(upstream:short)%00%(objectname)%00%(upstream:track)%00%(upstream:remotename)%00%(upstream:remoteref) refs/heads/feat/form-2 refs/remotes/feat/form-2 [1ms]
2024-03-07 10:47:17.185 [info] > git status -z -uall [1ms]
2024-03-07 10:47:22.227 [info] > git config --get commit.template [3ms]
2024-03-07 10:47:22.260 [info] > git for-each-ref --format=%(refname)%00%(upstream:short)%00%(objectname)%00%(upstream:track)%00%(upstream:remotename)%00%(upstream:remoteref) refs/heads/feat/form-2 refs/remotes/feat/form-2 [3ms]
2024-03-07 10:47:22.304 [info] > git status -z -uall [14ms]
2024-03-07 10:47:42.415 [info] > git config --get commit.template [1ms]
2024-03-07 10:47:42.448 [info] > git for-each-ref --format=%(refname)%00%(upstream:short)%00%(objectname)%00%(upstream:track)%00%(upstream:remotename)%00%(upstream:remoteref) refs/heads/feat/form-2 refs/remotes/feat/form-2 [8ms]
2024-03-07 10:47:42.475 [info] > git status -z -uall [4ms]
2024-03-07 10:47:47.520 [info] > git config --get commit.template [1ms]
2024-03-07 10:47:47.554 [info] > git for-each-ref --format=%(refname)%00%(upstream:short)%00%(objectname)%00%(upstream:track)%00%(upstream:remotename)%00%(upstream:remoteref) refs/heads/feat/form-2 refs/remotes/feat/form-2 [3ms]
2024-03-07 10:47:47.579 [info] > git status -z -uall [0ms]
2024-03-07 10:47:54.337 [info] > git config --get commit.template [2ms]
2024-03-07 10:47:54.361 [info] > git for-each-ref --format=%(refname)%00%(upstream:short)%00%(objectname)%00%(upstream:track)%00%(upstream:remotename)%00%(upstream:remoteref) refs/heads/feat/form-2 refs/remotes/feat/form-2 [2ms]
2024-03-07 10:47:54.384 [info] > git status -z -uall [4ms]
2024-03-07 10:47:59.412 [info] > git config --get commit.template [1ms]
2024-03-07 10:47:59.440 [info] > git for-each-ref --format=%(refname)%00%(upstream:short)%00%(objectname)%00%(upstream:track)%00%(upstream:remotename)%00%(upstream:remoteref) refs/heads/feat/form-2 refs/remotes/feat/form-2 [2ms]
2024-03-07 10:47:59.470 [info] > git status -z -uall [4ms]
2024-03-07 10:48:04.498 [info] > git config --get commit.template [1ms]
2024-03-07 10:48:04.520 [info] > git for-each-ref --format=%(refname)%00%(upstream:short)%00%(objectname)%00%(upstream:track)%00%(upstream:remotename)%00%(upstream:remoteref) refs/heads/feat/form-2 refs/remotes/feat/form-2 [2ms]
2024-03-07 10:48:04.545 [info] > git status -z -uall [3ms]
2024-03-07 10:48:22.875 [info] > git for-each-ref --format=%(refname)%00%(upstream:short)%00%(objectname)%00%(upstream:track)%00%(upstream:remotename)%00%(upstream:remoteref) refs/heads/feat/form-2 refs/remotes/feat/form-2 [2ms]
2024-03-07 10:48:22.875 [info] > git config --get commit.template [28ms]
2024-03-07 10:48:22.905 [info] > git status -z -uall [6ms]
2024-03-07 10:49:11.510 [info] > git config --get commit.template [1ms]
2024-03-07 10:49:11.538 [info] > git for-each-ref --format=%(refname)%00%(upstream:short)%00%(objectname)%00%(upstream:track)%00%(upstream:remotename)%00%(upstream:remoteref) refs/heads/feat/form-2 refs/remotes/feat/form-2 [2ms]
2024-03-07 10:49:11.563 [info] > git status -z -uall [3ms]
2024-03-07 10:49:11.756 [info] > git ls-files --stage -- /home/coder/storewise-webapps/storewise-info/src/components/RadioButtonsGroup.tsx [3ms]
2024-03-07 10:49:11.857 [info] > git show --textconv :storewise-info/src/components/RadioButtonsGroup.tsx [0ms]
2024-03-07 10:49:21.833 [info] > git config --get commit.template [2ms]
2024-03-07 10:49:21.857 [info] > git for-each-ref --format=%(refname)%00%(upstream:short)%00%(objectname)%00%(upstream:track)%00%(upstream:remotename)%00%(upstream:remoteref) refs/heads/feat/form-2 refs/remotes/feat/form-2 [3ms]
2024-03-07 10:49:21.885 [info] > git status -z -uall [5ms]
2024-03-07 10:49:22.050 [info] > git ls-files --stage -- /home/coder/storewise-webapps/storewise-info/src/components/RadioButtonsGroup.tsx [1ms]
2024-03-07 10:49:22.075 [info] > git cat-file -s f79a2f9ca6a8524233a27cdbe11d514fd7a60cac [1ms]
2024-03-07 10:49:22.204 [info] > git show --textconv :storewise-info/src/components/RadioButtonsGroup.tsx [2ms]
2024-03-07 10:49:36.973 [info] > git config --get commit.template [25ms]
2024-03-07 10:49:36.974 [info] > git for-each-ref --format=%(refname)%00%(upstream:short)%00%(objectname)%00%(upstream:track)%00%(upstream:remotename)%00%(upstream:remoteref) refs/heads/feat/form-2 refs/remotes/feat/form-2 [3ms]
2024-03-07 10:49:37.002 [info] > git status -z -uall [2ms]
2024-03-07 10:49:37.178 [info] > git ls-files --stage -- /home/coder/storewise-webapps/storewise-info/src/components/RadioButtonsGroup.tsx [2ms]
2024-03-07 10:49:37.203 [info] > git cat-file -s f79a2f9ca6a8524233a27cdbe11d514fd7a60cac [1ms]
2024-03-07 10:49:37.324 [info] > git show --textconv :storewise-info/src/components/RadioButtonsGroup.tsx [0ms]
2024-03-07 10:49:40.398 [info] > git ls-files --stage -- /home/coder/storewise-webapps/storewise-info/src/components/RadioButtonsGroup.tsx [0ms]
2024-03-07 10:49:40.421 [info] > git cat-file -s f79a2f9ca6a8524233a27cdbe11d514fd7a60cac [3ms]
2024-03-07 10:49:40.531 [info] > git show --textconv :storewise-info/src/components/RadioButtonsGroup.tsx [1ms]
2024-03-07 10:49:42.056 [info] > git config --get commit.template [26ms]
2024-03-07 10:49:42.057 [info] > git for-each-ref --format=%(refname)%00%(upstream:short)%00%(objectname)%00%(upstream:track)%00%(upstream:remotename)%00%(upstream:remoteref) refs/heads/feat/form-2 refs/remotes/feat/form-2 [3ms]
2024-03-07 10:49:42.079 [info] > git status -z -uall [3ms]
2024-03-07 10:49:44.828 [info] > git ls-files --stage -- /home/coder/storewise-webapps/storewise-info/src/components/RadioButtonsGroup.tsx [1ms]
2024-03-07 10:49:44.923 [info] > git show --textconv :storewise-info/src/components/RadioButtonsGroup.tsx [1ms]
2024-03-07 10:49:47.136 [info] > git config --get commit.template [26ms]
2024-03-07 10:49:47.137 [info] > git for-each-ref --format=%(refname)%00%(upstream:short)%00%(objectname)%00%(upstream:track)%00%(upstream:remotename)%00%(upstream:remoteref) refs/heads/feat/form-2 refs/remotes/feat/form-2 [3ms]
2024-03-07 10:49:47.163 [info] > git status -z -uall [5ms]
2024-03-07 10:49:54.003 [info] > git for-each-ref --format=%(refname)%00%(upstream:short)%00%(objectname)%00%(upstream:track)%00%(upstream:remotename)%00%(upstream:remoteref) refs/heads/feat/form-2 refs/remotes/feat/form-2 [2ms]
2024-03-07 10:49:54.003 [info] > git config --get commit.template [24ms]
2024-03-07 10:49:54.159 [info] > git ls-files --stage -- /home/coder/storewise-webapps/storewise-info/src/components/RadioButtonsGroup.tsx [1ms]
2024-03-07 10:49:54.187 [info] > git cat-file -s f79a2f9ca6a8524233a27cdbe11d514fd7a60cac [2ms]
2024-03-07 10:49:54.300 [info] > git show --textconv :storewise-info/src/components/RadioButtonsGroup.tsx [10ms]
2024-03-07 10:49:54.720 [info] > git status -z -uall [678ms]
2024-03-07 10:49:56.896 [info] > git ls-files --stage -- /home/coder/storewise-webapps/storewise-info/src/components/RadioButtonsGroup.tsx [3ms]
2024-03-07 10:49:56.920 [info] > git cat-file -s f79a2f9ca6a8524233a27cdbe11d514fd7a60cac [1ms]
2024-03-07 10:49:57.041 [info] > git show --textconv :storewise-info/src/components/RadioButtonsGroup.tsx [3ms]
2024-03-07 10:49:59.759 [info] > git config --get commit.template [1ms]
2024-03-07 10:49:59.784 [info] > git for-each-ref --format=%(refname)%00%(upstream:short)%00%(objectname)%00%(upstream:track)%00%(upstream:remotename)%00%(upstream:remoteref) refs/heads/feat/form-2 refs/remotes/feat/form-2 [2ms]
2024-03-07 10:49:59.825 [info] > git status -z -uall [23ms]
2024-03-07 10:50:00.089 [info] > git ls-files --stage -- /home/coder/storewise-webapps/storewise-info/src/components/RadioButtonsGroup.tsx [3ms]
2024-03-07 10:50:00.124 [info] > git cat-file -s f79a2f9ca6a8524233a27cdbe11d514fd7a60cac [2ms]
2024-03-07 10:50:00.232 [info] > git show --textconv :storewise-info/src/components/RadioButtonsGroup.tsx [4ms]
2024-03-07 10:50:04.667 [info] > git ls-files --stage -- /home/coder/storewise-webapps/storewise-info/src/components/RadioButtonsGroup.tsx [3ms]
2024-03-07 10:50:04.776 [info] > git show --textconv :storewise-info/src/components/RadioButtonsGroup.tsx [5ms]
2024-03-07 10:50:04.867 [info] > git config --get commit.template [2ms]
2024-03-07 10:50:04.904 [info] > git for-each-ref --format=%(refname)%00%(upstream:short)%00%(objectname)%00%(upstream:track)%00%(upstream:remotename)%00%(upstream:remoteref) refs/heads/feat/form-2 refs/remotes/feat/form-2 [2ms]
2024-03-07 10:50:04.943 [info] > git status -z -uall [4ms]
2024-03-07 10:50:10.201 [info] > git config --get commit.template [2ms]
2024-03-07 10:50:10.224 [info] > git for-each-ref --format=%(refname)%00%(upstream:short)%00%(objectname)%00%(upstream:track)%00%(upstream:remotename)%00%(upstream:remoteref) refs/heads/feat/form-2 refs/remotes/feat/form-2 [2ms]
2024-03-07 10:50:10.250 [info] > git status -z -uall [1ms]
2024-03-07 10:50:13.576 [info] > git ls-files --stage -- /home/coder/storewise-webapps/storewise-info/src/components/RadioButtonsGroup.tsx [1ms]
2024-03-07 10:50:13.679 [info] > git show --textconv :storewise-info/src/components/RadioButtonsGroup.tsx [3ms]
2024-03-07 10:50:15.213 [info] > git fetch [535ms]
2024-03-07 10:50:15.213 [info] /bin/sh: warning: setlocale: LC_ALL: cannot change locale (en_US.UTF-8)
2024-03-07 10:50:15.244 [info] > git config --get commit.template [1ms]
2024-03-07 10:50:15.270 [info] > git for-each-ref --format=%(refname)%00%(upstream:short)%00%(objectname)%00%(upstream:track)%00%(upstream:remotename)%00%(upstream:remoteref) refs/heads/feat/form-2 refs/remotes/feat/form-2 [3ms]
2024-03-07 10:50:15.297 [info] > git status -z -uall [4ms]
2024-03-07 10:50:15.326 [info] > git config --get commit.template [1ms]
2024-03-07 10:50:15.351 [info] > git for-each-ref --format=%(refname)%00%(upstream:short)%00%(objectname)%00%(upstream:track)%00%(upstream:remotename)%00%(upstream:remoteref) refs/heads/feat/form-2 refs/remotes/feat/form-2 [2ms]
2024-03-07 10:50:15.376 [info] > git status -z -uall [1ms]
2024-03-07 10:50:16.582 [info] > git ls-files --stage -- /home/coder/storewise-webapps/storewise-info/src/components/RadioButtonsGroup.tsx [2ms]
2024-03-07 10:50:16.688 [info] > git show --textconv :storewise-info/src/components/RadioButtonsGroup.tsx [2ms]
2024-03-07 10:50:20.398 [info] > git config --get commit.template [1ms]
2024-03-07 10:50:20.418 [info] > git for-each-ref --format=%(refname)%00%(upstream:short)%00%(objectname)%00%(upstream:track)%00%(upstream:remotename)%00%(upstream:remoteref) refs/heads/feat/form-2 refs/remotes/feat/form-2 [1ms]
2024-03-07 10:50:20.442 [info] > git status -z -uall [2ms]
2024-03-07 10:50:34.997 [info] > git show --textconv :storewise-info/src/components/NewForm.tsx [20ms]
2024-03-07 10:50:34.999 [info] > git ls-files --stage -- /home/coder/storewise-webapps/storewise-info/src/components/NewForm.tsx [4ms]
2024-03-07 10:50:38.140 [info] > git show --textconv :storewise-info/src/components/RadioButtonsGroup.tsx [23ms]
2024-03-07 10:50:38.140 [info] > git ls-files --stage -- /home/coder/storewise-webapps/storewise-info/src/components/RadioButtonsGroup.tsx [1ms]
2024-03-07 10:50:41.942 [info] > git show --textconv :storewise-info/src/components/RadioButtonsGroup.tsx [21ms]
2024-03-07 10:50:41.943 [info] > git ls-files --stage -- /home/coder/storewise-webapps/storewise-info/src/components/RadioButtonsGroup.tsx [1ms]
2024-03-07 10:51:00.628 [info] > git config --get commit.template [2ms]
2024-03-07 10:51:00.653 [info] > git for-each-ref --format=%(refname)%00%(upstream:short)%00%(objectname)%00%(upstream:track)%00%(upstream:remotename)%00%(upstream:remoteref) refs/heads/feat/form-2 refs/remotes/feat/form-2 [1ms]
2024-03-07 10:51:00.679 [info] > git status -z -uall [4ms]
2024-03-07 10:51:00.818 [info] > git ls-files --stage -- /home/coder/storewise-webapps/storewise-info/src/components/RadioButtonsGroup.tsx [4ms]
2024-03-07 10:51:00.850 [info] > git cat-file -s e572b363162153b792a753969732fd573a886891 [0ms]
2024-03-07 10:51:00.954 [info] > git show --textconv :storewise-info/src/components/RadioButtonsGroup.tsx [4ms]
2024-03-07 10:51:06.995 [info] > git config --get commit.template [24ms]
2024-03-07 10:51:06.997 [info] > git for-each-ref --format=%(refname)%00%(upstream:short)%00%(objectname)%00%(upstream:track)%00%(upstream:remotename)%00%(upstream:remoteref) refs/heads/feat/form-2 refs/remotes/feat/form-2 [3ms]
2024-03-07 10:51:07.022 [info] > git status -z -uall [2ms]
2024-03-07 10:51:07.155 [info] > git ls-files --stage -- /home/coder/storewise-webapps/storewise-info/src/components/RadioButtonsGroup.tsx [1ms]
2024-03-07 10:51:07.180 [info] > git cat-file -s e572b363162153b792a753969732fd573a886891 [1ms]
2024-03-07 10:51:07.286 [info] > git show --textconv :storewise-info/src/components/RadioButtonsGroup.tsx [1ms]
2024-03-07 10:51:09.327 [info] > git ls-files --stage -- /home/coder/storewise-webapps/storewise-info/src/components/RadioButtonsGroup.tsx [1ms]
2024-03-07 10:51:09.353 [info] > git cat-file -s e572b363162153b792a753969732fd573a886891 [1ms]
2024-03-07 10:51:09.450 [info] > git show --textconv :storewise-info/src/components/RadioButtonsGroup.tsx [1ms]
2024-03-07 10:51:12.052 [info] > git config --get commit.template [1ms]
2024-03-07 10:51:12.074 [info] > git for-each-ref --format=%(refname)%00%(upstream:short)%00%(objectname)%00%(upstream:track)%00%(upstream:remotename)%00%(upstream:remoteref) refs/heads/feat/form-2 refs/remotes/feat/form-2 [0ms]
2024-03-07 10:51:12.096 [info] > git status -z -uall [1ms]
2024-03-07 10:51:14.260 [info] > git ls-files --stage -- /home/coder/storewise-webapps/storewise-info/src/components/RadioButtonsGroup.tsx [1ms]
2024-03-07 10:51:14.281 [info] > git cat-file -s e572b363162153b792a753969732fd573a886891 [2ms]
2024-03-07 10:51:14.459 [info] > git show --textconv :storewise-info/src/components/RadioButtonsGroup.tsx [2ms]
2024-03-07 10:51:17.120 [info] > git config --get commit.template [2ms]
2024-03-07 10:51:17.142 [info] > git for-each-ref --format=%(refname)%00%(upstream:short)%00%(objectname)%00%(upstream:track)%00%(upstream:remotename)%00%(upstream:remoteref) refs/heads/feat/form-2 refs/remotes/feat/form-2 [1ms]
2024-03-07 10:51:17.164 [info] > git status -z -uall [1ms]
