2024-03-11 06:53:27.545 [info] Log level: Info
2024-03-11 06:53:27.545 [info] Validating found git in: "git"
2024-03-11 06:53:27.545 [info] Using git "2.37.3" from "git"
2024-03-11 06:53:27.545 [info] > git rev-parse --show-toplevel [36ms]
2024-03-11 06:53:27.545 [info] > git rev-parse --git-dir --git-common-dir [2ms]
2024-03-11 06:53:27.545 [info] Open repository: /home/coder/storewise-webapps
2024-03-11 06:53:27.545 [info] > git rev-parse --show-toplevel [18ms]
2024-03-11 06:53:27.545 [info] > git config --get commit.template [42ms]
2024-03-11 06:53:27.545 [info] > git rev-parse --show-toplevel [71ms]
2024-03-11 06:53:27.545 [info] > git rev-parse --show-toplevel [3ms]
2024-03-11 06:53:27.545 [info] > git for-each-ref --format=%(refname)%00%(upstream:short)%00%(objectname)%00%(upstream:track)%00%(upstream:remotename)%00%(upstream:remoteref) refs/heads/feat/form-2 refs/remotes/feat/form-2 [36ms]
2024-03-11 06:53:27.545 [info] > git status -z -uall [27ms]
2024-03-11 06:53:27.545 [info] > git rev-parse --show-toplevel [37ms]
2024-03-11 06:53:27.545 [info] > git config --get commit.template [6ms]
2024-03-11 06:53:27.545 [info] > git for-each-ref --format=%(refname)%00%(upstream:short)%00%(objectname)%00%(upstream:track)%00%(upstream:remotename)%00%(upstream:remoteref) refs/heads/feat/form-2 refs/remotes/feat/form-2 [3ms]
2024-03-11 06:53:27.545 [info] > git rev-parse --show-toplevel [48ms]
2024-03-11 06:53:27.545 [info] > git status -z -uall [51ms]
2024-03-11 06:53:27.545 [info] > git rev-parse --show-toplevel [38ms]
2024-03-11 06:53:27.579 [info] > git rev-parse --show-toplevel [3ms]
2024-03-11 06:53:27.673 [info] > git rev-parse --show-toplevel [31ms]
2024-03-11 06:53:27.724 [info] > git rev-parse --show-toplevel [24ms]
2024-03-11 06:53:27.747 [info] > git rev-parse --show-toplevel [3ms]
2024-03-11 06:53:27.771 [info] > git rev-parse --show-toplevel [3ms]
2024-03-11 06:53:28.365 [info] > git check-ignore -v -z --stdin [12ms]
2024-03-11 06:53:29.272 [info] > git fetch [2187ms]
2024-03-11 06:53:29.272 [info] /bin/sh: warning: setlocale: LC_ALL: cannot change locale (en_US.UTF-8)
From git+ssh://dev.storewise.in:6611/storewise-webapps
   42c7f28..636518a  feat/rive  -> origin/feat/rive
2024-03-11 06:53:29.359 [info] > git config --get commit.template [43ms]
2024-03-11 06:53:29.361 [info] > git for-each-ref --format=%(refname)%00%(upstream:short)%00%(objectname)%00%(upstream:track)%00%(upstream:remotename)%00%(upstream:remoteref) refs/heads/feat/form-2 refs/remotes/feat/form-2 [6ms]
2024-03-11 06:53:29.456 [info] > git status -z -uall [61ms]
2024-03-11 06:53:29.456 [info] > git show --textconv :storewise-info/src/components/NewForm.tsx [30ms]
2024-03-11 06:53:29.470 [info] > git ls-files --stage -- /home/coder/storewise-webapps/storewise-info/src/components/NewForm.tsx [14ms]
2024-03-11 06:53:30.542 [info] > git config --get commit.template [2ms]
2024-03-11 06:53:30.568 [info] > git for-each-ref --format=%(refname)%00%(upstream:short)%00%(objectname)%00%(upstream:track)%00%(upstream:remotename)%00%(upstream:remoteref) refs/heads/feat/form-2 refs/remotes/feat/form-2 [1ms]
2024-03-11 06:53:30.598 [info] > git status -z -uall [2ms]
2024-03-11 06:53:30.754 [info] > git ls-files --stage -- /home/coder/storewise-webapps/storewise-info/src/components/NewForm.tsx [3ms]
2024-03-11 06:53:30.911 [info] > git show --textconv :storewise-info/src/components/NewForm.tsx [1ms]
2024-03-11 06:54:16.252 [info] > git show --textconv :storewise-info/src/components/FormContainer.tsx [25ms]
2024-03-11 06:54:16.252 [info] > git ls-files --stage -- /home/coder/storewise-webapps/storewise-info/src/components/FormContainer.tsx [5ms]
2024-03-11 06:54:16.274 [info] > git cat-file -s 6de5436264bcae357dbc5d02ae8b9e1d477c9ace [3ms]
2024-03-11 06:54:18.499 [info] > git show --textconv :storewise-info/src/App.tsx [21ms]
2024-03-11 06:54:18.500 [info] > git ls-files --stage -- /home/coder/storewise-webapps/storewise-info/src/App.tsx [3ms]
2024-03-11 06:54:18.526 [info] > git cat-file -s eb2b81c25a2dd0f7cec3fddbcc2787349420a1bc [3ms]
2024-03-11 06:54:23.461 [info] > git check-ignore -v -z --stdin [3ms]
2024-03-11 06:54:28.093 [info] > git check-ignore -v -z --stdin [8ms]
2024-03-11 06:54:35.491 [info] > git check-ignore -v -z --stdin [10ms]
2024-03-11 06:54:36.431 [info] > git check-ignore -v -z --stdin [2ms]
2024-03-11 06:54:37.325 [info] > git check-ignore -v -z --stdin [3ms]
2024-03-11 06:54:38.693 [info] > git check-ignore -v -z --stdin [2ms]
2024-03-11 06:54:41.649 [info] > git check-ignore -v -z --stdin [3ms]
2024-03-11 06:54:42.262 [info] > git check-ignore -v -z --stdin [5ms]
2024-03-11 07:14:40.707 [info] > git fetch [1079ms]
2024-03-11 07:14:40.707 [info] /bin/sh: warning: setlocale: LC_ALL: cannot change locale (en_US.UTF-8)
2024-03-11 07:14:40.753 [info] > git config --get commit.template [2ms]
2024-03-11 07:14:40.806 [info] > git for-each-ref --format=%(refname)%00%(upstream:short)%00%(objectname)%00%(upstream:track)%00%(upstream:remotename)%00%(upstream:remoteref) refs/heads/feat/form-2 refs/remotes/feat/form-2 [27ms]
2024-03-11 07:14:40.874 [info] > git status -z -uall [11ms]
2024-03-11 07:14:42.055 [info] > git config --get commit.template [59ms]
2024-03-11 07:14:42.055 [info] > git for-each-ref --format=%(refname)%00%(upstream:short)%00%(objectname)%00%(upstream:track)%00%(upstream:remotename)%00%(upstream:remoteref) refs/heads/feat/form-2 refs/remotes/feat/form-2 [24ms]
2024-03-11 07:14:42.093 [info] > git status -z -uall [13ms]
2024-03-11 08:38:23.316 [info] > git config --get commit.template [139ms]
2024-03-11 08:38:23.334 [info] > git for-each-ref --format=%(refname)%00%(upstream:short)%00%(objectname)%00%(upstream:track)%00%(upstream:remotename)%00%(upstream:remoteref) refs/heads/feat/internal-portal refs/remotes/feat/internal-portal [10ms]
2024-03-11 08:38:23.450 [info] > git status -z -uall [33ms]
2024-03-11 08:38:24.299 [info] > git fetch [1223ms]
2024-03-11 08:38:24.299 [info] /bin/sh: warning: setlocale: LC_ALL: cannot change locale (en_US.UTF-8)
2024-03-11 08:38:24.380 [info] > git config --get commit.template [9ms]
2024-03-11 08:38:24.434 [info] > git for-each-ref --format=%(refname)%00%(upstream:short)%00%(objectname)%00%(upstream:track)%00%(upstream:remotename)%00%(upstream:remoteref) refs/heads/feat/internal-portal refs/remotes/feat/internal-portal [4ms]
2024-03-11 08:38:24.481 [info] > git status -z -uall [7ms]
2024-03-11 08:38:26.896 [info] > git check-ignore -v -z --stdin [6ms]
2024-03-11 08:38:28.219 [info] > git check-ignore -v -z --stdin [2ms]
2024-03-11 08:38:28.509 [info] > git config --get commit.template [1ms]
2024-03-11 08:38:28.552 [info] > git for-each-ref --format=%(refname)%00%(upstream:short)%00%(objectname)%00%(upstream:track)%00%(upstream:remotename)%00%(upstream:remoteref) refs/heads/feat/internal-portal refs/remotes/feat/internal-portal [2ms]
2024-03-11 08:38:28.616 [info] > git status -z -uall [20ms]
2024-03-11 08:38:31.491 [info] > git check-ignore -v -z --stdin [1ms]
2024-03-11 08:43:45.415 [info] > git fetch [1221ms]
2024-03-11 08:43:45.416 [info] /bin/sh: warning: setlocale: LC_ALL: cannot change locale (en_US.UTF-8)
2024-03-11 08:43:45.440 [info] > git config --get commit.template [1ms]
2024-03-11 08:43:45.472 [info] > git for-each-ref --format=%(refname)%00%(upstream:short)%00%(objectname)%00%(upstream:track)%00%(upstream:remotename)%00%(upstream:remoteref) refs/heads/feat/internal-portal refs/remotes/feat/internal-portal [1ms]
2024-03-11 08:43:45.517 [info] > git status -z -uall [11ms]
2024-03-11 08:43:46.645 [info] > git for-each-ref --format=%(refname)%00%(upstream:short)%00%(objectname)%00%(upstream:track)%00%(upstream:remotename)%00%(upstream:remoteref) refs/heads/feat/internal-portal refs/remotes/feat/internal-portal [6ms]
2024-03-11 08:43:46.645 [info] > git config --get commit.template [30ms]
2024-03-11 08:43:46.680 [info] > git status -z -uall [6ms]
2024-03-11 08:43:57.677 [info] > git check-ignore -v -z --stdin [6ms]
2024-03-11 08:44:02.359 [info] > git check-ignore -v -z --stdin [12ms]
2024-03-11 08:44:08.970 [info] > git check-ignore -v -z --stdin [1ms]
2024-03-11 08:44:11.693 [info] > git check-ignore -v -z --stdin [3ms]
2024-03-11 08:44:20.158 [info] > git check-ignore -v -z --stdin [2ms]
2024-03-11 08:44:22.655 [info] > git check-ignore -v -z --stdin [4ms]
2024-03-11 08:44:28.897 [info] > git show --textconv :storewise-warehouse/src/App.css [31ms]
2024-03-11 08:44:28.897 [info] > git ls-files --stage -- /home/coder/storewise-webapps/storewise-warehouse/src/App.css [3ms]
2024-03-11 08:44:28.925 [info] > git cat-file -s b0937371ca57e2dd3c644b91629d7055f7be6e0a [7ms]
2024-03-11 08:44:31.686 [info] > git show --textconv :storewise-warehouse/src/App.tsx [26ms]
2024-03-11 08:44:31.687 [info] > git ls-files --stage -- /home/coder/storewise-webapps/storewise-warehouse/src/App.tsx [2ms]
2024-03-11 08:44:31.735 [info] > git cat-file -s 54b09fd8ee3a61952355df5f3c0f6de3f9f8a26a [7ms]
2024-03-11 08:44:33.489 [info] > git show --textconv :storewise-warehouse/src/main.tsx [26ms]
2024-03-11 08:44:33.489 [info] > git ls-files --stage -- /home/coder/storewise-webapps/storewise-warehouse/src/main.tsx [2ms]
2024-03-11 08:44:33.526 [info] > git cat-file -s 258c2754424c93dba3cf99b1406a7d3acddb2eef [4ms]
2024-03-11 08:44:53.029 [info] > git check-ignore -v -z --stdin [13ms]
2024-03-11 08:45:11.881 [info] > git show --textconv :storewise-info/src/components/FormContainer.tsx [69ms]
2024-03-11 08:45:11.882 [info] > git ls-files --stage -- /home/coder/storewise-webapps/storewise-info/src/components/FormContainer.tsx [10ms]
2024-03-11 08:45:11.911 [info] > git cat-file -s 6de5436264bcae357dbc5d02ae8b9e1d477c9ace [5ms]
2024-03-11 08:45:55.336 [info] > git check-ignore -v -z --stdin [2ms]
2024-03-11 08:46:00.635 [info] > git check-ignore -v -z --stdin [6ms]
2024-03-11 08:49:10.229 [info] > git ls-files --stage -- /home/coder/storewise-webapps/storewise-info/src/components/FormContainer.tsx [9ms]
2024-03-11 08:49:10.411 [info] > git cat-file -s 6de5436264bcae357dbc5d02ae8b9e1d477c9ace [24ms]
2024-03-11 08:49:10.787 [info] > git show --textconv :storewise-info/src/components/FormContainer.tsx [17ms]
2024-03-11 08:49:11.467 [info] > git fetch [3063ms]
2024-03-11 08:49:11.467 [info] /bin/sh: warning: setlocale: LC_ALL: cannot change locale (en_US.UTF-8)
2024-03-11 08:49:11.540 [info] > git config --get commit.template [4ms]
2024-03-11 08:49:11.582 [info] > git for-each-ref --format=%(refname)%00%(upstream:short)%00%(objectname)%00%(upstream:track)%00%(upstream:remotename)%00%(upstream:remoteref) refs/heads/feat/internal-portal refs/remotes/feat/internal-portal [4ms]
2024-03-11 08:49:11.816 [info] > git status -z -uall [155ms]
2024-03-11 08:49:13.035 [info] > git ls-files --stage -- /home/coder/storewise-webapps/storewise-info/src/components/FormContainer.tsx [1ms]
2024-03-11 08:49:13.061 [info] > git cat-file -s 6de5436264bcae357dbc5d02ae8b9e1d477c9ace [1ms]
2024-03-11 08:49:13.241 [info] > git show --textconv :storewise-info/src/components/FormContainer.tsx [3ms]
2024-03-11 08:49:26.908 [info] > git show --textconv :storewise-internal/lib/utils.ts [64ms]
2024-03-11 08:49:26.909 [info] > git ls-files --stage -- /home/coder/storewise-webapps/storewise-internal/lib/utils.ts [13ms]
2024-03-11 08:49:27.203 [info] > git cat-file -s 9ad0df4269e6fd3b864ca5c7d8b68e47c3b010c2 [145ms]
2024-03-11 08:54:20.798 [info] > git fetch [758ms]
2024-03-11 08:54:20.798 [info] /bin/sh: warning: setlocale: LC_ALL: cannot change locale (en_US.UTF-8)
2024-03-11 08:54:20.827 [info] > git config --get commit.template [1ms]
2024-03-11 08:54:20.851 [info] > git for-each-ref --format=%(refname)%00%(upstream:short)%00%(objectname)%00%(upstream:track)%00%(upstream:remotename)%00%(upstream:remoteref) refs/heads/feat/internal-portal refs/remotes/feat/internal-portal [0ms]
2024-03-11 08:54:20.883 [info] > git status -z -uall [9ms]
2024-03-11 08:54:22.044 [info] > git config --get commit.template [9ms]
2024-03-11 08:54:22.093 [info] > git for-each-ref --format=%(refname)%00%(upstream:short)%00%(objectname)%00%(upstream:track)%00%(upstream:remotename)%00%(upstream:remoteref) refs/heads/feat/internal-portal refs/remotes/feat/internal-portal [3ms]
2024-03-11 08:54:22.197 [info] > git status -z -uall [7ms]
2024-03-11 08:54:22.251 [info] > git ls-files --stage -- /home/coder/storewise-webapps/storewise-internal/lib/utils.ts [1ms]
2024-03-11 08:54:22.281 [info] > git cat-file -s 9ad0df4269e6fd3b864ca5c7d8b68e47c3b010c2 [5ms]
2024-03-11 08:54:22.442 [info] > git show --textconv :storewise-internal/lib/utils.ts [1ms]
2024-03-11 08:54:26.429 [info] > git show --textconv :storewise-internal/app/globals.css [21ms]
2024-03-11 08:54:26.433 [info] > git ls-files --stage -- /home/coder/storewise-webapps/storewise-internal/app/globals.css [6ms]
2024-03-11 08:54:26.469 [info] > git cat-file -s e4e249468d2af402cb2fbd9f7c31af01dadc9f6e [16ms]
2024-03-11 08:54:35.607 [info] > git show --textconv :storewise-internal/app/layout.tsx [22ms]
2024-03-11 08:54:35.611 [info] > git ls-files --stage -- /home/coder/storewise-webapps/storewise-internal/app/layout.tsx [4ms]
2024-03-11 08:54:35.636 [info] > git cat-file -s 8b36c437fa3f25f647879c0a9c0cf2ecc8560771 [2ms]
2024-03-11 08:54:41.780 [info] > git show --textconv :storewise-internal/app/page.tsx [40ms]
2024-03-11 08:54:41.780 [info] > git ls-files --stage -- /home/coder/storewise-webapps/storewise-internal/app/page.tsx [3ms]
2024-03-11 08:54:41.827 [info] > git cat-file -s 4366142c6682c379cbe362ac4ea70317e926dda6 [3ms]
2024-03-11 08:54:49.580 [info] > git show --textconv :storewise-internal/lib/utils.ts [34ms]
2024-03-11 08:54:49.581 [info] > git ls-files --stage -- /home/coder/storewise-webapps/storewise-internal/lib/utils.ts [3ms]
2024-03-11 08:54:49.628 [info] > git cat-file -s 9ad0df4269e6fd3b864ca5c7d8b68e47c3b010c2 [1ms]
2024-03-11 08:55:27.002 [info] > git check-ignore -v -z --stdin [2ms]
2024-03-11 08:55:34.286 [info] > git check-ignore -v -z --stdin [1ms]
2024-03-11 08:55:54.729 [info] > git show --textconv :storewise-warehouse/src/App.tsx [37ms]
2024-03-11 08:55:54.730 [info] > git ls-files --stage -- /home/coder/storewise-webapps/storewise-warehouse/src/App.tsx [2ms]
2024-03-11 08:55:54.776 [info] > git cat-file -s 54b09fd8ee3a61952355df5f3c0f6de3f9f8a26a [3ms]
2024-03-11 08:56:03.916 [info] > git show --textconv :storewise-internal/lib/utils.ts [208ms]
2024-03-11 08:56:03.917 [info] > git ls-files --stage -- /home/coder/storewise-webapps/storewise-internal/lib/utils.ts [64ms]
2024-03-11 08:56:03.987 [info] > git cat-file -s 9ad0df4269e6fd3b864ca5c7d8b68e47c3b010c2 [2ms]
2024-03-11 08:56:44.580 [info] > git config --get commit.template [1ms]
2024-03-11 08:56:44.608 [info] > git for-each-ref --format=%(refname)%00%(upstream:short)%00%(objectname)%00%(upstream:track)%00%(upstream:remotename)%00%(upstream:remoteref) refs/heads/feat/internal-portal refs/remotes/feat/internal-portal [2ms]
2024-03-11 08:56:44.637 [info] > git status -z -uall [6ms]
2024-03-11 08:57:21.962 [info] > git fetch [1048ms]
2024-03-11 08:57:21.962 [info] /bin/sh: warning: setlocale: LC_ALL: cannot change locale (en_US.UTF-8)
2024-03-11 08:57:22.008 [info] > git config --get commit.template [5ms]
2024-03-11 08:57:22.060 [info] > git for-each-ref --format=%(refname)%00%(upstream:short)%00%(objectname)%00%(upstream:track)%00%(upstream:remotename)%00%(upstream:remoteref) refs/heads/feat/internal-portal refs/remotes/feat/internal-portal [2ms]
2024-03-11 08:57:22.099 [info] > git status -z -uall [9ms]
2024-03-11 08:57:23.170 [info] > git config --get commit.template [2ms]
2024-03-11 08:57:23.212 [info] > git for-each-ref --format=%(refname)%00%(upstream:short)%00%(objectname)%00%(upstream:track)%00%(upstream:remotename)%00%(upstream:remoteref) refs/heads/feat/internal-portal refs/remotes/feat/internal-portal [1ms]
2024-03-11 08:57:23.267 [info] > git status -z -uall [25ms]
2024-03-11 08:57:23.470 [info] > git ls-files --stage -- /home/coder/storewise-webapps/storewise-internal/lib/utils.ts [4ms]
2024-03-11 08:57:23.520 [info] > git cat-file -s 9ad0df4269e6fd3b864ca5c7d8b68e47c3b010c2 [4ms]
2024-03-11 08:57:23.732 [info] > git show --textconv :storewise-internal/lib/utils.ts [1ms]
2024-03-11 09:00:14.953 [info] > git show --textconv :storewise-internal/package.json [139ms]
2024-03-11 09:00:14.954 [info] > git ls-files --stage -- /home/coder/storewise-webapps/storewise-internal/package.json [58ms]
2024-03-11 09:00:15.181 [info] > git cat-file -s 61691a2f25f0529600ca8381bf325d4708645bb6 [107ms]
2024-03-11 09:00:23.236 [info] > git fetch [1079ms]
2024-03-11 09:00:23.236 [info] /bin/sh: warning: setlocale: LC_ALL: cannot change locale (en_US.UTF-8)
2024-03-11 09:00:23.262 [info] > git config --get commit.template [1ms]
2024-03-11 09:00:23.294 [info] > git for-each-ref --format=%(refname)%00%(upstream:short)%00%(objectname)%00%(upstream:track)%00%(upstream:remotename)%00%(upstream:remoteref) refs/heads/feat/internal-portal refs/remotes/feat/internal-portal [0ms]
2024-03-11 09:00:23.345 [info] > git status -z -uall [2ms]
2024-03-11 09:00:24.496 [info] > git config --get commit.template [16ms]
2024-03-11 09:00:24.548 [info] > git for-each-ref --format=%(refname)%00%(upstream:short)%00%(objectname)%00%(upstream:track)%00%(upstream:remotename)%00%(upstream:remoteref) refs/heads/feat/internal-portal refs/remotes/feat/internal-portal [6ms]
2024-03-11 09:00:24.588 [info] > git status -z -uall [9ms]
2024-03-11 09:00:24.693 [info] > git ls-files --stage -- /home/coder/storewise-webapps/storewise-internal/package.json [3ms]
2024-03-11 09:00:24.742 [info] > git cat-file -s 61691a2f25f0529600ca8381bf325d4708645bb6 [1ms]
2024-03-11 09:00:25.009 [info] > git show --textconv :storewise-internal/package.json [12ms]
2024-03-11 09:00:56.790 [info] > git show --textconv :storewise-internal/public/next.svg [41ms]
2024-03-11 09:00:56.790 [info] > git ls-files --stage -- /home/coder/storewise-webapps/storewise-internal/public/next.svg [2ms]
2024-03-11 09:00:56.845 [info] > git cat-file -s 5174b28c565c285e3e312ec5178be64fbeca8398 [7ms]
2024-03-11 09:00:58.838 [info] > git show --textconv :storewise-internal/public/vercel.svg [40ms]
2024-03-11 09:00:58.841 [info] > git ls-files --stage -- /home/coder/storewise-webapps/storewise-internal/public/vercel.svg [14ms]
2024-03-11 09:00:58.875 [info] > git cat-file -s d2f84222734f27b623d1c80dda3561b04d1284af [5ms]
2024-03-11 09:01:19.066 [info] > git show --textconv :storewise-internal/tailwind.config.ts [31ms]
2024-03-11 09:01:19.068 [info] > git ls-files --stage -- /home/coder/storewise-webapps/storewise-internal/tailwind.config.ts [6ms]
2024-03-11 09:01:19.103 [info] > git cat-file -s 8deeaa704734664e794de92cc54d1c2854fccb85 [6ms]
2024-03-11 09:01:30.842 [info] > git show --textconv :storewise-internal/next.config.mjs [28ms]
2024-03-11 09:01:30.853 [info] > git ls-files --stage -- /home/coder/storewise-webapps/storewise-internal/next.config.mjs [17ms]
2024-03-11 09:01:30.969 [info] > git cat-file -s 4678774e6d606704bce1897a5dab960cd798bf66 [14ms]
2024-03-11 09:03:24.440 [info] > git fetch [1058ms]
2024-03-11 09:03:24.441 [info] /bin/sh: warning: setlocale: LC_ALL: cannot change locale (en_US.UTF-8)
2024-03-11 09:03:24.531 [info] > git config --get commit.template [18ms]
2024-03-11 09:03:24.562 [info] > git for-each-ref --format=%(refname)%00%(upstream:short)%00%(objectname)%00%(upstream:track)%00%(upstream:remotename)%00%(upstream:remoteref) refs/heads/feat/internal-portal refs/remotes/feat/internal-portal [6ms]
2024-03-11 09:03:24.627 [info] > git status -z -uall [16ms]
2024-03-11 09:03:25.032 [info] > git show --textconv :storewise-internal/app/globals.css [44ms]
2024-03-11 09:03:25.051 [info] > git ls-files --stage -- /home/coder/storewise-webapps/storewise-internal/app/globals.css [21ms]
2024-03-11 09:03:25.099 [info] > git cat-file -s e4e249468d2af402cb2fbd9f7c31af01dadc9f6e [2ms]
2024-03-11 09:03:25.695 [info] > git config --get commit.template [5ms]
2024-03-11 09:03:25.740 [info] > git for-each-ref --format=%(refname)%00%(upstream:short)%00%(objectname)%00%(upstream:track)%00%(upstream:remotename)%00%(upstream:remoteref) refs/heads/feat/internal-portal refs/remotes/feat/internal-portal [2ms]
2024-03-11 09:03:25.790 [info] > git status -z -uall [7ms]
2024-03-11 09:03:25.979 [info] > git ls-files --stage -- /home/coder/storewise-webapps/storewise-internal/app/globals.css [9ms]
2024-03-11 09:03:26.030 [info] > git cat-file -s e4e249468d2af402cb2fbd9f7c31af01dadc9f6e [11ms]
2024-03-11 09:03:26.192 [info] > git show --textconv :storewise-internal/app/globals.css [2ms]
2024-03-11 09:03:26.452 [info] > git show --textconv :storewise-internal/app/layout.tsx [81ms]
2024-03-11 09:03:26.453 [info] > git ls-files --stage -- /home/coder/storewise-webapps/storewise-internal/app/layout.tsx [36ms]
2024-03-11 09:03:26.491 [info] > git cat-file -s 8b36c437fa3f25f647879c0a9c0cf2ecc8560771 [11ms]
2024-03-11 09:03:29.183 [info] > git show --textconv :storewise-internal/app/page.tsx [32ms]
2024-03-11 09:03:29.183 [info] > git ls-files --stage -- /home/coder/storewise-webapps/storewise-internal/app/page.tsx [2ms]
2024-03-11 09:03:29.211 [info] > git cat-file -s 4366142c6682c379cbe362ac4ea70317e926dda6 [5ms]
2024-03-11 09:03:32.303 [info] > git show --textconv :storewise-internal/lib/utils.ts [42ms]
2024-03-11 09:03:32.303 [info] > git ls-files --stage -- /home/coder/storewise-webapps/storewise-internal/lib/utils.ts [12ms]
2024-03-11 09:03:32.328 [info] > git cat-file -s 9ad0df4269e6fd3b864ca5c7d8b68e47c3b010c2 [2ms]
2024-03-11 09:03:34.055 [info] > git show --textconv :storewise-internal/public/next.svg [37ms]
2024-03-11 09:03:34.056 [info] > git ls-files --stage -- /home/coder/storewise-webapps/storewise-internal/public/next.svg [2ms]
2024-03-11 09:03:34.097 [info] > git cat-file -s 5174b28c565c285e3e312ec5178be64fbeca8398 [15ms]
